spk_ver/v00/v0000	SES146	1.30815	15.1152	13.8071
spk_ver/v00/v0001	SES002	-8.37232	5.26382	13.6361
spk_ver/v00/v0002	SES002	-5.98211	8.30839	14.2905
spk_ver/v00/v0003	SES002	-10.7387	2.62974	13.3684
spk_ver/v00/v0004	SES002	-4.02322	9.79086	13.8141
spk_ver/v00/v0005	SES002	-5.52833	7.57901	13.1073
spk_ver/v00/v0006	SES002	-6.00089	9.519	15.5199
spk_ver/v00/v0007	SES002	-5.80111	6.94674	12.7479
spk_ver/v00/v0008	SES146	0.784581	13.9712	13.1866
spk_ver/v00/v0009	SES002	-2.4893	13.5277	16.017
spk_ver/v00/v0010	SES002	-5.74059	6.97042	12.711
spk_ver/v00/v0011	SES002	-3.19665	9.49108	12.6877
spk_ver/v00/v0012	SES002	-5.26059	11.3069	16.5675
spk_ver/v00/v0013	SES002	-4.86857	11.0935	15.9621
spk_ver/v00/v0014	SES002	-1.78006	13.344	15.124
spk_ver/v00/v0015	SES002	-3.38483	11.8578	15.2426
spk_ver/v00/v0016	SES275	0.902068	14.3677	13.4657
spk_ver/v00/v0017	SES002	-1.0532	14.1791	15.2322
spk_ver/v00/v0018	SES002	-8.68685	4.68074	13.3676
spk_ver/v00/v0019	SES002	-3.43214	10.8098	14.2419
spk_ver/v00/v0020	SES002	-8.27664	5.36011	13.6368
spk_ver/v00/v0021	SES002	-6.17074	7.44872	13.6195
spk_ver/v00/v0022	SES002	-3.81354	10.9705	14.784
spk_ver/v00/v0023	SES002	-7.08088	9.14593	16.2268
spk_ver/v00/v0024	SES002	-8.89081	4.73638	13.6272
spk_ver/v00/v0025	SES002	-6.48061	8.13406	14.6147
spk_ver/v00/v0026	SES002	-5.81004	8.88494	14.695
spk_ver/v00/v0027	SES129	1.45956	15.7271	14.2675
spk_ver/v00/v0028	SES007	-2.71739	12.4036	15.121
spk_ver/v00/v0029	SES083	0.158091	16.1141	15.956
spk_ver/v00/v0030	SES019	2.83597	16.5008	13.6648
spk_ver/v00/v0031	SES007	-2.5403	11.8212	14.3615
spk_ver/v00/v0032	SES270	1.26475	15.488	14.2233
spk_ver/v00/v0033	SES007	-2.94522	11.3544	14.2997
spk_ver/v00/v0034	SES007	-2.53745	11.2455	13.783
spk_ver/v00/v0035	SES007	-1.47222	14.1759	15.6481
spk_ver/v00/v0036	SES007	-3.44302	9.5244	12.9674
spk_ver/v00/v0037	SES007	-4.5237	10.5072	15.0309
spk_ver/v00/v0038	SES259	2.75957	18.259	15.4995
spk_ver/v00/v0039	SES007	-4.55296	7.36042	11.9134
spk_ver/v00/v0040	SES007	-4.37526	12.2391	16.6144
spk_ver/v00/v0041	SES007	-2.57661	11.5148	14.0914
spk_ver/v00/v0042	SES007	-2.31905	9.47206	11.7911
spk_ver/v00/v0043	SES007	-1.69358	12.2752	13.9688
spk_ver/v00/v0044	SES007	-3.50586	13.6001	17.106
spk_ver/v00/v0045	SES007	-1.98182	13.7946	15.7765
spk_ver/v00/v0046	SES007	-2.32188	12.7342	15.056
spk_ver/v00/v0047	SES172	0.134225	15.0679	14.9337
spk_ver/v00/v0048	SES105	1.93774	15.5574	13.6196
spk_ver/v00/v0049	SES007	-1.44151	14.5951	16.0367
spk_ver/v00/v0050	SES292	-0.586596	14.4962	15.0828
spk_ver/v00/v0051	SES007	-1.53688	13.0608	14.5977
spk_ver/v00/v0052	SES068	0.964415	17.0105	16.0461
spk_ver/v00/v0053	SES008	-2.00267	14.1827	16.1854
spk_ver/v00/v0054	SES008	-3.59527	10.3302	13.9255
spk_ver/v00/v0055	SES008	-2.37464	12.6407	15.0154
spk_ver/v00/v0056	SES008	-7.11093	7.35222	14.4632
spk_ver/v00/v0057	SES008	-4.57556	10.6442	15.2197
spk_ver/v00/v0058	SES083	0.658787	16.0217	15.3629
spk_ver/v00/v0059	SES158	1.51009	15.8177	14.3077
spk_ver/v00/v0060	SES008	-3.8101	10.4535	14.2636
spk_ver/v00/v0061	SES101	0.142371	15.0189	14.8765
spk_ver/v00/v0062	SES008	-3.73088	10.4354	14.1663
spk_ver/v00/v0063	SES008	-3.59658	11.4017	14.9983
spk_ver/v00/v0064	SES117	1.71025	15.2441	13.5338
spk_ver/v00/v0065	SES149	1.58602	17.8316	16.2455
spk_ver/v00/v0066	SES008	-0.0921116	15.1516	15.2437
spk_ver/v00/v0067	SES008	-3.17242	10.1729	13.3453
spk_ver/v00/v0068	SES162	2.35394	15.3358	12.9818
spk_ver/v00/v0069	SES008	-8.30869	5.99465	14.3033
spk_ver/v00/v0070	SES008	-1.23445	14.1678	15.4022
spk_ver/v00/v0071	SES008	-3.64987	11.8078	15.4577
spk_ver/v00/v0072	SES008	-1.64824	15.2626	16.9108
spk_ver/v00/v0073	SES008	-3.04899	12.6951	15.7441
spk_ver/v00/v0074	SES008	-4.60655	9.40566	14.0122
spk_ver/v00/v0075	SES008	-8.98847	4.34951	13.338
spk_ver/v00/v0076	SES167	1.6758	16.7458	15.07
spk_ver/v00/v0077	SES008	-2.69875	13.1541	15.8529
spk_ver/v00/v0078	SES177	1.31479	16.6623	15.3475
spk_ver/v00/v0079	SES008	-1.51252	12.484	13.9965
spk_ver/v00/v0080	SES008	-3.85127	10.6895	14.5408
spk_ver/v00/v0081	SES008	-6.25196	6.43877	12.6907
spk_ver/v00/v0082	SES008	-3.23777	11.909	15.1468
spk_ver/v00/v0083	SES008	-7.42862	4.98255	12.4112
spk_ver/v00/v0084	SES144	1.80791	16.624	14.8161
spk_ver/v00/v0085	SES008	-2.58359	12.1058	14.6894
spk_ver/v00/v0086	SES008	-2.52213	14.1019	16.6241
spk_ver/v00/v0087	SES008	-6.00357	8.46801	14.4716
spk_ver/v00/v0088	SES008	-1.99612	14.5849	16.581
spk_ver/v00/v0089	SES008	-2.78054	10.501	13.2816
spk_ver/v00/v0090	SES142	2.55936	15.2397	12.6804
spk_ver/v00/v0091	SES008	-5.35932	10.0322	15.3916
spk_ver/v00/v0092	SES158	1.45086	14.6504	13.1995
spk_ver/v00/v0093	SES014	-3.25402	12.7819	16.0359
spk_ver/v00/v0094	SES014	-5.56012	6.58083	12.1409
spk_ver/v00/v0095	SES014	-2.00609	14.4256	16.4317
spk_ver/v00/v0096	SES014	-8.44212	4.94345	13.3856
spk_ver/v00/v0097	SES014	-2.36558	10.9769	13.3425
spk_ver/v00/v0098	SES014	-2.71269	13.2024	15.9151
spk_ver/v00/v0099	SES014	-5.22176	8.57748	13.7992
spk_ver/v01/v0100	SES127	0.67684	15.8236	15.1468
spk_ver/v01/v0101	SES014	-7.13203	5.86827	13.0003
spk_ver/v01/v0102	SES014	-7.15384	6.77814	13.932
spk_ver/v01/v0103	SES014	-7.94113	5.58573	13.5269
spk_ver/v01/v0104	SES014	-8.23275	6.21132	14.4441
spk_ver/v01/v0105	SES014	-4.75247	7.59169	12.3442
spk_ver/v01/v0106	SES014	-4.49688	9.27148	13.7684
spk_ver/v01/v0107	SES014	-7.8842	7.98545	15.8697
spk_ver/v01/v0108	SES014	-8.41061	5.12848	13.5391
spk_ver/v01/v0109	SES014	-5.36059	7.64236	13.003
spk_ver/v01/v0110	SES014	-4.68111	8.47299	13.1541
spk_ver/v01/v0111	SES014	-2.38507	13.468	15.8531
spk_ver/v01/v0112	SES014	-5.81493	9.59495	15.4099
spk_ver/v01/v0113	SES104	-0.0305653	14.7574	14.788
spk_ver/v01/v0114	SES082	0.888363	17.0078	16.1195
spk_ver/v01/v0115	SES087	1.01747	15.8491	14.8316
spk_ver/v01/v0116	SES014	-2.46678	12.0349	14.5016
spk_ver/v01/v0117	SES177	0.410957	15.0391	14.6281
spk_ver/v01/v0118	SES014	-5.12292	7.8592	12.9821
spk_ver/v01/v0119	SES014	-1.68287	13.2525	14.9354
spk_ver/v01/v0120	SES014	-7.73981	6.52162	14.2614
spk_ver/v01/v0121	SES146	0.301805	14.9576	14.6558
spk_ver/v01/v0122	SES014	2.3279	18.9454	16.6175
spk_ver/v01/v0123	SES014	-3.30987	12.0977	15.4075
spk_ver/v01/v0124	SES014	-10.5196	3.92295	14.4425
spk_ver/v01/v0125	SES014	-6.27921	8.16096	14.4402
spk_ver/v01/v0126	SES016	-3.71986	10.7308	14.4506
spk_ver/v01/v0127	SES016	-3.87072	9.16867	13.0394
spk_ver/v01/v0128	SES106	2.68978	17.0094	14.3196
spk_ver/v01/v0129	SES016	-4.40916	11.033	15.4422
spk_ver/v01/v0130	SES016	-3.23835	11.1508	14.3892
spk_ver/v01/v0131	SES016	-6.55612	7.38643	13.9425
spk_ver/v01/v0132	SES016	-3.47145	11.6113	15.0827
spk_ver/v01/v0133	SES016	-3.24072	12.1882	15.4289
spk_ver/v01/v0134	SES016	-3.27015	12.5076	15.7777
spk_ver/v01/v0135	SES016	-4.65353	9.8559	14.5094
spk_ver/v01/v0136	SES016	-5.10349	8.67307	13.7766
spk_ver/v01/v0137	SES007	0.804989	14.3399	13.5349
spk_ver/v01/v0138	SES016	-1.40039	13.7985	15.1988
spk_ver/v01/v0139	SES016	-2.73323	12.8027	15.5359
spk_ver/v01/v0140	SES016	1.94625	17.5245	15.5783
spk_ver/v01/v0141	SES016	-10.2825	1.38891	11.6714
spk_ver/v01/v0142	SES016	-6.97208	7.88916	14.8612
spk_ver/v01/v0143	SES016	-7.04028	5.61952	12.6598
spk_ver/v01/v0144	SES016	-4.66072	10.5685	15.2293
spk_ver/v01/v0145	SES016	-6.98114	5.72066	12.7018
spk_ver/v01/v0146	SES016	-2.34391	13.1796	15.5235
spk_ver/v01/v0147	SES016	-2.45345	12.8306	15.2841
spk_ver/v01/v0148	SES127	0.790195	15.5396	14.7494
spk_ver/v01/v0149	SES016	-4.00168	10.3585	14.3601
spk_ver/v01/v0150	SES016	-3.56509	11.4617	15.0268
spk_ver/v01/v0151	SES147	0.820575	14.0499	13.2293
spk_ver/v01/v0152	SES016	-2.45844	11.9836	14.442
spk_ver/v01/v0153	SES104	1.61556	17.8612	16.2457
spk_ver/v01/v0154	SES016	-5.2589	8.62586	13.8848
spk_ver/v01/v0155	SES016	-4.2079	9.24203	13.4499
spk_ver/v01/v0156	SES019	-2.22412	10.8469	13.071
spk_ver/v01/v0157	SES019	-4.56778	12.0176	16.5854
spk_ver/v01/v0158	SES019	-1.32232	13.3356	14.6579
spk_ver/v01/v0159	SES007	1.45393	15.7366	14.2826
spk_ver/v01/v0160	SES019	-3.78521	12.0373	15.8225
spk_ver/v01/v0161	SES019	-4.63947	8.85389	13.4934
spk_ver/v01/v0162	SES019	-5.47241	11.1185	16.5909
spk_ver/v01/v0163	SES189	1.97991	15.7955	13.8156
spk_ver/v01/v0164	SES019	-3.39831	11.7863	15.1846
spk_ver/v01/v0165	SES019	-2.09355	10.605	12.6985
spk_ver/v01/v0166	SES019	-6.37943	9.72335	16.1028
spk_ver/v01/v0167	SES019	-5.6388	8.34761	13.9864
spk_ver/v01/v0168	SES019	-3.81549	7.04219	10.8577
spk_ver/v01/v0169	SES019	-4.90371	8.6722	13.5759
spk_ver/v01/v0170	SES270	1.06812	15.2988	14.2307
spk_ver/v01/v0171	SES019	-3.06838	11.4711	14.5394
spk_ver/v01/v0172	SES019	-7.1077	6.80683	13.9145
spk_ver/v01/v0173	SES206	1.51476	16.3624	14.8476
spk_ver/v01/v0174	SES019	-4.04331	9.7158	13.7591
spk_ver/v01/v0175	SES014	1.94974	18.6285	16.6788
spk_ver/v01/v0176	SES019	-5.96761	9.56668	15.5343
spk_ver/v01/v0177	SES120	1.50103	15.1286	13.6276
spk_ver/v01/v0178	SES019	-3.33796	9.62622	12.9642
spk_ver/v01/v0179	SES019	-7.71766	9.00995	16.7276
spk_ver/v01/v0180	SES175	1.38669	15.5292	14.1425
spk_ver/v01/v0181	SES019	-6.262	7.35237	13.6144
spk_ver/v01/v0182	SES019	-6.17048	10.1336	16.3041
spk_ver/v01/v0183	SES029	-2.97791	12.006	14.9839
spk_ver/v01/v0184	SES029	-6.7537	8.0373	14.791
spk_ver/v01/v0185	SES029	-2.49028	12.9837	15.474
spk_ver/v01/v0186	SES068	1.27464	17.2493	15.9746
spk_ver/v01/v0187	SES029	-5.33022	9.46554	14.7958
spk_ver/v01/v0188	SES029	-4.22915	12.0021	16.2313
spk_ver/v01/v0189	SES149	2.63856	18.6372	15.9986
spk_ver/v01/v0190	SES029	-4.38983	11.7673	16.1571
spk_ver/v01/v0191	SES029	-4.55634	9.71781	14.2741
spk_ver/v01/v0192	SES183	1.19649	16.4936	15.2971
spk_ver/v01/v0193	SES029	-2.64279	11.9975	14.6403
spk_ver/v01/v0194	SES016	2.3717	17.5051	15.1334
spk_ver/v01/v0195	SES029	-4.40161	10.7897	15.1913
spk_ver/v01/v0196	SES029	-1.81618	12.2108	14.027
spk_ver/v01/v0197	SES029	-4.07339	11.8603	15.9337
spk_ver/v01/v0198	SES146	0.938773	14.4618	13.523
spk_ver/v01/v0199	SES029	-4.88662	7.96132	12.8479
spk_ver/v02/v0200	SES029	-2.94187	12.0846	15.0265
spk_ver/v02/v0201	SES068	1.68575	17.7416	16.0558
spk_ver/v02/v0202	SES148	2.20234	15.7321	13.5297
spk_ver/v02/v0203	SES029	-3.63643	11.0489	14.6853
spk_ver/v02/v0204	SES029	-1.77907	12.6106	14.3896
spk_ver/v02/v0205	SES060	1.24995	17.8871	16.6371
spk_ver/v02/v0206	SES127	2.62904	18.7346	16.1056
spk_ver/v02/v0207	SES029	-4.37692	10.0737	14.4506
spk_ver/v02/v0208	SES048	2.17498	15.5562	13.3812
spk_ver/v02/v0209	SES029	-2.19035	12.7996	14.9899
spk_ver/v02/v0210	SES029	-3.7943	10.5671	14.3614
spk_ver/v02/v0211	SES029	-4.12558	11.361	15.4866
spk_ver/v02/v0212	SES042	-8.36373	4.92487	13.2886
spk_ver/v02/v0213	SES085	2.05157	16.444	14.3924
spk_ver/v02/v0214	SES206	2.17806	17.6778	15.4997
spk_ver/v02/v0215	SES144	0.522799	15.05	14.5272
spk_ver/v02/v0216	SES042	-3.83781	10.8606	14.6984
spk_ver/v02/v0217	SES042	-2.53214	6.7044	9.23654
spk_ver/v02/v0218	SES042	-2.72548	12.644	15.3694
spk_ver/v02/v0219	SES206	1.48112	18.1157	16.6345
spk_ver/v02/v0220	SES019	4.21034	17.8345	13.6242
spk_ver/v02/v0221	SES007	0.776432	15.5031	14.7267
spk_ver/v02/v0222	SES042	-8.71567	4.97448	13.6902
spk_ver/v02/v0223	SES147	0.804628	13.8536	13.049
spk_ver/v02/v0224	SES105	1.83209	15.2709	13.4389
spk_ver/v02/v0225	SES042	-2.73912	12.0069	14.7461
spk_ver/v02/v0226	SES275	1.32968	15.5003	14.1706
spk_ver/v02/v0227	SES042	-5.61915	8.0766	13.6958
spk_ver/v02/v0228	SES042	-6.34644	9.21606	15.5625
spk_ver/v02/v0229	SES042	-6.38446	9.55403	15.9385
spk_ver/v02/v0230	SES085	1.19515	18.1449	16.9498
spk_ver/v02/v0231	SES014	2.56992	19.5785	17.0086
spk_ver/v02/v0232	SES042	-2.37565	13.1912	15.5668
spk_ver/v02/v0233	SES048	-4.7244	10.7981	15.5225
spk_ver/v02/v0234	SES048	-3.13999	11.4082	14.5482
spk_ver/v02/v0235	SES029	0.78965	16.4272	15.6376
spk_ver/v02/v0236	SES048	-2.78241	12.9187	15.7011
spk_ver/v02/v0237	SES048	-5.54085	8.63778	14.1786
spk_ver/v02/v0238	SES048	-3.02301	12.2659	15.2889
spk_ver/v02/v0239	SES060	1.42919	17.346	15.9168
spk_ver/v02/v0240	SES048	-4.77337	8.87884	13.6522
spk_ver/v02/v0241	SES048	-3.14613	12.2635	15.4096
spk_ver/v02/v0242	SES189	3.38038	15.9998	12.6194
spk_ver/v02/v0243	SES162	1.29674	15.4352	14.1385
spk_ver/v02/v0244	SES048	-5.58906	10.0418	15.6309
spk_ver/v02/v0245	SES048	-4.86868	9.38089	14.2496
spk_ver/v02/v0246	SES048	-5.09138	9.9491	15.0405
spk_ver/v02/v0247	SES048	-6.75005	5.96399	12.714
spk_ver/v02/v0248	SES226	2.61203	17.4478	14.8358
spk_ver/v02/v0249	SES048	-2.54605	11.6691	14.2152
spk_ver/v02/v0250	SES048	-2.90812	11.2113	14.1194
spk_ver/v02/v0251	SES048	-5.92862	7.51567	13.4443
spk_ver/v02/v0252	SES060	-5.16	8.01226	13.1723
spk_ver/v02/v0253	SES060	-6.31403	8.1993	14.5133
spk_ver/v02/v0254	SES259	2.7515	17.9451	15.1936
spk_ver/v02/v0255	SES060	-5.91919	7.59	13.5092
spk_ver/v02/v0256	SES202	0.887223	14.6517	13.7645
spk_ver/v02/v0257	SES148	1.52851	16.4169	14.8884
spk_ver/v02/v0258	SES060	-5.97187	5.43631	11.4082
spk_ver/v02/v0259	SES060	-2.83398	13.3121	16.146
spk_ver/v02/v0260	SES060	-3.61671	11.5491	15.1658
spk_ver/v02/v0261	SES099	3.00865	17.5496	14.541
spk_ver/v02/v0262	SES060	-3.91833	10.7518	14.6702
spk_ver/v02/v0263	SES060	-3.68573	12.6105	16.2963
spk_ver/v02/v0264	SES292	-0.125772	14.8061	14.9319
spk_ver/v02/v0265	SES060	-2.28916	12.1711	14.4602
spk_ver/v02/v0266	SES060	-8.42998	5.14648	13.5765
spk_ver/v02/v0267	SES060	-6.56111	6.89762	13.4587
spk_ver/v02/v0268	SES060	-6.9058	5.14335	12.0492
spk_ver/v02/v0269	SES127	1.31114	16.8293	15.5182
spk_ver/v02/v0270	SES060	-4.72979	9.75752	14.4873
spk_ver/v02/v0271	SES060	-1.45507	14.4315	15.8865
spk_ver/v02/v0272	SES060	-5.4482	7.14891	12.5971
spk_ver/v02/v0273	SES087	1.57854	16.4956	14.9171
spk_ver/v02/v0274	SES146	0.809323	14.2133	13.404
spk_ver/v02/v0275	SES060	-5.23562	8.54648	13.7821
spk_ver/v02/v0276	SES002	2.43428	17.1745	14.7402
spk_ver/v02/v0277	SES060	-2.14143	13.4784	15.6198
spk_ver/v02/v0278	SES060	-5.94484	7.70859	13.6534
spk_ver/v02/v0279	SES060	-7.17134	8.21825	15.3896
spk_ver/v02/v0280	SES129	2.75248	17.1004	14.3479
spk_ver/v02/v0281	SES162	1.69903	15.76	14.0609
spk_ver/v02/v0282	SES060	-4.18604	10.262	14.448
spk_ver/v02/v0283	SES060	-4.05317	11.7566	15.8097
spk_ver/v02/v0284	SES062	-4.86093	7.36239	12.2233
spk_ver/v02/v0285	SES062	-6.66334	7.68326	14.3466
spk_ver/v02/v0286	SES120	-0.024704	13.2029	13.2276
spk_ver/v02/v0287	SES062	-4.43417	9.83175	14.2659
spk_ver/v02/v0288	SES062	-4.21766	10.0535	14.2712
spk_ver/v02/v0289	SES062	-3.93172	11.6479	15.5796
spk_ver/v02/v0290	SES062	-2.95206	12.4331	15.3852
spk_ver/v02/v0291	SES275	0.492664	14.6344	14.1417
spk_ver/v02/v0292	SES062	-2.91805	11.4609	14.3789
spk_ver/v02/v0293	SES062	-4.06765	10.6889	14.7565
spk_ver/v02/v0294	SES062	-5.05882	10.1701	15.2289
spk_ver/v02/v0295	SES062	-3.0921	11.0902	14.1823
spk_ver/v02/v0296	SES062	-4.08011	10.7003	14.7804
spk_ver/v02/v0297	SES062	-5.50879	8.69913	14.2079
spk_ver/v02/v0298	SES062	-3.55752	10.063	13.6205
spk_ver/v02/v0299	SES062	-2.54751	12.6392	15.1867
spk_ver/v03/v0300	SES062	-3.85603	10.5191	14.3752
spk_ver/v03/v0301	SES062	-2.63898	12.9219	15.5609
spk_ver/v03/v0302	SES172	1.16698	17.3747	16.2077
spk_ver/v03/v0303	SES062	-2.34573	12.6755	15.0212
spk_ver/v03/v0304	SES062	-3.42161	10.2954	13.717
spk_ver/v03/v0305	SES062	-3.27749	11.3744	14.6518
spk_ver/v03/v0306	SES062	-4.68694	8.17661	12.8635
spk_ver/v03/v0307	SES062	-3.50529	11.8781	15.3834
spk_ver/v03/v0308	SES062	-3.67182	10.3758	14.0476
spk_ver/v03/v0309	SES062	-4.13934	8.02461	12.1639
spk_ver/v03/v0310	SES125	1.58557	17.7634	16.1778
spk_ver/v03/v0311	SES062	-2.32177	12.6587	14.9805
spk_ver/v03/v0312	SES062	-5.98681	7.68385	13.6707
spk_ver/v03/v0313	SES062	-3.00555	11.1202	14.1257
spk_ver/v03/v0314	SES068	-4.64366	10.279	14.9227
spk_ver/v03/v0315	SES068	-4.26804	11.0833	15.3513
spk_ver/v03/v0316	SES068	-3.23049	10.811	14.0415
spk_ver/v03/v0317	SES068	-2.54625	11.0588	13.605
spk_ver/v03/v0318	SES068	-3.43976	12.7418	16.1816
spk_ver/v03/v0319	SES068	-7.7327	5.20849	12.9412
spk_ver/v03/v0320	SES068	-1.91429	13.0175	14.9318
spk_ver/v03/v0321	SES068	-1.99295	12.3093	14.3022
spk_ver/v03/v0322	SES068	-1.97011	11.7396	13.7097
spk_ver/v03/v0323	SES068	-2.59284	12.7496	15.3425
spk_ver/v03/v0324	SES144	0.617781	13.7208	13.103
spk_ver/v03/v0325	SES068	-2.39121	13.1042	15.4954
spk_ver/v03/v0326	SES068	-1.12483	14.6918	15.8166
spk_ver/v03/v0327	SES068	-2.35897	12.7357	15.0947
spk_ver/v03/v0328	SES068	-5.48675	8.17074	13.6575
spk_ver/v03/v0329	SES068	-3.03286	12.1323	15.1651
spk_ver/v03/v0330	SES180	0.271336	14.708	14.4366
spk_ver/v03/v0331	SES068	-1.25575	13.5748	14.8306
spk_ver/v03/v0332	SES275	1.51591	16.0025	14.4866
spk_ver/v03/v0333	SES062	2.33171	19.4177	17.086
spk_ver/v03/v0334	SES270	1.33723	15.0099	13.6727
spk_ver/v03/v0335	SES068	-9.40185	2.88778	12.2896
spk_ver/v03/v0336	SES068	-1.37047	15.5964	16.9669
spk_ver/v03/v0337	SES068	-3.15815	10.9607	14.1188
spk_ver/v03/v0338	SES068	-3.62573	9.7999	13.4256
spk_ver/v03/v0339	SES068	-1.85759	12.8849	14.7424
spk_ver/v03/v0340	SES068	-2.91593	10.7602	13.6761
spk_ver/v03/v0341	SES016	1.63121	18.073	16.4418
spk_ver/v03/v0342	SES068	-3.48145	10.2377	13.7192
spk_ver/v03/v0343	SES068	-3.17202	11.0017	14.1737
spk_ver/v03/v0344	SES125	1.57113	16.6732	15.102
spk_ver/v03/v0345	SES187	0.700975	16.1293	15.4283
spk_ver/v03/v0346	SES068	-3.41589	11.958	15.3739
spk_ver/v03/v0347	SES143	1.58988	15.3046	13.7147
spk_ver/v03/v0348	SES292	1.09897	15.9338	14.8349
spk_ver/v03/v0349	SES082	-5.23438	9.82132	15.0557
spk_ver/v03/v0350	SES101	1.15556	16.537	15.3814
spk_ver/v03/v0351	SES082	-1.09479	13.0985	14.1933
spk_ver/v03/v0352	SES082	-2.67011	9.89711	12.5672
spk_ver/v03/v0353	SES082	-4.0398	10.5466	14.5864
spk_ver/v03/v0354	SES082	-9.18329	3.88363	13.0669
spk_ver/v03/v0355	SES083	0.967169	17.205	16.2378
spk_ver/v03/v0356	SES082	-3.616	10.1293	13.7453
spk_ver/v03/v0357	SES082	-6.00291	7.91918	13.9221
spk_ver/v03/v0358	SES082	-1.5433	12.5749	14.1182
spk_ver/v03/v0359	SES117	0.53553	13.2736	12.7381
spk_ver/v03/v0360	SES082	-6.88488	8.88758	15.7725
spk_ver/v03/v0361	SES082	-2.7829	11.4395	14.2224
spk_ver/v03/v0362	SES007	1.5356	15.9159	14.3803
spk_ver/v03/v0363	SES082	-3.6167	11.2508	14.8675
spk_ver/v03/v0364	SES019	2.86158	17.2552	14.3936
spk_ver/v03/v0365	SES082	-1.4059	12.2261	13.632
spk_ver/v03/v0366	SES226	2.47908	17.4472	14.9681
spk_ver/v03/v0367	SES167	1.64095	17.5612	15.9202
spk_ver/v03/v0368	SES082	-3.48926	12.4691	15.9584
spk_ver/v03/v0369	SES042	3.82652	20.1596	16.333
spk_ver/v03/v0370	SES042	2.56445	18.5222	15.9577
spk_ver/v03/v0371	SES082	-5.83679	8.83198	14.6688
spk_ver/v03/v0372	SES082	-1.83435	13.8796	15.7139
spk_ver/v03/v0373	SES082	-6.07277	9.19934	15.2721
spk_ver/v03/v0374	SES083	-2.10359	14.641	16.7445
spk_ver/v03/v0375	SES292	0.70908	15.9145	15.2054
spk_ver/v03/v0376	SES083	-3.55888	11.9001	15.459
spk_ver/v03/v0377	SES083	-5.8093	8.02208	13.8314
spk_ver/v03/v0378	SES083	-1.71323	12.5159	14.2291
spk_ver/v03/v0379	SES083	-1.82773	12.7348	14.5626
spk_ver/v03/v0380	SES083	-3.61334	11.0597	14.673
spk_ver/v03/v0381	SES083	-4.42255	10.2245	14.6471
spk_ver/v03/v0382	SES148	-0.100131	15.8426	15.9427
spk_ver/v03/v0383	SES083	-2.5568	13.0957	15.6525
spk_ver/v03/v0384	SES226	2.07963	17.1211	15.0415
spk_ver/v03/v0385	SES226	2.48457	17.8836	15.399
spk_ver/v03/v0386	SES087	1.21052	16.1055	14.895
spk_ver/v03/v0387	SES029	1.069	16.1776	15.1086
spk_ver/v03/v0388	SES147	1.46586	15.4252	13.9594
spk_ver/v03/v0389	SES083	-5.57247	7.75614	13.3286
spk_ver/v03/v0390	SES189	2.1038	16.1013	13.9975
spk_ver/v03/v0391	SES083	-1.3486	13.4682	14.8168
spk_ver/v03/v0392	SES083	-0.985787	15.0397	16.0255
spk_ver/v03/v0393	SES083	-4.6203	10.2632	14.8835
spk_ver/v03/v0394	SES083	-4.51533	9.29643	13.8118
spk_ver/v03/v0395	SES083	-2.29208	13.4615	15.7535
spk_ver/v03/v0396	SES014	3.00514	20.4862	17.4811
spk_ver/v03/v0397	SES085	-0.524437	16.7913	17.3158
spk_ver/v03/v0398	SES085	-2.61053	13.7435	16.354
spk_ver/v03/v0399	SES085	-3.62396	11.4517	15.0757
spk_ver/v04/v0400	SES106	2.28132	17.2071	14.9258
spk_ver/v04/v0401	SES085	-4.92344	9.67396	14.5974
spk_ver/v04/v0402	SES085	-7.78919	3.53403	11.3232
spk_ver/v04/v0403	SES085	-0.778443	14.7675	15.546
spk_ver/v04/v0404	SES180	1.22249	16.3144	15.0919
spk_ver/v04/v0405	SES129	2.13053	17.0978	14.9673
spk_ver/v04/v0406	SES085	-6.19243	8.38329	14.5757
spk_ver/v04/v0407	SES146	0.0786285	13.4294	13.3508
spk_ver/v04/v0408	SES085	-1.71745	14.0213	15.7388
spk_ver/v04/v0409	SES085	-4.09383	9.83565	13.9295
spk_ver/v04/v0410	SES085	-4.87409	10.9788	15.8529
spk_ver/v04/v0411	SES292	0.853658	15.2611	14.4074
spk_ver/v04/v0412	SES085	-1.83025	14.4172	16.2475
spk_ver/v04/v0413	SES125	2.48776	18.1888	15.701
spk_ver/v04/v0414	SES085	-3.4969	10.5632	14.0601
spk_ver/v04/v0415	SES085	-2.29091	13.3291	15.62
spk_ver/v04/v0416	SES085	-2.26983	13.0333	15.3031
spk_ver/v04/v0417	SES062	1.55894	18.573	17.0141
spk_ver/v04/v0418	SES060	1.9448	17.0794	15.1346
spk_ver/v04/v0419	SES085	-1.2136	14.0345	15.2481
spk_ver/v04/v0420	SES085	-7.40525	7.74241	15.1477
spk_ver/v04/v0421	SES085	-6.52937	6.20718	12.7366
spk_ver/v04/v0422	SES085	-1.85762	11.5179	13.3755
spk_ver/v04/v0423	SES085	-5.35033	8.86132	14.2116
spk_ver/v04/v0424	SES085	-5.74178	6.80125	12.543
spk_ver/v04/v0425	SES183	0.856477	14.9237	14.0672
spk_ver/v04/v0426	SES085	-5.57943	8.46631	14.0457
spk_ver/v04/v0427	SES087	-3.14051	10.4979	13.6384
spk_ver/v04/v0428	SES162	1.08936	15.957	14.8676
spk_ver/v04/v0429	SES087	-2.21056	12.946	15.1566
spk_ver/v04/v0430	SES087	-5.58607	9.6759	15.262
spk_ver/v04/v0431	SES087	-5.87284	7.76463	13.6375
spk_ver/v04/v0432	SES087	-4.3001	9.02711	13.3272
spk_ver/v04/v0433	SES087	-4.52217	11.2066	15.7288
spk_ver/v04/v0434	SES142	2.38609	16.4373	14.0512
spk_ver/v04/v0435	SES087	-5.20254	8.70318	13.9057
spk_ver/v04/v0436	SES099	1.85452	17.3322	15.4776
spk_ver/v04/v0437	SES087	-2.11638	14.043	16.1594
spk_ver/v04/v0438	SES087	-6.24393	8.73116	14.9751
spk_ver/v04/v0439	SES087	-2.28171	13.6962	15.978
spk_ver/v04/v0440	SES087	-3.52385	12.2664	15.7902
spk_ver/v04/v0441	SES087	-6.57917	7.84256	14.4217
spk_ver/v04/v0442	SES187	1.88224	16.1561	14.2738
spk_ver/v04/v0443	SES172	1.96239	17.2972	15.3348
spk_ver/v04/v0444	SES087	-3.27248	10.996	14.2685
spk_ver/v04/v0445	SES087	-3.04778	11.9401	14.9879
spk_ver/v04/v0446	SES087	-1.27481	14.2023	15.4771
spk_ver/v04/v0447	SES087	-1.97996	13.4024	15.3823
spk_ver/v04/v0448	SES106	2.1066	15.2348	13.1282
spk_ver/v04/v0449	SES146	1.29482	14.8317	13.5369
spk_ver/v04/v0450	SES087	-5.67552	8.41898	14.0945
spk_ver/v04/v0451	SES087	-2.72203	12.2777	14.9997
spk_ver/v04/v0452	SES007	1.67987	15.459	13.7792
spk_ver/v04/v0453	SES087	-3.51215	10.4515	13.9637
spk_ver/v04/v0454	SES087	-6.78329	7.44252	14.2258
spk_ver/v04/v0455	SES180	1.00124	15.4922	14.491
spk_ver/v04/v0456	SES099	-5.61752	8.8463	14.4638
spk_ver/v04/v0457	SES042	1.84084	17.6933	15.8524
spk_ver/v04/v0458	SES099	-1.2677	13.1764	14.4441
spk_ver/v04/v0459	SES099	-5.88701	9.44741	15.3344
spk_ver/v04/v0460	SES099	-5.32201	8.05654	13.3786
spk_ver/v04/v0461	SES099	-2.62143	13.2899	15.9113
spk_ver/v04/v0462	SES082	2.5608	18.1123	15.5515
spk_ver/v04/v0463	SES099	-0.713149	14.1621	14.8752
spk_ver/v04/v0464	SES099	0.135904	15.3773	15.2414
spk_ver/v04/v0465	SES099	-6.33259	8.40202	14.7346
spk_ver/v04/v0466	SES099	-1.28125	13.6944	14.9757
spk_ver/v04/v0467	SES099	-0.612792	13.7733	14.3861
spk_ver/v04/v0468	SES129	2.5774	17.6111	15.0337
spk_ver/v04/v0469	SES101	1.12835	15.1734	14.0451
spk_ver/v04/v0470	SES099	-5.43894	8.58482	14.0238
spk_ver/v04/v0471	SES172	1.68172	16.3226	14.6409
spk_ver/v04/v0472	SES099	-0.184937	13.4766	13.6615
spk_ver/v04/v0473	SES270	3.67677	17.4553	13.7785
spk_ver/v04/v0474	SES099	-5.10453	10.6579	15.7625
spk_ver/v04/v0475	SES099	-2.78343	13.243	16.0264
spk_ver/v04/v0476	SES099	-4.89543	7.48673	12.3822
spk_ver/v04/v0477	SES002	2.31931	17.9186	15.5993
spk_ver/v04/v0478	SES099	-0.961701	13.8517	14.8134
spk_ver/v04/v0479	SES007	-0.153158	13.8611	14.0143
spk_ver/v04/v0480	SES101	-6.24234	9.36272	15.6051
spk_ver/v04/v0481	SES101	-4.58751	9.20563	13.7931
spk_ver/v04/v0482	SES175	1.16677	15.2182	14.0514
spk_ver/v04/v0483	SES101	-4.79657	9.57882	14.3754
spk_ver/v04/v0484	SES101	-6.18911	11.1763	17.3654
spk_ver/v04/v0485	SES101	-1.3261	12.7868	14.1129
spk_ver/v04/v0486	SES101	-1.81487	11.1816	12.9964
spk_ver/v04/v0487	SES101	-1.55883	13.7379	15.2967
spk_ver/v04/v0488	SES101	-7.97307	5.76303	13.7361
spk_ver/v04/v0489	SES147	0.776707	12.8924	12.1157
spk_ver/v04/v0490	SES085	-1.09931	13.2086	14.3079
spk_ver/v04/v0491	SES101	-3.88702	9.59129	13.4783
spk_ver/v04/v0492	SES101	-6.97345	5.5238	12.4973
spk_ver/v04/v0493	SES101	-4.48282	11.9929	16.4758
spk_ver/v04/v0494	SES101	-2.79145	11.6742	14.4656
spk_ver/v04/v0495	SES101	-1.78535	14.7637	16.5491
spk_ver/v04/v0496	SES101	-2.34413	13.0527	15.3968
spk_ver/v04/v0497	SES014	2.53266	19.7635	17.2308
spk_ver/v04/v0498	SES101	-5.15157	9.32803	14.4796
spk_ver/v04/v0499	SES101	-3.70561	12.0884	15.794
spk_ver/v05/v0500	SES085	1.00936	17.6355	16.6261
spk_ver/v05/v0501	SES101	-6.44342	8.86628	15.3097
spk_ver/v05/v0502	SES275	0.929516	14.8642	13.9347
spk_ver/v05/v0503	SES117	1.2246	14.9581	13.7335
spk_ver/v05/v0504	SES101	-6.39055	8.3585	14.7491
spk_ver/v05/v0505	SES101	-4.23308	10.7429	14.976
spk_ver/v05/v0506	SES101	-2.8642	11.888	14.7522
spk_ver/v05/v0507	SES048	1.81611	17.7204	15.9043
spk_ver/v05/v0508	SES117	0.279724	13.6273	13.3475
spk_ver/v05/v0509	SES202	2.15507	15.9478	13.7927
spk_ver/v05/v0510	SES104	-3.8685	8.77344	12.6419
spk_ver/v05/v0511	SES008	1.54746	15.5193	13.9718
spk_ver/v05/v0512	SES104	-1.90406	11.2348	13.1388
spk_ver/v05/v0513	SES104	-3.00409	12.4767	15.4808
spk_ver/v05/v0514	SES104	-6.05575	9.63317	15.6889
spk_ver/v05/v0515	SES104	-6.97695	8.29526	15.2722
spk_ver/v05/v0516	SES104	-3.62974	8.24565	11.8754
spk_ver/v05/v0517	SES060	1.07139	18.2544	17.183
spk_ver/v05/v0518	SES104	-6.57498	7.32192	13.8969
spk_ver/v05/v0519	SES104	-8.57165	5.07725	13.6489
spk_ver/v05/v0520	SES104	-1.44399	15.0757	16.5197
spk_ver/v05/v0521	SES008	1.54617	17.7012	16.155
spk_ver/v05/v0522	SES068	1.53635	17.0311	15.4948
spk_ver/v05/v0523	SES087	1.53089	17.3928	15.8619
spk_ver/v05/v0524	SES104	-2.12466	12.0423	14.167
spk_ver/v05/v0525	SES104	-1.17921	13.6621	14.8413
spk_ver/v05/v0526	SES104	-2.10187	12.9171	15.019
spk_ver/v05/v0527	SES083	0.793262	15.997	15.2037
spk_ver/v05/v0528	SES148	1.41592	15.3644	13.9485
spk_ver/v05/v0529	SES104	-3.99753	10.1706	14.1681
spk_ver/v05/v0530	SES104	-6.90371	7.63386	14.5376
spk_ver/v05/v0531	SES125	1.6726	16.4627	14.7901
spk_ver/v05/v0532	SES104	-9.07544	5.4743	14.5497
spk_ver/v05/v0533	SES149	2.78775	19.5262	16.7384
spk_ver/v05/v0534	SES104	-5.33491	9.91158	15.2465
spk_ver/v05/v0535	SES187	0.58383	14.6974	14.1136
spk_ver/v05/v0536	SES104	-3.22499	11.7947	15.0197
spk_ver/v05/v0537	SES104	-3.04075	10.7658	13.8066
spk_ver/v05/v0538	SES167	1.66077	16.8442	15.1834
spk_ver/v05/v0539	SES104	-2.39525	9.68983	12.0851
spk_ver/v05/v0540	SES104	-7.80842	9.53903	17.3475
spk_ver/v05/v0541	SES183	1.74239	14.4831	12.7408
spk_ver/v05/v0542	SES104	-1.69329	12.3034	13.9967
spk_ver/v05/v0543	SES104	-6.89625	8.25629	15.1525
spk_ver/v05/v0544	SES105	-4.73135	10.6639	15.3952
spk_ver/v05/v0545	SES105	-2.66944	11.7521	14.4215
spk_ver/v05/v0546	SES105	-3.7687	10.58	14.3488
spk_ver/v05/v0547	SES105	-3.68849	10.0107	13.6992
spk_ver/v05/v0548	SES019	3.57419	16.9453	13.3712
spk_ver/v05/v0549	SES105	-2.47335	12.3913	14.8646
spk_ver/v05/v0550	SES105	-4.4331	9.10229	13.5354
spk_ver/v05/v0551	SES202	3.20872	14.8833	11.6745
spk_ver/v05/v0552	SES105	-4.53016	10.4992	15.0294
spk_ver/v05/v0553	SES105	-1.71385	13.6437	15.3575
spk_ver/v05/v0554	SES105	-2.26827	13.4952	15.7634
spk_ver/v05/v0555	SES105	-3.54296	9.74546	13.2884
spk_ver/v05/v0556	SES082	0.754639	16.1995	15.4448
spk_ver/v05/v0557	SES105	-4.73674	10.7925	15.5292
spk_ver/v05/v0558	SES014	1.81693	17.7826	15.9657
spk_ver/v05/v0559	SES105	-2.34457	12.8587	15.2032
spk_ver/v05/v0560	SES177	0.295713	15.5747	15.2789
spk_ver/v05/v0561	SES189	4.63167	11.9997	7.36805
spk_ver/v05/v0562	SES105	-4.30474	8.91539	13.2201
spk_ver/v05/v0563	SES099	1.78842	15.0593	13.2709
spk_ver/v05/v0564	SES105	-2.36368	13.1682	15.5319
spk_ver/v05/v0565	SES105	-4.07529	10.2209	14.2962
spk_ver/v05/v0566	SES105	-5.37388	8.81237	14.1862
spk_ver/v05/v0567	SES142	2.01181	15.4846	13.4728
spk_ver/v05/v0568	SES048	0.198379	14.426	14.2276
spk_ver/v05/v0569	SES105	-4.47058	11.0595	15.5301
spk_ver/v05/v0570	SES105	-1.86236	12.938	14.8004
spk_ver/v05/v0571	SES105	-3.13838	10.9351	14.0735
spk_ver/v05/v0572	SES105	-5.87036	7.05035	12.9207
spk_ver/v05/v0573	SES105	-5.41719	7.83654	13.2537
spk_ver/v05/v0574	SES105	-0.934757	14.1245	15.0592
spk_ver/v05/v0575	SES105	-0.579257	13.6897	14.269
spk_ver/v05/v0576	SES106	-4.85074	8.7789	13.6296
spk_ver/v05/v0577	SES106	-6.4559	7.77425	14.2301
spk_ver/v05/v0578	SES106	-5.46211	10.099	15.5611
spk_ver/v05/v0579	SES106	-6.20451	8.62441	14.8289
spk_ver/v05/v0580	SES106	-2.61647	13.5969	16.2134
spk_ver/v05/v0581	SES106	-7.71062	6.71149	14.4221
spk_ver/v05/v0582	SES106	-2.25935	10.7417	13.001
spk_ver/v05/v0583	SES106	-0.928906	14.5128	15.4418
spk_ver/v05/v0584	SES106	-6.29177	7.26658	13.5583
spk_ver/v05/v0585	SES106	-0.191121	11.6385	11.8296
spk_ver/v05/v0586	SES106	-5.50138	8.71218	14.2136
spk_ver/v05/v0587	SES106	-4.52433	8.6402	13.1645
spk_ver/v05/v0588	SES106	-5.89271	9.60733	15.5
spk_ver/v05/v0589	SES106	-6.45875	9.19472	15.6535
spk_ver/v05/v0590	SES082	1.41792	15.5487	14.1308
spk_ver/v05/v0591	SES180	0.882875	15.7451	14.8622
spk_ver/v05/v0592	SES106	-2.36496	11.7155	14.0805
spk_ver/v05/v0593	SES106	-7.15705	6.60186	13.7589
spk_ver/v05/v0594	SES292	0.898205	16.2524	15.3542
spk_ver/v05/v0595	SES106	-1.97548	12.6507	14.6262
spk_ver/v05/v0596	SES106	-6.37457	8.69774	15.0723
spk_ver/v05/v0597	SES106	-7.12601	7.1831	14.3091
spk_ver/v05/v0598	SES042	1.7966	17.4101	15.6135
spk_ver/v05/v0599	SES106	-7.44993	6.36885	13.8188
spk_ver/v06/v0600	SES106	-0.56679	11.871	12.4378
spk_ver/v06/v0601	SES106	-2.56109	11.0977	13.6588
spk_ver/v06/v0602	SES106	-4.27895	10.5082	14.7872
spk_ver/v06/v0603	SES106	-5.22123	9.08927	14.3105
spk_ver/v06/v0604	SES106	-5.17607	9.26114	14.4372
spk_ver/v06/v0605	SES106	-6.45321	7.06666	13.5199
spk_ver/v06/v0606	SES048	2.43938	18.0165	15.5771
spk_ver/v06/v0607	SES167	2.72597	18.9255	16.1995
spk_ver/v06/v0608	SES106	-5.42645	9.01105	14.4375
spk_ver/v06/v0609	SES143	1.94303	15.9494	14.0063
spk_ver/v06/v0610	SES106	-8.46236	4.37614	12.8385
spk_ver/v06/v0611	SES106	-4.43334	10.2143	14.6477
spk_ver/v06/v0612	SES106	-6.95824	6.99627	13.9545
spk_ver/v06/v0613	SES117	-1.51871	14.1862	15.7049
spk_ver/v06/v0614	SES117	-4.39464	10.4857	14.8804
spk_ver/v06/v0615	SES117	-2.29354	12.1939	14.4874
spk_ver/v06/v0616	SES106	2.83051	18.8869	16.0564
spk_ver/v06/v0617	SES142	2.54602	14.4785	11.9325
spk_ver/v06/v0618	SES048	2.19667	17.7211	15.5245
spk_ver/v06/v0619	SES175	1.18304	15.2398	14.0568
spk_ver/v06/v0620	SES180	1.19591	17.0033	15.8073
spk_ver/v06/v0621	SES117	-1.38542	11.4496	12.835
spk_ver/v06/v0622	SES029	0.595795	15.5586	14.9628
spk_ver/v06/v0623	SES117	-2.0886	12.9056	14.9942
spk_ver/v06/v0624	SES117	-4.5313	9.67068	14.202
spk_ver/v06/v0625	SES117	-1.79341	11.2862	13.0796
spk_ver/v06/v0626	SES106	2.30259	16.8865	14.5839
spk_ver/v06/v0627	SES226	3.08745	18.3963	15.3088
spk_ver/v06/v0628	SES117	-0.90107	14.2203	15.1214
spk_ver/v06/v0629	SES117	-3.46704	13.006	16.473
spk_ver/v06/v0630	SES117	-4.40284	10.1736	14.5764
spk_ver/v06/v0631	SES117	-5.22016	6.84853	12.0687
spk_ver/v06/v0632	SES117	-1.81794	13.8811	15.6991
spk_ver/v06/v0633	SES099	2.82019	17.0449	14.2247
spk_ver/v06/v0634	SES105	2.54378	16.1164	13.5726
spk_ver/v06/v0635	SES167	0.351628	15.973	15.6214
spk_ver/v06/v0636	SES117	-1.12987	13.53	14.6598
spk_ver/v06/v0637	SES202	2.22065	15.5166	13.296
spk_ver/v06/v0638	SES117	-3.36972	11.8937	15.2634
spk_ver/v06/v0639	SES167	0.757773	14.6406	13.8828
spk_ver/v06/v0640	SES117	-1.88006	12.9216	14.8016
spk_ver/v06/v0641	SES117	-3.64024	11.0859	14.7261
spk_ver/v06/v0642	SES101	1.67036	16.8897	15.2194
spk_ver/v06/v0643	SES068	1.58776	17.2335	15.6458
spk_ver/v06/v0644	SES120	-3.32312	9.80001	13.1231
spk_ver/v06/v0645	SES120	-1.81037	12.0258	13.8361
spk_ver/v06/v0646	SES172	0.994115	15.3922	14.3981
spk_ver/v06/v0647	SES120	-3.28229	12.3653	15.6475
spk_ver/v06/v0648	SES120	-0.931216	14.8264	15.7576
spk_ver/v06/v0649	SES120	-3.15584	9.08442	12.2403
spk_ver/v06/v0650	SES087	1.7832	16.8859	15.1027
spk_ver/v06/v0651	SES120	-1.49586	12.3564	13.8523
spk_ver/v06/v0652	SES104	0.839417	13.7303	12.8909
spk_ver/v06/v0653	SES129	1.91168	17.4833	15.5716
spk_ver/v06/v0654	SES120	-3.01273	11.063	14.0758
spk_ver/v06/v0655	SES120	-1.61357	11.4207	13.0343
spk_ver/v06/v0656	SES120	-2.4855	12.9595	15.445
spk_ver/v06/v0657	SES147	0.769604	13.8212	13.0516
spk_ver/v06/v0658	SES120	-2.64944	11.6439	14.2934
spk_ver/v06/v0659	SES120	-2.07607	13.3872	15.4632
spk_ver/v06/v0660	SES120	-1.66123	13.3755	15.0367
spk_ver/v06/v0661	SES120	-2.39037	10.5123	12.9027
spk_ver/v06/v0662	SES120	-2.43069	13.4589	15.8896
spk_ver/v06/v0663	SES120	-2.8714	10.1744	13.0458
spk_ver/v06/v0664	SES147	1.13634	15.611	14.4746
spk_ver/v06/v0665	SES162	1.75758	15.9291	14.1715
spk_ver/v06/v0666	SES120	-2.62057	12.8169	15.4374
spk_ver/v06/v0667	SES120	-1.23881	14.0675	15.3063
spk_ver/v06/v0668	SES120	1.13165	15.8739	14.7422
spk_ver/v06/v0669	SES142	2.09612	16.0466	13.9505
spk_ver/v06/v0670	SES106	3.04393	18.1535	15.1095
spk_ver/v06/v0671	SES183	2.13104	15.0413	12.9103
spk_ver/v06/v0672	SES120	-0.758844	12.436	13.1948
spk_ver/v06/v0673	SES029	-0.453082	14.5062	14.9593
spk_ver/v06/v0674	SES120	-2.18971	12.017	14.2067
spk_ver/v06/v0675	SES008	2.06286	17.4802	15.4173
spk_ver/v06/v0676	SES125	-6.01213	6.6455	12.6576
spk_ver/v06/v0677	SES143	1.28356	14.6812	13.3977
spk_ver/v06/v0678	SES125	-6.14638	7.27234	13.4187
spk_ver/v06/v0679	SES162	0.702155	14.804	14.1019
spk_ver/v06/v0680	SES125	-3.40812	11.5696	14.9777
spk_ver/v06/v0681	SES125	-3.34834	11.3701	14.7184
spk_ver/v06/v0682	SES125	-6.39452	10.0968	16.4913
spk_ver/v06/v0683	SES226	1.80379	17.0172	15.2134
spk_ver/v06/v0684	SES125	-4.28698	9.54426	13.8312
spk_ver/v06/v0685	SES125	-6.73177	7.02941	13.7612
spk_ver/v06/v0686	SES120	1.17394	16.6202	15.4463
spk_ver/v06/v0687	SES125	-5.12807	7.51003	12.6381
spk_ver/v06/v0688	SES158	1.56093	15.4604	13.8995
spk_ver/v06/v0689	SES125	-6.98258	7.59661	14.5792
spk_ver/v06/v0690	SES105	2.20245	15.8948	13.6924
spk_ver/v06/v0691	SES125	-1.61749	12.288	13.9055
spk_ver/v06/v0692	SES125	-2.72695	12.3782	15.1052
spk_ver/v06/v0693	SES180	2.00335	16.9796	14.9763
spk_ver/v06/v0694	SES125	-7.99059	6.54733	14.5379
spk_ver/v06/v0695	SES125	-4.25518	11.1344	15.3896
spk_ver/v06/v0696	SES125	-7.99843	8.2474	16.2458
spk_ver/v06/v0697	SES125	-7.44129	6.18659	13.6279
spk_ver/v06/v0698	SES083	1.06024	17.3798	16.3196
spk_ver/v06/v0699	SES125	-4.88166	10.0521	14.9338
spk_ver/v07/v0700	SES014	2.17272	18.9547	16.782
spk_ver/v07/v0701	SES125	-4.97208	11.7055	16.6776
spk_ver/v07/v0702	SES127	-1.90555	13.594	15.4995
spk_ver/v07/v0703	SES127	-2.1981	10.9974	13.1955
spk_ver/v07/v0704	SES206	2.20711	17.8665	15.6594
spk_ver/v07/v0705	SES127	-3.28813	11.2047	14.4929
spk_ver/v07/v0706	SES127	-1.8871	14.0606	15.9477
spk_ver/v07/v0707	SES127	-4.98101	10.1292	15.1102
spk_ver/v07/v0708	SES275	1.0621	16.0365	14.9744
spk_ver/v07/v0709	SES127	-3.76566	11.1978	14.9634
spk_ver/v07/v0710	SES105	1.62011	15.1953	13.5752
spk_ver/v07/v0711	SES127	-3.10464	10.4145	13.5191
spk_ver/v07/v0712	SES127	-3.22309	10.9261	14.1492
spk_ver/v07/v0713	SES127	-3.83139	9.40748	13.2389
spk_ver/v07/v0714	SES019	4.76089	17.4277	12.6668
spk_ver/v07/v0715	SES127	-4.58353	7.98009	12.5636
spk_ver/v07/v0716	SES148	1.23053	15.2764	14.0459
spk_ver/v07/v0717	SES162	1.82111	16.9015	15.0804
spk_ver/v07/v0718	SES189	1.34772	14.5136	13.1659
spk_ver/v07/v0719	SES149	0.90506	17.4172	16.5121
spk_ver/v07/v0720	SES175	1.40384	16.2115	14.8077
spk_ver/v07/v0721	SES127	-4.39291	10.5748	14.9677
spk_ver/v07/v0722	SES127	-1.49042	13.182	14.6724
spk_ver/v07/v0723	SES127	-3.15598	11.6101	14.7661
spk_ver/v07/v0724	SES127	-2.16558	13.4407	15.6063
spk_ver/v07/v0725	SES127	-3.35832	10.741	14.0993
spk_ver/v07/v0726	SES259	2.47156	17.932	15.4604
spk_ver/v07/v0727	SES127	-2.602	12.0676	14.6696
spk_ver/v07/v0728	SES127	-1.09048	15.1895	16.28
spk_ver/v07/v0729	SES127	-5.79267	7.63422	13.4269
spk_ver/v07/v0730	SES127	-3.99148	9.18127	13.1728
spk_ver/v07/v0731	SES129	-2.81075	13.7311	16.5419
spk_ver/v07/v0732	SES129	-2.44476	11.8148	14.2596
spk_ver/v07/v0733	SES129	-4.68148	8.10398	12.7855
spk_ver/v07/v0734	SES129	-6.79651	5.80243	12.5989
spk_ver/v07/v0735	SES183	1.06327	15.3913	14.328
spk_ver/v07/v0736	SES129	-3.92154	10.0062	13.9277
spk_ver/v07/v0737	SES129	-3.19856	11.1491	14.3477
spk_ver/v07/v0738	SES129	-7.07593	6.78803	13.864
spk_ver/v07/v0739	SES129	-4.32423	9.69259	14.0168
spk_ver/v07/v0740	SES167	-0.627845	15.5307	16.1586
spk_ver/v07/v0741	SES129	-3.1807	10.4093	13.59
spk_ver/v07/v0742	SES129	-4.62107	12.7111	17.3321
spk_ver/v07/v0743	SES129	-3.0348	12.1455	15.1803
spk_ver/v07/v0744	SES129	-5.36734	7.71452	13.0819
spk_ver/v07/v0745	SES180	2.44579	17.2583	14.8125
spk_ver/v07/v0746	SES129	-2.00791	14.1382	16.1461
spk_ver/v07/v0747	SES292	0.479713	15.9907	15.5109
spk_ver/v07/v0748	SES202	1.53671	14.4151	12.8784
spk_ver/v07/v0749	SES270	1.53888	16.1614	14.6225
spk_ver/v07/v0750	SES129	-4.64265	12.4054	17.048
spk_ver/v07/v0751	SES129	-5.22403	10.7602	15.9842
spk_ver/v07/v0752	SES060	0.383307	15.2103	14.8269
spk_ver/v07/v0753	SES129	-3.88243	10.665	14.5474
spk_ver/v07/v0754	SES129	-6.2203	5.78019	12.0005
spk_ver/v07/v0755	SES129	-5.12689	9.50204	14.6289
spk_ver/v07/v0756	SES175	1.22131	14.9289	13.7076
spk_ver/v07/v0757	SES129	-4.67602	8.21346	12.8895
spk_ver/v07/v0758	SES129	-6.11238	6.72618	12.8386
spk_ver/v07/v0759	SES129	-5.18035	10.3357	15.516
spk_ver/v07/v0760	SES129	-3.67512	11.8911	15.5662
spk_ver/v07/v0761	SES129	-4.25834	12.2648	16.5232
spk_ver/v07/v0762	SES172	1.13114	15.6681	14.537
spk_ver/v07/v0763	SES129	-5.23729	7.25176	12.489
spk_ver/v07/v0764	SES129	-3.70902	11.9394	15.6485
spk_ver/v07/v0765	SES175	0.50251	15.3452	14.8427
spk_ver/v07/v0766	SES129	-4.28714	11.9646	16.2517
spk_ver/v07/v0767	SES129	-3.1623	10.5944	13.7567
spk_ver/v07/v0768	SES042	2.33256	18.2495	15.917
spk_ver/v07/v0769	SES099	1.82716	15.6411	13.814
spk_ver/v07/v0770	SES142	-3.40596	10.5552	13.9612
spk_ver/v07/v0771	SES142	-2.47543	13.2924	15.7679
spk_ver/v07/v0772	SES101	2.08123	17.7802	15.6989
spk_ver/v07/v0773	SES142	-7.83926	5.10221	12.9415
spk_ver/v07/v0774	SES142	-5.52598	7.29827	12.8242
spk_ver/v07/v0775	SES142	-2.29928	12.4964	14.7956
spk_ver/v07/v0776	SES142	-3.9041	12.3313	16.2354
spk_ver/v07/v0777	SES142	-5.8944	8.33914	14.2335
spk_ver/v07/v0778	SES142	-2.36064	10.9143	13.275
spk_ver/v07/v0779	SES142	-10.0531	4.37176	14.4249
spk_ver/v07/v0780	SES142	-5.89452	5.56468	11.4592
spk_ver/v07/v0781	SES142	-9.41884	4.90002	14.3189
spk_ver/v07/v0782	SES101	0.991706	15.418	14.4263
spk_ver/v07/v0783	SES142	-4.85767	9.05421	13.9119
spk_ver/v07/v0784	SES187	1.87265	15.9852	14.1126
spk_ver/v07/v0785	SES143	1.12629	13.031	11.9047
spk_ver/v07/v0786	SES142	-4.80997	10.8937	15.7037
spk_ver/v07/v0787	SES144	0.811269	15.5309	14.7196
spk_ver/v07/v0788	SES275	0.661083	14.9913	14.3302
spk_ver/v07/v0789	SES142	-3.58057	11.3304	14.9109
spk_ver/v07/v0790	SES099	2.75471	18.2209	15.4662
spk_ver/v07/v0791	SES142	-6.9215	6.64639	13.5679
spk_ver/v07/v0792	SES142	-5.41918	11.9678	17.387
spk_ver/v07/v0793	SES142	-6.36666	7.78166	14.1483
spk_ver/v07/v0794	SES014	1.85209	18.1045	16.2524
spk_ver/v07/v0795	SES142	-7.1738	7.90686	15.0807
spk_ver/v07/v0796	SES142	-4.58675	11.2524	15.8392
spk_ver/v07/v0797	SES143	-1.39426	13.829	15.2233
spk_ver/v07/v0798	SES206	1.78683	18.0675	16.2806
spk_ver/v07/v0799	SES143	-3.66976	8.14206	11.8118
spk_ver/v08/v0800	SES143	-1.91052	12.0552	13.9657
spk_ver/v08/v0801	SES143	-1.4798	14.6771	16.1569
spk_ver/v08/v0802	SES143	-3.04484	9.965	13.0098
spk_ver/v08/v0803	SES143	-2.21069	11.7013	13.912
spk_ver/v08/v0804	SES143	-2.48786	9.98025	12.4681
spk_ver/v08/v0805	SES143	-3.08911	10.8361	13.9253
spk_ver/v08/v0806	SES143	-2.98504	10.2132	13.1982
spk_ver/v08/v0807	SES177	-0.28466	13.7691	14.0538
spk_ver/v08/v0808	SES149	1.1291	17.2341	16.105
spk_ver/v08/v0809	SES143	-4.06298	11.2137	15.2767
spk_ver/v08/v0810	SES158	2.23699	15.6258	13.3888
spk_ver/v08/v0811	SES143	-2.43331	10.4511	12.8844
spk_ver/v08/v0812	SES062	2.13191	19.5982	17.4663
spk_ver/v08/v0813	SES259	2.32286	17.8667	15.5438
spk_ver/v08/v0814	SES143	-4.5604	11.3377	15.8981
spk_ver/v08/v0815	SES143	-2.62934	11.6345	14.2639
spk_ver/v08/v0816	SES143	-1.65691	13.4521	15.109
spk_ver/v08/v0817	SES144	0.785391	15.8866	15.1012
spk_ver/v08/v0818	SES143	-1.84168	12.3618	14.2035
spk_ver/v08/v0819	SES143	-2.82036	12.2671	15.0875
spk_ver/v08/v0820	SES143	-1.52319	14.0778	15.601
spk_ver/v08/v0821	SES143	-1.57497	12.7472	14.3222
spk_ver/v08/v0822	SES143	-3.36491	11.0527	14.4176
spk_ver/v08/v0823	SES104	1.92953	17.6492	15.7197
spk_ver/v08/v0824	SES143	-3.72674	11.3684	15.0951
spk_ver/v08/v0825	SES143	-2.05009	12.2601	14.3102
spk_ver/v08/v0826	SES144	-4.9006	9.907	14.8076
spk_ver/v08/v0827	SES144	-2.29963	12.8205	15.1201
spk_ver/v08/v0828	SES144	-1.3401	14.4555	15.7956
spk_ver/v08/v0829	SES172	1.16628	15.4197	14.2534
spk_ver/v08/v0830	SES144	-0.64127	13.4967	14.138
spk_ver/v08/v0831	SES183	1.55055	15.8524	14.3018
spk_ver/v08/v0832	SES144	-5.20783	8.67554	13.8834
spk_ver/v08/v0833	SES144	-4.94222	10.3593	15.3015
spk_ver/v08/v0834	SES144	-1.28604	12.8526	14.1387
spk_ver/v08/v0835	SES144	-2.87371	11.1365	14.0102
spk_ver/v08/v0836	SES144	-3.1347	11.805	14.9397
spk_ver/v08/v0837	SES144	-2.51216	13.992	16.5042
spk_ver/v08/v0838	SES144	-4.06594	10.1655	14.2314
spk_ver/v08/v0839	SES085	0.354988	16.0953	15.7403
spk_ver/v08/v0840	SES144	-1.32311	13.5322	14.8553
spk_ver/v08/v0841	SES144	-6.13712	6.18335	12.3205
spk_ver/v08/v0842	SES144	-4.7045	10.5021	15.2066
spk_ver/v08/v0843	SES144	-0.735359	14.2684	15.0037
spk_ver/v08/v0844	SES144	-3.38881	11.6863	15.0751
spk_ver/v08/v0845	SES144	-3.58861	13.5989	17.1875
spk_ver/v08/v0846	SES104	1.0228	15.8574	14.8345
spk_ver/v08/v0847	SES144	-3.34751	11.0345	14.382
spk_ver/v08/v0848	SES144	-2.73639	10.5291	13.2655
spk_ver/v08/v0849	SES144	-6.72855	8.12082	14.8494
spk_ver/v08/v0850	SES144	-3.59387	11.8177	15.4116
spk_ver/v08/v0851	SES144	-2.83296	11.9275	14.7605
spk_ver/v08/v0852	SES144	-0.730315	15.0956	15.8259
spk_ver/v08/v0853	SES144	-5.28352	8.85951	14.143
spk_ver/v08/v0854	SES144	-1.6242	13.2823	14.9065
spk_ver/v08/v0855	SES144	-0.0493393	16.2856	16.3349
spk_ver/v08/v0856	SES082	0.0645857	12.6877	12.6231
spk_ver/v08/v0857	SES142	2.3238	16.7347	14.4109
spk_ver/v08/v0858	SES144	-0.840777	12.4567	13.2975
spk_ver/v08/v0859	SES144	-1.34749	13.0747	14.4222
spk_ver/v08/v0860	SES146	-5.0834	8.82276	13.9062
spk_ver/v08/v0861	SES146	-4.55601	9.47396	14.03
spk_ver/v08/v0862	SES146	-6.04233	8.16229	14.2046
spk_ver/v08/v0863	SES146	-2.41681	10.6752	13.0921
spk_ver/v08/v0864	SES146	-3.53705	12.1631	15.7002
spk_ver/v08/v0865	SES008	2.9885	16.8608	13.8723
spk_ver/v08/v0866	SES142	1.58312	15.8799	14.2967
spk_ver/v08/v0867	SES146	-4.18297	10.7414	14.9244
spk_ver/v08/v0868	SES082	2.59424	18.8713	16.277
spk_ver/v08/v0869	SES146	-2.40941	12.7098	15.1192
spk_ver/v08/v0870	SES146	-4.59641	7.48977	12.0862
spk_ver/v08/v0871	SES146	-4.58473	9.66932	14.2541
spk_ver/v08/v0872	SES146	-4.81971	7.25677	12.0765
spk_ver/v08/v0873	SES082	1.88707	18.0461	16.159
spk_ver/v08/v0874	SES146	-3.55197	11.1299	14.6818
spk_ver/v08/v0875	SES144	0.384963	14.467	14.082
spk_ver/v08/v0876	SES146	-2.73234	14.4667	17.199
spk_ver/v08/v0877	SES146	-4.8083	9.49862	14.3069
spk_ver/v08/v0878	SES146	-3.28391	11.4531	14.737
spk_ver/v08/v0879	SES146	-2.87604	11.6637	14.5397
spk_ver/v08/v0880	SES146	-3.33916	10.3365	13.6757
spk_ver/v08/v0881	SES143	1.29916	14.6454	13.3463
spk_ver/v08/v0882	SES146	-0.910161	14.8942	15.8044
spk_ver/v08/v0883	SES147	-2.00344	13.551	15.5544
spk_ver/v08/v0884	SES147	-1.30403	13.625	14.929
spk_ver/v08/v0885	SES016	1.88854	17.5303	15.6418
spk_ver/v08/v0886	SES147	-1.99032	12.3677	14.358
spk_ver/v08/v0887	SES147	-3.03349	11.6095	14.643
spk_ver/v08/v0888	SES147	-3.09056	10.2171	13.3077
spk_ver/v08/v0889	SES019	1.974	15.8406	13.8666
spk_ver/v08/v0890	SES147	-2.57835	11.3942	13.9725
spk_ver/v08/v0891	SES147	-3.09125	12.314	15.4052
spk_ver/v08/v0892	SES147	-2.21149	11.395	13.6065
spk_ver/v08/v0893	SES270	2.90285	15.0721	12.1693
spk_ver/v08/v0894	SES029	0.511011	15.1652	14.6542
spk_ver/v08/v0895	SES147	-2.78631	10.8172	13.6036
spk_ver/v08/v0896	SES117	1.42311	14.3717	12.9486
spk_ver/v08/v0897	SES183	1.97454	13.5955	11.621
spk_ver/v08/v0898	SES147	-5.07338	10.6966	15.77
spk_ver/v08/v0899	SES147	-3.02921	9.69064	12.7199
spk_ver/v09/v0900	SES087	1.10835	16.301	15.1926
spk_ver/v09/v0901	SES147	-6.91726	6.99884	13.9161
spk_ver/v09/v0902	SES147	-4.03354	9.85202	13.8856
spk_ver/v09/v0903	SES147	-1.53976	12.6631	14.2029
spk_ver/v09/v0904	SES147	-2.98754	12.3332	15.3208
spk_ver/v09/v0905	SES143	1.238	14.8726	13.6346
spk_ver/v09/v0906	SES149	0.501411	17.0807	16.5793
spk_ver/v09/v0907	SES148	-1.70925	13.3662	15.0755
spk_ver/v09/v0908	SES148	-1.06312	14.3467	15.4098
spk_ver/v09/v0909	SES106	3.1684	15.6322	12.4638
spk_ver/v09/v0910	SES148	-1.13119	12.0614	13.1926
spk_ver/v09/v0911	SES148	-4.0858	11.0752	15.161
spk_ver/v09/v0912	SES142	1.27356	15.9622	14.6886
spk_ver/v09/v0913	SES148	-3.32323	9.99974	13.323
spk_ver/v09/v0914	SES148	-3.86127	11.1715	15.0327
spk_ver/v09/v0915	SES148	-2.98146	9.61815	12.5996
spk_ver/v09/v0916	SES148	-2.64533	10.516	13.1614
spk_ver/v09/v0917	SES148	1.53071	15.8676	14.3369
spk_ver/v09/v0918	SES148	-0.840291	13.865	14.7053
spk_ver/v09/v0919	SES270	2.27208	15.7576	13.4856
spk_ver/v09/v0920	SES148	-2.57226	12.8603	15.4326
spk_ver/v09/v0921	SES148	-3.64896	11.3414	14.9904
spk_ver/v09/v0922	SES129	1.66884	17.7325	16.0637
spk_ver/v09/v0923	SES117	1.37859	16.3749	14.9963
spk_ver/v09/v0924	SES042	3.34536	19.0631	15.7178
spk_ver/v09/v0925	SES148	-5.82174	7.59676	13.4185
spk_ver/v09/v0926	SES148	-6.2484	6.24605	12.4945
spk_ver/v09/v0927	SES144	0.987273	15.8786	14.8913
spk_ver/v09/v0928	SES007	1.88476	16.2151	14.3304
spk_ver/v09/v0929	SES148	-2.42228	14.6474	17.0697
spk_ver/v09/v0930	SES148	-1.23294	14.328	15.561
spk_ver/v09/v0931	SES148	-2.72329	10.8538	13.577
spk_ver/v09/v0932	SES202	2.27327	17.1849	14.9116
spk_ver/v09/v0933	SES148	-0.999887	15.272	16.2719
spk_ver/v09/v0934	SES148	-4.33933	10.5342	14.8735
spk_ver/v09/v0935	SES060	1.35641	17.4535	16.0971
spk_ver/v09/v0936	SES060	1.04236	16.105	15.0626
spk_ver/v09/v0937	SES148	-2.22999	13.5321	15.7621
spk_ver/v09/v0938	SES148	-1.35022	14.1387	15.4889
spk_ver/v09/v0939	SES148	-3.85065	11.951	15.8016
spk_ver/v09/v0940	SES148	-2.98093	12.453	15.4339
spk_ver/v09/v0941	SES149	-4.51432	9.02552	13.5398
spk_ver/v09/v0942	SES149	-3.1261	12.9294	16.0555
spk_ver/v09/v0943	SES149	-1.88387	12.9842	14.8681
spk_ver/v09/v0944	SES149	-3.10743	10.7845	13.8919
spk_ver/v09/v0945	SES105	1.57255	15.9782	14.4057
spk_ver/v09/v0946	SES149	-4.21308	11.6454	15.8585
spk_ver/v09/v0947	SES149	-3.07521	10.7383	13.8135
spk_ver/v09/v0948	SES149	-4.09695	11.6083	15.7052
spk_ver/v09/v0949	SES149	-1.9344	14.8013	16.7357
spk_ver/v09/v0950	SES226	1.6222	17.7398	16.1176
spk_ver/v09/v0951	SES149	-3.527	10.4357	13.9627
spk_ver/v09/v0952	SES149	-4.67226	8.13556	12.8078
spk_ver/v09/v0953	SES062	1.47186	17.3642	15.8924
spk_ver/v09/v0954	SES149	-3.3958	11.3958	14.7916
spk_ver/v09/v0955	SES048	-0.103778	15.9363	16.0401
spk_ver/v09/v0956	SES158	-2.26842	13.1867	15.4551
spk_ver/v09/v0957	SES158	-6.24525	7.76543	14.0107
spk_ver/v09/v0958	SES158	-1.43158	14.8489	16.2805
spk_ver/v09/v0959	SES158	-3.13437	11.1667	14.301
spk_ver/v09/v0960	SES158	-4.83943	8.81198	13.6514
spk_ver/v09/v0961	SES147	1.26717	14.8206	13.5534
spk_ver/v09/v0962	SES158	-7.50209	6.22088	13.723
spk_ver/v09/v0963	SES292	0.621374	16.0715	15.4501
spk_ver/v09/v0964	SES060	1.65296	18.0071	16.3542
spk_ver/v09/v0965	SES002	1.28017	16.1328	14.8526
spk_ver/v09/v0966	SES149	1.80743	18.511	16.7035
spk_ver/v09/v0967	SES158	-6.27385	8.19992	14.4738
spk_ver/v09/v0968	SES158	-3.93616	9.40239	13.3385
spk_ver/v09/v0969	SES275	0.222546	13.5827	13.3601
spk_ver/v09/v0970	SES158	-5.53292	10.4145	15.9474
spk_ver/v09/v0971	SES158	-4.40965	10.2962	14.7058
spk_ver/v09/v0972	SES002	1.51031	17.1522	15.6419
spk_ver/v09/v0973	SES158	-5.33753	9.30872	14.6463
spk_ver/v09/v0974	SES202	1.72411	15.731	14.0069
spk_ver/v09/v0975	SES158	-6.51042	6.76428	13.2747
spk_ver/v09/v0976	SES158	-0.706859	14.9269	15.6337
spk_ver/v09/v0977	SES162	-2.08749	13.3318	15.4193
spk_ver/v09/v0978	SES162	-5.88124	6.84908	12.7303
spk_ver/v09/v0979	SES162	-8.05718	6.61703	14.6742
spk_ver/v09/v0980	SES162	-2.36369	11.358	13.7217
spk_ver/v09/v0981	SES162	-3.69353	8.94402	12.6375
spk_ver/v09/v0982	SES259	3.09239	18.0393	14.9469
spk_ver/v09/v0983	SES162	-5.82123	4.98794	10.8092
spk_ver/v09/v0984	SES162	-1.94116	14.431	16.3722
spk_ver/v09/v0985	SES162	-1.47791	13.3288	14.8067
spk_ver/v09/v0986	SES062	1.86578	18.5177	16.6519
spk_ver/v09/v0987	SES162	-1.27789	13.3348	14.6127
spk_ver/v09/v0988	SES162	-5.82872	9.09968	14.9284
spk_ver/v09/v0989	SES162	-6.92052	5.48699	12.4075
spk_ver/v09/v0990	SES162	-4.68253	11.2401	15.9226
spk_ver/v09/v0991	SES087	1.54522	16.74	15.1948
spk_ver/v09/v0992	SES120	0.293855	14.0219	13.7281
spk_ver/v09/v0993	SES162	-4.91045	10.5658	15.4763
spk_ver/v09/v0994	SES162	-2.20832	13.2463	15.4546
spk_ver/v09/v0995	SES162	-5.73005	10.826	16.5561
spk_ver/v09/v0996	SES162	-3.19626	14.1547	17.3509
spk_ver/v09/v0997	SES162	-5.12649	9.56063	14.6871
spk_ver/v09/v0998	SES162	-3.92339	8.82481	12.7482
spk_ver/v09/v0999	SES162	-1.7882	15.9673	17.7555
spk_ver/v10/v1000	SES162	-5.78713	9.34757	15.1347
spk_ver/v10/v1001	SES148	1.58928	14.7207	13.1314
spk_ver/v10/v1002	SES162	-2.15138	11.4983	13.6497
spk_ver/v10/v1003	SES162	-2.68226	13.4421	16.1244
spk_ver/v10/v1004	SES162	-3.2132	10.4631	13.6763
spk_ver/v10/v1005	SES162	-5.47865	8.33378	13.8124
spk_ver/v10/v1006	SES162	-4.93519	10.103	15.0382
spk_ver/v10/v1007	SES162	-2.505	11.1471	13.6521
spk_ver/v10/v1008	SES162	-7.94726	4.45752	12.4048
spk_ver/v10/v1009	SES162	-7.18703	7.59364	14.7807
spk_ver/v10/v1010	SES167	-2.72117	10.203	12.9242
spk_ver/v10/v1011	SES167	-1.40238	12.6793	14.0816
spk_ver/v10/v1012	SES167	-2.53546	10.493	13.0285
spk_ver/v10/v1013	SES167	-6.60939	7.60378	14.2132
spk_ver/v10/v1014	SES167	-0.986818	14.892	15.8788
spk_ver/v10/v1015	SES167	-1.87273	12.9651	14.8379
spk_ver/v10/v1016	SES167	-2.01501	13.7325	15.7475
spk_ver/v10/v1017	SES167	-2.19731	12.573	14.7703
spk_ver/v10/v1018	SES167	-3.91912	11.4805	15.3996
spk_ver/v10/v1019	SES167	-3.69136	10.531	14.2223
spk_ver/v10/v1020	SES167	-7.57211	5.83497	13.4071
spk_ver/v10/v1021	SES167	-2.10177	10.2882	12.39
spk_ver/v10/v1022	SES167	-5.31553	9.00329	14.3188
spk_ver/v10/v1023	SES167	-3.56049	10.3693	13.9298
spk_ver/v10/v1024	SES167	-5.30109	7.4137	12.7148
spk_ver/v10/v1025	SES167	-2.33523	13.5496	15.8848
spk_ver/v10/v1026	SES167	-3.79701	10.9366	14.7336
spk_ver/v10/v1027	SES167	-2.42743	13.8356	16.263
spk_ver/v10/v1028	SES167	-6.47772	7.41434	13.8921
spk_ver/v10/v1029	SES167	-5.1008	8.97553	14.0763
spk_ver/v10/v1030	SES167	-3.61091	11.7651	15.3761
spk_ver/v10/v1031	SES167	-5.83468	8.32966	14.1643
spk_ver/v10/v1032	SES167	-5.21362	11.2759	16.4895
spk_ver/v10/v1033	SES167	-6.23059	10.335	16.5656
spk_ver/v10/v1034	SES002	1.6881	17.9015	16.2134
spk_ver/v10/v1035	SES167	-1.14522	14.6072	15.7525
spk_ver/v10/v1036	SES083	1.12505	17.2185	16.0935
spk_ver/v10/v1037	SES167	-3.46884	10.5846	14.0535
spk_ver/v10/v1038	SES167	-2.49654	10.8647	13.3612
spk_ver/v10/v1039	SES167	-3.47015	10.9849	14.4551
spk_ver/v10/v1040	SES167	-6.47724	6.4935	12.9707
spk_ver/v10/v1041	SES167	-1.38311	12.5563	13.9394
spk_ver/v10/v1042	SES087	1.04296	15.8672	14.8243
spk_ver/v10/v1043	SES029	1.3947	16.7563	15.3616
spk_ver/v10/v1044	SES206	1.28535	17.3951	16.1097
spk_ver/v10/v1045	SES172	-2.87017	11.2522	14.1223
spk_ver/v10/v1046	SES172	1.33857	16.6597	15.3212
spk_ver/v10/v1047	SES172	-1.21634	13.8129	15.0292
spk_ver/v10/v1048	SES259	3.5742	18.7919	15.2177
spk_ver/v10/v1049	SES172	-5.0877	10.6078	15.6955
spk_ver/v10/v1050	SES120	0.979957	14.8794	13.8994
spk_ver/v10/v1051	SES172	-2.89581	12.6383	15.5342
spk_ver/v10/v1052	SES172	-1.94205	12.7828	14.7249
spk_ver/v10/v1053	SES172	-3.24446	11.9486	15.193
spk_ver/v10/v1054	SES172	-2.8548	11.7069	14.5617
spk_ver/v10/v1055	SES189	2.29677	14.0021	11.7053
spk_ver/v10/v1056	SES172	-3.20706	11.3376	14.5446
spk_ver/v10/v1057	SES172	-2.54973	11.8571	14.4069
spk_ver/v10/v1058	SES172	-1.35844	13.7673	15.1257
spk_ver/v10/v1059	SES172	-4.10267	11.5526	15.6552
spk_ver/v10/v1060	SES029	0.481386	16.8543	16.3729
spk_ver/v10/v1061	SES175	-7.688	6.76919	14.4572
spk_ver/v10/v1062	SES187	0.633144	16.9979	16.3648
spk_ver/v10/v1063	SES019	3.0106	16.0922	13.0816
spk_ver/v10/v1064	SES175	-4.51277	9.95406	14.4668
spk_ver/v10/v1065	SES175	-5.40271	8.8838	14.2865
spk_ver/v10/v1066	SES175	-7.84264	4.60078	12.4434
spk_ver/v10/v1067	SES175	-2.78387	11.1671	13.951
spk_ver/v10/v1068	SES175	-3.96512	9.17212	13.1372
spk_ver/v10/v1069	SES016	3.10679	18.6009	15.4941
spk_ver/v10/v1070	SES175	-2.25349	12.2855	14.539
spk_ver/v10/v1071	SES175	-2.03913	13.9542	15.9933
spk_ver/v10/v1072	SES175	-4.58436	9.91576	14.5001
spk_ver/v10/v1073	SES029	0.453274	15.7849	15.3317
spk_ver/v10/v1074	SES175	-3.27694	11.7005	14.9774
spk_ver/v10/v1075	SES175	-1.3306	14.8321	16.1627
spk_ver/v10/v1076	SES175	-1.05919	15.6894	16.7486
spk_ver/v10/v1077	SES175	-2.79317	13.6606	16.4538
spk_ver/v10/v1078	SES127	1.55647	18.1674	16.6109
spk_ver/v10/v1079	SES175	-4.20479	12.4837	16.6885
spk_ver/v10/v1080	SES175	-3.14739	9.96393	13.1113
spk_ver/v10/v1081	SES175	-5.44268	8.65302	14.0957
spk_ver/v10/v1082	SES175	-3.98482	12.4094	16.3942
spk_ver/v10/v1083	SES007	1.63492	15.1269	13.492
spk_ver/v10/v1084	SES068	1.22726	17.807	16.5797
spk_ver/v10/v1085	SES008	1.15963	17.7735	16.6139
spk_ver/v10/v1086	SES175	-1.84471	14.1419	15.9866
spk_ver/v10/v1087	SES175	-2.64066	12.5308	15.1715
spk_ver/v10/v1088	SES008	2.13878	17.5508	15.412
spk_ver/v10/v1089	SES177	-2.55091	13.9105	16.4614
spk_ver/v10/v1090	SES177	-4.50876	10.2361	14.7448
spk_ver/v10/v1091	SES177	-3.71774	9.67019	13.3879
spk_ver/v10/v1092	SES177	-1.00646	13.0783	14.0848
spk_ver/v10/v1093	SES177	-4.34729	10.4913	14.8386
spk_ver/v10/v1094	SES002	1.57518	17.5436	15.9684
spk_ver/v10/v1095	SES104	1.54532	17.0723	15.527
spk_ver/v10/v1096	SES177	-1.82876	13.0311	14.8598
spk_ver/v10/v1097	SES177	-2.66224	9.37638	12.0386
spk_ver/v10/v1098	SES177	-3.10003	13.3137	16.4138
spk_ver/v10/v1099	SES177	-0.971575	13.5995	14.5711
spk_ver/v11/v1100	SES177	-3.7482	10.1071	13.8553
spk_ver/v11/v1101	SES085	1.36134	17.067	15.7057
spk_ver/v11/v1102	SES187	1.05815	16.5027	15.4445
spk_ver/v11/v1103	SES177	-1.47743	12.7368	14.2142
spk_ver/v11/v1104	SES177	0.8566	16.6189	15.7623
spk_ver/v11/v1105	SES177	-1.24404	13.8813	15.1254
spk_ver/v11/v1106	SES177	-3.02965	12.0255	15.0551
spk_ver/v11/v1107	SES177	-1.35492	14.296	15.6509
spk_ver/v11/v1108	SES177	-0.332666	15.5335	15.8662
spk_ver/v11/v1109	SES125	1.68203	16.5215	14.8395
spk_ver/v11/v1110	SES177	-3.83938	11.2744	15.1138
spk_ver/v11/v1111	SES177	-1.71222	14.0618	15.774
spk_ver/v11/v1112	SES177	-3.96293	10.9816	14.9445
spk_ver/v11/v1113	SES177	-5.26437	10.1648	15.4292
spk_ver/v11/v1114	SES177	-1.47092	12.5732	14.0441
spk_ver/v11/v1115	SES177	-2.51655	10.4241	12.9406
spk_ver/v11/v1116	SES085	1.71006	18.5888	16.8788
spk_ver/v11/v1117	SES147	0.942704	14.9995	14.0568
spk_ver/v11/v1118	SES177	-1.15791	12.6039	13.7618
spk_ver/v11/v1119	SES177	-3.87109	10.0027	13.8738
spk_ver/v11/v1120	SES180	-7.32183	7.22098	14.5428
spk_ver/v11/v1121	SES189	1.68618	14.4509	12.7648
spk_ver/v11/v1122	SES117	2.40873	13.3945	10.9858
spk_ver/v11/v1123	SES129	2.38789	17.9489	15.561
spk_ver/v11/v1124	SES180	-1.35682	13.5961	14.9529
spk_ver/v11/v1125	SES180	-0.866231	15.1211	15.9873
spk_ver/v11/v1126	SES180	-1.14054	14.5693	15.7098
spk_ver/v11/v1127	SES180	-3.30596	11.6437	14.9497
spk_ver/v11/v1128	SES016	1.49231	15.6131	14.1208
spk_ver/v11/v1129	SES158	0.81213	15.315	14.5029
spk_ver/v11/v1130	SES180	-3.35799	11.4857	14.8437
spk_ver/v11/v1131	SES180	-4.20379	13.5444	17.7482
spk_ver/v11/v1132	SES180	-1.36904	12.8186	14.1877
spk_ver/v11/v1133	SES180	-4.95827	11.2387	16.197
spk_ver/v11/v1134	SES180	-2.91364	10.6191	13.5327
spk_ver/v11/v1135	SES180	-2.6659	13.1059	15.7718
spk_ver/v11/v1136	SES180	-6.80774	4.79154	11.5993
spk_ver/v11/v1137	SES148	0.417066	15.6294	15.2123
spk_ver/v11/v1138	SES104	2.44987	20.0205	17.5706
spk_ver/v11/v1139	SES180	-5.90125	6.96849	12.8697
spk_ver/v11/v1140	SES083	1.09166	16.1823	15.0906
spk_ver/v11/v1141	SES180	-5.19704	9.51899	14.716
spk_ver/v11/v1142	SES180	-3.50102	10.6675	14.1685
spk_ver/v11/v1143	SES180	-3.11715	10.5314	13.6486
spk_ver/v11/v1144	SES099	2.21465	16.0385	13.8238
spk_ver/v11/v1145	SES180	-2.34125	12.6927	15.034
spk_ver/v11/v1146	SES183	-3.71376	11.7173	15.4311
spk_ver/v11/v1147	SES183	-1.85918	14.1846	16.0438
spk_ver/v11/v1148	SES183	-5.42897	7.86625	13.2952
spk_ver/v11/v1149	SES183	-6.97562	8.97871	15.9543
spk_ver/v11/v1150	SES183	-6.12902	8.5148	14.6438
spk_ver/v11/v1151	SES082	1.49208	16.138	14.6459
spk_ver/v11/v1152	SES183	-2.69308	9.92073	12.6138
spk_ver/v11/v1153	SES183	-2.10629	12.3303	14.4366
spk_ver/v11/v1154	SES002	1.92496	18.3823	16.4573
spk_ver/v11/v1155	SES183	-3.12137	11.2406	14.362
spk_ver/v11/v1156	SES183	-5.70656	7.73661	13.4432
spk_ver/v11/v1157	SES183	-3.47095	12.7035	16.1744
spk_ver/v11/v1158	SES183	-1.24168	13.9608	15.2025
spk_ver/v11/v1159	SES183	-1.9569	13.1015	15.0584
spk_ver/v11/v1160	SES183	-5.7691	7.91933	13.6884
spk_ver/v11/v1161	SES183	-4.32795	7.21127	11.5392
spk_ver/v11/v1162	SES105	1.99843	16.2487	14.2503
spk_ver/v11/v1163	SES183	-4.83397	10.4935	15.3274
spk_ver/v11/v1164	SES259	2.89512	17.4491	14.554
spk_ver/v11/v1165	SES183	-2.29632	12.6287	14.925
spk_ver/v11/v1166	SES183	-6.29794	8.82746	15.1254
spk_ver/v11/v1167	SES183	-1.86345	11.7201	13.5835
spk_ver/v11/v1168	SES183	-1.85069	14.3443	16.195
spk_ver/v11/v1169	SES183	-5.60583	9.79285	15.3987
spk_ver/v11/v1170	SES183	-4.22668	12.0506	16.2773
spk_ver/v11/v1171	SES183	-8.83416	4.49041	13.3246
spk_ver/v11/v1172	SES187	-3.64476	10.9107	14.5554
spk_ver/v11/v1173	SES019	3.82433	15.9612	12.1369
spk_ver/v11/v1174	SES187	-4.17866	8.37455	12.5532
spk_ver/v11/v1175	SES187	-3.26132	9.91181	13.1731
spk_ver/v11/v1176	SES083	1.20906	17.6229	16.4139
spk_ver/v11/v1177	SES187	-6.10113	7.20501	13.3061
spk_ver/v11/v1178	SES187	-5.44851	8.60188	14.0504
spk_ver/v11/v1179	SES187	-2.89418	11.583	14.4772
spk_ver/v11/v1180	SES187	-1.91678	12.0024	13.9192
spk_ver/v11/v1181	SES187	-5.21225	11.0793	16.2915
spk_ver/v11/v1182	SES187	-1.41617	14.5448	15.961
spk_ver/v11/v1183	SES187	-3.71267	9.35787	13.0705
spk_ver/v11/v1184	SES187	-0.747091	13.9011	14.6482
spk_ver/v11/v1185	SES127	1.73499	17.5221	15.7871
spk_ver/v11/v1186	SES187	-1.74323	13.121	14.8642
spk_ver/v11/v1187	SES187	-1.54212	14.3385	15.8806
spk_ver/v11/v1188	SES187	-2.1512	11.288	13.4392
spk_ver/v11/v1189	SES042	1.41418	17.6898	16.2756
spk_ver/v11/v1190	SES187	-2.0424	12.2478	14.2902
spk_ver/v11/v1191	SES187	-5.81123	7.18396	12.9952
spk_ver/v11/v1192	SES187	-4.95111	8.21238	13.1635
spk_ver/v11/v1193	SES183	1.44762	15.2273	13.7797
spk_ver/v11/v1194	SES187	-2.53987	10.9097	13.4496
spk_ver/v11/v1195	SES187	-4.26998	9.86914	14.1391
spk_ver/v11/v1196	SES146	1.60018	14.3326	12.7325
spk_ver/v11/v1197	SES189	-5.5188	10.4431	15.9619
spk_ver/v11/v1198	SES175	2.11805	16.4327	14.3147
spk_ver/v11/v1199	SES189	-5.14768	7.74542	12.8931
spk_ver/v12/v1200	SES189	-2.12609	15.2188	17.3449
spk_ver/v12/v1201	SES177	1.58905	17.11	15.5209
spk_ver/v12/v1202	SES189	-2.67185	11.1126	13.7845
spk_ver/v12/v1203	SES143	1.60289	15.3779	13.775
spk_ver/v12/v1204	SES189	-2.76892	12.2743	15.0432
spk_ver/v12/v1205	SES189	-2.08408	14.3151	16.3992
spk_ver/v12/v1206	SES189	-4.86209	7.54983	12.4119
spk_ver/v12/v1207	SES189	-3.94708	10.8892	14.8363
spk_ver/v12/v1208	SES189	-3.80519	13.9598	17.765
spk_ver/v12/v1209	SES189	-5.63582	7.55696	13.1928
spk_ver/v12/v1210	SES189	-1.26254	13.0658	14.3283
spk_ver/v12/v1211	SES062	2.45156	18.6052	16.1536
spk_ver/v12/v1212	SES189	-2.88502	12.2347	15.1197
spk_ver/v12/v1213	SES048	2.18996	17.6833	15.4934
spk_ver/v12/v1214	SES042	3.33451	19.574	16.2395
spk_ver/v12/v1215	SES008	2.53767	17.783	15.2454
spk_ver/v12/v1216	SES202	-6.90295	9.53546	16.4384
spk_ver/v12/v1217	SES202	-3.46748	10.0084	13.4759
spk_ver/v12/v1218	SES085	1.06523	18.2504	17.1852
spk_ver/v12/v1219	SES202	-3.18839	12.5792	15.7676
spk_ver/v12/v1220	SES202	-2.03868	13.7876	15.8262
spk_ver/v12/v1221	SES202	-2.65436	11.5473	14.2016
spk_ver/v12/v1222	SES202	-8.45927	5.28346	13.7427
spk_ver/v12/v1223	SES158	1.21574	15.6723	14.4566
spk_ver/v12/v1224	SES202	-2.61434	11.2407	13.8551
spk_ver/v12/v1225	SES202	-4.04937	10.8996	14.9489
spk_ver/v12/v1226	SES202	-4.09339	11.7034	15.7967
spk_ver/v12/v1227	SES202	-3.41771	11.4483	14.866
spk_ver/v12/v1228	SES177	0.965484	15.8338	14.8683
spk_ver/v12/v1229	SES202	-4.02163	11.5944	15.616
spk_ver/v12/v1230	SES202	-3.21786	11.5795	14.7974
spk_ver/v12/v1231	SES202	-3.74175	11.2763	15.018
spk_ver/v12/v1232	SES202	-3.4319	9.47187	12.9038
spk_ver/v12/v1233	SES206	1.70572	18.1718	16.466
spk_ver/v12/v1234	SES202	-6.67373	6.23552	12.9092
spk_ver/v12/v1235	SES202	-3.12981	12.675	15.8048
spk_ver/v12/v1236	SES125	2.43929	16.6911	14.2518
spk_ver/v12/v1237	SES127	1.87883	16.9048	15.026
spk_ver/v12/v1238	SES202	2.69154	16.6758	13.9842
spk_ver/v12/v1239	SES167	1.9482	18.0152	16.067
spk_ver/v12/v1240	SES206	-5.44954	8.80353	14.2531
spk_ver/v12/v1241	SES206	-6.08755	8.51589	14.6034
spk_ver/v12/v1242	SES206	-1.18048	14.968	16.1485
spk_ver/v12/v1243	SES206	-3.37276	10.8944	14.2672
spk_ver/v12/v1244	SES259	2.60427	16.9118	14.3075
spk_ver/v12/v1245	SES206	-3.89552	11.8133	15.7088
spk_ver/v12/v1246	SES206	-3.19531	12.7658	15.9611
spk_ver/v12/v1247	SES206	-2.05408	13.0143	15.0683
spk_ver/v12/v1248	SES206	-6.85375	6.32832	13.1821
spk_ver/v12/v1249	SES270	2.67723	15.4912	12.8139
spk_ver/v12/v1250	SES206	-5.91665	8.33911	14.2558
spk_ver/v12/v1251	SES206	-3.33127	12.84	16.1713
spk_ver/v12/v1252	SES206	-3.32289	11.6289	14.9518
spk_ver/v12/v1253	SES206	-1.34261	13.5813	14.9239
spk_ver/v12/v1254	SES206	-2.70947	10.7102	13.4197
spk_ver/v12/v1255	SES125	2.44448	17.5127	15.0682
spk_ver/v12/v1256	SES206	-7.00503	8.60629	15.6113
spk_ver/v12/v1257	SES206	-6.00743	9.71455	15.722
spk_ver/v12/v1258	SES206	-2.35907	12.4387	14.7977
spk_ver/v12/v1259	SES206	-6.29058	8.52944	14.82
spk_ver/v12/v1260	SES206	-6.91827	7.34635	14.2646
spk_ver/v12/v1261	SES206	-5.8897	9.86817	15.7579
spk_ver/v12/v1262	SES206	-7.37556	7.58617	14.9617
spk_ver/v12/v1263	SES206	-3.45605	11.9296	15.3856
spk_ver/v12/v1264	SES149	1.21514	17.3197	16.1046
spk_ver/v12/v1265	SES206	-1.70776	10.7021	12.4099
spk_ver/v12/v1266	SES206	-5.27784	9.20018	14.478
spk_ver/v12/v1267	SES206	-2.34553	8.98592	11.3314
spk_ver/v12/v1268	SES206	-3.87929	9.6969	13.5762
spk_ver/v12/v1269	SES206	-7.16049	6.12967	13.2902
spk_ver/v12/v1270	SES206	-8.14404	3.59044	11.7345
spk_ver/v12/v1271	SES226	-7.00446	6.30938	13.3138
spk_ver/v12/v1272	SES226	-1.68083	15.2487	16.9296
spk_ver/v12/v1273	SES226	-5.65169	10.826	16.4777
spk_ver/v12/v1274	SES226	-6.05035	8.175	14.2253
spk_ver/v12/v1275	SES226	-1.28905	11.5821	12.8711
spk_ver/v12/v1276	SES226	-6.63555	7.60864	14.2442
spk_ver/v12/v1277	SES226	-0.645267	14.9448	15.5901
spk_ver/v12/v1278	SES226	-0.937187	13.0868	14.024
spk_ver/v12/v1279	SES226	-6.19924	10.0281	16.2273
spk_ver/v12/v1280	SES226	-4.26722	11.301	15.5682
spk_ver/v12/v1281	SES226	-1.50474	12.9203	14.4251
spk_ver/v12/v1282	SES226	-3.25386	11.1099	14.3637
spk_ver/v12/v1283	SES143	2.1349	16.1702	14.0353
spk_ver/v12/v1284	SES226	-5.0683	11.3609	16.4292
spk_ver/v12/v1285	SES226	-2.38739	12.903	15.2904
spk_ver/v12/v1286	SES226	-3.23574	9.94885	13.1846
spk_ver/v12/v1287	SES226	-3.65884	11.3558	15.0146
spk_ver/v12/v1288	SES226	-5.74813	9.18137	14.9295
spk_ver/v12/v1289	SES104	1.58268	16.4488	14.8661
spk_ver/v12/v1290	SES008	3.69679	17.3315	13.6347
spk_ver/v12/v1291	SES226	-1.88063	12.9099	14.7905
spk_ver/v12/v1292	SES259	-6.24827	7.89944	14.1477
spk_ver/v12/v1293	SES062	1.54704	17.6238	16.0768
spk_ver/v12/v1294	SES099	2.11421	15.2547	13.1405
spk_ver/v12/v1295	SES158	1.15407	14.34	13.1859
spk_ver/v12/v1296	SES259	-5.16905	11.2336	16.4027
spk_ver/v12/v1297	SES259	-8.05885	7.18041	15.2393
spk_ver/v12/v1298	SES259	-3.96476	11.492	15.4568
spk_ver/v12/v1299	SES259	-6.08069	8.22295	14.3036
spk_ver/v13/v1300	SES120	1.83962	15.1124	13.2728
spk_ver/v13/v1301	SES259	-8.52464	6.15554	14.6802
spk_ver/v13/v1302	SES259	-8.26027	5.61979	13.8801
spk_ver/v13/v1303	SES129	1.6921	16.8344	15.1423
spk_ver/v13/v1304	SES259	-4.68288	9.33649	14.0194
spk_ver/v13/v1305	SES259	-7.92556	5.7124	13.638
spk_ver/v13/v1306	SES106	1.47341	15.9464	14.473
spk_ver/v13/v1307	SES259	-5.54513	8.94263	14.4878
spk_ver/v13/v1308	SES259	-3.03976	11.2559	14.2956
spk_ver/v13/v1309	SES259	-6.9084	8.46297	15.3714
spk_ver/v13/v1310	SES259	-6.39744	9.86537	16.2628
spk_ver/v13/v1311	SES259	-4.8674	10.1748	15.0422
spk_ver/v13/v1312	SES259	-5.44595	10.1896	15.6356
spk_ver/v13/v1313	SES144	0.631753	15.9971	15.3653
spk_ver/v13/v1314	SES259	-6.96915	7.64257	14.6117
spk_ver/v13/v1315	SES162	2.15907	16.4338	14.2747
spk_ver/v13/v1316	SES206	1.19025	16.9623	15.7721
spk_ver/v13/v1317	SES175	1.53826	15.3888	13.8506
spk_ver/v13/v1318	SES259	-7.50179	6.28406	13.7858
spk_ver/v13/v1319	SES259	-6.03083	8.77998	14.8108
spk_ver/v13/v1320	SES270	-0.657006	14.3267	14.9837
spk_ver/v13/v1321	SES101	0.920169	16.1648	15.2446
spk_ver/v13/v1322	SES177	1.65869	17.6554	15.9968
spk_ver/v13/v1323	SES127	1.50334	17.8087	16.3053
spk_ver/v13/v1324	SES270	-6.06592	7.95952	14.0254
spk_ver/v13/v1325	SES062	1.34803	17.5982	16.2502
spk_ver/v13/v1326	SES270	0.0918732	13.7229	13.631
spk_ver/v13/v1327	SES120	0.901053	13.3895	12.4885
spk_ver/v13/v1328	SES270	-5.45832	8.2306	13.6889
spk_ver/v13/v1329	SES270	-5.62471	11.0473	16.672
spk_ver/v13/v1330	SES270	-0.414449	13.3073	13.7218
spk_ver/v13/v1331	SES270	-5.24237	11.5963	16.8387
spk_ver/v13/v1332	SES270	-0.965899	15.1082	16.0741
spk_ver/v13/v1333	SES270	-3.4957	10.9293	14.425
spk_ver/v13/v1334	SES270	-4.96116	10.6662	15.6274
spk_ver/v13/v1335	SES270	-0.630611	14.5981	15.2287
spk_ver/v13/v1336	SES270	-2.15294	12.2645	14.4174
spk_ver/v13/v1337	SES016	1.72751	17.266	15.5385
spk_ver/v13/v1338	SES270	-6.42142	10.1921	16.6135
spk_ver/v13/v1339	SES002	1.05773	16.8584	15.8007
spk_ver/v13/v1340	SES105	2.80118	16.0726	13.2714
spk_ver/v13/v1341	SES275	-3.12237	11.5878	14.7102
spk_ver/v13/v1342	SES187	1.33458	15.7616	14.4271
spk_ver/v13/v1343	SES275	-2.49577	11.7803	14.2761
spk_ver/v13/v1344	SES275	-4.9063	8.72075	13.6271
spk_ver/v13/v1345	SES275	-3.09395	10.9088	14.0028
spk_ver/v13/v1346	SES275	-5.84422	8.95063	14.7948
spk_ver/v13/v1347	SES275	-3.86289	10.1427	14.0055
spk_ver/v13/v1348	SES180	1.48079	16.7387	15.2579
spk_ver/v13/v1349	SES275	-2.88337	10.1873	13.0707
spk_ver/v13/v1350	SES275	-1.81344	14.2302	16.0437
spk_ver/v13/v1351	SES275	-4.20448	6.50811	10.7126
spk_ver/v13/v1352	SES275	-2.79977	12.9731	15.7728
spk_ver/v13/v1353	SES275	-3.07503	8.54508	11.6201
spk_ver/v13/v1354	SES189	1.35756	13.3864	12.0288
spk_ver/v13/v1355	SES068	0.897152	17.5393	16.6422
spk_ver/v13/v1356	SES275	-3.42147	9.09203	12.5135
spk_ver/v13/v1357	SES048	0.488116	15.522	15.0338
spk_ver/v13/v1358	SES226	2.78037	19.5593	16.779
spk_ver/v13/v1359	SES016	1.85591	17.8153	15.9594
spk_ver/v13/v1360	SES275	-2.88368	11.0595	13.9432
spk_ver/v13/v1361	SES068	1.16493	17.6302	16.4652
spk_ver/v13/v1362	SES275	-4.22605	10.1871	14.4131
spk_ver/v13/v1363	SES275	-3.73385	10.5934	14.3272
spk_ver/v13/v1364	SES275	-3.7692	10.1438	13.913
spk_ver/v13/v1365	SES275	-1.52632	14.3369	15.8632
spk_ver/v13/v1366	SES187	1.13878	16.6361	15.4973
spk_ver/v13/v1367	SES275	-4.21178	8.99025	13.202
spk_ver/v13/v1368	SES125	1.73271	16.2782	14.5455
spk_ver/v13/v1369	SES275	-3.05193	8.515	11.5669
spk_ver/v13/v1370	SES292	-3.16932	11.413	14.5823
spk_ver/v13/v1371	SES292	-1.95235	13.0128	14.9652
spk_ver/v13/v1372	SES292	-2.17716	10.817	12.9942
spk_ver/v13/v1373	SES292	-2.74075	11.8984	14.6391
spk_ver/v13/v1374	SES101	1.67137	15.8512	14.1798
spk_ver/v13/v1375	SES292	-2.3981	12.5666	14.9647
spk_ver/v13/v1376	SES292	-2.2012	13.1232	15.3244
spk_ver/v13/v1377	SES292	-4.032	8.43075	12.4628
spk_ver/v13/v1378	SES292	-1.6936	13.5225	15.2161
spk_ver/v13/v1379	SES292	-2.18653	11.9171	14.1036
spk_ver/v13/v1380	SES292	-2.31524	12.9467	15.262
spk_ver/v13/v1381	SES292	-1.49524	16.4838	17.979
spk_ver/v13/v1382	SES292	-2.00283	11.9996	14.0024
spk_ver/v13/v1383	SES292	-2.36117	11.6373	13.9985
spk_ver/v13/v1384	SES292	-1.65895	12.8546	14.5136
spk_ver/v13/v1385	SES292	-1.61621	13.4705	15.0867
spk_ver/v13/v1386	SES292	-2.03098	12.2352	14.2661
spk_ver/v13/v1387	SES158	2.28479	13.693	11.4082
spk_ver/v13/v1388	SES292	-0.815365	16.1428	16.9581
spk_ver/v13/v1389	SES292	-0.769794	17.0252	17.795
spk_ver/v13/v1390	SES292	-0.248702	15.361	15.6097
spk_ver/v13/v1391	SES292	-2.5756	12.7526	15.3282
spk_ver/v13/v1392	SES292	-3.51357	11.0326	14.5462
spk_ver/v13/v1393	SES292	-2.32922	12.9481	15.2773
spk_ver/v13/v1394	SES292	-2.25468	13.2695	15.5242
spk_ver/v13/v1395	SES292	-2.17997	12.722	14.9019
spk_ver/v13/v1396	SES117	1.31557	13.7456	12.43
spk_ver/v13/v1397	SES292	-3.77138	11.6306	15.402
spk_ver/v13/v1398	SES292	-2.8441	10.4119	13.256
spk_ver/v13/v1399	SES292	-1.04088	14.3543	15.3952
