BLOCK00/SES002/SA002S12	SES002	1.51177	16.6763	15.1645
BLOCK00/SES002/SA002S13	SES002	2.44572	16.9739	14.5282
BLOCK00/SES002/SA002S23	SES002	1.36059	16.6395	15.279
BLOCK00/SES002/SA002S26	SES002	1.79336	17.8473	16.0539
BLOCK00/SES002/SA002S28	SES002	1.11113	15.4377	14.3265
BLOCK00/SES007/SA007S14	SES007	2.41424	18.3234	15.9091
BLOCK00/SES007/SA007S15	SES007	1.2106	16.0944	14.8838
BLOCK00/SES007/SA007S24	SES007	1.69781	16.2181	14.5202
BLOCK00/SES007/SA007S27	SES007	1.28483	15.6029	14.3181
BLOCK00/SES007/SA007S29	SES007	1.14185	16.4814	15.3395
BLOCK00/SES008/SA008S11	SES008	1.9176	16.6875	14.7699
BLOCK00/SES008/SA008S12	SES008	0.383615	15.2297	14.8461
BLOCK00/SES008/SA008S19	SES008	2.28343	18.2441	15.9606
BLOCK00/SES008/SA008S22	SES008	0.944099	15.1432	14.1991
BLOCK00/SES008/SA008S29	SES008	2.06564	17.6266	15.5609
BLOCK01/SES014/SA014S10	SES014	2.43378	17.5862	15.1524
BLOCK01/SES014/SA014S12	SES014	3.08833	20.0863	16.9979
BLOCK01/SES014/SA014S24	SES014	1.73719	17.9615	16.2243
BLOCK01/SES014/SA014S26	SES014	2.22406	20.5552	18.3311
BLOCK01/SES014/SA014S28	SES014	4.25381	21.3619	17.1081
BLOCK01/SES016/SA016S12	SES016	1.9368	15.0359	13.0991
BLOCK01/SES016/SA016S13	SES016	2.36337	17.156	14.7927
BLOCK01/SES016/SA016S22	SES016	1.96123	16.7982	14.837
BLOCK01/SES016/SA016S25	SES016	2.45819	18.9362	16.478
BLOCK01/SES016/SA016S27	SES016	2.27535	19.1072	16.8319
BLOCK01/SES019/SA019S13	SES019	3.14891	15.9172	12.7682
BLOCK01/SES019/SA019S14	SES019	2.72136	16.3756	13.6542
BLOCK01/SES019/SA019S22	SES019	3.13919	16.1866	13.0474
BLOCK01/SES019/SA019S25	SES019	3.31275	16.8422	13.5294
BLOCK01/SES019/SA019S29	SES019	3.77281	16.834	13.0612
BLOCK02/SES029/SA029S11	SES029	2.08253	16.7993	14.7167
BLOCK02/SES029/SA029S12	SES029	0.901343	16.865	15.9636
BLOCK02/SES029/SA029S20	SES029	1.84664	16.4542	14.6076
BLOCK02/SES029/SA029S25	SES029	1.72966	17.5423	15.8126
BLOCK02/SES029/SA029S28	SES029	0.629788	16.1674	15.5376
BLOCK04/SES042/SA042S12	SES042	2.46062	17.7135	15.2528
BLOCK04/SES042/SA042S15	SES042	2.4139	17.9715	15.5576
BLOCK04/SES042/SA042S22	SES042	3.5259	20.6889	17.163
BLOCK04/SES042/SA042S25	SES042	1.90303	16.4388	14.5358
BLOCK04/SES042/SA042S27	SES042	1.98875	18.135	16.1463
BLOCK04/SES048/SA048S11	SES048	2.13204	17.5715	15.4395
BLOCK04/SES048/SA048S12	SES048	1.05114	17.1559	16.1047
BLOCK04/SES048/SA048S20	SES048	1.02799	17.1494	16.1214
BLOCK04/SES048/SA048S23	SES048	1.94245	16.1075	14.165
BLOCK04/SES048/SA048S27	SES048	1.2519	18.2307	16.9788
BLOCK06/SES060/SA060S11	SES060	1.88274	17.6561	15.7734
BLOCK06/SES060/SA060S12	SES060	0.380306	15.1035	14.7232
BLOCK06/SES060/SA060S22	SES060	0.0017786	13.8504	13.8487
BLOCK06/SES060/SA060S24	SES060	1.67044	17.3606	15.6902
BLOCK06/SES060/SA060S28	SES060	1.90402	19.7599	17.8559
BLOCK06/SES062/SA062S10	SES062	1.18328	17.2122	16.029
BLOCK06/SES062/SA062S11	SES062	2.24042	17.5034	15.263
BLOCK06/SES062/SA062S21	SES062	2.70549	20.3024	17.5969
BLOCK06/SES062/SA062S26	SES062	1.8215	18.4443	16.6228
BLOCK06/SES062/SA062S29	SES062	2.25618	19.4897	17.2335
BLOCK06/SES068/SA068S14	SES068	0.662849	16.7579	16.0951
BLOCK06/SES068/SA068S15	SES068	1.9342	18.7739	16.8397
BLOCK06/SES068/SA068S23	SES068	0.758626	15.9171	15.1585
BLOCK06/SES068/SA068S27	SES068	2.56279	19.2838	16.721
BLOCK06/SES068/SA068S29	SES068	1.07227	16.8798	15.8075
BLOCK08/SES082/SA082S12	SES082	0.485725	14.6804	14.1946
BLOCK08/SES082/SA082S14	SES082	0.716375	14.7721	14.0558
BLOCK08/SES082/SA082S21	SES082	0.228408	14.8961	14.6677
BLOCK08/SES082/SA082S24	SES082	0.747629	16.99	16.2423
BLOCK08/SES082/SA082S28	SES082	0.857272	15.4455	14.5883
BLOCK08/SES083/SA083S14	SES083	0.451266	15.7139	15.2627
BLOCK08/SES083/SA083S15	SES083	0.924845	17.2244	16.2996
BLOCK08/SES083/SA083S24	SES083	0.885209	16.4467	15.5615
BLOCK08/SES083/SA083S26	SES083	1.00492	16.2206	15.2157
BLOCK08/SES083/SA083S29	SES083	0.698675	17.0195	16.3208
BLOCK08/SES085/SA085S10	SES085	0.625581	16.5809	15.9554
BLOCK08/SES085/SA085S13	SES085	0.361727	15.5264	15.1646
BLOCK08/SES085/SA085S22	SES085	0.796595	17.6849	16.8883
BLOCK08/SES085/SA085S26	SES085	1.35538	17.4773	16.1219
BLOCK08/SES085/SA085S28	SES085	1.74559	17.3432	15.5976
BLOCK08/SES087/SA087S15	SES087	1.72808	16.6169	14.8888
BLOCK08/SES087/SA087S16	SES087	1.59268	16.2358	14.6431
BLOCK08/SES087/SA087S24	SES087	2.25132	17.3139	15.0625
BLOCK08/SES087/SA087S26	SES087	1.06313	17.3755	16.3124
BLOCK08/SES087/SA087S29	SES087	2.16131	16.6954	14.5341
BLOCK09/SES099/SA099S15	SES099	2.29024	16.3452	14.055
BLOCK09/SES099/SA099S16	SES099	1.97933	16.2587	14.2794
BLOCK09/SES099/SA099S24	SES099	2.23306	16.7887	14.5556
BLOCK09/SES099/SA099S26	SES099	2.18252	16.6896	14.5071
BLOCK09/SES099/SA099S29	SES099	2.54178	17.415	14.8732
BLOCK10/SES101/SA101S11	SES101	0.606627	15.9221	15.3154
BLOCK10/SES101/SA101S13	SES101	2.43885	18.221	15.7821
BLOCK10/SES101/SA101S22	SES101	1.80059	16.4705	14.6699
BLOCK10/SES101/SA101S24	SES101	1.25653	16.133	14.8765
BLOCK10/SES101/SA101S28	SES101	1.01731	15.3334	14.3161
BLOCK10/SES104/SA104S11	SES104	2.71636	19.438	16.7216
BLOCK10/SES104/SA104S12	SES104	2.33794	17.3975	15.0596
BLOCK10/SES104/SA104S21	SES104	2.04863	16.8539	14.8053
BLOCK10/SES104/SA104S24	SES104	0.897282	16.129	15.2317
BLOCK10/SES104/SA104S28	SES104	1.97768	17.7147	15.737
BLOCK10/SES105/SA105S12	SES105	1.57795	15.0457	13.4677
BLOCK10/SES105/SA105S13	SES105	1.53685	15.457	13.9201
BLOCK10/SES105/SA105S22	SES105	0.737464	13.8896	13.1522
BLOCK10/SES105/SA105S26	SES105	1.98588	15.379	13.3932
BLOCK10/SES105/SA105S29	SES105	2.29832	16.6198	14.3215
BLOCK10/SES106/SA106S09	SES106	1.40104	14.75	13.3489
BLOCK10/SES106/SA106S11	SES106	2.24413	17.0786	14.8344
BLOCK10/SES106/SA106S22	SES106	3.99212	17.5527	13.5606
BLOCK10/SES106/SA106S27	SES106	2.16917	16.1827	14.0135
BLOCK10/SES106/SA106S29	SES106	1.2014	15.3467	14.1453
BLOCK11/SES117/SA117S12	SES117	1.19658	15.8265	14.6299
BLOCK11/SES117/SA117S13	SES117	0.736329	16.1666	15.4303
BLOCK11/SES117/SA117S23	SES117	2.14463	15.111	12.9664
BLOCK11/SES117/SA117S25	SES117	1.51062	14.9601	13.4494
BLOCK11/SES117/SA117S28	SES117	1.3884	14.6067	13.2183
BLOCK12/SES120/SA120S08	SES120	1.16335	13.6991	12.5357
BLOCK12/SES120/SA120S11	SES120	0.838014	12.3275	11.4895
BLOCK12/SES120/SA120S22	SES120	0.585654	15.639	15.0533
BLOCK12/SES120/SA120S24	SES120	1.36067	14.8981	13.5374
BLOCK12/SES120/SA120S28	SES120	0.0750809	12.1025	12.0274
BLOCK12/SES125/SA125S13	SES125	2.3917	17.0022	14.6105
BLOCK12/SES125/SA125S14	SES125	1.26007	15.7284	14.4684
BLOCK12/SES125/SA125S25	SES125	2.26045	17.6153	15.3549
BLOCK12/SES125/SA125S27	SES125	2.38788	18.5028	16.1149
BLOCK12/SES125/SA125S29	SES125	2.69974	17.2437	14.5439
BLOCK12/SES127/SA127S11	SES127	1.46762	16.0203	14.5527
BLOCK12/SES127/SA127S12	SES127	0.378554	16.2715	15.8929
BLOCK12/SES127/SA127S23	SES127	1.0333	16.4311	15.3978
BLOCK12/SES127/SA127S25	SES127	0.276814	14.8212	14.5444
BLOCK12/SES127/SA127S27	SES127	1.57002	16.9544	15.3844
BLOCK12/SES129/SA129S11	SES129	2.09157	18.0478	15.9562
BLOCK12/SES129/SA129S12	SES129	1.84508	17.751	15.906
BLOCK12/SES129/SA129S22	SES129	1.30123	16.2905	14.9893
BLOCK12/SES129/SA129S27	SES129	2.26434	17.5427	15.2784
BLOCK12/SES129/SA129S29	SES129	1.80042	17.5718	15.7713
BLOCK14/SES142/SA142S11	SES142	3.13128	16.3561	13.2248
BLOCK14/SES142/SA142S12	SES142	1.55677	15.333	13.7763
BLOCK14/SES142/SA142S24	SES142	2.07426	16.3094	14.2352
BLOCK14/SES142/SA142S27	SES142	2.30496	16.8318	14.5269
BLOCK14/SES142/SA142S29	SES142	2.83126	16.1186	13.2873
BLOCK14/SES143/SA143S12	SES143	1.4864	15.5726	14.0862
BLOCK14/SES143/SA143S13	SES143	1.42497	15.2929	13.8679
BLOCK14/SES143/SA143S23	SES143	1.5405	15.3706	13.8301
BLOCK14/SES143/SA143S25	SES143	1.38313	15.9838	14.6007
BLOCK14/SES143/SA143S28	SES143	1.50841	15.6583	14.1499
BLOCK14/SES144/SA144S09	SES144	1.39082	16.5417	15.1509
BLOCK14/SES144/SA144S11	SES144	1.77059	16.009	14.2384
BLOCK14/SES144/SA144S21	SES144	0.618025	15.2699	14.6519
BLOCK14/SES144/SA144S25	SES144	0.348279	14.3526	14.0043
BLOCK14/SES144/SA144S29	SES144	0.300795	15.9248	15.624
BLOCK14/SES146/SA146S14	SES146	1.1757	14.8783	13.7026
BLOCK14/SES146/SA146S15	SES146	1.15881	14.9373	13.7784
BLOCK14/SES146/SA146S24	SES146	1.42899	15.4298	14.0008
BLOCK14/SES146/SA146S26	SES146	1.84652	15.5582	13.7117
BLOCK14/SES146/SA146S29	SES146	0.70104	14.1089	13.4079
BLOCK14/SES147/SA147S11	SES147	2.11996	15.5921	13.4721
BLOCK14/SES147/SA147S13	SES147	2.3896	16.5639	14.1743
BLOCK14/SES147/SA147S23	SES147	0.766346	15.2763	14.5099
BLOCK14/SES147/SA147S26	SES147	1.59922	15.5654	13.9662
BLOCK14/SES147/SA147S28	SES147	1.75731	15.8749	14.1176
BLOCK14/SES148/SA148S10	SES148	1.63116	15.5627	13.9316
BLOCK14/SES148/SA148S12	SES148	1.24123	14.5392	13.298
BLOCK14/SES148/SA148S22	SES148	2.09295	17.174	15.0811
BLOCK14/SES148/SA148S26	SES148	0.926891	15.9454	15.0185
BLOCK14/SES148/SA148S29	SES148	0.673667	15.2305	14.5568
BLOCK14/SES149/SA149S13	SES149	0.139155	15.4741	15.335
BLOCK14/SES149/SA149S14	SES149	0.897766	16.8744	15.9766
BLOCK14/SES149/SA149S24	SES149	1.54597	17.3593	15.8133
BLOCK14/SES149/SA149S26	SES149	2.30703	18.6143	16.3073
BLOCK14/SES149/SA149S28	SES149	2.73123	19.8672	17.1359
BLOCK15/SES158/SA158S13	SES158	1.91488	15.2425	13.3277
BLOCK15/SES158/SA158S14	SES158	3.06856	16.0415	12.973
BLOCK15/SES158/SA158S23	SES158	1.73938	15.6992	13.9598
BLOCK15/SES158/SA158S26	SES158	2.79387	15.3962	12.6024
BLOCK15/SES158/SA158S28	SES158	1.61567	15.0246	13.4089
BLOCK16/SES162/SA162S10	SES162	1.05051	13.987	12.9365
BLOCK16/SES162/SA162S11	SES162	1.23977	16.2308	14.9911
BLOCK16/SES162/SA162S21	SES162	2.17796	16.7522	14.5742
BLOCK16/SES162/SA162S24	SES162	1.7068	16.001	14.2942
BLOCK16/SES162/SA162S27	SES162	1.71431	15.4696	13.7553
BLOCK16/SES167/SA167S14	SES167	1.19765	17.6387	16.441
BLOCK16/SES167/SA167S15	SES167	1.43473	16.4396	15.0049
BLOCK16/SES167/SA167S21	SES167	2.26935	17.4212	15.1519
BLOCK16/SES167/SA167S25	SES167	2.52281	16.7533	14.2305
BLOCK16/SES167/SA167S29	SES167	2.7906	18.6342	15.8436
BLOCK17/SES172/SA172S12	SES172	2.10836	17.0729	14.9645
BLOCK17/SES172/SA172S13	SES172	2.02593	16.3412	14.3153
BLOCK17/SES172/SA172S23	SES172	2.04164	17.8698	15.8282
BLOCK17/SES172/SA172S27	SES172	2.10477	16.961	14.8562
BLOCK17/SES172/SA172S29	SES172	2.88648	17.5565	14.6701
BLOCK17/SES175/SA175S11	SES175	1.20769	16.248	15.0403
BLOCK17/SES175/SA175S13	SES175	1.60335	16.4349	14.8316
BLOCK17/SES175/SA175S23	SES175	1.82612	16.536	14.7099
BLOCK17/SES175/SA175S25	SES175	0.838308	14.1493	13.311
BLOCK17/SES175/SA175S28	SES175	1.33633	16.9835	15.6472
BLOCK17/SES177/SA177S15	SES177	1.03155	16.2474	15.2159
BLOCK17/SES177/SA177S17	SES177	0.533321	15.9144	15.3811
BLOCK17/SES177/SA177S23	SES177	0.261426	14.9045	14.643
BLOCK17/SES177/SA177S26	SES177	1.28957	17.9185	16.6289
BLOCK17/SES177/SA177S28	SES177	0.934721	16.567	15.6323
BLOCK18/SES180/SA180S13	SES180	0.550599	15.4424	14.8918
BLOCK18/SES180/SA180S15	SES180	1.25331	15.947	14.6937
BLOCK18/SES180/SA180S24	SES180	1.23872	17.3874	16.1487
BLOCK18/SES180/SA180S26	SES180	1.1429	16.7882	15.6453
BLOCK18/SES180/SA180S29	SES180	1.60746	16.3619	14.7544
BLOCK18/SES183/SA183S13	SES183	1.77918	15.1159	13.3367
BLOCK18/SES183/SA183S14	SES183	0.455864	14.2527	13.7968
BLOCK18/SES183/SA183S24	SES183	1.96761	14.4046	12.437
BLOCK18/SES183/SA183S27	SES183	1.22258	14.7781	13.5555
BLOCK18/SES183/SA183S29	SES183	1.03543	15.7908	14.7554
BLOCK18/SES187/SA187S13	SES187	1.22375	16.1543	14.9305
BLOCK18/SES187/SA187S14	SES187	1.03338	15.3832	14.3498
BLOCK18/SES187/SA187S24	SES187	2.14626	15.4048	13.2586
BLOCK18/SES187/SA187S27	SES187	1.94714	16.0419	14.0947
BLOCK18/SES187/SA187S29	SES187	1.54276	16.5469	15.0042
BLOCK18/SES189/SA189S10	SES189	2.98279	15.2383	12.2555
BLOCK18/SES189/SA189S13	SES189	3.41443	14.9012	11.4868
BLOCK18/SES189/SA189S24	SES189	3.65521	14.9884	11.3332
BLOCK18/SES189/SA189S26	SES189	2.53778	15.8519	13.3141
BLOCK18/SES189/SA189S29	SES189	3.24811	15.9824	12.7343
BLOCK20/SES202/SA202S12	SES202	1.28828	13.0233	11.735
BLOCK20/SES202/SA202S14	SES202	2.87008	15.8608	12.9907
BLOCK20/SES202/SA202S24	SES202	1.60815	15.445	13.8368
BLOCK20/SES202/SA202S27	SES202	2.15179	17.517	15.3652
BLOCK20/SES202/SA202S29	SES202	2.55045	17.1063	14.5559
BLOCK20/SES206/SA206S15	SES206	0.0874863	15.9867	15.8992
BLOCK20/SES206/SA206S17	SES206	2.02683	18.2972	16.2703
BLOCK20/SES206/SA206S24	SES206	2.7996	18.6094	15.8098
BLOCK20/SES206/SA206S27	SES206	2.3929	17.3006	14.9077
BLOCK20/SES206/SA206S29	SES206	1.92779	18.5639	16.6361
BLOCK22/SES226/SA226S12	SES226	1.58019	16.2672	14.687
BLOCK22/SES226/SA226S13	SES226	-0.417337	13.733	14.1503
BLOCK22/SES226/SA226S20	SES226	1.21909	15.7382	14.5192
BLOCK22/SES226/SA226S23	SES226	1.84653	16.7264	14.8798
BLOCK22/SES226/SA226S28	SES226	2.01698	16.9867	14.9697
BLOCK25/SES259/SA259S13	SES259	4.44021	18.6498	14.2096
BLOCK25/SES259/SA259S14	SES259	2.43973	17.0353	14.5956
BLOCK25/SES259/SA259S22	SES259	2.12452	16.7662	14.6417
BLOCK25/SES259/SA259S24	SES259	2.64398	18.7582	16.1142
BLOCK25/SES259/SA259S28	SES259	2.52343	17.5241	15.0007
BLOCK27/SES270/SA270S14	SES270	2.5422	15.2652	12.723
BLOCK27/SES270/SA270S16	SES270	1.37585	15.3841	14.0082
BLOCK27/SES270/SA270S22	SES270	2.82965	16.1533	13.3236
BLOCK27/SES270/SA270S26	SES270	1.52713	14.0652	12.538
BLOCK27/SES270/SA270S28	SES270	2.02742	16.1396	14.1122
BLOCK27/SES275/SA275S17	SES275	1.46871	16.2386	14.7699
BLOCK27/SES275/SA275S18	SES275	1.1096	16.0309	14.9213
BLOCK27/SES275/SA275S24	SES275	1.00675	14.7189	13.7122
BLOCK27/SES275/SA275S26	SES275	1.4874	16.1041	14.6167
BLOCK27/SES275/SA275S28	SES275	0.778831	15.6833	14.9045
BLOCK29/SES292/SA292S10	SES292	0.887051	15.6621	14.775
BLOCK29/SES292/SA292S12	SES292	0.679474	15.6623	14.9828
BLOCK29/SES292/SA292S22	SES292	0.656695	16.4671	15.8104
BLOCK29/SES292/SA292S24	SES292	0.672979	15.913	15.24
BLOCK29/SES292/SA292S27	SES292	0.69793	16.3758	15.6778
BLOCK00/SES001/SA001S14	SES062	-3.20415	10.2764	13.4806
BLOCK00/SES001/SA001S14	SES082	-3.31876	10.1618	13.4806
BLOCK00/SES001/SA001S14	SES106	-3.16822	10.3123	13.4806
BLOCK00/SES001/SA001S14	SES206	-2.53464	10.9459	13.4806
BLOCK00/SES001/SA001S15	SES062	-3.3779	11.8424	15.2203
BLOCK00/SES001/SA001S15	SES104	-4.17521	11.0451	15.2203
BLOCK00/SES001/SA001S15	SES106	-2.8876	12.3327	15.2203
BLOCK00/SES001/SA001S15	SES206	-2.61697	12.6034	15.2203
BLOCK00/SES001/SA001S24	SES062	-3.86052	9.49996	13.3605
BLOCK00/SES001/SA001S24	SES082	-3.31705	10.0434	13.3605
BLOCK00/SES001/SA001S24	SES087	-2.71302	10.6475	13.3605
BLOCK00/SES001/SA001S24	SES206	-2.48728	10.8732	13.3605
BLOCK00/SES001/SA001S27	SES062	-2.60916	12.7293	15.3384
BLOCK00/SES001/SA001S27	SES082	-2.35497	12.9834	15.3384
BLOCK00/SES001/SA001S27	SES087	-2.37492	12.9635	15.3384
BLOCK00/SES001/SA001S27	SES206	-2.41286	12.9256	15.3384
BLOCK00/SES001/SA001S29	SES062	-4.25528	9.55517	13.8105
BLOCK00/SES001/SA001S29	SES082	-2.14831	11.6621	13.8105
BLOCK00/SES001/SA001S29	SES158	-2.12861	11.6818	13.8105
BLOCK00/SES001/SA001S29	SES206	-3.42566	10.3848	13.8105
BLOCK00/SES003/SA003S11	SES002	-1.5555	13.3737	14.9292
BLOCK00/SES003/SA003S11	SES019	-2.22027	12.7089	14.9292
BLOCK00/SES003/SA003S11	SES082	-1.45189	13.4773	14.9292
BLOCK00/SES003/SA003S11	SES125	-2.50628	12.4229	14.9292
BLOCK00/SES003/SA003S15	SES016	-2.7635	13.0311	15.7946
BLOCK00/SES003/SA003S15	SES019	-2.53417	13.2604	15.7946
BLOCK00/SES003/SA003S15	SES062	-1.79814	13.9964	15.7946
BLOCK00/SES003/SA003S15	SES206	-2.27405	13.5205	15.7946
BLOCK00/SES003/SA003S22	SES002	-3.35917	12.0506	15.4098
BLOCK00/SES003/SA003S22	SES062	-2.35106	13.0587	15.4098
BLOCK00/SES003/SA003S22	SES082	-3.10679	12.303	15.4098
BLOCK00/SES003/SA003S22	SES087	-2.61714	12.7926	15.4098
BLOCK00/SES003/SA003S25	SES062	-3.62304	10.8204	14.4434
BLOCK00/SES003/SA003S25	SES082	-1.71854	12.7249	14.4434
BLOCK00/SES003/SA003S25	SES087	-2.0171	12.4263	14.4434
BLOCK00/SES003/SA003S25	SES206	-2.37885	12.0646	14.4434
BLOCK00/SES003/SA003S29	SES002	-2.21339	12.1867	14.4001
BLOCK00/SES003/SA003S29	SES062	-4.01821	10.3819	14.4001
BLOCK00/SES003/SA003S29	SES082	-1.98882	12.4113	14.4001
BLOCK00/SES003/SA003S29	SES087	-2.78947	11.6107	14.4001
BLOCK00/SES004/SA004S12	SES083	-2.18098	11.5837	13.7647
BLOCK00/SES004/SA004S12	SES148	-2.21874	11.546	13.7647
BLOCK00/SES004/SA004S12	SES172	-1.06076	12.704	13.7647
BLOCK00/SES004/SA004S12	SES292	-1.63324	12.1315	13.7647
BLOCK00/SES004/SA004S17	SES083	-2.46438	11.4301	13.8945
BLOCK00/SES004/SA004S17	SES162	-1.59326	12.3012	13.8945
BLOCK00/SES004/SA004S17	SES172	-1.51038	12.3841	13.8945
BLOCK00/SES004/SA004S17	SES292	-1.98484	11.9096	13.8945
BLOCK00/SES004/SA004S24	SES083	-2.33084	11.6051	13.9359
BLOCK00/SES004/SA004S24	SES148	-2.31841	11.6175	13.9359
BLOCK00/SES004/SA004S24	SES172	-0.764481	13.1714	13.9359
BLOCK00/SES004/SA004S24	SES292	-1.10278	12.8331	13.9359
BLOCK00/SES004/SA004S26	SES083	-2.08261	11.7149	13.7975
BLOCK00/SES004/SA004S26	SES127	-2.16528	11.6322	13.7975
BLOCK00/SES004/SA004S26	SES148	-3.62539	10.1721	13.7975
BLOCK00/SES004/SA004S26	SES292	-2.29427	11.5032	13.7975
BLOCK00/SES004/SA004S28	SES083	-1.13527	13.9503	15.0856
BLOCK00/SES004/SA004S28	SES127	-0.627293	14.4583	15.0856
BLOCK00/SES004/SA004S28	SES187	-0.493846	14.5918	15.0856
BLOCK00/SES004/SA004S28	SES292	-1.45436	13.6312	15.0856
BLOCK00/SES006/SA006S10	SES014	-4.79226	6.82489	11.6172
BLOCK00/SES006/SA006S10	SES158	-3.44851	8.16865	11.6172
BLOCK00/SES006/SA006S10	SES226	-5.67496	5.94219	11.6172
BLOCK00/SES006/SA006S10	SES270	-1.70864	9.90852	11.6172
BLOCK00/SES006/SA006S11	SES158	-3.25072	8.89827	12.149
BLOCK00/SES006/SA006S11	SES226	-4.489	7.65999	12.149
BLOCK00/SES006/SA006S11	SES270	-2.52663	9.62237	12.149
BLOCK00/SES006/SA006S11	SES275	-3.83624	8.31276	12.149
BLOCK00/SES006/SA006S23	SES062	-3.98018	10.0175	13.9977
BLOCK00/SES006/SA006S23	SES105	-4.09763	9.90006	13.9977
BLOCK00/SES006/SA006S23	SES158	-2.79689	11.2008	13.9977
BLOCK00/SES006/SA006S23	SES275	-3.1891	10.8086	13.9977
BLOCK00/SES006/SA006S26	SES104	-5.6768	7.84932	13.5261
BLOCK00/SES006/SA006S26	SES158	-2.86911	10.657	13.5261
BLOCK00/SES006/SA006S26	SES270	-1.65317	11.873	13.5261
BLOCK00/SES006/SA006S26	SES275	-3.94703	9.5791	13.5261
BLOCK00/SES006/SA006S28	SES007	-3.97861	7.99096	11.9696
BLOCK00/SES006/SA006S28	SES105	-4.10495	7.86462	11.9696
BLOCK00/SES006/SA006S28	SES158	-2.20586	9.76371	11.9696
BLOCK00/SES006/SA006S28	SES275	-3.73846	8.23111	11.9696
BLOCK00/SES009/SA009S12	SES083	-3.54248	11.9974	15.5399
BLOCK00/SES009/SA009S12	SES148	-2.90181	12.6381	15.5399
BLOCK00/SES009/SA009S12	SES177	-1.32504	14.2148	15.5399
BLOCK00/SES009/SA009S12	SES292	-2.36171	13.1782	15.5399
BLOCK00/SES009/SA009S15	SES007	-0.137993	15.7925	15.9305
BLOCK00/SES009/SA009S15	SES099	-4.18731	11.7432	15.9305
BLOCK00/SES009/SA009S15	SES148	-2.44487	13.4856	15.9305
BLOCK00/SES009/SA009S15	SES172	-1.58429	14.3462	15.9305
BLOCK00/SES009/SA009S24	SES146	-1.25188	14.7995	16.0514
BLOCK00/SES009/SA009S24	SES148	-2.86317	13.1882	16.0514
BLOCK00/SES009/SA009S24	SES177	-0.647482	15.4039	16.0514
BLOCK00/SES009/SA009S24	SES292	-1.76369	14.2877	16.0514
BLOCK00/SES009/SA009S26	SES083	-3.1315	12.1274	15.2589
BLOCK00/SES009/SA009S26	SES101	-3.02845	12.2305	15.2589
BLOCK00/SES009/SA009S26	SES120	-2.09554	13.1634	15.2589
BLOCK00/SES009/SA009S26	SES177	-1.26587	13.993	15.2589
BLOCK00/SES009/SA009S29	SES083	-2.44034	13.54	15.9804
BLOCK00/SES009/SA009S29	SES101	-2.32164	13.6587	15.9804
BLOCK00/SES009/SA009S29	SES177	-1.15806	14.8223	15.9804
BLOCK00/SES009/SA009S29	SES292	-1.43157	14.5488	15.9804
BLOCK01/SES011/SA011S10	SES019	-2.30585	12.8075	15.1134
BLOCK01/SES011/SA011S10	SES042	-0.877135	14.2362	15.1134
BLOCK01/SES011/SA011S10	SES082	-2.90591	12.2074	15.1134
BLOCK01/SES011/SA011S10	SES206	-2.243	12.8704	15.1134
BLOCK01/SES011/SA011S11	SES019	-2.79721	11.4664	14.2636
BLOCK01/SES011/SA011S11	SES042	-2.0732	12.1904	14.2636
BLOCK01/SES011/SA011S11	SES082	-3.31781	10.9458	14.2636
BLOCK01/SES011/SA011S11	SES206	-3.40953	10.854	14.2636
BLOCK01/SES011/SA011S22	SES019	-1.52158	12.5469	14.0685
BLOCK01/SES011/SA011S22	SES042	-0.627047	13.4415	14.0685
BLOCK01/SES011/SA011S22	SES082	-2.51868	11.5498	14.0685
BLOCK01/SES011/SA011S22	SES206	-3.16139	10.9071	14.0685
BLOCK01/SES011/SA011S24	SES019	-2.94074	12.0432	14.984
BLOCK01/SES011/SA011S24	SES042	-0.501524	14.4824	14.984
BLOCK01/SES011/SA011S24	SES104	-2.73956	12.2444	14.984
BLOCK01/SES011/SA011S24	SES206	-2.13555	12.8484	14.984
BLOCK01/SES011/SA011S27	SES082	-0.933259	13.4357	14.369
BLOCK01/SES011/SA011S27	SES087	-2.83987	11.5291	14.369
BLOCK01/SES011/SA011S27	SES125	-1.92096	12.448	14.369
BLOCK01/SES011/SA011S27	SES206	-1.78614	12.5828	14.369
BLOCK01/SES012/SA012S11	SES007	-1.12291	15.5336	16.6566
BLOCK01/SES012/SA012S11	SES082	-2.43714	14.2194	16.6566
BLOCK01/SES012/SA012S11	SES083	-1.92666	14.7299	16.6566
BLOCK01/SES012/SA012S11	SES206	-1.96298	14.6936	16.6566
BLOCK01/SES012/SA012S14	SES082	-0.844623	15.406	16.2506
BLOCK01/SES012/SA012S14	SES087	-2.96296	13.2876	16.2506
BLOCK01/SES012/SA012S14	SES206	-1.71454	14.536	16.2506
BLOCK01/SES012/SA012S14	SES292	-2.03783	14.2127	16.2506
BLOCK01/SES012/SA012S24	SES082	-0.760298	14.4741	15.2344
BLOCK01/SES012/SA012S24	SES087	-2.75875	12.4756	15.2344
BLOCK01/SES012/SA012S24	SES120	-2.61872	12.6157	15.2344
BLOCK01/SES012/SA012S24	SES206	-1.47927	13.7551	15.2344
BLOCK01/SES012/SA012S26	SES019	-4.60352	12.0911	16.6946
BLOCK01/SES012/SA012S26	SES082	-2.58164	14.113	16.6946
BLOCK01/SES012/SA012S26	SES206	-1.14449	15.5502	16.6946
BLOCK01/SES012/SA012S26	SES292	-1.4427	15.2519	16.6946
BLOCK01/SES012/SA012S29	SES062	-1.96324	14.6049	16.5681
BLOCK01/SES012/SA012S29	SES082	-1.35216	15.216	16.5681
BLOCK01/SES012/SA012S29	SES083	-3.3535	13.2146	16.5681
BLOCK01/SES012/SA012S29	SES206	-1.38027	15.1878	16.5681
BLOCK01/SES013/SA013S16	SES062	-3.95239	10.4718	14.4242
BLOCK01/SES013/SA013S16	SES106	-2.56376	11.8604	14.4242
BLOCK01/SES013/SA013S16	SES206	-2.28284	12.1414	14.4242
BLOCK01/SES013/SA013S16	SES226	-1.36132	13.0629	14.4242
BLOCK01/SES013/SA013S17	SES062	-2.97132	13.2877	16.2591
BLOCK01/SES013/SA013S17	SES106	-3.40392	12.8551	16.2591
BLOCK01/SES013/SA013S17	SES206	-0.968822	15.2902	16.2591
BLOCK01/SES013/SA013S17	SES226	-1.35996	14.8991	16.2591
BLOCK01/SES013/SA013S23	SES104	-2.73175	12.34	15.0718
BLOCK01/SES013/SA013S23	SES106	-1.82863	13.2431	15.0718
BLOCK01/SES013/SA013S23	SES206	-1.6373	13.4345	15.0718
BLOCK01/SES013/SA013S23	SES270	-1.46399	13.6078	15.0718
BLOCK01/SES013/SA013S25	SES042	-2.47855	13.7424	16.2209
BLOCK01/SES013/SA013S25	SES104	-1.91729	14.3036	16.2209
BLOCK01/SES013/SA013S25	SES106	-1.57502	14.6459	16.2209
BLOCK01/SES013/SA013S25	SES206	-1.51886	14.7021	16.2209
BLOCK01/SES013/SA013S29	SES062	-4.43313	11.1119	15.5451
BLOCK01/SES013/SA013S29	SES104	-3.72902	11.8161	15.5451
BLOCK01/SES013/SA013S29	SES106	-2.37302	13.1721	15.5451
BLOCK01/SES013/SA013S29	SES206	-2.41251	13.1326	15.5451
BLOCK02/SES021/SA021S13	SES016	-4.06667	12.356	16.4227
BLOCK02/SES021/SA021S13	SES029	-1.99045	14.4323	16.4227
BLOCK02/SES021/SA021S13	SES087	-2.6037	13.819	16.4227
BLOCK02/SES021/SA021S13	SES206	-1.7501	14.6726	16.4227
BLOCK02/SES021/SA021S15	SES087	-1.66706	15.8325	17.4995
BLOCK02/SES021/SA021S15	SES125	-0.881189	16.6183	17.4995
BLOCK02/SES021/SA021S15	SES206	-1.49737	16.0021	17.4995
BLOCK02/SES021/SA021S15	SES226	-2.24305	15.2565	17.4995
BLOCK02/SES021/SA021S23	SES062	-3.28706	11.1606	14.4477
BLOCK02/SES021/SA021S23	SES087	-1.4536	12.9941	14.4477
BLOCK02/SES021/SA021S23	SES206	-2.30598	12.1417	14.4477
BLOCK02/SES021/SA021S23	SES226	-1.89647	12.5512	14.4477
BLOCK02/SES021/SA021S27	SES002	-1.30765	14.9336	16.2412
BLOCK02/SES021/SA021S27	SES016	-5.47262	10.7686	16.2412
BLOCK02/SES021/SA021S27	SES019	-2.2717	13.9695	16.2412
BLOCK02/SES021/SA021S27	SES062	-1.7967	14.4445	16.2412
BLOCK02/SES021/SA021S29	SES087	-1.70764	14.6197	16.3273
BLOCK02/SES021/SA021S29	SES125	-0.421563	15.9058	16.3273
BLOCK02/SES021/SA021S29	SES206	-0.622359	15.705	16.3273
BLOCK02/SES021/SA021S29	SES226	-2.41222	13.9151	16.3273
BLOCK04/SES043/SA043S09	SES083	-1.93187	11.9618	13.8937
BLOCK04/SES043/SA043S09	SES101	-2.24711	11.6466	13.8937
BLOCK04/SES043/SA043S09	SES144	-1.10373	12.79	13.8937
BLOCK04/SES043/SA043S09	SES172	-2.09143	11.8023	13.8937
BLOCK04/SES043/SA043S11	SES083	-1.08218	14.2672	15.3494
BLOCK04/SES043/SA043S11	SES101	-1.50533	13.8441	15.3494
BLOCK04/SES043/SA043S11	SES144	-0.348293	15.0011	15.3494
BLOCK04/SES043/SA043S11	SES172	-1.41088	13.9385	15.3494
BLOCK04/SES043/SA043S23	SES083	-1.4274	13.22	14.6474
BLOCK04/SES043/SA043S23	SES144	-0.384985	14.2624	14.6474
BLOCK04/SES043/SA043S23	SES177	-1.0677	13.5797	14.6474
BLOCK04/SES043/SA043S23	SES275	-1.19275	13.4546	14.6474
BLOCK04/SES043/SA043S26	SES083	-2.22487	11.7918	14.0167
BLOCK04/SES043/SA043S26	SES101	-2.30652	11.7101	14.0167
BLOCK04/SES043/SA043S26	SES144	-0.379797	13.6369	14.0167
BLOCK04/SES043/SA043S26	SES177	-2.07508	11.9416	14.0167
BLOCK04/SES043/SA043S28	SES016	-2.81161	12.84	15.6516
BLOCK04/SES043/SA043S28	SES083	-1.42008	14.2316	15.6516
BLOCK04/SES043/SA043S28	SES101	-1.38809	14.2636	15.6516
BLOCK04/SES043/SA043S28	SES144	-1.32993	14.3217	15.6516
BLOCK04/SES044/SA044S10	SES127	-4.74859	7.10427	11.8529
BLOCK04/SES044/SA044S10	SES144	-0.883833	10.969	11.8529
BLOCK04/SES044/SA044S10	SES147	-3.19634	8.65652	11.8529
BLOCK04/SES044/SA044S10	SES148	-3.28912	8.56374	11.8529
BLOCK04/SES044/SA044S11	SES101	-2.1043	11.1952	13.2995
BLOCK04/SES044/SA044S11	SES144	-0.418542	12.8809	13.2995
BLOCK04/SES044/SA044S11	SES147	-3.02814	10.2713	13.2995
BLOCK04/SES044/SA044S11	SES177	-2.98318	10.3163	13.2995
BLOCK04/SES044/SA044S24	SES007	-3.29221	10.864	14.1562
BLOCK04/SES044/SA044S24	SES101	-2.07884	12.0774	14.1562
BLOCK04/SES044/SA044S24	SES147	-2.87002	11.2862	14.1562
BLOCK04/SES044/SA044S24	SES177	-2.37932	11.7769	14.1562
BLOCK04/SES044/SA044S26	SES007	-2.23778	12.1573	14.3951
BLOCK04/SES044/SA044S26	SES016	-2.12267	12.2724	14.3951
BLOCK04/SES044/SA044S26	SES101	-1.78653	12.6086	14.3951
BLOCK04/SES044/SA044S26	SES147	-1.86307	12.532	14.3951
BLOCK04/SES044/SA044S29	SES007	-2.96849	11.4356	14.4041
BLOCK04/SES044/SA044S29	SES101	-1.12384	13.2802	14.4041
BLOCK04/SES044/SA044S29	SES147	-2.76752	11.6366	14.4041
BLOCK04/SES044/SA044S29	SES177	-3.09115	11.3129	14.4041
BLOCK04/SES046/SA046S13	SES101	-1.60222	11.9616	13.5639
BLOCK04/SES046/SA046S13	SES144	-1.1664	12.3975	13.5639
BLOCK04/SES046/SA046S13	SES147	-2.41089	11.153	13.5639
BLOCK04/SES046/SA046S13	SES177	-2.11467	11.4492	13.5639
BLOCK04/SES046/SA046S15	SES048	-0.598422	14.7432	15.3417
BLOCK04/SES046/SA046S15	SES083	-1.10283	14.2388	15.3417
BLOCK04/SES046/SA046S15	SES120	-3.34286	11.9988	15.3417
BLOCK04/SES046/SA046S15	SES148	-1.69291	13.6487	15.3417
BLOCK04/SES046/SA046S22	SES101	-1.74229	12.2429	13.9852
BLOCK04/SES046/SA046S22	SES144	-1.12241	12.8628	13.9852
BLOCK04/SES046/SA046S22	SES147	-2.63626	11.3489	13.9852
BLOCK04/SES046/SA046S22	SES172	-1.4326	12.5526	13.9852
BLOCK04/SES046/SA046S25	SES083	-2.38471	11.4136	13.7984
BLOCK04/SES046/SA046S25	SES127	-2.19911	11.5992	13.7984
BLOCK04/SES046/SA046S25	SES144	-2.17959	11.6188	13.7984
BLOCK04/SES046/SA046S25	SES148	-2.34247	11.4559	13.7984
BLOCK04/SES046/SA046S28	SES007	-2.62489	11.106	13.7309
BLOCK04/SES046/SA046S28	SES105	-2.44599	11.2849	13.7309
BLOCK04/SES046/SA046S28	SES147	-2.30661	11.4242	13.7309
BLOCK04/SES046/SA046S28	SES148	-1.28273	12.4481	13.7309
BLOCK04/SES049/SA049S16	SES104	-3.2435	10.5612	13.8047
BLOCK04/SES049/SA049S16	SES106	-2.19837	11.6063	13.8047
BLOCK04/SES049/SA049S16	SES120	-2.43625	11.3684	13.8047
BLOCK04/SES049/SA049S16	SES206	-1.53284	12.2719	13.8047
BLOCK04/SES049/SA049S18	SES099	-1.44508	11.8209	13.266
BLOCK04/SES049/SA049S18	SES104	-3.1436	10.1224	13.266
BLOCK04/SES049/SA049S18	SES125	-2.94196	10.324	13.266
BLOCK04/SES049/SA049S18	SES206	-2.08071	11.1853	13.266
BLOCK04/SES049/SA049S25	SES087	-2.04874	12.2772	14.3259
BLOCK04/SES049/SA049S25	SES104	-1.64413	12.6818	14.3259
BLOCK04/SES049/SA049S25	SES125	-1.63756	12.6884	14.3259
BLOCK04/SES049/SA049S25	SES206	-0.433893	13.8921	14.3259
BLOCK04/SES049/SA049S27	SES099	-0.828693	13.11	13.9387
BLOCK04/SES049/SA049S27	SES104	-1.42778	12.5109	13.9387
BLOCK04/SES049/SA049S27	SES125	-1.91562	12.023	13.9387
BLOCK04/SES049/SA049S27	SES206	-1.61726	12.3214	13.9387
BLOCK04/SES049/SA049S29	SES099	-0.654751	14.8026	15.4573
BLOCK04/SES049/SA049S29	SES104	-1.33808	14.1192	15.4573
BLOCK04/SES049/SA049S29	SES125	-1.2399	14.2174	15.4573
BLOCK04/SES049/SA049S29	SES206	-0.546426	14.9109	15.4573
BLOCK06/SES063/SA063S09	SES068	-2.1005	14.022	16.1225
BLOCK06/SES063/SA063S09	SES083	-1.39876	14.7238	16.1225
BLOCK06/SES063/SA063S09	SES177	-1.61911	14.5034	16.1225
BLOCK06/SES063/SA063S09	SES187	-1.834	14.2885	16.1225
BLOCK06/SES063/SA063S10	SES068	-2.68624	12.9545	15.6408
BLOCK06/SES063/SA063S10	SES083	-2.02823	13.6126	15.6408
BLOCK06/SES063/SA063S10	SES172	-2.24049	13.4003	15.6408
BLOCK06/SES063/SA063S10	SES187	-2.37063	13.2701	15.6408
BLOCK06/SES063/SA063S20	SES068	-3.09068	11.7814	14.872
BLOCK06/SES063/SA063S20	SES083	-2.08902	12.783	14.872
BLOCK06/SES063/SA063S20	SES172	-1.63638	13.2356	14.872
BLOCK06/SES063/SA063S20	SES187	-1.31308	13.559	14.872
BLOCK06/SES063/SA063S24	SES029	-4.07993	11.5071	15.5871
BLOCK06/SES063/SA063S24	SES083	-1.23199	14.3551	15.5871
BLOCK06/SES063/SA063S24	SES177	-1.49253	14.0945	15.5871
BLOCK06/SES063/SA063S24	SES189	-1.29427	14.2928	15.5871
BLOCK06/SES063/SA063S27	SES083	-1.5821	13.5147	15.0968
BLOCK06/SES063/SA063S27	SES172	-2.11444	12.9824	15.0968
BLOCK06/SES063/SA063S27	SES187	-2.04711	13.0497	15.0968
BLOCK06/SES063/SA063S27	SES292	-2.47598	12.6209	15.0968
BLOCK06/SES067/SA067S12	SES083	-2.75452	12.9606	15.7152
BLOCK06/SES067/SA067S12	SES172	-2.2299	13.4853	15.7152
BLOCK06/SES067/SA067S12	SES202	-1.3334	14.3818	15.7152
BLOCK06/SES067/SA067S12	SES292	-2.15686	13.5583	15.7152
BLOCK06/SES067/SA067S14	SES085	-1.91038	14.5925	16.5028
BLOCK06/SES067/SA067S14	SES177	-1.60196	14.9009	16.5028
BLOCK06/SES067/SA067S14	SES183	-0.602963	15.8999	16.5028
BLOCK06/SES067/SA067S14	SES202	-0.99903	15.5038	16.5028
BLOCK06/SES067/SA067S21	SES144	-1.14615	13.8031	14.9492
BLOCK06/SES067/SA067S21	SES177	-1.40626	13.543	14.9492
BLOCK06/SES067/SA067S21	SES183	-0.301487	14.6477	14.9492
BLOCK06/SES067/SA067S21	SES189	-0.66776	14.2815	14.9492
BLOCK06/SES067/SA067S25	SES085	-1.38865	14.2534	15.642
BLOCK06/SES067/SA067S25	SES177	-1.92833	13.7137	15.642
BLOCK06/SES067/SA067S25	SES183	-1.26899	14.373	15.642
BLOCK06/SES067/SA067S25	SES202	-1.59274	14.0493	15.642
BLOCK06/SES067/SA067S29	SES085	-1.41707	14.0616	15.4787
BLOCK06/SES067/SA067S29	SES177	-2.02811	13.4506	15.4787
BLOCK06/SES067/SA067S29	SES183	-0.457335	15.0213	15.4787
BLOCK06/SES067/SA067S29	SES202	-0.894747	14.5839	15.4787
BLOCK06/SES069/SA069S12	SES029	-3.03803	12.9399	15.978
BLOCK06/SES069/SA069S12	SES082	-0.500556	15.4774	15.978
BLOCK06/SES069/SA069S12	SES087	-1.55429	14.4237	15.978
BLOCK06/SES069/SA069S12	SES206	-0.990462	14.9875	15.978
BLOCK06/SES069/SA069S13	SES029	-3.63471	12.3434	15.9781
BLOCK06/SES069/SA069S13	SES087	-1.52626	14.4519	15.9781
BLOCK06/SES069/SA069S13	SES206	-1.6211	14.357	15.9781
BLOCK06/SES069/SA069S13	SES226	-0.70902	15.2691	15.9781
BLOCK06/SES069/SA069S23	SES029	-0.738167	16.7428	17.481
BLOCK06/SES069/SA069S23	SES087	-1.00808	16.4729	17.481
BLOCK06/SES069/SA069S23	SES206	-1.42988	16.0511	17.481
BLOCK06/SES069/SA069S23	SES226	-0.0879574	17.393	17.481
BLOCK06/SES069/SA069S25	SES087	-1.62137	14.9612	16.5826
BLOCK06/SES069/SA069S25	SES206	-2.96305	13.6195	16.5826
BLOCK06/SES069/SA069S25	SES226	-1.29116	15.2914	16.5826
BLOCK06/SES069/SA069S25	SES270	-1.84904	14.7335	16.5826
BLOCK06/SES069/SA069S27	SES087	-2.38295	13.9772	16.3601
BLOCK06/SES069/SA069S27	SES206	-1.31705	15.0431	16.3601
BLOCK06/SES069/SA069S27	SES226	-0.147379	16.2128	16.3601
BLOCK06/SES069/SA069S27	SES270	-1.45848	14.9017	16.3601
BLOCK08/SES081/SA081S11	SES060	-2.88427	11.2518	14.136
BLOCK08/SES081/SA081S11	SES062	-2.69494	11.4411	14.136
BLOCK08/SES081/SA081S11	SES117	-3.10671	11.0293	14.136
BLOCK08/SES081/SA081S11	SES162	-2.53342	11.6026	14.136
BLOCK08/SES081/SA081S13	SES016	-1.66859	14.1296	15.7981
BLOCK08/SES081/SA081S13	SES060	-0.51866	15.2795	15.7981
BLOCK08/SES081/SA081S13	SES068	-1.10219	14.6959	15.7981
BLOCK08/SES081/SA081S13	SES129	-2.31298	13.4852	15.7981
BLOCK08/SES081/SA081S24	SES060	-1.25306	13.6468	14.8998
BLOCK08/SES081/SA081S24	SES068	-1.46541	13.4344	14.8998
BLOCK08/SES081/SA081S24	SES117	-2.3943	12.5055	14.8998
BLOCK08/SES081/SA081S24	SES275	-2.13024	12.7696	14.8998
BLOCK08/SES081/SA081S27	SES007	-1.55009	12.2983	13.8484
BLOCK08/SES081/SA081S27	SES060	-2.61871	11.2297	13.8484
BLOCK08/SES081/SA081S27	SES117	-1.2053	12.6431	13.8484
BLOCK08/SES081/SA081S27	SES275	-1.89682	11.9515	13.8484
BLOCK08/SES081/SA081S29	SES007	-1.31403	14.018	15.332
BLOCK08/SES081/SA081S29	SES060	-1.93655	13.3954	15.332
BLOCK08/SES081/SA081S29	SES117	-1.9289	13.4031	15.332
BLOCK08/SES081/SA081S29	SES275	-1.98599	13.346	15.332
BLOCK08/SES086/SA086S11	SES029	-5.43785	8.20678	13.6446
BLOCK08/SES086/SA086S11	SES082	-2.9606	10.684	13.6446
BLOCK08/SES086/SA086S11	SES087	-1.58091	12.0637	13.6446
BLOCK08/SES086/SA086S11	SES206	-2.95168	10.6929	13.6446
BLOCK08/SES086/SA086S12	SES029	-3.20691	11.6373	14.8442
BLOCK08/SES086/SA086S12	SES082	-2.58498	12.2592	14.8442
BLOCK08/SES086/SA086S12	SES087	0.0447102	14.8889	14.8442
BLOCK08/SES086/SA086S12	SES206	-1.87285	12.9713	14.8442
BLOCK08/SES086/SA086S20	SES029	-4.05632	11.939	15.9953
BLOCK08/SES086/SA086S20	SES082	-3.07468	12.9206	15.9953
BLOCK08/SES086/SA086S20	SES087	-0.438945	15.5564	15.9953
BLOCK08/SES086/SA086S20	SES206	-1.47705	14.5183	15.9953
BLOCK08/SES086/SA086S24	SES087	-0.54353	14.2454	14.7889
BLOCK08/SES086/SA086S24	SES104	-2.69844	12.0905	14.7889
BLOCK08/SES086/SA086S24	SES120	-2.47959	12.3093	14.7889
BLOCK08/SES086/SA086S24	SES206	-0.590236	14.1987	14.7889
BLOCK08/SES086/SA086S28	SES029	-3.37911	12.0471	15.4262
BLOCK08/SES086/SA086S28	SES082	-2.35966	13.0665	15.4262
BLOCK08/SES086/SA086S28	SES087	-1.03988	14.3863	15.4262
BLOCK08/SES086/SA086S28	SES206	-1.14288	14.2833	15.4262
BLOCK08/SES089/SA089S13	SES087	-1.9311	12.3003	14.2314
BLOCK08/SES089/SA089S13	SES206	-2.41076	11.8206	14.2314
BLOCK08/SES089/SA089S13	SES226	-1.65142	12.5799	14.2314
BLOCK08/SES089/SA089S13	SES270	-3.19921	11.0322	14.2314
BLOCK08/SES089/SA089S14	SES062	-3.41801	11.6757	15.0937
BLOCK08/SES089/SA089S14	SES087	-1.43619	13.6575	15.0937
BLOCK08/SES089/SA089S14	SES206	-2.34125	12.7524	15.0937
BLOCK08/SES089/SA089S14	SES226	-2.479	12.6147	15.0937
BLOCK08/SES089/SA089S23	SES087	-2.50496	10.6906	13.1956
BLOCK08/SES089/SA089S23	SES206	-2.89256	10.303	13.1956
BLOCK08/SES089/SA089S23	SES226	-2.40847	10.7871	13.1956
BLOCK08/SES089/SA089S23	SES270	-3.02323	10.1723	13.1956
BLOCK08/SES089/SA089S25	SES062	-3.3275	11.5581	14.8856
BLOCK08/SES089/SA089S25	SES087	-1.40804	13.4776	14.8856
BLOCK08/SES089/SA089S25	SES206	-3.47715	11.4085	14.8856
BLOCK08/SES089/SA089S25	SES226	-1.5219	13.3637	14.8856
BLOCK08/SES089/SA089S28	SES062	-1.94969	12.739	14.6887
BLOCK08/SES089/SA089S28	SES087	-0.462148	14.2266	14.6887
BLOCK08/SES089/SA089S28	SES206	-1.71132	12.9774	14.6887
BLOCK08/SES089/SA089S28	SES226	-1.3567	13.332	14.6887
BLOCK09/SES097/SA097S11	SES099	0.219748	14.1812	13.9615
BLOCK09/SES097/SA097S11	SES125	-2.26987	11.6916	13.9615
BLOCK09/SES097/SA097S11	SES206	-1.0385	12.923	13.9615
BLOCK09/SES097/SA097S11	SES226	-0.66929	13.2922	13.9615
BLOCK09/SES097/SA097S14	SES062	-1.72407	12.1205	13.8445
BLOCK09/SES097/SA097S14	SES099	-0.803059	13.0415	13.8445
BLOCK09/SES097/SA097S14	SES104	-2.4521	11.3924	13.8445
BLOCK09/SES097/SA097S14	SES206	-2.18549	11.659	13.8445
BLOCK09/SES097/SA097S22	SES099	0.582294	14.9817	14.3995
BLOCK09/SES097/SA097S22	SES206	-1.86251	12.5369	14.3995
BLOCK09/SES097/SA097S22	SES226	-2.02039	12.3791	14.3995
BLOCK09/SES097/SA097S22	SES270	-0.529605	13.8698	14.3995
BLOCK09/SES097/SA097S26	SES099	-0.363754	14.7957	15.1595
BLOCK09/SES097/SA097S26	SES120	-2.61877	12.5407	15.1595
BLOCK09/SES097/SA097S26	SES206	-2.43758	12.7219	15.1595
BLOCK09/SES097/SA097S26	SES226	-3.28619	11.8733	15.1595
BLOCK09/SES097/SA097S28	SES099	-0.612	13.7417	14.3537
BLOCK09/SES097/SA097S28	SES120	-1.70696	12.6468	14.3537
BLOCK09/SES097/SA097S28	SES206	-2.84463	11.5091	14.3537
BLOCK09/SES097/SA097S28	SES226	-3.54071	10.813	14.3537
BLOCK09/SES098/SA098S11	SES127	-2.7276	10.6	13.3276
BLOCK09/SES098/SA098S11	SES144	-1.81113	11.5165	13.3276
BLOCK09/SES098/SA098S11	SES147	-0.803346	12.5243	13.3276
BLOCK09/SES098/SA098S11	SES148	-3.24087	10.0867	13.3276
BLOCK09/SES098/SA098S12	SES127	-3.76378	8.60396	12.3677
BLOCK09/SES098/SA098S12	SES144	-2.77573	9.59201	12.3677
BLOCK09/SES098/SA098S12	SES147	-1.35942	11.0083	12.3677
BLOCK09/SES098/SA098S12	SES189	-1.47989	10.8879	12.3677
BLOCK09/SES098/SA098S20	SES127	-3.62425	10.2366	13.8608
BLOCK09/SES098/SA098S20	SES147	-1.65005	12.2108	13.8608
BLOCK09/SES098/SA098S20	SES148	-3.66684	10.194	13.8608
BLOCK09/SES098/SA098S20	SES292	-2.25526	11.6056	13.8608
BLOCK09/SES098/SA098S23	SES127	-2.58298	11.8779	14.4609
BLOCK09/SES098/SA098S23	SES147	-1.34068	13.1202	14.4609
BLOCK09/SES098/SA098S23	SES187	-1.46596	12.9949	14.4609
BLOCK09/SES098/SA098S23	SES292	-1.56064	12.9003	14.4609
BLOCK09/SES098/SA098S27	SES127	-3.66859	9.44707	13.1157
BLOCK09/SES098/SA098S27	SES147	-3.20788	9.90777	13.1157
BLOCK09/SES098/SA098S27	SES148	-3.83137	9.28429	13.1157
BLOCK09/SES098/SA098S27	SES292	-1.85065	11.265	13.1157
BLOCK10/SES102/SA102S13	SES101	-1.17364	11.5159	12.6895
BLOCK10/SES102/SA102S13	SES105	-1.21054	11.479	12.6895
BLOCK10/SES102/SA102S13	SES120	-2.09722	10.5923	12.6895
BLOCK10/SES102/SA102S13	SES158	-3.36771	9.32181	12.6895
BLOCK10/SES102/SA102S14	SES007	-0.124146	14.7797	14.9039
BLOCK10/SES102/SA102S14	SES101	-0.290564	14.6133	14.9039
BLOCK10/SES102/SA102S14	SES105	0.287762	15.1916	14.9039
BLOCK10/SES102/SA102S14	SES147	-2.84002	12.0639	14.9039
BLOCK10/SES102/SA102S22	SES007	-1.93525	12.8759	14.8112
BLOCK10/SES102/SA102S22	SES101	-0.697124	14.114	14.8112
BLOCK10/SES102/SA102S22	SES105	-0.499624	14.3115	14.8112
BLOCK10/SES102/SA102S22	SES158	-2.76073	12.0504	14.8112
BLOCK10/SES102/SA102S25	SES007	-0.671283	14.6043	15.2756
BLOCK10/SES102/SA102S25	SES101	-0.294447	14.9811	15.2756
BLOCK10/SES102/SA102S25	SES105	-1.02866	14.2469	15.2756
BLOCK10/SES102/SA102S25	SES147	-3.40665	11.8689	15.2756
BLOCK10/SES102/SA102S27	SES007	-1.26468	13.2122	14.4769
BLOCK10/SES102/SA102S27	SES101	-0.292359	14.1845	14.4769
BLOCK10/SES102/SA102S27	SES105	-1.02914	13.4477	14.4769
BLOCK10/SES102/SA102S27	SES147	-2.35419	12.1227	14.4769
BLOCK10/SES103/SA103S14	SES105	-2.89769	10.1545	13.0522
BLOCK10/SES103/SA103S14	SES106	-2.27326	10.7789	13.0522
BLOCK10/SES103/SA103S14	SES120	-2.7882	10.264	13.0522
BLOCK10/SES103/SA103S14	SES206	-3.50692	9.54523	13.0522
BLOCK10/SES103/SA103S15	SES099	-2.49501	9.60015	12.0952
BLOCK10/SES103/SA103S15	SES101	-5.9848	6.11036	12.0952
BLOCK10/SES103/SA103S15	SES104	-3.28123	8.81393	12.0952
BLOCK10/SES103/SA103S15	SES125	-2.23631	9.85885	12.0952
BLOCK10/SES103/SA103S24	SES104	-2.47916	12.0673	14.5465
BLOCK10/SES103/SA103S24	SES125	-2.24136	12.3051	14.5465
BLOCK10/SES103/SA103S24	SES148	-3.75367	10.7928	14.5465
BLOCK10/SES103/SA103S24	SES158	-2.18652	12.36	14.5465
BLOCK10/SES103/SA103S26	SES104	-3.11046	9.16045	12.2709
BLOCK10/SES103/SA103S26	SES106	-1.58562	10.6853	12.2709
BLOCK10/SES103/SA103S26	SES125	-2.31689	9.95401	12.2709
BLOCK10/SES103/SA103S26	SES148	-4.8977	7.37321	12.2709
BLOCK10/SES103/SA103S28	SES104	-3.64132	8.31609	11.9574
BLOCK10/SES103/SA103S28	SES106	-1.90337	10.054	11.9574
BLOCK10/SES103/SA103S28	SES125	-3.54294	8.41448	11.9574
BLOCK10/SES103/SA103S28	SES206	-4.30361	7.65381	11.9574
BLOCK12/SES121/SA121S12	SES042	-3.41754	7.30213	10.7197
BLOCK12/SES121/SA121S12	SES087	-2.83981	7.87986	10.7197
BLOCK12/SES121/SA121S12	SES105	-1.45852	9.26115	10.7197
BLOCK12/SES121/SA121S12	SES206	-2.6684	8.05127	10.7197
BLOCK12/SES121/SA121S14	SES007	-3.4081	7.82342	11.2315
BLOCK12/SES121/SA121S14	SES105	-2.81766	8.41387	11.2315
BLOCK12/SES121/SA121S14	SES106	-3.11344	8.11808	11.2315
BLOCK12/SES121/SA121S14	SES206	-3.53139	7.70013	11.2315
BLOCK12/SES121/SA121S23	SES105	-2.19316	8.95721	11.1504
BLOCK12/SES121/SA121S23	SES106	-1.33638	9.81398	11.1504
BLOCK12/SES121/SA121S23	SES120	-1.81512	9.33525	11.1504
BLOCK12/SES121/SA121S23	SES206	-1.85386	9.29651	11.1504
BLOCK12/SES121/SA121S25	SES007	-2.9154	6.62662	9.54202
BLOCK12/SES121/SA121S25	SES105	-3.04934	6.49268	9.54202
BLOCK12/SES121/SA121S25	SES106	-3.03798	6.50404	9.54202
BLOCK12/SES121/SA121S25	SES206	-4.33114	5.21088	9.54202
BLOCK12/SES121/SA121S27	SES087	-2.04935	9.65676	11.7061
BLOCK12/SES121/SA121S27	SES105	-4.09204	7.61407	11.7061
BLOCK12/SES121/SA121S27	SES120	-0.949753	10.7564	11.7061
BLOCK12/SES121/SA121S27	SES206	-2.71159	8.99452	11.7061
BLOCK12/SES124/SA124S16	SES042	-1.58482	12.1235	13.7083
BLOCK12/SES124/SA124S16	SES082	-2.40429	11.304	13.7083
BLOCK12/SES124/SA124S16	SES183	-2.97889	10.7294	13.7083
BLOCK12/SES124/SA124S16	SES206	-2.52893	11.1794	13.7083
BLOCK12/SES124/SA124S17	SES105	-3.2541	8.88385	12.138
BLOCK12/SES124/SA124S17	SES149	-4.69425	7.4437	12.138
BLOCK12/SES124/SA124S17	SES158	-4.10809	8.02986	12.138
BLOCK12/SES124/SA124S17	SES275	-2.25983	9.87812	12.138
BLOCK12/SES124/SA124S23	SES105	-3.21374	12.31	15.5238
BLOCK12/SES124/SA124S23	SES125	-0.530742	14.993	15.5238
BLOCK12/SES124/SA124S23	SES129	-3.52628	11.9975	15.5238
BLOCK12/SES124/SA124S23	SES158	-1.46859	14.0552	15.5238
BLOCK12/SES124/SA124S26	SES105	-4.05451	10.6727	14.7272
BLOCK12/SES124/SA124S26	SES125	-1.89476	12.8324	14.7272
BLOCK12/SES124/SA124S26	SES129	-3.78505	10.9421	14.7272
BLOCK12/SES124/SA124S26	SES158	-2.06958	12.6576	14.7272
BLOCK12/SES124/SA124S28	SES104	-1.58231	12.6957	14.278
BLOCK12/SES124/SA124S28	SES106	-1.55519	12.7228	14.278
BLOCK12/SES124/SA124S28	SES125	-0.319855	13.9581	14.278
BLOCK12/SES124/SA124S28	SES275	-2.8064	11.4716	14.278
BLOCK12/SES126/SA126S13	SES007	-2.20644	12.0804	14.2868
BLOCK12/SES126/SA126S13	SES162	-2.63223	11.6546	14.2868
BLOCK12/SES126/SA126S13	SES177	-2.14984	12.137	14.2868
BLOCK12/SES126/SA126S13	SES180	-2.48598	11.8008	14.2868
BLOCK12/SES126/SA126S14	SES144	-1.43694	13.8595	15.2964
BLOCK12/SES126/SA126S14	SES148	-2.22472	13.0717	15.2964
BLOCK12/SES126/SA126S14	SES177	-0.975856	14.3206	15.2964
BLOCK12/SES126/SA126S14	SES180	-2.54135	12.7551	15.2964
BLOCK12/SES126/SA126S20	SES007	-1.75551	12.6687	14.4242
BLOCK12/SES126/SA126S20	SES162	-2.15766	12.2665	14.4242
BLOCK12/SES126/SA126S20	SES172	-2.40781	12.0164	14.4242
BLOCK12/SES126/SA126S20	SES180	-2.4793	11.9449	14.4242
BLOCK12/SES126/SA126S24	SES120	-0.924615	14.6871	15.6117
BLOCK12/SES126/SA126S24	SES162	-2.13358	13.4781	15.6117
BLOCK12/SES126/SA126S24	SES177	-1.26041	14.3513	15.6117
BLOCK12/SES126/SA126S24	SES180	-1.63227	13.9794	15.6117
BLOCK12/SES126/SA126S26	SES120	-0.813927	13.9456	14.7595
BLOCK12/SES126/SA126S26	SES177	-1.53768	13.2218	14.7595
BLOCK12/SES126/SA126S26	SES180	-2.08368	12.6758	14.7595
BLOCK12/SES126/SA126S26	SES202	-2.36298	12.3965	14.7595
BLOCK12/SES128/SA128S10	SES087	-3.20373	11.8289	15.0327
BLOCK12/SES128/SA128S10	SES206	-2.01615	13.0165	15.0327
BLOCK12/SES128/SA128S10	SES226	-1.21742	13.8152	15.0327
BLOCK12/SES128/SA128S10	SES270	-1.6009	13.4318	15.0327
BLOCK12/SES128/SA128S12	SES120	-1.72918	12.6285	14.3577
BLOCK12/SES128/SA128S12	SES158	-2.71925	11.6384	14.3577
BLOCK12/SES128/SA128S12	SES206	-2.27504	12.0827	14.3577
BLOCK12/SES128/SA128S12	SES226	-2.79085	11.5668	14.3577
BLOCK12/SES128/SA128S21	SES106	-3.49327	10.1422	13.6355
BLOCK12/SES128/SA128S21	SES120	-2.74629	10.8892	13.6355
BLOCK12/SES128/SA128S21	SES206	-2.0067	11.6288	13.6355
BLOCK12/SES128/SA128S21	SES226	-1.61608	12.0194	13.6355
BLOCK12/SES128/SA128S24	SES087	-2.51771	11.6871	14.2048
BLOCK12/SES128/SA128S24	SES120	-1.55905	12.6457	14.2048
BLOCK12/SES128/SA128S24	SES206	-1.6453	12.5595	14.2048
BLOCK12/SES128/SA128S24	SES226	-2.63908	11.5657	14.2048
BLOCK12/SES128/SA128S27	SES099	-1.39849	14.1248	15.5233
BLOCK12/SES128/SA128S27	SES120	-1.83939	13.6839	15.5233
BLOCK12/SES128/SA128S27	SES206	-2.09431	13.429	15.5233
BLOCK12/SES128/SA128S27	SES226	-2.14227	13.381	15.5233
BLOCK13/SES130/SA130S13	SES143	-1.70732	12.4661	14.1734
BLOCK13/SES130/SA130S13	SES144	-1.00172	13.1717	14.1734
BLOCK13/SES130/SA130S13	SES146	-1.72395	12.4495	14.1734
BLOCK13/SES130/SA130S13	SES275	-3.01785	11.1556	14.1734
BLOCK13/SES130/SA130S15	SES143	-1.86484	13.4311	15.296
BLOCK13/SES130/SA130S15	SES144	-0.450308	14.8457	15.296
BLOCK13/SES130/SA130S15	SES146	-0.987995	14.308	15.296
BLOCK13/SES130/SA130S15	SES275	-1.67898	13.617	15.296
BLOCK13/SES130/SA130S23	SES127	-2.83734	10.806	13.6433
BLOCK13/SES130/SA130S23	SES144	-1.68264	11.9607	13.6433
BLOCK13/SES130/SA130S23	SES146	-1.39933	12.244	13.6433
BLOCK13/SES130/SA130S23	SES162	-1.13273	12.5106	13.6433
BLOCK13/SES130/SA130S25	SES127	-1.10563	14.2649	15.3705
BLOCK13/SES130/SA130S25	SES144	-0.653167	14.7173	15.3705
BLOCK13/SES130/SA130S25	SES146	-0.8847	14.4858	15.3705
BLOCK13/SES130/SA130S25	SES275	-0.729211	14.6413	15.3705
BLOCK13/SES130/SA130S28	SES127	-1.8615	12.616	14.4775
BLOCK13/SES130/SA130S28	SES144	-1.29942	13.1781	14.4775
BLOCK13/SES130/SA130S28	SES146	-1.22505	13.2525	14.4775
BLOCK13/SES130/SA130S28	SES275	-0.812227	13.6653	14.4775
BLOCK13/SES131/SA131S13	SES002	-3.28158	8.71767	11.9993
BLOCK13/SES131/SA131S13	SES007	-3.79467	8.20458	11.9993
BLOCK13/SES131/SA131S13	SES099	-2.80536	9.19389	11.9993
BLOCK13/SES131/SA131S13	SES105	-3.19229	8.80696	11.9993
BLOCK13/SES131/SA131S14	SES104	-1.11522	12.1596	13.2748
BLOCK13/SES131/SA131S14	SES106	-1.98202	11.2928	13.2748
BLOCK13/SES131/SA131S14	SES125	-1.75867	11.5161	13.2748
BLOCK13/SES131/SA131S14	SES148	-1.80506	11.4697	13.2748
BLOCK13/SES131/SA131S20	SES104	-4.29097	7.47655	11.7675
BLOCK13/SES131/SA131S20	SES106	-2.64616	9.12137	11.7675
BLOCK13/SES131/SA131S20	SES125	-4.17036	7.59717	11.7675
BLOCK13/SES131/SA131S20	SES148	-3.2196	8.54792	11.7675
BLOCK13/SES131/SA131S22	SES099	-2.78925	10.5833	13.3725
BLOCK13/SES131/SA131S22	SES104	-2.95905	10.4135	13.3725
BLOCK13/SES131/SA131S22	SES125	-2.94227	10.4303	13.3725
BLOCK13/SES131/SA131S22	SES206	-2.95321	10.4193	13.3725
BLOCK13/SES131/SA131S29	SES087	-3.39137	9.03211	12.4235
BLOCK13/SES131/SA131S29	SES104	-4.3287	8.09479	12.4235
BLOCK13/SES131/SA131S29	SES125	-4.23674	8.18675	12.4235
BLOCK13/SES131/SA131S29	SES206	-3.86558	8.5579	12.4235
BLOCK13/SES132/SA132S11	SES083	-3.28527	12.2415	15.5267
BLOCK13/SES132/SA132S11	SES120	-0.968211	14.5585	15.5267
BLOCK13/SES132/SA132S11	SES127	-2.4392	13.0875	15.5267
BLOCK13/SES132/SA132S11	SES275	-1.93265	13.5941	15.5267
BLOCK13/SES132/SA132S12	SES083	-3.21803	12.1646	15.3827
BLOCK13/SES132/SA132S12	SES143	-1.8687	13.514	15.3827
BLOCK13/SES132/SA132S12	SES144	-1.67019	13.7125	15.3827
BLOCK13/SES132/SA132S12	SES148	-1.3279	14.0548	15.3827
BLOCK13/SES132/SA132S22	SES062	-1.32367	14.2872	15.6108
BLOCK13/SES132/SA132S22	SES083	-2.39016	13.2207	15.6108
BLOCK13/SES132/SA132S22	SES127	-1.94181	13.669	15.6108
BLOCK13/SES132/SA132S22	SES275	-1.48173	14.1291	15.6108
BLOCK13/SES132/SA132S24	SES007	-0.959261	15.0762	16.0355
BLOCK13/SES132/SA132S24	SES083	-2.65482	13.3807	16.0355
BLOCK13/SES132/SA132S24	SES127	-2.4844	13.5511	16.0355
BLOCK13/SES132/SA132S24	SES275	-1.04272	14.9928	16.0355
BLOCK13/SES132/SA132S27	SES083	-3.21313	11.7497	14.9628
BLOCK13/SES132/SA132S27	SES120	-0.731588	14.2312	14.9628
BLOCK13/SES132/SA132S27	SES127	-2.7292	12.2336	14.9628
BLOCK13/SES132/SA132S27	SES275	-2.35909	12.6037	14.9628
BLOCK14/SES141/SA141S09	SES143	-1.4403	13.4861	14.9264
BLOCK14/SES141/SA141S09	SES144	-0.99262	13.9338	14.9264
BLOCK14/SES141/SA141S09	SES162	-1.90414	13.0223	14.9264
BLOCK14/SES141/SA141S09	SES180	-1.66891	13.2575	14.9264
BLOCK14/SES141/SA141S15	SES127	-2.21478	12.2186	14.4334
BLOCK14/SES141/SA141S15	SES144	-2.04776	12.3856	14.4334
BLOCK14/SES141/SA141S15	SES162	-2.04661	12.3868	14.4334
BLOCK14/SES141/SA141S15	SES180	-1.5687	12.8647	14.4334
BLOCK14/SES141/SA141S24	SES127	-1.61351	13.2268	14.8403
BLOCK14/SES141/SA141S24	SES144	-1.95209	12.8882	14.8403
BLOCK14/SES141/SA141S24	SES162	-2.0379	12.8024	14.8403
BLOCK14/SES141/SA141S24	SES183	-1.91239	12.9279	14.8403
BLOCK14/SES141/SA141S26	SES142	-1.07625	13.5421	14.6183
BLOCK14/SES141/SA141S26	SES144	-1.82152	12.7968	14.6183
BLOCK14/SES141/SA141S26	SES172	-1.19094	13.4274	14.6183
BLOCK14/SES141/SA141S26	SES180	-1.47044	13.1479	14.6183
BLOCK14/SES141/SA141S29	SES127	-1.03843	14.0671	15.1055
BLOCK14/SES141/SA141S29	SES142	-0.705786	14.3997	15.1055
BLOCK14/SES141/SA141S29	SES144	-1.45747	13.648	15.1055
BLOCK14/SES141/SA141S29	SES180	-1.5094	13.5961	15.1055
BLOCK15/SES157/SA157S08	SES083	-3.40559	11.5702	14.9757
BLOCK15/SES157/SA157S08	SES127	-2.16303	12.8127	14.9757
BLOCK15/SES157/SA157S08	SES148	-2.13999	12.8358	14.9757
BLOCK15/SES157/SA157S08	SES292	-2.97468	12.0011	14.9757
BLOCK15/SES157/SA157S11	SES083	-2.84573	12.1237	14.9694
BLOCK15/SES157/SA157S11	SES127	-2.09731	12.8721	14.9694
BLOCK15/SES157/SA157S11	SES148	-2.09639	12.873	14.9694
BLOCK15/SES157/SA157S11	SES292	-2.37751	12.5919	14.9694
BLOCK15/SES157/SA157S21	SES127	-1.72975	13.6617	15.3915
BLOCK15/SES157/SA157S21	SES148	-0.636093	14.7554	15.3915
BLOCK15/SES157/SA157S21	SES158	-5.10007	10.2914	15.3915
BLOCK15/SES157/SA157S21	SES292	-2.06358	13.3279	15.3915
BLOCK15/SES157/SA157S24	SES127	-1.66745	13.7427	15.4101
BLOCK15/SES157/SA157S24	SES148	-1.78253	13.6276	15.4101
BLOCK15/SES157/SA157S24	SES183	-1.81313	13.597	15.4101
BLOCK15/SES157/SA157S24	SES292	-2.57197	12.8381	15.4101
BLOCK15/SES157/SA157S26	SES007	-1.26737	14.0081	15.2755
BLOCK15/SES157/SA157S26	SES127	-2.24446	13.031	15.2755
BLOCK15/SES157/SA157S26	SES147	-2.24386	13.0316	15.2755
BLOCK15/SES157/SA157S26	SES148	-1.4202	13.8553	15.2755
BLOCK16/SES161/SA161S10	SES007	-2.34813	10.5625	12.9106
BLOCK16/SES161/SA161S10	SES105	-2.11425	10.7963	12.9106
BLOCK16/SES161/SA161S10	SES158	-2.18051	10.7301	12.9106
BLOCK16/SES161/SA161S10	SES275	-1.7978	11.1128	12.9106
BLOCK16/SES161/SA161S12	SES007	-2.98879	10.1145	13.1033
BLOCK16/SES161/SA161S12	SES105	-3.56278	9.54053	13.1033
BLOCK16/SES161/SA161S12	SES158	-2.2487	10.8546	13.1033
BLOCK16/SES161/SA161S12	SES275	-1.95885	11.1445	13.1033
BLOCK16/SES161/SA161S20	SES007	-2.45471	9.6066	12.0613
BLOCK16/SES161/SA161S20	SES105	-3.08914	8.97217	12.0613
BLOCK16/SES161/SA161S20	SES158	-2.37679	9.68452	12.0613
BLOCK16/SES161/SA161S20	SES275	-2.59727	9.46404	12.0613
BLOCK16/SES161/SA161S23	SES007	-3.12952	10.1009	13.2305
BLOCK16/SES161/SA161S23	SES105	-2.17047	11.06	13.2305
BLOCK16/SES161/SA161S23	SES148	-2.69592	10.5345	13.2305
BLOCK16/SES161/SA161S23	SES158	-2.87067	10.3598	13.2305
BLOCK16/SES161/SA161S28	SES007	-3.18877	10.5901	13.7789
BLOCK16/SES161/SA161S28	SES105	-3.03344	10.7455	13.7789
BLOCK16/SES161/SA161S28	SES158	-2.05046	11.7285	13.7789
BLOCK16/SES161/SA161S28	SES206	-2.74937	11.0296	13.7789
BLOCK16/SES164/SA164S11	SES104	-2.22634	12.9273	15.1536
BLOCK16/SES164/SA164S11	SES125	-1.87268	13.281	15.1536
BLOCK16/SES164/SA164S11	SES158	-1.20202	13.9516	15.1536
BLOCK16/SES164/SA164S11	SES206	-2.55402	12.5996	15.1536
BLOCK16/SES164/SA164S13	SES099	-1.66527	12.0414	13.7066
BLOCK16/SES164/SA164S13	SES104	-2.63661	11.07	13.7066
BLOCK16/SES164/SA164S13	SES125	-3.10045	10.6062	13.7066
BLOCK16/SES164/SA164S13	SES206	-2.69178	11.0148	13.7066
BLOCK16/SES164/SA164S24	SES002	-1.02017	13.2492	14.2694
BLOCK16/SES164/SA164S24	SES099	-1.86352	12.4059	14.2694
BLOCK16/SES164/SA164S24	SES125	-2.41752	11.8519	14.2694
BLOCK16/SES164/SA164S24	SES226	-0.845272	13.4241	14.2694
BLOCK16/SES164/SA164S27	SES087	-2.70053	11.5155	14.2161
BLOCK16/SES164/SA164S27	SES125	-2.73866	11.4774	14.2161
BLOCK16/SES164/SA164S27	SES206	-2.9925	11.2236	14.2161
BLOCK16/SES164/SA164S27	SES226	-2.42097	11.7951	14.2161
BLOCK16/SES164/SA164S29	SES002	-0.725616	12.9803	13.7059
BLOCK16/SES164/SA164S29	SES019	-1.58813	12.1178	13.7059
BLOCK16/SES164/SA164S29	SES125	-2.0175	11.6884	13.7059
BLOCK16/SES164/SA164S29	SES226	-2.73505	10.9709	13.7059
BLOCK16/SES169/SA169S13	SES117	-1.78144	12.628	14.4095
BLOCK16/SES169/SA169S13	SES144	-1.77658	12.6329	14.4095
BLOCK16/SES169/SA169S13	SES146	-1.8394	12.5701	14.4095
BLOCK16/SES169/SA169S13	SES162	-1.34376	13.0657	14.4095
BLOCK16/SES169/SA169S14	SES144	-2.08645	13.214	15.3004
BLOCK16/SES169/SA169S14	SES148	-1.55843	13.742	15.3004
BLOCK16/SES169/SA169S14	SES177	-1.29025	14.0102	15.3004
BLOCK16/SES169/SA169S14	SES180	-2.59235	12.7081	15.3004
BLOCK16/SES169/SA169S24	SES117	-1.73891	11.7321	13.471
BLOCK16/SES169/SA169S24	SES144	-1.17453	12.2965	13.471
BLOCK16/SES169/SA169S24	SES146	-0.829198	12.6418	13.471
BLOCK16/SES169/SA169S24	SES162	-1.02776	12.4433	13.471
BLOCK16/SES169/SA169S27	SES127	-1.67494	12.3497	14.0247
BLOCK16/SES169/SA169S27	SES129	-1.16078	12.8639	14.0247
BLOCK16/SES169/SA169S27	SES144	-2.12436	11.9003	14.0247
BLOCK16/SES169/SA169S27	SES146	-0.843439	13.1812	14.0247
BLOCK16/SES169/SA169S29	SES144	-0.989391	13.8229	14.8123
BLOCK16/SES169/SA169S29	SES162	-0.513589	14.2987	14.8123
BLOCK16/SES169/SA169S29	SES177	-2.10727	12.705	14.8123
BLOCK16/SES169/SA169S29	SES180	-1.36728	13.445	14.8123
BLOCK17/SES171/SA171S12	SES083	-2.20949	11.7973	14.0068
BLOCK17/SES171/SA171S12	SES148	-2.30871	11.6981	14.0068
BLOCK17/SES171/SA171S12	SES172	-2.02506	11.9818	14.0068
BLOCK17/SES171/SA171S12	SES292	-3.18292	10.8239	14.0068
BLOCK17/SES171/SA171S15	SES148	-2.27165	11.2103	13.482
BLOCK17/SES171/SA171S15	SES177	-1.3453	12.1367	13.482
BLOCK17/SES171/SA171S15	SES180	-3.28251	10.1995	13.482
BLOCK17/SES171/SA171S15	SES292	-2.53819	10.9438	13.482
BLOCK17/SES171/SA171S22	SES007	-1.7688	13.3184	15.0872
BLOCK17/SES171/SA171S22	SES148	-1.50611	13.5811	15.0872
BLOCK17/SES171/SA171S22	SES177	-0.493789	14.5934	15.0872
BLOCK17/SES171/SA171S22	SES180	-2.80201	12.2852	15.0872
BLOCK17/SES171/SA171S25	SES101	-2.50453	11.117	13.6215
BLOCK17/SES171/SA171S25	SES120	-3.32539	10.2961	13.6215
BLOCK17/SES171/SA171S25	SES177	-1.3356	12.2859	13.6215
BLOCK17/SES171/SA171S25	SES180	-2.83127	10.7903	13.6215
BLOCK17/SES171/SA171S27	SES177	-1.31303	12.6799	13.9929
BLOCK17/SES171/SA171S27	SES180	-2.69541	11.2975	13.9929
BLOCK17/SES171/SA171S27	SES189	-1.30729	12.6857	13.9929
BLOCK17/SES171/SA171S27	SES292	-2.35023	11.6427	13.9929
BLOCK17/SES173/SA173S13	SES162	-4.37371	9.85565	14.2294
BLOCK17/SES173/SA173S13	SES177	-2.17353	12.0558	14.2294
BLOCK17/SES173/SA173S13	SES180	-3.19476	11.0346	14.2294
BLOCK17/SES173/SA173S13	SES292	-1.24728	12.9821	14.2294
BLOCK17/SES173/SA173S14	SES007	-2.12902	11.0724	13.2015
BLOCK17/SES173/SA173S14	SES162	-3.8258	9.37565	13.2015
BLOCK17/SES173/SA173S14	SES177	-1.64965	11.5518	13.2015
BLOCK17/SES173/SA173S14	SES180	-3.93917	9.26228	13.2015
BLOCK17/SES173/SA173S24	SES144	-2.83384	10.3486	13.1824
BLOCK17/SES173/SA173S24	SES162	-3.07159	10.1108	13.1824
BLOCK17/SES173/SA173S24	SES177	-1.83299	11.3494	13.1824
BLOCK17/SES173/SA173S24	SES180	-3.63265	9.54975	13.1824
BLOCK17/SES173/SA173S27	SES162	-4.44987	9.61329	14.0632
BLOCK17/SES173/SA173S27	SES177	-2.15479	11.9084	14.0632
BLOCK17/SES173/SA173S27	SES180	-2.09944	11.9637	14.0632
BLOCK17/SES173/SA173S27	SES292	-1.15489	12.9083	14.0632
BLOCK17/SES173/SA173S29	SES162	-2.51768	11.2074	13.7251
BLOCK17/SES173/SA173S29	SES175	-1.64075	12.0843	13.7251
BLOCK17/SES173/SA173S29	SES177	-1.18184	12.5432	13.7251
BLOCK17/SES173/SA173S29	SES292	-1.93052	11.7946	13.7251
BLOCK18/SES182/SA182S10	SES144	-1.36832	12.5172	13.8855
BLOCK18/SES182/SA182S10	SES177	-1.17271	12.7128	13.8855
BLOCK18/SES182/SA182S10	SES180	-2.96324	10.9223	13.8855
BLOCK18/SES182/SA182S10	SES275	-1.17737	12.7082	13.8855
BLOCK18/SES182/SA182S12	SES144	-1.18476	13.2967	14.4815
BLOCK18/SES182/SA182S12	SES177	-1.61636	12.8651	14.4815
BLOCK18/SES182/SA182S12	SES180	-2.10922	12.3723	14.4815
BLOCK18/SES182/SA182S12	SES275	-0.887846	13.5936	14.4815
BLOCK18/SES182/SA182S21	SES117	-1.87154	11.8705	13.742
BLOCK18/SES182/SA182S21	SES144	-1.74194	12.0001	13.742
BLOCK18/SES182/SA182S21	SES162	-1.52057	12.2215	13.742
BLOCK18/SES182/SA182S21	SES180	-3.23959	10.5024	13.742
BLOCK18/SES182/SA182S23	SES117	-1.81674	12.6525	14.4692
BLOCK18/SES182/SA182S23	SES144	-1.69454	12.7747	14.4692
BLOCK18/SES182/SA182S23	SES180	-2.79542	11.6738	14.4692
BLOCK18/SES182/SA182S23	SES275	-1.14698	13.3222	14.4692
BLOCK18/SES182/SA182S25	SES007	-0.226421	13.9034	14.1299
BLOCK18/SES182/SA182S25	SES162	-0.864267	13.2656	14.1299
BLOCK18/SES182/SA182S25	SES177	-1.05845	13.0714	14.1299
BLOCK18/SES182/SA182S25	SES180	-2.46227	11.6676	14.1299
BLOCK18/SES184/SA184S12	SES177	-1.74471	12.7337	14.4784
BLOCK18/SES184/SA184S12	SES180	-1.06906	13.4093	14.4784
BLOCK18/SES184/SA184S12	SES189	-2.65308	11.8253	14.4784
BLOCK18/SES184/SA184S12	SES292	-1.29413	13.1843	14.4784
BLOCK18/SES184/SA184S13	SES101	-2.25128	11.8841	14.1354
BLOCK18/SES184/SA184S13	SES177	-1.44512	12.6903	14.1354
BLOCK18/SES184/SA184S13	SES180	-1.48926	12.6462	14.1354
BLOCK18/SES184/SA184S13	SES292	-2.15374	11.9817	14.1354
BLOCK18/SES184/SA184S22	SES177	-1.42476	14.567	15.9918
BLOCK18/SES184/SA184S22	SES180	-1.83556	14.1562	15.9918
BLOCK18/SES184/SA184S22	SES189	-3.00563	12.9861	15.9918
BLOCK18/SES184/SA184S22	SES292	-2.4556	13.5362	15.9918
BLOCK18/SES184/SA184S25	SES101	-1.4809	14.6967	16.1776
BLOCK18/SES184/SA184S25	SES177	-2.09998	14.0776	16.1776
BLOCK18/SES184/SA184S25	SES180	-1.44368	14.7339	16.1776
BLOCK18/SES184/SA184S25	SES292	-1.52376	14.6538	16.1776
BLOCK18/SES184/SA184S27	SES083	-2.22477	12.0897	14.3145
BLOCK18/SES184/SA184S27	SES177	-1.86094	12.4536	14.3145
BLOCK18/SES184/SA184S27	SES202	-2.00836	12.3061	14.3145
BLOCK18/SES184/SA184S27	SES292	-2.29091	12.0236	14.3145
BLOCK20/SES204/SA204S12	SES062	-1.21235	14.5529	15.7652
BLOCK20/SES204/SA204S12	SES083	-3.21874	12.5465	15.7652
BLOCK20/SES204/SA204S12	SES206	-1.99888	13.7664	15.7652
BLOCK20/SES204/SA204S12	SES226	-3.2436	12.5216	15.7652
BLOCK20/SES204/SA204S14	SES068	-1.96313	15.1768	17.1399
BLOCK20/SES204/SA204S14	SES087	-0.646387	16.4936	17.1399
BLOCK20/SES204/SA204S14	SES206	-2.42829	14.7117	17.1399
BLOCK20/SES204/SA204S14	SES226	-3.43546	13.7045	17.1399
BLOCK20/SES204/SA204S22	SES068	-1.92216	14.1751	16.0973
BLOCK20/SES204/SA204S22	SES082	-3.56167	12.5356	16.0973
BLOCK20/SES204/SA204S22	SES083	-3.9993	12.098	16.0973
BLOCK20/SES204/SA204S22	SES206	-2.95859	13.1387	16.0973
BLOCK20/SES204/SA204S25	SES062	-2.60675	13.6235	16.2303
BLOCK20/SES204/SA204S25	SES083	-3.49655	12.7337	16.2303
BLOCK20/SES204/SA204S25	SES206	-1.96631	14.264	16.2303
BLOCK20/SES204/SA204S25	SES226	-3.38661	12.8437	16.2303
BLOCK20/SES204/SA204S27	SES068	-2.19224	13.2168	15.409
BLOCK20/SES204/SA204S27	SES082	-3.67867	11.7304	15.409
BLOCK20/SES204/SA204S27	SES087	-1.84423	13.5648	15.409
BLOCK20/SES204/SA204S27	SES206	-2.69709	12.7119	15.409
BLOCK20/SES207/SA207S10	SES127	-2.35436	11.7442	14.0985
BLOCK20/SES207/SA207S10	SES183	-2.29345	11.8051	14.0985
BLOCK20/SES207/SA207S10	SES189	-2.26004	11.8385	14.0985
BLOCK20/SES207/SA207S10	SES292	-2.07603	12.0225	14.0985
BLOCK20/SES207/SA207S11	SES127	-3.08487	10.5439	13.6287
BLOCK20/SES207/SA207S11	SES183	-2.16742	11.4613	13.6287
BLOCK20/SES207/SA207S11	SES187	-2.50403	11.1247	13.6287
BLOCK20/SES207/SA207S11	SES292	-2.04912	11.5796	13.6287
BLOCK20/SES207/SA207S25	SES068	-2.04781	11.8503	13.8982
BLOCK20/SES207/SA207S25	SES083	-2.75302	11.1451	13.8982
BLOCK20/SES207/SA207S25	SES127	-1.35835	12.5398	13.8982
BLOCK20/SES207/SA207S25	SES187	-1.83194	12.0662	13.8982
BLOCK20/SES207/SA207S27	SES127	-2.69568	10.1599	12.8556
BLOCK20/SES207/SA207S27	SES183	-1.7188	11.1368	12.8556
BLOCK20/SES207/SA207S27	SES187	-2.33802	10.5176	12.8556
BLOCK20/SES207/SA207S27	SES292	-2.77587	10.0797	12.8556
BLOCK20/SES207/SA207S29	SES083	-2.89579	11.8056	14.7014
BLOCK20/SES207/SA207S29	SES085	-1.65957	13.0418	14.7014
BLOCK20/SES207/SA207S29	SES172	-1.65554	13.0458	14.7014
BLOCK20/SES207/SA207S29	SES189	-2.58281	12.1186	14.7014
BLOCK22/SES221/SA221S12	SES068	-1.03604	14.494	15.5301
BLOCK22/SES221/SA221S12	SES143	-1.5172	14.0129	15.5301
BLOCK22/SES221/SA221S12	SES175	-0.800346	14.7297	15.5301
BLOCK22/SES221/SA221S12	SES202	-1.5769	13.9532	15.5301
BLOCK22/SES221/SA221S15	SES085	-1.1803	12.6883	13.8686
BLOCK22/SES221/SA221S15	SES143	-2.40545	11.4632	13.8686
BLOCK22/SES221/SA221S15	SES175	-1.32711	12.5415	13.8686
BLOCK22/SES221/SA221S15	SES187	-2.07584	11.7928	13.8686
BLOCK22/SES221/SA221S23	SES068	-1.48128	13.2679	14.7491
BLOCK22/SES221/SA221S23	SES143	-1.99254	12.7566	14.7491
BLOCK22/SES221/SA221S23	SES175	-0.245813	14.5033	14.7491
BLOCK22/SES221/SA221S23	SES189	-0.641572	14.1076	14.7491
BLOCK22/SES221/SA221S27	SES085	-0.419713	14.6951	15.1148
BLOCK22/SES221/SA221S27	SES143	-1.18727	13.9275	15.1148
BLOCK22/SES221/SA221S27	SES175	-0.420576	14.6942	15.1148
BLOCK22/SES221/SA221S27	SES189	-0.186996	14.9278	15.1148
BLOCK22/SES221/SA221S29	SES085	-0.789934	13.1509	13.9408
BLOCK22/SES221/SA221S29	SES143	-1.3524	12.5884	13.9408
BLOCK22/SES221/SA221S29	SES175	-0.773979	13.1668	13.9408
BLOCK22/SES221/SA221S29	SES187	-2.01079	11.93	13.9408
BLOCK22/SES223/SA223S11	SES143	-1.5335	11.2774	12.8109
BLOCK22/SES223/SA223S11	SES144	-3.9581	8.85278	12.8109
BLOCK22/SES223/SA223S11	SES175	-1.03065	11.7802	12.8109
BLOCK22/SES223/SA223S11	SES187	-3.2541	9.55678	12.8109
BLOCK22/SES223/SA223S13	SES068	-2.23326	10.5334	12.7667
BLOCK22/SES223/SA223S13	SES143	-2.77453	9.99213	12.7667
BLOCK22/SES223/SA223S13	SES146	-2.73921	10.0274	12.7667
BLOCK22/SES223/SA223S13	SES202	-3.34266	9.424	12.7667
BLOCK22/SES223/SA223S22	SES143	-1.17324	12.3102	13.4834
BLOCK22/SES223/SA223S22	SES144	-2.91008	10.5733	13.4834
BLOCK22/SES223/SA223S22	SES175	-1.07669	12.4067	13.4834
BLOCK22/SES223/SA223S22	SES187	-1.66405	11.8193	13.4834
BLOCK22/SES223/SA223S25	SES068	-1.54871	12.7473	14.296
BLOCK22/SES223/SA223S25	SES143	-2.02284	12.2732	14.296
BLOCK22/SES223/SA223S25	SES175	-1.35962	12.9364	14.296
BLOCK22/SES223/SA223S25	SES187	-2.64177	11.6542	14.296
BLOCK22/SES223/SA223S27	SES143	-1.60206	11.3494	12.9515
BLOCK22/SES223/SA223S27	SES146	-2.52582	10.4256	12.9515
BLOCK22/SES223/SA223S27	SES187	-2.46695	10.4845	12.9515
BLOCK22/SES223/SA223S27	SES292	-1.42004	11.5314	12.9515
BLOCK27/SES273/SA273S12	SES099	-0.91139	16.1559	17.0672
BLOCK27/SES273/SA273S12	SES104	-1.74475	15.3225	17.0672
BLOCK27/SES273/SA273S12	SES125	-1.77403	15.2932	17.0672
BLOCK27/SES273/SA273S12	SES206	-1.00509	16.0622	17.0672
BLOCK27/SES273/SA273S13	SES099	-0.92663	16.2654	17.192
BLOCK27/SES273/SA273S13	SES104	-1.75773	15.4343	17.192
BLOCK27/SES273/SA273S13	SES206	-1.40307	15.789	17.192
BLOCK27/SES273/SA273S13	SES292	-1.87728	15.3148	17.192
BLOCK27/SES273/SA273S21	SES099	-0.218706	16.4684	16.6871
BLOCK27/SES273/SA273S21	SES148	-2.72064	13.9664	16.6871
BLOCK27/SES273/SA273S21	SES149	-2.19693	14.4902	16.6871
BLOCK27/SES273/SA273S21	SES177	-2.1493	14.5378	16.6871
BLOCK27/SES273/SA273S25	SES104	-1.61409	14.561	16.1751
BLOCK27/SES273/SA273S25	SES125	-1.69221	14.4829	16.1751
BLOCK27/SES273/SA273S25	SES158	-0.842256	15.3328	16.1751
BLOCK27/SES273/SA273S25	SES206	-0.344331	15.8308	16.1751
BLOCK27/SES273/SA273S27	SES099	-0.774943	15.4771	16.2521
BLOCK27/SES273/SA273S27	SES104	-1.94809	14.304	16.2521
BLOCK27/SES273/SA273S27	SES149	-1.26256	14.9895	16.2521
BLOCK27/SES273/SA273S27	SES275	-2.23398	14.0181	16.2521
BLOCK27/SES274/SA274S10	SES105	-2.493	13.3457	15.8387
BLOCK27/SES274/SA274S10	SES125	-3.74556	12.0932	15.8387
BLOCK27/SES274/SA274S10	SES129	-1.39993	14.4388	15.8387
BLOCK27/SES274/SA274S10	SES158	-4.21941	11.6193	15.8387
BLOCK27/SES274/SA274S11	SES105	-2.05001	13.9336	15.9836
BLOCK27/SES274/SA274S11	SES149	-2.76325	13.2204	15.9836
BLOCK27/SES274/SA274S11	SES158	-3.28987	12.6937	15.9836
BLOCK27/SES274/SA274S11	SES275	-0.878943	15.1047	15.9836
BLOCK27/SES274/SA274S21	SES105	-2.78664	12.8926	15.6792
BLOCK27/SES274/SA274S21	SES129	-1.12776	14.5515	15.6792
BLOCK27/SES274/SA274S21	SES149	-2.2842	13.395	15.6792
BLOCK27/SES274/SA274S21	SES158	-5.16833	10.5109	15.6792
BLOCK27/SES274/SA274S24	SES105	-1.55171	15.0297	16.5814
BLOCK27/SES274/SA274S24	SES129	-1.01817	15.5633	16.5814
BLOCK27/SES274/SA274S24	SES149	-2.51379	14.0677	16.5814
BLOCK27/SES274/SA274S24	SES158	-5.2722	11.3092	16.5814
BLOCK27/SES274/SA274S29	SES105	-2.19221	13.127	15.3192
BLOCK27/SES274/SA274S29	SES106	-4.36173	10.9575	15.3192
BLOCK27/SES274/SA274S29	SES120	-2.02443	13.2948	15.3192
BLOCK27/SES274/SA274S29	SES275	-1.67646	13.6428	15.3192
BLOCK27/SES276/SA276S16	SES148	-2.155	12.3639	14.5189
BLOCK27/SES276/SA276S16	SES172	-1.83035	12.6885	14.5189
BLOCK27/SES276/SA276S16	SES180	-2.51729	12.0016	14.5189
BLOCK27/SES276/SA276S16	SES292	-1.48862	13.0303	14.5189
BLOCK27/SES276/SA276S17	SES101	-1.51139	13.5803	15.0917
BLOCK27/SES276/SA276S17	SES177	-1.95433	13.1374	15.0917
BLOCK27/SES276/SA276S17	SES180	-1.78498	13.3067	15.0917
BLOCK27/SES276/SA276S17	SES292	-1.73886	13.3528	15.0917
BLOCK27/SES276/SA276S24	SES101	-1.25096	14.3189	15.5698
BLOCK27/SES276/SA276S24	SES177	-1.3078	14.262	15.5698
BLOCK27/SES276/SA276S24	SES180	-2.12272	13.4471	15.5698
BLOCK27/SES276/SA276S24	SES292	-2.08041	13.4894	15.5698
BLOCK27/SES276/SA276S26	SES101	-1.9856	14.1315	16.1171
BLOCK27/SES276/SA276S26	SES177	-0.597453	15.5197	16.1171
BLOCK27/SES276/SA276S26	SES180	-0.412995	15.7041	16.1171
BLOCK27/SES276/SA276S26	SES292	-0.380051	15.7371	16.1171
BLOCK27/SES276/SA276S28	SES101	-1.74191	13.76	15.5019
BLOCK27/SES276/SA276S28	SES177	-1.87832	13.6236	15.5019
BLOCK27/SES276/SA276S28	SES180	-0.827983	14.6739	15.5019
BLOCK27/SES276/SA276S28	SES292	-1.48965	14.0123	15.5019
BLOCK27/SES277/SA277S12	SES101	-1.76311	11.4171	13.1802
BLOCK27/SES277/SA277S12	SES177	-2.04958	11.1306	13.1802
BLOCK27/SES277/SA277S12	SES180	-3.05653	10.1237	13.1802
BLOCK27/SES277/SA277S12	SES292	-3.16221	10.018	13.1802
BLOCK27/SES277/SA277S14	SES177	-1.70139	11.1704	12.8718
BLOCK27/SES277/SA277S14	SES180	-2.88035	9.99141	12.8718
BLOCK27/SES277/SA277S14	SES189	-0.892107	11.9796	12.8718
BLOCK27/SES277/SA277S14	SES292	-2.9479	9.92386	12.8718
BLOCK27/SES277/SA277S21	SES177	-1.17418	13.4517	14.6258
BLOCK27/SES277/SA277S21	SES180	-2.25779	12.368	14.6258
BLOCK27/SES277/SA277S21	SES189	-0.820276	13.8056	14.6258
BLOCK27/SES277/SA277S21	SES292	-3.06743	11.5584	14.6258
BLOCK27/SES277/SA277S24	SES144	-2.20069	10.6966	12.8973
BLOCK27/SES277/SA277S24	SES177	-1.83433	11.0629	12.8973
BLOCK27/SES277/SA277S24	SES180	-3.42413	9.47315	12.8973
BLOCK27/SES277/SA277S24	SES189	-1.43915	11.4581	12.8973
BLOCK27/SES277/SA277S29	SES177	-1.36518	13.9048	15.27
BLOCK27/SES277/SA277S29	SES180	-2.52173	12.7482	15.27
BLOCK27/SES277/SA277S29	SES202	-1.81003	13.4599	15.27
BLOCK27/SES277/SA277S29	SES292	-2.78067	12.4893	15.27
BLOCK27/SES279/SA279S09	SES120	-1.98832	13.3703	15.3586
BLOCK27/SES279/SA279S09	SES146	-2.44173	12.9169	15.3586
BLOCK27/SES279/SA279S09	SES206	-2.12187	13.2367	15.3586
BLOCK27/SES279/SA279S09	SES226	-3.64989	11.7087	15.3586
BLOCK27/SES279/SA279S10	SES099	-0.986856	14.5457	15.5326
BLOCK27/SES279/SA279S10	SES206	-1.39368	14.1389	15.5326
BLOCK27/SES279/SA279S10	SES226	-2.89487	12.6377	15.5326
BLOCK27/SES279/SA279S10	SES292	-0.731318	14.8013	15.5326
BLOCK27/SES279/SA279S20	SES099	-2.15081	13.4419	15.5927
BLOCK27/SES279/SA279S20	SES206	-1.61128	13.9814	15.5927
BLOCK27/SES279/SA279S20	SES226	-3.15983	12.4329	15.5927
BLOCK27/SES279/SA279S20	SES292	-0.902103	14.6906	15.5927
BLOCK27/SES279/SA279S26	SES099	-1.41323	13.8734	15.2866
BLOCK27/SES279/SA279S26	SES206	-0.753851	14.5328	15.2866
BLOCK27/SES279/SA279S26	SES226	-2.91578	12.3708	15.2866
BLOCK27/SES279/SA279S26	SES292	-0.875383	14.4112	15.2866
BLOCK27/SES279/SA279S28	SES099	-1.2091	15.7163	16.9254
BLOCK27/SES279/SA279S28	SES120	-1.39253	15.5329	16.9254
BLOCK27/SES279/SA279S28	SES177	-1.57244	15.353	16.9254
BLOCK27/SES279/SA279S28	SES206	-1.07886	15.8466	16.9254
BLOCK29/SES290/SA290S12	SES162	-1.00044	13.6416	14.642
BLOCK29/SES290/SA290S12	SES177	-0.720414	13.9216	14.642
BLOCK29/SES290/SA290S12	SES180	-2.02127	12.6208	14.642
BLOCK29/SES290/SA290S12	SES292	-2.02388	12.6181	14.642
BLOCK29/SES290/SA290S13	SES007	-0.821731	13.722	14.5437
BLOCK29/SES290/SA290S13	SES162	-2.52315	12.0206	14.5437
BLOCK29/SES290/SA290S13	SES177	-0.797679	13.7461	14.5437
BLOCK29/SES290/SA290S13	SES180	-1.19273	13.351	14.5437
BLOCK29/SES290/SA290S22	SES177	-1.19628	12.8693	14.0655
BLOCK29/SES290/SA290S22	SES180	-1.59674	12.4688	14.0655
BLOCK29/SES290/SA290S22	SES202	-1.4561	12.6095	14.0655
BLOCK29/SES290/SA290S22	SES292	-1.71471	12.3508	14.0655
BLOCK29/SES290/SA290S25	SES162	-1.46422	14.0718	15.536
BLOCK29/SES290/SA290S25	SES177	-1.486	14.05	15.536
BLOCK29/SES290/SA290S25	SES180	-1.80784	13.7282	15.536
BLOCK29/SES290/SA290S25	SES292	-1.36829	14.1677	15.536
BLOCK29/SES290/SA290S29	SES177	-0.721312	13.6628	14.3841
BLOCK29/SES290/SA290S29	SES180	-1.05304	13.3311	14.3841
BLOCK29/SES290/SA290S29	SES275	-1.30419	13.08	14.3841
BLOCK29/SES290/SA290S29	SES292	-1.25196	13.1322	14.3841
BLOCK29/SES291/SA291S11	SES105	-3.3168	10.3554	13.6722
BLOCK29/SES291/SA291S11	SES125	-1.33385	12.3383	13.6722
BLOCK29/SES291/SA291S11	SES158	-1.42911	12.2431	13.6722
BLOCK29/SES291/SA291S11	SES275	-2.89766	10.7745	13.6722
BLOCK29/SES291/SA291S12	SES158	0.569505	14.3877	13.8182
BLOCK29/SES291/SA291S12	SES226	-2.60891	11.2093	13.8182
BLOCK29/SES291/SA291S12	SES270	0.454509	14.2727	13.8182
BLOCK29/SES291/SA291S12	SES275	-4.35279	9.46545	13.8182
BLOCK29/SES291/SA291S22	SES082	-1.8174	12.9535	14.7709
BLOCK29/SES291/SA291S22	SES158	-1.63907	13.1319	14.7709
BLOCK29/SES291/SA291S22	SES259	-2.76452	12.0064	14.7709
BLOCK29/SES291/SA291S22	SES275	-3.37852	11.3924	14.7709
BLOCK29/SES291/SA291S24	SES104	-0.440897	15.4715	15.9124
BLOCK29/SES291/SA291S24	SES125	-0.746685	15.1657	15.9124
BLOCK29/SES291/SA291S24	SES158	-0.370378	15.542	15.9124
BLOCK29/SES291/SA291S24	SES275	-3.6743	12.2381	15.9124
BLOCK29/SES291/SA291S27	SES158	0.0573921	15.1831	15.1257
BLOCK29/SES291/SA291S27	SES172	-4.45276	10.6729	15.1257
BLOCK29/SES291/SA291S27	SES275	-3.82723	11.2984	15.1257
BLOCK29/SES291/SA291S27	SES292	-1.95971	13.1659	15.1257
Threshold search:
THR	-5.98481042501	9	0(0)	1(1000)
THR	-5.8805602207599	8.991	0(0)	0.999(999)
THR	-5.7763100165098	8.991	0(0)	0.999(999)
THR	-5.6720598122597	8.973	0(0)	0.997(997)
THR	-5.5678096080096	8.973	0(0)	0.997(997)
THR	-5.4635594037595	8.964	0(0)	0.996(996)
THR	-5.3593091995094	8.955	0(0)	0.995(995)
THR	-5.2550589952593	8.946	0(0)	0.994(994)
THR	-5.1508087910092	8.937	0(0)	0.993(993)
THR	-5.0465585867591	8.928	0(0)	0.992(992)
THR	-4.942308382509	8.928	0(0)	0.992(992)
THR	-4.8380581782589	8.919	0(0)	0.991(991)
THR	-4.7338079740088	8.901	0(0)	0.989(989)
THR	-4.6295577697587	8.892	0(0)	0.988(988)
THR	-4.5253075655086	8.883	0(0)	0.987(987)
THR	-4.4210573612585	8.847	0(0)	0.983(983)
THR	-4.3168071570084	8.802	0(0)	0.978(978)
THR	-4.2125569527583	8.757	0(0)	0.973(973)
THR	-4.1083067485082	8.73	0(0)	0.97(970)
THR	-4.0040565442581	8.649	0(0)	0.961(961)
THR	-3.899806340008	8.586	0(0)	0.954(954)
THR	-3.7955561357579	8.532	0(0)	0.948(948)
THR	-3.6913059315078	8.469	0(0)	0.941(941)
THR	-3.5870557272577	8.37	0(0)	0.93(930)
THR	-3.4828055230076	8.28	0(0)	0.92(920)
THR	-3.3785553187575	8.145	0(0)	0.905(905)
THR	-3.2743051145074	7.947	0(0)	0.883(883)
THR	-3.1700549102573	7.74	0(0)	0.86(860)
THR	-3.0658047060072	7.569	0(0)	0.841(841)
THR	-2.9615545017571	7.389	0(0)	0.821(821)
THR	-2.857304297507	7.155	0(0)	0.795(795)
THR	-2.7530540932569	6.867	0(0)	0.763(763)
THR	-2.6488038890068	6.633	0(0)	0.737(737)
THR	-2.5445536847567	6.408	0(0)	0.712(712)
THR	-2.4403034805066	6.048	0(0)	0.672(672)
THR	-2.3360532762565	5.688	0(0)	0.632(632)
THR	-2.2318030720064	5.346	0(0)	0.594(594)
THR	-2.1275528677563	4.941	0(0)	0.549(549)
THR	-2.0233026635062	4.5	0(0)	0.5(500)
THR	-1.9190524592561	4.14	0(0)	0.46(460)
THR	-1.814802255006	3.798	0(0)	0.422(422)
THR	-1.7105520507559	3.456	0(0)	0.384(384)
THR	-1.6063018465058	3.069	0(0)	0.341(341)
THR	-1.5020516422557	2.691	0(0)	0.299(299)
THR	-1.3978014380056	2.214	0(0)	0.246(246)
THR	-1.2935512337555	1.845	0(0)	0.205(205)
THR	-1.1893010295054	1.602	0(0)	0.178(178)
THR	-1.0850508252553	1.332	0(0)	0.148(148)
THR	-0.980800621005205	1.062	0(0)	0.118(118)
THR	-0.876550416755105	0.9	0(0)	0.1(100)
THR	-0.772300212505005	0.72	0(0)	0.08(80)
THR	-0.668050008254905	0.576	0(0)	0.064(64)
THR	-0.563799804004805	0.441	0(0)	0.049(49)
THR	-0.459549599754705	0.333	0(0)	0.037(37)
THR	-0.355299395504605	0.202	0.004(1)	0.022(22)
THR	-0.251049191254505	0.139	0.004(1)	0.015(15)
THR	-0.146798987004405	0.094	0.004(1)	0.01(10)
THR	-0.0425487827543047	0.067	0.004(1)	0.007(7)
THR	0.0617014214957953	0.053	0.008(2)	0.005(5)
THR	0.165951625745895	0.065	0.02(5)	0.005(5)
THR	0.270201829995995	0.064	0.028(7)	0.004(4)
THR	0.374452034246095	0.071	0.044(11)	0.003(3)
THR	0.478702238496195	0.082	0.064(16)	0.002(2)
THR	0.582952442746295	0.076	0.076(19)	0(0)
THR	0.687202646996395	0.116	0.116(29)	0(0)
THR	0.791452851246495	0.156	0.156(39)	0(0)
THR	0.895703055496595	0.18	0.18(45)	0(0)
THR	0.999953259746695	0.208	0.208(52)	0(0)
THR	1.1042034639968	0.256	0.256(64)	0(0)
THR	1.2084536682469	0.304	0.304(76)	0(0)
THR	1.312703872497	0.364	0.364(91)	0(0)
THR	1.41695407674709	0.4	0.4(100)	0(0)
THR	1.52120428099719	0.44	0.44(110)	0(0)
THR	1.62545448524729	0.5	0.5(125)	0(0)
THR	1.72970468949739	0.528	0.528(132)	0(0)
THR	1.83395489374749	0.572	0.572(143)	0(0)
THR	1.93820509799759	0.62	0.62(155)	0(0)
THR	2.04245530224769	0.672	0.672(168)	0(0)
THR	2.14670550649779	0.724	0.724(181)	0(0)
THR	2.25095571074789	0.76	0.76(190)	0(0)
THR	2.35520591499799	0.808	0.808(202)	0(0)
THR	2.45945611924809	0.856	0.856(214)	0(0)
THR	2.56370632349819	0.888	0.888(222)	0(0)
THR	2.66795652774829	0.892	0.892(223)	0(0)
THR	2.77220673199839	0.912	0.912(228)	0(0)
THR	2.87645693624849	0.936	0.936(234)	0(0)
THR	2.98070714049859	0.94	0.94(235)	0(0)
THR	3.08495734474869	0.948	0.948(237)	0(0)
THR	3.18920754899879	0.964	0.964(241)	0(0)
THR	3.29345775324889	0.968	0.968(242)	0(0)
THR	3.39770795749899	0.972	0.972(243)	0(0)
THR	3.50195816174909	0.976	0.976(244)	0(0)
THR	3.60620836599919	0.98	0.98(245)	0(0)
THR	3.71045857024929	0.984	0.984(246)	0(0)
THR	3.81470877449939	0.988	0.988(247)	0(0)
THR	3.91895897874949	0.988	0.988(247)	0(0)
THR	4.02320918299959	0.992	0.992(248)	0(0)
THR	4.12745938724969	0.992	0.992(248)	0(0)
THR	4.23170959149979	0.992	0.992(248)	0(0)
THR	4.33595979574989	0.996	0.996(249)	0(0)
THR	4.44020999999999	0.996	0.996(249)	0(0)
THR	4.54446020425009	1	1(250)	0(0)


==============================================
THR: 0.0617014214957953
Missed:     2/250=0.0080
FalseAlarm: 5/1000=0.0050
----------------------------------------------
==> CostDetection: 5.3
==============================================
