BLOCK00/SES002/SA002S12	SES002	2.13082	-59.4096	-61.5405
BLOCK00/SES002/SA002S13	SES002	3.01644	-59.3224	-62.3389
BLOCK00/SES002/SA002S23	SES002	2.38349	-58.8794	-61.2629
BLOCK00/SES002/SA002S26	SES002	2.72717	-58.2581	-60.9853
BLOCK00/SES002/SA002S28	SES002	2.15105	-60.3176	-62.4686
BLOCK00/SES007/SA007S14	SES007	1.80062	-60.237	-62.0376
BLOCK00/SES007/SA007S15	SES007	0.96904	-62.2071	-63.1762
BLOCK00/SES007/SA007S24	SES007	1.14943	-61.7187	-62.8681
BLOCK00/SES007/SA007S27	SES007	0.889469	-61.8394	-62.7288
BLOCK00/SES007/SA007S29	SES007	0.698071	-61.3325	-62.0306
BLOCK00/SES008/SA008S11	SES008	1.41179	-61.5388	-62.9506
BLOCK00/SES008/SA008S12	SES008	0.751953	-61.8799	-62.6318
BLOCK00/SES008/SA008S19	SES008	2.30114	-60.3037	-62.6049
BLOCK00/SES008/SA008S22	SES008	1.13987	-62.3289	-63.4688
BLOCK00/SES008/SA008S29	SES008	1.38488	-60.9285	-62.3134
BLOCK01/SES014/SA014S10	SES014	2.57853	-60.1435	-62.722
BLOCK01/SES014/SA014S12	SES014	3.69274	-57.3691	-61.0619
BLOCK01/SES014/SA014S24	SES014	2.20451	-59.7939	-61.9984
BLOCK01/SES014/SA014S26	SES014	3.27657	-56.866	-60.1426
BLOCK01/SES014/SA014S28	SES014	3.81519	-57.6202	-61.4354
BLOCK01/SES016/SA016S12	SES016	1.22105	-64.1765	-65.3976
BLOCK01/SES016/SA016S13	SES016	1.6991	-62.5184	-64.2175
BLOCK01/SES016/SA016S22	SES016	0.863201	-62.9703	-63.8335
BLOCK01/SES016/SA016S25	SES016	2.02724	-60.1832	-62.2104
BLOCK01/SES016/SA016S27	SES016	1.51213	-61.0244	-62.5365
BLOCK01/SES019/SA019S13	SES019	2.79226	-60.4649	-63.2572
BLOCK01/SES019/SA019S14	SES019	2.18808	-60.4379	-62.626
BLOCK01/SES019/SA019S22	SES019	2.41875	-60.7092	-63.128
BLOCK01/SES019/SA019S25	SES019	2.43895	-60.4411	-62.8801
BLOCK01/SES019/SA019S29	SES019	3.4234	-60.133	-63.5564
BLOCK02/SES029/SA029S11	SES029	1.25348	-61.8199	-63.0733
BLOCK02/SES029/SA029S12	SES029	0.622143	-61.9033	-62.5255
BLOCK02/SES029/SA029S20	SES029	0.69109	-62.6608	-63.3519
BLOCK02/SES029/SA029S25	SES029	0.655651	-61.8205	-62.4761
BLOCK02/SES029/SA029S28	SES029	0.769547	-61.8769	-62.6465
BLOCK04/SES042/SA042S12	SES042	3.44286	-57.9879	-61.4308
BLOCK04/SES042/SA042S15	SES042	2.71564	-59.2134	-61.9291
BLOCK04/SES042/SA042S22	SES042	4.05107	-56.3148	-60.3659
BLOCK04/SES042/SA042S25	SES042	2.63043	-59.2295	-61.86
BLOCK04/SES042/SA042S27	SES042	2.73043	-58.0321	-60.7625
BLOCK04/SES048/SA048S11	SES048	1.24626	-60.5685	-61.8147
BLOCK04/SES048/SA048S12	SES048	0.920715	-61.1637	-62.0844
BLOCK04/SES048/SA048S20	SES048	1.30239	-60.5505	-61.8529
BLOCK04/SES048/SA048S23	SES048	1.85213	-60.6433	-62.4955
BLOCK04/SES048/SA048S27	SES048	1.35434	-60.0289	-61.3832
BLOCK06/SES060/SA060S11	SES060	1.63582	-62.1265	-63.7623
BLOCK06/SES060/SA060S12	SES060	0.11784	-63.8014	-63.9192
BLOCK06/SES060/SA060S22	SES060	0.120651	-63.8315	-63.9522
BLOCK06/SES060/SA060S24	SES060	1.01831	-61.5324	-62.5507
BLOCK06/SES060/SA060S28	SES060	1.61356	-59.2703	-60.8839
BLOCK06/SES062/SA062S10	SES062	1.59846	-61.1265	-62.725
BLOCK06/SES062/SA062S11	SES062	1.816	-61.3579	-63.1739
BLOCK06/SES062/SA062S21	SES062	3.2554	-57.9129	-61.1683
BLOCK06/SES062/SA062S26	SES062	1.31219	-60.7918	-62.104
BLOCK06/SES062/SA062S29	SES062	2.15501	-59.6779	-61.8329
BLOCK06/SES068/SA068S14	SES068	1.46437	-61.4389	-62.9032
BLOCK06/SES068/SA068S15	SES068	1.74656	-60.2505	-61.9971
BLOCK06/SES068/SA068S23	SES068	1.24892	-62.0524	-63.3013
BLOCK06/SES068/SA068S27	SES068	2.63065	-60.5344	-63.165
BLOCK06/SES068/SA068S29	SES068	1.35399	-60.8718	-62.2258
BLOCK08/SES082/SA082S12	SES082	1.73775	-60.8328	-62.5706
BLOCK08/SES082/SA082S14	SES082	0.789658	-62.4627	-63.2523
BLOCK08/SES082/SA082S21	SES082	0.937	-62.1227	-63.0597
BLOCK08/SES082/SA082S24	SES082	1.73296	-60.841	-62.574
BLOCK08/SES082/SA082S28	SES082	0.712456	-62.3056	-63.018
BLOCK08/SES083/SA083S14	SES083	0.189125	-62.6921	-62.8812
BLOCK08/SES083/SA083S15	SES083	0.822544	-61.418	-62.2406
BLOCK08/SES083/SA083S24	SES083	0.648689	-62.1971	-62.8458
BLOCK08/SES083/SA083S26	SES083	0.544022	-62.1806	-62.7247
BLOCK08/SES083/SA083S29	SES083	0.511051	-61.6968	-62.2078
BLOCK08/SES085/SA085S10	SES085	0.518635	-61.8288	-62.3474
BLOCK08/SES085/SA085S13	SES085	0.962101	-62.8016	-63.7637
BLOCK08/SES085/SA085S22	SES085	-1.62481	-65.1416	-63.5168
BLOCK08/SES085/SA085S26	SES085	0.928421	-62.1563	-63.0848
BLOCK08/SES085/SA085S28	SES085	1.50021	-61.1454	-62.6457
BLOCK08/SES087/SA087S15	SES087	2.22486	-60.2164	-62.4413
BLOCK08/SES087/SA087S16	SES087	2.09454	-60.4176	-62.5122
BLOCK08/SES087/SA087S24	SES087	1.96687	-59.9113	-61.8782
BLOCK08/SES087/SA087S26	SES087	2.47737	-58.7231	-61.2004
BLOCK08/SES087/SA087S29	SES087	2.18254	-60.3523	-62.5348
BLOCK09/SES099/SA099S15	SES099	2.5004	-60.351	-62.8514
BLOCK09/SES099/SA099S16	SES099	2.33434	-59.9091	-62.2434
BLOCK09/SES099/SA099S24	SES099	1.88146	-60.125	-62.0064
BLOCK09/SES099/SA099S26	SES099	2.12896	-59.7417	-61.8707
BLOCK09/SES099/SA099S29	SES099	2.25866	-60.0542	-62.3129
BLOCK10/SES101/SA101S11	SES101	0.562904	-61.2933	-61.8562
BLOCK10/SES101/SA101S13	SES101	1.58778	-60.6384	-62.2261
BLOCK10/SES101/SA101S22	SES101	0.945751	-62.8709	-63.8166
BLOCK10/SES101/SA101S24	SES101	1.10756	-61.8078	-62.9154
BLOCK10/SES101/SA101S28	SES101	0.712902	-63.0219	-63.7348
BLOCK10/SES104/SA104S11	SES104	1.54431	-59.8907	-61.435
BLOCK10/SES104/SA104S12	SES104	1.77119	-60.1093	-61.8805
BLOCK10/SES104/SA104S21	SES104	2.05367	-60.1401	-62.1937
BLOCK10/SES104/SA104S24	SES104	1.39426	-60.4297	-61.8239
BLOCK10/SES104/SA104S28	SES104	2.05266	-60.1905	-62.2432
BLOCK10/SES105/SA105S12	SES105	1.21133	-62.5389	-63.7502
BLOCK10/SES105/SA105S13	SES105	1.35101	-61.9478	-63.2988
BLOCK10/SES105/SA105S22	SES105	0.634052	-62.7462	-63.3802
BLOCK10/SES105/SA105S26	SES105	1.40868	-62.0993	-63.508
BLOCK10/SES105/SA105S29	SES105	1.01995	-62.0888	-63.1087
BLOCK10/SES106/SA106S09	SES106	1.61084	-61.3904	-63.0012
BLOCK10/SES106/SA106S11	SES106	1.88435	-59.8031	-61.6875
BLOCK10/SES106/SA106S22	SES106	3.36509	-59.7004	-63.0655
BLOCK10/SES106/SA106S27	SES106	1.63665	-61.1017	-62.7383
BLOCK10/SES106/SA106S29	SES106	1.32827	-60.4769	-61.8052
BLOCK11/SES117/SA117S12	SES117	0.959553	-62.9754	-63.9349
BLOCK11/SES117/SA117S13	SES117	0.781193	-62.4164	-63.1976
BLOCK11/SES117/SA117S23	SES117	1.41173	-64.1533	-65.565
BLOCK11/SES117/SA117S25	SES117	1.27309	-62.7922	-64.0653
BLOCK11/SES117/SA117S28	SES117	1.26646	-63.3379	-64.6044
BLOCK12/SES120/SA120S08	SES120	1.37092	-63.1006	-64.4715
BLOCK12/SES120/SA120S11	SES120	0.360382	-64.6135	-64.9739
BLOCK12/SES120/SA120S22	SES120	0.93977	-61.8189	-62.7587
BLOCK12/SES120/SA120S24	SES120	0.924976	-62.5073	-63.4322
BLOCK12/SES120/SA120S28	SES120	0.844948	-63.5998	-64.4447
BLOCK12/SES125/SA125S13	SES125	2.60087	-59.3824	-61.9833
BLOCK12/SES125/SA125S14	SES125	1.82664	-60.4768	-62.3035
BLOCK12/SES125/SA125S25	SES125	2.51175	-59.3226	-61.8344
BLOCK12/SES125/SA125S27	SES125	2.83245	-58.4196	-61.252
BLOCK12/SES125/SA125S29	SES125	2.16723	-59.9117	-62.0789
BLOCK12/SES127/SA127S11	SES127	1.14146	-61.9397	-63.0811
BLOCK12/SES127/SA127S12	SES127	0.191727	-62.1475	-62.3392
BLOCK12/SES127/SA127S23	SES127	1.09785	-61.8382	-62.9361
BLOCK12/SES127/SA127S25	SES127	0.540352	-62.4372	-62.9776
BLOCK12/SES127/SA127S27	SES127	1.31815	-61.7024	-63.0206
BLOCK12/SES129/SA129S11	SES129	1.41468	-61.0779	-62.4926
BLOCK12/SES129/SA129S12	SES129	1.86903	-60.4461	-62.3151
BLOCK12/SES129/SA129S22	SES129	1.49828	-61.0596	-62.5579
BLOCK12/SES129/SA129S27	SES129	2.08348	-60.0577	-62.1412
BLOCK12/SES129/SA129S29	SES129	2.3339	-59.7683	-62.1022
BLOCK14/SES142/SA142S11	SES142	2.89309	-62.0235	-64.9166
BLOCK14/SES142/SA142S12	SES142	1.2651	-63.5559	-64.821
BLOCK14/SES142/SA142S24	SES142	3.31514	-61.1191	-64.4343
BLOCK14/SES142/SA142S27	SES142	2.72457	-61.4554	-64.18
BLOCK14/SES142/SA142S29	SES142	3.11197	-60.9837	-64.0957
BLOCK14/SES143/SA143S12	SES143	1.12432	-62.6963	-63.8206
BLOCK14/SES143/SA143S13	SES143	0.952183	-62.5382	-63.4904
BLOCK14/SES143/SA143S23	SES143	1.96724	-62.1887	-64.1559
BLOCK14/SES143/SA143S25	SES143	1.68691	-62.1136	-63.8005
BLOCK14/SES143/SA143S28	SES143	1.36325	-61.6378	-63.001
BLOCK14/SES144/SA144S09	SES144	0.903767	-62.059	-62.9628
BLOCK14/SES144/SA144S11	SES144	1.49461	-62.7858	-64.2804
BLOCK14/SES144/SA144S21	SES144	0.902943	-62.7586	-63.6615
BLOCK14/SES144/SA144S25	SES144	0.905899	-62.8606	-63.7665
BLOCK14/SES144/SA144S29	SES144	0.526005	-62.5171	-63.0431
BLOCK14/SES146/SA146S14	SES146	1.1849	-62.3547	-63.5396
BLOCK14/SES146/SA146S15	SES146	0.535286	-62.7767	-63.312
BLOCK14/SES146/SA146S24	SES146	0.831509	-62.991	-63.8225
BLOCK14/SES146/SA146S26	SES146	1.25241	-62.9639	-64.2163
BLOCK14/SES146/SA146S29	SES146	0.948627	-63.1104	-64.0591
BLOCK14/SES147/SA147S11	SES147	1.49767	-62.6013	-64.0989
BLOCK14/SES147/SA147S13	SES147	2.12841	-61.0698	-63.1982
BLOCK14/SES147/SA147S23	SES147	1.95126	-62.3188	-64.2701
BLOCK14/SES147/SA147S26	SES147	1.43705	-62.0266	-63.4637
BLOCK14/SES147/SA147S28	SES147	2.10672	-60.8769	-62.9837
BLOCK14/SES148/SA148S10	SES148	1.3174	-61.4421	-62.7595
BLOCK14/SES148/SA148S12	SES148	0.717014	-62.8111	-63.5281
BLOCK14/SES148/SA148S22	SES148	1.94845	-60.2952	-62.2437
BLOCK14/SES148/SA148S26	SES148	1.25803	-61.4567	-62.7148
BLOCK14/SES148/SA148S29	SES148	1.04776	-62.0295	-63.0773
BLOCK14/SES149/SA149S13	SES149	0.563366	-61.2616	-61.8249
BLOCK14/SES149/SA149S14	SES149	0.670849	-61.2709	-61.9418
BLOCK14/SES149/SA149S24	SES149	1.53603	-61.0422	-62.5782
BLOCK14/SES149/SA149S26	SES149	2.36589	-60.3351	-62.701
BLOCK14/SES149/SA149S28	SES149	2.62687	-59.5934	-62.2203
BLOCK15/SES158/SA158S13	SES158	1.49636	-61.531	-63.0274
BLOCK15/SES158/SA158S14	SES158	2.604	-60.8679	-63.4719
BLOCK15/SES158/SA158S23	SES158	1.62966	-60.7646	-62.3943
BLOCK15/SES158/SA158S26	SES158	2.33113	-60.9652	-63.2963
BLOCK15/SES158/SA158S28	SES158	1.24196	-61.7104	-62.9523
BLOCK16/SES162/SA162S10	SES162	1.63721	-62.9357	-64.573
BLOCK16/SES162/SA162S11	SES162	1.38656	-61.7204	-63.107
BLOCK16/SES162/SA162S21	SES162	1.93379	-61.819	-63.7528
BLOCK16/SES162/SA162S24	SES162	1.63507	-62.1006	-63.7357
BLOCK16/SES162/SA162S27	SES162	2.10457	-62.2249	-64.3294
BLOCK16/SES167/SA167S14	SES167	1.33802	-61.1295	-62.4675
BLOCK16/SES167/SA167S15	SES167	1.82954	-61.8687	-63.6983
BLOCK16/SES167/SA167S21	SES167	1.76228	-61.0064	-62.7686
BLOCK16/SES167/SA167S25	SES167	1.91884	-62.1968	-64.1156
BLOCK16/SES167/SA167S29	SES167	2.77201	-59.9	-62.672
BLOCK17/SES172/SA172S12	SES172	1.70815	-62.0038	-63.712
BLOCK17/SES172/SA172S13	SES172	2.17771	-62.6133	-64.791
BLOCK17/SES172/SA172S23	SES172	1.30827	-61.3031	-62.6114
BLOCK17/SES172/SA172S27	SES172	1.24851	-62.1741	-63.4226
BLOCK17/SES172/SA172S29	SES172	2.10558	-61.2541	-63.3597
BLOCK17/SES175/SA175S11	SES175	1.37107	-62.1622	-63.5333
BLOCK17/SES175/SA175S13	SES175	1.0775	-61.4259	-62.5034
BLOCK17/SES175/SA175S23	SES175	1.8707	-61.6211	-63.4918
BLOCK17/SES175/SA175S25	SES175	0.938686	-63.4458	-64.3845
BLOCK17/SES175/SA175S28	SES175	1.50561	-61.8189	-63.3245
BLOCK17/SES177/SA177S15	SES177	0.662285	-61.989	-62.6513
BLOCK17/SES177/SA177S17	SES177	1.25649	-61.4898	-62.7463
BLOCK17/SES177/SA177S23	SES177	0.570763	-62.7059	-63.2767
BLOCK17/SES177/SA177S26	SES177	1.12874	-60.3595	-61.4882
BLOCK17/SES177/SA177S28	SES177	1.17341	-61.2432	-62.4166
BLOCK18/SES180/SA180S13	SES180	1.55564	-62.2454	-63.801
BLOCK18/SES180/SA180S15	SES180	1.07018	-62.4601	-63.5303
BLOCK18/SES180/SA180S24	SES180	1.94061	-60.6579	-62.5985
BLOCK18/SES180/SA180S26	SES180	1.46373	-61.5644	-63.0281
BLOCK18/SES180/SA180S29	SES180	1.32769	-62.5643	-63.892
BLOCK18/SES183/SA183S13	SES183	1.2597	-62.4271	-63.6868
BLOCK18/SES183/SA183S14	SES183	0.663998	-62.7187	-63.3827
BLOCK18/SES183/SA183S24	SES183	1.56013	-62.7058	-64.2659
BLOCK18/SES183/SA183S27	SES183	1.24543	-62.1213	-63.3668
BLOCK18/SES183/SA183S29	SES183	1.51302	-61.4326	-62.9456
BLOCK18/SES187/SA187S13	SES187	1.0383	-63.0919	-64.1302
BLOCK18/SES187/SA187S14	SES187	1.00589	-63.1492	-64.1551
BLOCK18/SES187/SA187S24	SES187	1.94927	-62.386	-64.3353
BLOCK18/SES187/SA187S27	SES187	1.53665	-61.9875	-63.5242
BLOCK18/SES187/SA187S29	SES187	1.74624	-62.3574	-64.1036
BLOCK18/SES189/SA189S10	SES189	2.65377	-64.0097	-66.6635
BLOCK18/SES189/SA189S13	SES189	3.99434	-63.65	-67.6443
BLOCK18/SES189/SA189S24	SES189	3.95669	-63.1131	-67.0698
BLOCK18/SES189/SA189S26	SES189	2.56324	-62.847	-65.4102
BLOCK18/SES189/SA189S29	SES189	3.48981	-62.4008	-65.8907
BLOCK20/SES202/SA202S12	SES202	2.47699	-62.8311	-65.308
BLOCK20/SES202/SA202S14	SES202	3.41985	-60.5842	-64.004
BLOCK20/SES202/SA202S24	SES202	2.04548	-62.0701	-64.1156
BLOCK20/SES202/SA202S27	SES202	2.57577	-60.4781	-63.0538
BLOCK20/SES202/SA202S29	SES202	3.34615	-60.1505	-63.4966
BLOCK20/SES206/SA206S15	SES206	0.712212	-60.4273	-61.1395
BLOCK20/SES206/SA206S17	SES206	2.7651	-58.6994	-61.4645
BLOCK20/SES206/SA206S24	SES206	2.36932	-58.8363	-61.2056
BLOCK20/SES206/SA206S27	SES206	2.06097	-59.5217	-61.5827
BLOCK20/SES206/SA206S29	SES206	1.97127	-58.3898	-60.3611
BLOCK22/SES226/SA226S12	SES226	1.8802	-61.1388	-63.019
BLOCK22/SES226/SA226S13	SES226	-0.186958	-62.33	-62.1431
BLOCK22/SES226/SA226S20	SES226	1.29356	-61.7013	-62.9949
BLOCK22/SES226/SA226S23	SES226	2.06904	-60.4237	-62.4927
BLOCK22/SES226/SA226S28	SES226	1.71884	-60.5646	-62.2835
BLOCK25/SES259/SA259S13	SES259	3.61562	-58.7027	-62.3183
BLOCK25/SES259/SA259S14	SES259	2.28592	-59.3719	-61.6578
BLOCK25/SES259/SA259S22	SES259	1.92432	-59.7034	-61.6278
BLOCK25/SES259/SA259S24	SES259	2.38423	-58.5133	-60.8975
BLOCK25/SES259/SA259S28	SES259	2.06282	-59.4179	-61.4807
BLOCK27/SES270/SA270S14	SES270	2.81931	-60.7197	-63.539
BLOCK27/SES270/SA270S16	SES270	1.5785	-60.8836	-62.4621
BLOCK27/SES270/SA270S22	SES270	3.04052	-60.4981	-63.5386
BLOCK27/SES270/SA270S26	SES270	1.85927	-61.7186	-63.5778
BLOCK27/SES270/SA270S28	SES270	1.75334	-60.6809	-62.4342
BLOCK27/SES275/SA275S17	SES275	0.921577	-62.5033	-63.4248
BLOCK27/SES275/SA275S18	SES275	1.12025	-62.7417	-63.862
BLOCK27/SES275/SA275S24	SES275	1.20238	-63.0908	-64.2932
BLOCK27/SES275/SA275S26	SES275	1.52687	-61.551	-63.0778
BLOCK27/SES275/SA275S28	SES275	0.710548	-61.995	-62.7056
BLOCK29/SES292/SA292S10	SES292	0.429962	-62.5996	-63.0295
BLOCK29/SES292/SA292S12	SES292	0.000259399	-64.115	-64.1153
BLOCK29/SES292/SA292S22	SES292	1.68777	-61.4285	-63.1163
BLOCK29/SES292/SA292S24	SES292	0.187405	-62.6673	-62.8547
BLOCK29/SES292/SA292S27	SES292	0.522812	-61.8602	-62.383
BLOCK00/SES001/SA001S14	SES062	-1.15601	-64.8366	-63.6806
BLOCK00/SES001/SA001S14	SES082	-2.83737	-66.518	-63.6806
BLOCK00/SES001/SA001S14	SES106	-3.27674	-66.9574	-63.6806
BLOCK00/SES001/SA001S14	SES206	-3.68261	-67.3633	-63.6806
BLOCK00/SES001/SA001S15	SES062	-2.06039	-64.5297	-62.4693
BLOCK00/SES001/SA001S15	SES104	-3.68169	-66.151	-62.4693
BLOCK00/SES001/SA001S15	SES106	-3.10072	-65.57	-62.4693
BLOCK00/SES001/SA001S15	SES206	-3.2358	-65.7051	-62.4693
BLOCK00/SES001/SA001S24	SES062	-2.81953	-66.5795	-63.76
BLOCK00/SES001/SA001S24	SES082	-3.21024	-66.9702	-63.76
BLOCK00/SES001/SA001S24	SES087	-4.69525	-68.4552	-63.76
BLOCK00/SES001/SA001S24	SES206	-2.93349	-66.6935	-63.76
BLOCK00/SES001/SA001S27	SES062	-1.69123	-63.5385	-61.8473
BLOCK00/SES001/SA001S27	SES082	-2.78491	-64.6322	-61.8473
BLOCK00/SES001/SA001S27	SES087	-3.91511	-65.7624	-61.8473
BLOCK00/SES001/SA001S27	SES206	-3.52787	-65.3751	-61.8473
BLOCK00/SES001/SA001S29	SES062	-2.50329	-66.2831	-63.7798
BLOCK00/SES001/SA001S29	SES082	-2.16141	-65.9412	-63.7798
BLOCK00/SES001/SA001S29	SES158	-1.74506	-65.5248	-63.7798
BLOCK00/SES001/SA001S29	SES206	-3.89152	-67.6713	-63.7798
BLOCK00/SES003/SA003S11	SES002	-1.54884	-64.3184	-62.7695
BLOCK00/SES003/SA003S11	SES019	-1.43668	-64.2062	-62.7695
BLOCK00/SES003/SA003S11	SES082	-0.152512	-62.9221	-62.7695
BLOCK00/SES003/SA003S11	SES125	-0.935917	-63.7055	-62.7695
BLOCK00/SES003/SA003S15	SES016	-4.06853	-66.179	-62.1105
BLOCK00/SES003/SA003S15	SES019	-2.50023	-64.6107	-62.1105
BLOCK00/SES003/SA003S15	SES062	-2.49903	-64.6095	-62.1105
BLOCK00/SES003/SA003S15	SES206	-1.35667	-63.4672	-62.1105
BLOCK00/SES003/SA003S22	SES002	-2.46706	-64.8557	-62.3886
BLOCK00/SES003/SA003S22	SES062	-1.81664	-64.2052	-62.3886
BLOCK00/SES003/SA003S22	SES082	-0.82814	-63.2167	-62.3886
BLOCK00/SES003/SA003S22	SES087	-1.96133	-64.3499	-62.3886
BLOCK00/SES003/SA003S25	SES062	-2.15312	-65.7727	-63.6196
BLOCK00/SES003/SA003S25	SES082	0.25544	-63.3641	-63.6196
BLOCK00/SES003/SA003S25	SES087	-1.96134	-65.5809	-63.6196
BLOCK00/SES003/SA003S25	SES206	-1.76848	-65.388	-63.6196
BLOCK00/SES003/SA003S29	SES002	-2.67917	-65.0827	-62.4035
BLOCK00/SES003/SA003S29	SES062	-2.19788	-64.6014	-62.4035
BLOCK00/SES003/SA003S29	SES082	-0.646721	-63.0503	-62.4035
BLOCK00/SES003/SA003S29	SES087	-1.99203	-64.3956	-62.4035
BLOCK00/SES004/SA004S12	SES083	-1.59211	-65.6478	-64.0557
BLOCK00/SES004/SA004S12	SES148	-1.31213	-65.3678	-64.0557
BLOCK00/SES004/SA004S12	SES172	-1.05659	-65.1123	-64.0557
BLOCK00/SES004/SA004S12	SES292	-1.91363	-65.9693	-64.0557
BLOCK00/SES004/SA004S17	SES083	-1.83469	-65.8444	-64.0098
BLOCK00/SES004/SA004S17	SES162	-0.765579	-64.7753	-64.0098
BLOCK00/SES004/SA004S17	SES172	-1.37757	-65.3873	-64.0098
BLOCK00/SES004/SA004S17	SES292	-1.8868	-65.8965	-64.0098
BLOCK00/SES004/SA004S24	SES083	-1.14686	-64.7457	-63.5989
BLOCK00/SES004/SA004S24	SES148	-1.41658	-65.0155	-63.5989
BLOCK00/SES004/SA004S24	SES172	-1.00989	-64.6088	-63.5989
BLOCK00/SES004/SA004S24	SES292	-1.1372	-64.7361	-63.5989
BLOCK00/SES004/SA004S26	SES083	-0.524895	-64.0877	-63.5628
BLOCK00/SES004/SA004S26	SES127	-0.433533	-63.9963	-63.5628
BLOCK00/SES004/SA004S26	SES148	-1.48255	-65.0453	-63.5628
BLOCK00/SES004/SA004S26	SES292	-1.11904	-64.6818	-63.5628
BLOCK00/SES004/SA004S28	SES083	-0.558514	-63.9	-63.3415
BLOCK00/SES004/SA004S28	SES127	-0.525963	-63.8675	-63.3415
BLOCK00/SES004/SA004S28	SES187	-0.366955	-63.7085	-63.3415
BLOCK00/SES004/SA004S28	SES292	-1.57989	-64.9214	-63.3415
BLOCK00/SES006/SA006S10	SES014	-3.32863	-67.8136	-64.4849
BLOCK00/SES006/SA006S10	SES158	-0.521294	-65.0062	-64.4849
BLOCK00/SES006/SA006S10	SES226	-2.96626	-67.4512	-64.4849
BLOCK00/SES006/SA006S10	SES270	-0.737404	-65.2224	-64.4849
BLOCK00/SES006/SA006S11	SES158	-1.16882	-65.5017	-64.3328
BLOCK00/SES006/SA006S11	SES226	-2.48518	-66.818	-64.3328
BLOCK00/SES006/SA006S11	SES270	-0.996094	-65.3289	-64.3328
BLOCK00/SES006/SA006S11	SES275	-3.32793	-67.6608	-64.3328
BLOCK00/SES006/SA006S23	SES062	-2.54623	-65.3558	-62.8096
BLOCK00/SES006/SA006S23	SES105	-2.59035	-65.3999	-62.8096
BLOCK00/SES006/SA006S23	SES158	-1.23009	-64.0397	-62.8096
BLOCK00/SES006/SA006S23	SES275	-2.54389	-65.3535	-62.8096
BLOCK00/SES006/SA006S26	SES104	-3.19649	-66.0403	-62.8438
BLOCK00/SES006/SA006S26	SES158	-1.14739	-63.9912	-62.8438
BLOCK00/SES006/SA006S26	SES270	-0.840633	-63.6845	-62.8438
BLOCK00/SES006/SA006S26	SES275	-3.6397	-66.4836	-62.8438
BLOCK00/SES006/SA006S28	SES007	-2.54258	-66.5972	-64.0546
BLOCK00/SES006/SA006S28	SES105	-2.54205	-66.5967	-64.0546
BLOCK00/SES006/SA006S28	SES158	-1.14778	-65.2024	-64.0546
BLOCK00/SES006/SA006S28	SES275	-3.03515	-67.0898	-64.0546
BLOCK00/SES009/SA009S12	SES083	-1.26355	-64.0324	-62.7689
BLOCK00/SES009/SA009S12	SES148	-1.00168	-63.7705	-62.7689
BLOCK00/SES009/SA009S12	SES177	-1.98369	-64.7525	-62.7689
BLOCK00/SES009/SA009S12	SES292	-0.463474	-63.2323	-62.7689
BLOCK00/SES009/SA009S15	SES007	0.871723	-61.0865	-61.9582
BLOCK00/SES009/SA009S15	SES099	-6.70884	-68.6671	-61.9582
BLOCK00/SES009/SA009S15	SES148	-1.48333	-63.4416	-61.9582
BLOCK00/SES009/SA009S15	SES172	-1.0293	-62.9875	-61.9582
BLOCK00/SES009/SA009S24	SES146	-0.210091	-62.5785	-62.3684
BLOCK00/SES009/SA009S24	SES148	-0.777744	-63.1462	-62.3684
BLOCK00/SES009/SA009S24	SES177	-1.13061	-63.499	-62.3684
BLOCK00/SES009/SA009S24	SES292	-0.18718	-62.5556	-62.3684
BLOCK00/SES009/SA009S26	SES083	-1.41642	-64.0112	-62.5948
BLOCK00/SES009/SA009S26	SES101	-1.30604	-63.9008	-62.5948
BLOCK00/SES009/SA009S26	SES120	-1.24133	-63.8361	-62.5948
BLOCK00/SES009/SA009S26	SES177	-1.76817	-64.363	-62.5948
BLOCK00/SES009/SA009S29	SES083	-0.707668	-62.4907	-61.783
BLOCK00/SES009/SA009S29	SES101	-0.914001	-62.697	-61.783
BLOCK00/SES009/SA009S29	SES177	-1.53904	-63.3221	-61.783
BLOCK00/SES009/SA009S29	SES292	-0.406773	-62.1898	-61.783
BLOCK01/SES011/SA011S10	SES019	-1.21203	-63.498	-62.2859
BLOCK01/SES011/SA011S10	SES042	-0.550831	-62.8368	-62.2859
BLOCK01/SES011/SA011S10	SES082	-1.54918	-63.8351	-62.2859
BLOCK01/SES011/SA011S10	SES206	-0.808769	-63.0947	-62.2859
BLOCK01/SES011/SA011S11	SES019	-0.59325	-64.0123	-63.4191
BLOCK01/SES011/SA011S11	SES042	-0.478172	-63.8973	-63.4191
BLOCK01/SES011/SA011S11	SES082	-1.49831	-64.9174	-63.4191
BLOCK01/SES011/SA011S11	SES206	-0.606106	-64.0252	-63.4191
BLOCK01/SES011/SA011S22	SES019	-0.8591	-63.7975	-62.9384
BLOCK01/SES011/SA011S22	SES042	-0.305	-63.2434	-62.9384
BLOCK01/SES011/SA011S22	SES082	-1.50467	-64.4431	-62.9384
BLOCK01/SES011/SA011S22	SES206	-0.603092	-63.5415	-62.9384
BLOCK01/SES011/SA011S24	SES019	-1.22234	-63.0575	-61.8351
BLOCK01/SES011/SA011S24	SES042	-0.607128	-62.4423	-61.8351
BLOCK01/SES011/SA011S24	SES104	-2.10283	-63.938	-61.8351
BLOCK01/SES011/SA011S24	SES206	-0.413498	-62.2486	-61.8351
BLOCK01/SES011/SA011S27	SES082	0.198875	-62.2961	-62.495
BLOCK01/SES011/SA011S27	SES087	-1.18829	-63.6833	-62.495
BLOCK01/SES011/SA011S27	SES125	-0.128597	-62.6236	-62.495
BLOCK01/SES011/SA011S27	SES206	-0.2145	-62.7095	-62.495
BLOCK01/SES012/SA012S11	SES007	-2.00507	-62.9482	-60.9431
BLOCK01/SES012/SA012S11	SES082	-1.1992	-62.1423	-60.9431
BLOCK01/SES012/SA012S11	SES083	-2.15159	-63.0947	-60.9431
BLOCK01/SES012/SA012S11	SES206	-0.370518	-61.3136	-60.9431
BLOCK01/SES012/SA012S14	SES082	-0.912186	-62.5698	-61.6576
BLOCK01/SES012/SA012S14	SES087	-1.40155	-63.0592	-61.6576
BLOCK01/SES012/SA012S14	SES206	-0.200867	-61.8585	-61.6576
BLOCK01/SES012/SA012S14	SES292	-3.07315	-64.7308	-61.6576
BLOCK01/SES012/SA012S24	SES082	0.447731	-61.9068	-62.3545
BLOCK01/SES012/SA012S24	SES087	-0.777901	-63.1324	-62.3545
BLOCK01/SES012/SA012S24	SES120	-3.93701	-66.2915	-62.3545
BLOCK01/SES012/SA012S24	SES206	0.0573502	-62.2972	-62.3545
BLOCK01/SES012/SA012S26	SES019	-2.64425	-63.5888	-60.9445
BLOCK01/SES012/SA012S26	SES082	-2.10179	-63.0463	-60.9445
BLOCK01/SES012/SA012S26	SES206	-0.271576	-61.2161	-60.9445
BLOCK01/SES012/SA012S26	SES292	-3.67348	-64.618	-60.9445
BLOCK01/SES012/SA012S29	SES062	-2.03714	-63.3774	-61.3402
BLOCK01/SES012/SA012S29	SES082	-0.550339	-61.8906	-61.3402
BLOCK01/SES012/SA012S29	SES083	-2.06924	-63.4095	-61.3402
BLOCK01/SES012/SA012S29	SES206	-0.49192	-61.8322	-61.3402
BLOCK01/SES013/SA013S16	SES062	-3.63832	-65.7659	-62.1276
BLOCK01/SES013/SA013S16	SES106	-0.714993	-62.8426	-62.1276
BLOCK01/SES013/SA013S16	SES206	-0.513454	-62.641	-62.1276
BLOCK01/SES013/SA013S16	SES226	-0.177402	-62.305	-62.1276
BLOCK01/SES013/SA013S17	SES062	-3.46692	-64.7727	-61.3057
BLOCK01/SES013/SA013S17	SES106	-1.41629	-62.722	-61.3057
BLOCK01/SES013/SA013S17	SES206	0.0863724	-61.2194	-61.3057
BLOCK01/SES013/SA013S17	SES226	-0.375217	-61.681	-61.3057
BLOCK01/SES013/SA013S23	SES104	-1.53427	-63.9658	-62.4315
BLOCK01/SES013/SA013S23	SES106	-0.687283	-63.1188	-62.4315
BLOCK01/SES013/SA013S23	SES206	-1.23243	-63.6639	-62.4315
BLOCK01/SES013/SA013S23	SES270	-0.175838	-62.6074	-62.4315
BLOCK01/SES013/SA013S25	SES042	-1.42439	-62.5856	-61.1612
BLOCK01/SES013/SA013S25	SES104	-1.19136	-62.3525	-61.1612
BLOCK01/SES013/SA013S25	SES106	-0.625622	-61.7868	-61.1612
BLOCK01/SES013/SA013S25	SES206	-0.514217	-61.6754	-61.1612
BLOCK01/SES013/SA013S29	SES062	-4.04904	-66.3183	-62.2693
BLOCK01/SES013/SA013S29	SES104	-1.44781	-63.7171	-62.2693
BLOCK01/SES013/SA013S29	SES106	-0.60709	-62.8764	-62.2693
BLOCK01/SES013/SA013S29	SES206	-0.737103	-63.0064	-62.2693
BLOCK02/SES021/SA021S13	SES016	-4.9041	-66.8658	-61.9617
BLOCK02/SES021/SA021S13	SES029	-3.40045	-65.3621	-61.9617
BLOCK02/SES021/SA021S13	SES087	-1.60407	-63.5657	-61.9617
BLOCK02/SES021/SA021S13	SES206	-1.09067	-63.0523	-61.9617
BLOCK02/SES021/SA021S15	SES087	-1.00747	-61.6129	-60.6054
BLOCK02/SES021/SA021S15	SES125	0.0412369	-60.5642	-60.6054
BLOCK02/SES021/SA021S15	SES206	-0.305058	-60.9104	-60.6054
BLOCK02/SES021/SA021S15	SES226	-1.01395	-61.6193	-60.6054
BLOCK02/SES021/SA021S23	SES062	-3.27359	-66.3496	-63.076
BLOCK02/SES021/SA021S23	SES087	-1.76402	-64.84	-63.076
BLOCK02/SES021/SA021S23	SES206	-1.12093	-64.1969	-63.076
BLOCK02/SES021/SA021S23	SES226	-0.416985	-63.493	-63.076
BLOCK02/SES021/SA021S27	SES002	-2.07705	-63.8089	-61.7319
BLOCK02/SES021/SA021S27	SES016	-3.96911	-65.701	-61.7319
BLOCK02/SES021/SA021S27	SES019	-1.51336	-63.2452	-61.7319
BLOCK02/SES021/SA021S27	SES062	-1.26835	-63.0002	-61.7319
BLOCK02/SES021/SA021S29	SES087	-1.186	-62.7617	-61.5757
BLOCK02/SES021/SA021S29	SES125	-0.0965652	-61.6723	-61.5757
BLOCK02/SES021/SA021S29	SES206	-0.537437	-62.1132	-61.5757
BLOCK02/SES021/SA021S29	SES226	-0.671452	-62.2472	-61.5757
BLOCK04/SES043/SA043S09	SES083	-1.20855	-65.1762	-63.9676
BLOCK04/SES043/SA043S09	SES101	-2.24776	-66.2154	-63.9676
BLOCK04/SES043/SA043S09	SES144	-0.588741	-64.5564	-63.9676
BLOCK04/SES043/SA043S09	SES172	-3.77514	-67.7428	-63.9676
BLOCK04/SES043/SA043S11	SES083	-0.634499	-63.3427	-62.7082
BLOCK04/SES043/SA043S11	SES101	-1.3185	-64.0267	-62.7082
BLOCK04/SES043/SA043S11	SES144	-0.253281	-62.9615	-62.7082
BLOCK04/SES043/SA043S11	SES172	-1.66645	-64.3746	-62.7082
BLOCK04/SES043/SA043S23	SES083	-0.0848083	-63.122	-63.0372
BLOCK04/SES043/SA043S23	SES144	0.54451	-62.4927	-63.0372
BLOCK04/SES043/SA043S23	SES177	-2.48175	-65.5189	-63.0372
BLOCK04/SES043/SA043S23	SES275	-0.159431	-63.1966	-63.0372
BLOCK04/SES043/SA043S26	SES083	-0.524113	-63.4625	-62.9384
BLOCK04/SES043/SA043S26	SES101	-1.1851	-64.1235	-62.9384
BLOCK04/SES043/SA043S26	SES144	-0.214962	-63.1533	-62.9384
BLOCK04/SES043/SA043S26	SES177	-1.9706	-64.909	-62.9384
BLOCK04/SES043/SA043S28	SES016	-1.12845	-63.2876	-62.1592
BLOCK04/SES043/SA043S28	SES083	-0.79776	-62.9569	-62.1592
BLOCK04/SES043/SA043S28	SES101	-1.21441	-63.3736	-62.1592
BLOCK04/SES043/SA043S28	SES144	-0.607971	-62.7672	-62.1592
BLOCK04/SES044/SA044S10	SES127	-2.5464	-68.2674	-65.721
BLOCK04/SES044/SA044S10	SES144	-0.276688	-65.9977	-65.721
BLOCK04/SES044/SA044S10	SES147	-3.23994	-68.9609	-65.721
BLOCK04/SES044/SA044S10	SES148	-1.82669	-67.5477	-65.721
BLOCK04/SES044/SA044S11	SES101	-0.77916	-65.5349	-64.7558
BLOCK04/SES044/SA044S11	SES144	0.146263	-64.6095	-64.7558
BLOCK04/SES044/SA044S11	SES147	-2.15612	-66.9119	-64.7558
BLOCK04/SES044/SA044S11	SES177	-1.84958	-66.6053	-64.7558
BLOCK04/SES044/SA044S24	SES007	-2.10426	-66.222	-64.1177
BLOCK04/SES044/SA044S24	SES101	-0.756157	-64.8738	-64.1177
BLOCK04/SES044/SA044S24	SES147	-3.57645	-67.6941	-64.1177
BLOCK04/SES044/SA044S24	SES177	-2.28241	-66.4001	-64.1177
BLOCK04/SES044/SA044S26	SES007	-1.74378	-65.2535	-63.5097
BLOCK04/SES044/SA044S26	SES016	-1.06842	-64.5781	-63.5097
BLOCK04/SES044/SA044S26	SES101	-0.962513	-64.4722	-63.5097
BLOCK04/SES044/SA044S26	SES147	-1.20581	-64.7155	-63.5097
BLOCK04/SES044/SA044S29	SES007	-1.25835	-64.2945	-63.0361
BLOCK04/SES044/SA044S29	SES101	0.252243	-62.7839	-63.0361
BLOCK04/SES044/SA044S29	SES147	-1.0888	-64.1249	-63.0361
BLOCK04/SES044/SA044S29	SES177	-1.82117	-64.8573	-63.0361
BLOCK04/SES046/SA046S13	SES101	-2.4157	-66.38	-63.9643
BLOCK04/SES046/SA046S13	SES144	-0.390038	-64.3543	-63.9643
BLOCK04/SES046/SA046S13	SES147	-1.59238	-65.5567	-63.9643
BLOCK04/SES046/SA046S13	SES177	-0.962433	-64.9267	-63.9643
BLOCK04/SES046/SA046S15	SES048	-2.28448	-64.4781	-62.1937
BLOCK04/SES046/SA046S15	SES083	-0.433475	-62.6271	-62.1937
BLOCK04/SES046/SA046S15	SES120	-1.9538	-64.1475	-62.1937
BLOCK04/SES046/SA046S15	SES148	-0.636387	-62.83	-62.1937
BLOCK04/SES046/SA046S22	SES101	-0.145626	-63.9487	-63.8031
BLOCK04/SES046/SA046S22	SES144	0.293812	-63.5093	-63.8031
BLOCK04/SES046/SA046S22	SES147	-0.887421	-64.6905	-63.8031
BLOCK04/SES046/SA046S22	SES172	-0.913605	-64.7167	-63.8031
BLOCK04/SES046/SA046S25	SES083	-1.06903	-64.0658	-62.9968
BLOCK04/SES046/SA046S25	SES127	-1.09424	-64.091	-62.9968
BLOCK04/SES046/SA046S25	SES144	-0.853634	-63.8504	-62.9968
BLOCK04/SES046/SA046S25	SES148	-0.807518	-63.8043	-62.9968
BLOCK04/SES046/SA046S28	SES007	-2.6527	-66.1507	-63.498
BLOCK04/SES046/SA046S28	SES105	-2.13491	-65.6329	-63.498
BLOCK04/SES046/SA046S28	SES147	-1.88103	-65.379	-63.498
BLOCK04/SES046/SA046S28	SES148	-0.574242	-64.0722	-63.498
BLOCK04/SES049/SA049S16	SES104	-1.55825	-64.7369	-63.1786
BLOCK04/SES049/SA049S16	SES106	-1.24633	-64.4249	-63.1786
BLOCK04/SES049/SA049S16	SES120	-2.97021	-66.1488	-63.1786
BLOCK04/SES049/SA049S16	SES206	-0.837048	-64.0157	-63.1786
BLOCK04/SES049/SA049S18	SES099	-0.621147	-64.5941	-63.9729
BLOCK04/SES049/SA049S18	SES104	-2.14181	-66.1148	-63.9729
BLOCK04/SES049/SA049S18	SES125	-1.94566	-65.9186	-63.9729
BLOCK04/SES049/SA049S18	SES206	-1.79282	-65.7658	-63.9729
BLOCK04/SES049/SA049S25	SES087	-0.839512	-63.6612	-62.8217
BLOCK04/SES049/SA049S25	SES104	-0.165665	-62.9874	-62.8217
BLOCK04/SES049/SA049S25	SES125	-1.1684	-63.9901	-62.8217
BLOCK04/SES049/SA049S25	SES206	-0.366043	-63.1877	-62.8217
BLOCK04/SES049/SA049S27	SES099	-0.789547	-63.5166	-62.7271
BLOCK04/SES049/SA049S27	SES104	-0.156685	-62.8838	-62.7271
BLOCK04/SES049/SA049S27	SES125	-0.935486	-63.6626	-62.7271
BLOCK04/SES049/SA049S27	SES206	-1.02252	-63.7496	-62.7271
BLOCK04/SES049/SA049S29	SES099	-0.527672	-62.3624	-61.8347
BLOCK04/SES049/SA049S29	SES104	0.0253563	-61.8094	-61.8347
BLOCK04/SES049/SA049S29	SES125	-0.0672112	-61.9019	-61.8347
BLOCK04/SES049/SA049S29	SES206	-0.02771	-61.8624	-61.8347
BLOCK06/SES063/SA063S09	SES068	-1.11497	-63.7257	-62.6107
BLOCK06/SES063/SA063S09	SES083	-0.234592	-62.8453	-62.6107
BLOCK06/SES063/SA063S09	SES177	-0.579994	-63.1907	-62.6107
BLOCK06/SES063/SA063S09	SES187	-0.956482	-63.5672	-62.6107
BLOCK06/SES063/SA063S10	SES068	-2.07668	-65.1754	-63.0987
BLOCK06/SES063/SA063S10	SES083	-0.272842	-63.3715	-63.0987
BLOCK06/SES063/SA063S10	SES172	-0.0177231	-63.1164	-63.0987
BLOCK06/SES063/SA063S10	SES187	-1.32482	-64.4235	-63.0987
BLOCK06/SES063/SA063S20	SES068	-2.87328	-66.2377	-63.3644
BLOCK06/SES063/SA063S20	SES083	-0.978691	-64.3431	-63.3644
BLOCK06/SES063/SA063S20	SES172	-0.588295	-63.9527	-63.3644
BLOCK06/SES063/SA063S20	SES187	-0.359512	-63.7239	-63.3644
BLOCK06/SES063/SA063S24	SES029	-1.58489	-64.0533	-62.4684
BLOCK06/SES063/SA063S24	SES083	0.124554	-62.3438	-62.4684
BLOCK06/SES063/SA063S24	SES177	-0.626537	-63.0949	-62.4684
BLOCK06/SES063/SA063S24	SES189	-0.800373	-63.2687	-62.4684
BLOCK06/SES063/SA063S27	SES083	-0.421734	-64.2881	-63.8664
BLOCK06/SES063/SA063S27	SES172	0.142914	-63.7235	-63.8664
BLOCK06/SES063/SA063S27	SES187	-1.08051	-64.9469	-63.8664
BLOCK06/SES063/SA063S27	SES292	-2.58415	-66.4506	-63.8664
BLOCK06/SES067/SA067S12	SES083	-0.988937	-63.8502	-62.8612
BLOCK06/SES067/SA067S12	SES172	-2.55535	-65.4166	-62.8612
BLOCK06/SES067/SA067S12	SES202	0.119476	-62.7417	-62.8612
BLOCK06/SES067/SA067S12	SES292	-2.07695	-64.9382	-62.8612
BLOCK06/SES067/SA067S14	SES085	-1.56265	-63.2145	-61.6518
BLOCK06/SES067/SA067S14	SES177	-1.26369	-62.9155	-61.6518
BLOCK06/SES067/SA067S14	SES183	-1.38399	-63.0358	-61.6518
BLOCK06/SES067/SA067S14	SES202	-0.457905	-62.1097	-61.6518
BLOCK06/SES067/SA067S21	SES144	-0.533302	-64.4791	-63.9458
BLOCK06/SES067/SA067S21	SES177	-0.49189	-64.4377	-63.9458
BLOCK06/SES067/SA067S21	SES183	-2.6697	-66.6155	-63.9458
BLOCK06/SES067/SA067S21	SES189	0.20332	-63.7425	-63.9458
BLOCK06/SES067/SA067S25	SES085	-0.845215	-63.9922	-63.147
BLOCK06/SES067/SA067S25	SES177	-1.06375	-64.2107	-63.147
BLOCK06/SES067/SA067S25	SES183	-1.61767	-64.7646	-63.147
BLOCK06/SES067/SA067S25	SES202	-0.158165	-63.3051	-63.147
BLOCK06/SES067/SA067S29	SES085	-1.35845	-64.8088	-63.4504
BLOCK06/SES067/SA067S29	SES177	-1.20093	-64.6513	-63.4504
BLOCK06/SES067/SA067S29	SES183	-1.32759	-64.7779	-63.4504
BLOCK06/SES067/SA067S29	SES202	0.360012	-63.0903	-63.4504
BLOCK06/SES069/SA069S12	SES029	-3.04498	-65.3653	-62.3204
BLOCK06/SES069/SA069S12	SES082	-0.264305	-62.5847	-62.3204
BLOCK06/SES069/SA069S12	SES087	-1.71133	-64.0317	-62.3204
BLOCK06/SES069/SA069S12	SES206	-1.36344	-63.6838	-62.3204
BLOCK06/SES069/SA069S13	SES029	-3.49345	-65.2184	-61.725
BLOCK06/SES069/SA069S13	SES087	-1.87605	-63.601	-61.725
BLOCK06/SES069/SA069S13	SES206	-1.95767	-63.6826	-61.725
BLOCK06/SES069/SA069S13	SES226	-1.51412	-63.2391	-61.725
BLOCK06/SES069/SA069S23	SES029	-2.30145	-62.7672	-60.4657
BLOCK06/SES069/SA069S23	SES087	-2.01894	-62.4846	-60.4657
BLOCK06/SES069/SA069S23	SES206	-1.54134	-62.007	-60.4657
BLOCK06/SES069/SA069S23	SES226	-0.481544	-60.9473	-60.4657
BLOCK06/SES069/SA069S25	SES087	-1.52034	-62.315	-60.7947
BLOCK06/SES069/SA069S25	SES206	-1.47352	-62.2682	-60.7947
BLOCK06/SES069/SA069S25	SES226	-0.620209	-61.4149	-60.7947
BLOCK06/SES069/SA069S25	SES270	-1.23926	-62.034	-60.7947
BLOCK06/SES069/SA069S27	SES087	-2.30454	-63.4037	-61.0992
BLOCK06/SES069/SA069S27	SES206	-1.01151	-62.1107	-61.0992
BLOCK06/SES069/SA069S27	SES226	0.242512	-60.8567	-61.0992
BLOCK06/SES069/SA069S27	SES270	-1.22304	-62.3222	-61.0992
BLOCK08/SES081/SA081S11	SES060	-1.43972	-64.3017	-62.862
BLOCK08/SES081/SA081S11	SES062	-3.16793	-66.0299	-62.862
BLOCK08/SES081/SA081S11	SES117	-0.97823	-63.8402	-62.862
BLOCK08/SES081/SA081S11	SES162	-1.16994	-64.0319	-62.862
BLOCK08/SES081/SA081S13	SES016	-0.717934	-63.0257	-62.3077
BLOCK08/SES081/SA081S13	SES060	-0.264297	-62.572	-62.3077
BLOCK08/SES081/SA081S13	SES068	0.119171	-62.1886	-62.3077
BLOCK08/SES081/SA081S13	SES129	-1.57955	-63.8873	-62.3077
BLOCK08/SES081/SA081S24	SES060	-0.33569	-63.2178	-62.8821
BLOCK08/SES081/SA081S24	SES068	-0.850712	-63.7328	-62.8821
BLOCK08/SES081/SA081S24	SES117	-1.09414	-63.9762	-62.8821
BLOCK08/SES081/SA081S24	SES275	-1.47522	-64.3573	-62.8821
BLOCK08/SES081/SA081S27	SES007	-1.68009	-64.5512	-62.8711
BLOCK08/SES081/SA081S27	SES060	-1.37888	-64.25	-62.8711
BLOCK08/SES081/SA081S27	SES117	-0.0441666	-62.9152	-62.8711
BLOCK08/SES081/SA081S27	SES275	-1.59105	-64.4621	-62.8711
BLOCK08/SES081/SA081S29	SES007	-0.869522	-63.4722	-62.6027
BLOCK08/SES081/SA081S29	SES060	-0.782642	-63.3853	-62.6027
BLOCK08/SES081/SA081S29	SES117	-0.172325	-62.775	-62.6027
BLOCK08/SES081/SA081S29	SES275	-0.984684	-63.5874	-62.6027
BLOCK08/SES086/SA086S11	SES029	-5.48373	-69.357	-63.8732
BLOCK08/SES086/SA086S11	SES082	-1.72488	-65.5981	-63.8732
BLOCK08/SES086/SA086S11	SES087	-0.787399	-64.6606	-63.8732
BLOCK08/SES086/SA086S11	SES206	-1.82823	-65.7015	-63.8732
BLOCK08/SES086/SA086S12	SES029	-4.59777	-67.4022	-62.8045
BLOCK08/SES086/SA086S12	SES082	-0.451389	-63.2558	-62.8045
BLOCK08/SES086/SA086S12	SES087	0.713749	-62.0907	-62.8045
BLOCK08/SES086/SA086S12	SES206	-0.506477	-63.3109	-62.8045
BLOCK08/SES086/SA086S20	SES029	-5.31924	-66.9382	-61.619
BLOCK08/SES086/SA086S20	SES082	-1.42607	-63.0451	-61.619
BLOCK08/SES086/SA086S20	SES087	-0.0737495	-61.6928	-61.619
BLOCK08/SES086/SA086S20	SES206	-0.19952	-61.8185	-61.619
BLOCK08/SES086/SA086S24	SES087	0.606491	-61.9777	-62.5842
BLOCK08/SES086/SA086S24	SES104	-1.10997	-63.6941	-62.5842
BLOCK08/SES086/SA086S24	SES120	-3.90079	-66.485	-62.5842
BLOCK08/SES086/SA086S24	SES206	0.353092	-62.2311	-62.5842
BLOCK08/SES086/SA086S28	SES029	-3.62144	-65.2436	-61.6222
BLOCK08/SES086/SA086S28	SES082	-1.07406	-62.6963	-61.6222
BLOCK08/SES086/SA086S28	SES087	0.573456	-61.0487	-61.6222
BLOCK08/SES086/SA086S28	SES206	-0.458401	-62.0806	-61.6222
BLOCK08/SES089/SA089S13	SES087	-1.75508	-64.7106	-62.9556
BLOCK08/SES089/SA089S13	SES206	-1.72633	-64.6819	-62.9556
BLOCK08/SES089/SA089S13	SES226	-1.07012	-64.0257	-62.9556
BLOCK08/SES089/SA089S13	SES270	-2.64339	-65.5989	-62.9556
BLOCK08/SES089/SA089S14	SES062	-2.23672	-64.4848	-62.2481
BLOCK08/SES089/SA089S14	SES087	-1.05065	-63.2987	-62.2481
BLOCK08/SES089/SA089S14	SES206	-1.30005	-63.5481	-62.2481
BLOCK08/SES089/SA089S14	SES226	-0.478344	-62.7264	-62.2481
BLOCK08/SES089/SA089S23	SES087	-1.55254	-65.4918	-63.9393
BLOCK08/SES089/SA089S23	SES206	-1.73566	-65.6749	-63.9393
BLOCK08/SES089/SA089S23	SES226	-1.05408	-64.9934	-63.9393
BLOCK08/SES089/SA089S23	SES270	-2.35307	-66.2924	-63.9393
BLOCK08/SES089/SA089S25	SES062	-2.52336	-65.2386	-62.7152
BLOCK08/SES089/SA089S25	SES087	-0.936764	-63.652	-62.7152
BLOCK08/SES089/SA089S25	SES206	-1.24146	-63.9567	-62.7152
BLOCK08/SES089/SA089S25	SES226	0.118408	-62.5968	-62.7152
BLOCK08/SES089/SA089S28	SES062	-1.76956	-64.8368	-63.0672
BLOCK08/SES089/SA089S28	SES087	-0.63435	-63.7016	-63.0672
BLOCK08/SES089/SA089S28	SES206	-0.407211	-63.4744	-63.0672
BLOCK08/SES089/SA089S28	SES226	0.112076	-62.9551	-63.0672
BLOCK09/SES097/SA097S11	SES099	0.415062	-62.9423	-63.3574
BLOCK09/SES097/SA097S11	SES125	-1.15185	-64.5092	-63.3574
BLOCK09/SES097/SA097S11	SES206	-0.551292	-63.9087	-63.3574
BLOCK09/SES097/SA097S11	SES226	0.398411	-62.959	-63.3574
BLOCK09/SES097/SA097S14	SES062	-2.72691	-65.4497	-62.7228
BLOCK09/SES097/SA097S14	SES099	-1.22541	-63.9482	-62.7228
BLOCK09/SES097/SA097S14	SES104	-0.921658	-63.6444	-62.7228
BLOCK09/SES097/SA097S14	SES206	-1.18673	-63.9095	-62.7228
BLOCK09/SES097/SA097S22	SES099	0.178093	-62.8229	-63.0009
BLOCK09/SES097/SA097S22	SES206	-0.831982	-63.8329	-63.0009
BLOCK09/SES097/SA097S22	SES226	-0.79966	-63.8006	-63.0009
BLOCK09/SES097/SA097S22	SES270	0.126354	-62.8746	-63.0009
BLOCK09/SES097/SA097S26	SES099	0.07938	-62.5145	-62.5939
BLOCK09/SES097/SA097S26	SES120	-3.21772	-65.8116	-62.5939
BLOCK09/SES097/SA097S26	SES206	-0.559868	-63.1537	-62.5939
BLOCK09/SES097/SA097S26	SES226	-0.865646	-63.4595	-62.5939
BLOCK09/SES097/SA097S28	SES099	-0.328941	-62.9668	-62.6378
BLOCK09/SES097/SA097S28	SES120	-2.80112	-65.4389	-62.6378
BLOCK09/SES097/SA097S28	SES206	-1.67992	-64.3177	-62.6378
BLOCK09/SES097/SA097S28	SES226	-1.46243	-64.1003	-62.6378
BLOCK09/SES098/SA098S11	SES127	-2.06992	-67.2165	-65.1466
BLOCK09/SES098/SA098S11	SES144	-0.6306	-65.7772	-65.1466
BLOCK09/SES098/SA098S11	SES147	0.0463333	-65.1003	-65.1466
BLOCK09/SES098/SA098S11	SES148	-1.85738	-67.004	-65.1466
BLOCK09/SES098/SA098S12	SES127	-3.78376	-70.0314	-66.2477
BLOCK09/SES098/SA098S12	SES144	-1.16022	-67.4079	-66.2477
BLOCK09/SES098/SA098S12	SES147	-0.202385	-66.45	-66.2477
BLOCK09/SES098/SA098S12	SES189	-0.0282288	-66.2759	-66.2477
BLOCK09/SES098/SA098S20	SES127	-3.41068	-68.7244	-65.3137
BLOCK09/SES098/SA098S20	SES147	0.287468	-65.0262	-65.3137
BLOCK09/SES098/SA098S20	SES148	-2.46751	-67.7812	-65.3137
BLOCK09/SES098/SA098S20	SES292	-2.11813	-67.4318	-65.3137
BLOCK09/SES098/SA098S23	SES127	-1.8193	-66.2319	-64.4126
BLOCK09/SES098/SA098S23	SES147	-0.0309219	-64.4436	-64.4126
BLOCK09/SES098/SA098S23	SES187	-0.633675	-65.0463	-64.4126
BLOCK09/SES098/SA098S23	SES292	-2.5066	-66.9192	-64.4126
BLOCK09/SES098/SA098S27	SES127	-2.10342	-67.0594	-64.956
BLOCK09/SES098/SA098S27	SES147	-1.29298	-66.249	-64.956
BLOCK09/SES098/SA098S27	SES148	-2.4891	-67.4451	-64.956
BLOCK09/SES098/SA098S27	SES292	-2.48608	-67.4421	-64.956
BLOCK10/SES102/SA102S13	SES101	-0.34523	-64.2263	-63.8811
BLOCK10/SES102/SA102S13	SES105	-1.42135	-65.3024	-63.8811
BLOCK10/SES102/SA102S13	SES120	-1.44199	-65.3231	-63.8811
BLOCK10/SES102/SA102S13	SES158	-7.42058	-71.3017	-63.8811
BLOCK10/SES102/SA102S14	SES007	0.542122	-62.0737	-62.6159
BLOCK10/SES102/SA102S14	SES101	0.177921	-62.4379	-62.6159
BLOCK10/SES102/SA102S14	SES105	0.38607	-62.2298	-62.6159
BLOCK10/SES102/SA102S14	SES147	-2.15736	-64.7732	-62.6159
BLOCK10/SES102/SA102S22	SES007	-0.762085	-63.437	-62.6749
BLOCK10/SES102/SA102S22	SES101	-0.0662575	-62.7412	-62.6749
BLOCK10/SES102/SA102S22	SES105	-0.50441	-63.1793	-62.6749
BLOCK10/SES102/SA102S22	SES158	-4.25206	-66.927	-62.6749
BLOCK10/SES102/SA102S25	SES007	-0.277046	-63.0424	-62.7653
BLOCK10/SES102/SA102S25	SES101	-0.11792	-62.8833	-62.7653
BLOCK10/SES102/SA102S25	SES105	-0.325928	-63.0913	-62.7653
BLOCK10/SES102/SA102S25	SES147	-3.97131	-66.7366	-62.7653
BLOCK10/SES102/SA102S27	SES007	-0.736378	-63.9016	-63.1652
BLOCK10/SES102/SA102S27	SES101	-0.178711	-63.3439	-63.1652
BLOCK10/SES102/SA102S27	SES105	-0.248638	-63.4139	-63.1652
BLOCK10/SES102/SA102S27	SES147	-2.19285	-65.3581	-63.1652
BLOCK10/SES103/SA103S14	SES105	-3.85877	-67.3193	-63.4605
BLOCK10/SES103/SA103S14	SES106	-0.785496	-64.246	-63.4605
BLOCK10/SES103/SA103S14	SES120	-4.43267	-67.8932	-63.4605
BLOCK10/SES103/SA103S14	SES206	-1.38516	-64.8456	-63.4605
BLOCK10/SES103/SA103S15	SES099	-1.25407	-65.5048	-64.2507
BLOCK10/SES103/SA103S15	SES101	-4.83788	-69.0886	-64.2507
BLOCK10/SES103/SA103S15	SES104	-1.54524	-65.796	-64.2507
BLOCK10/SES103/SA103S15	SES125	-1.14656	-65.3973	-64.2507
BLOCK10/SES103/SA103S24	SES104	-2.3554	-64.7207	-62.3653
BLOCK10/SES103/SA103S24	SES125	-1.69902	-64.0643	-62.3653
BLOCK10/SES103/SA103S24	SES148	-3.58836	-65.9536	-62.3653
BLOCK10/SES103/SA103S24	SES158	-0.817734	-63.183	-62.3653
BLOCK10/SES103/SA103S26	SES104	-2.5349	-66.1079	-63.573
BLOCK10/SES103/SA103S26	SES106	-1.78556	-65.3586	-63.573
BLOCK10/SES103/SA103S26	SES125	-1.87897	-65.452	-63.573
BLOCK10/SES103/SA103S26	SES148	-3.57672	-67.1498	-63.573
BLOCK10/SES103/SA103S28	SES104	-2.59531	-66.9612	-64.3659
BLOCK10/SES103/SA103S28	SES106	-1.48675	-65.8526	-64.3659
BLOCK10/SES103/SA103S28	SES125	-2.5124	-66.8783	-64.3659
BLOCK10/SES103/SA103S28	SES206	-3.12415	-67.49	-64.3659
BLOCK12/SES121/SA121S12	SES042	-2.49174	-67.0846	-64.5928
BLOCK12/SES121/SA121S12	SES087	-1.94991	-66.5427	-64.5928
BLOCK12/SES121/SA121S12	SES105	-2.5957	-67.1885	-64.5928
BLOCK12/SES121/SA121S12	SES206	-1.18761	-65.7804	-64.5928
BLOCK12/SES121/SA121S14	SES007	-3.65992	-68.707	-65.047
BLOCK12/SES121/SA121S14	SES105	-3.78823	-68.8353	-65.047
BLOCK12/SES121/SA121S14	SES106	-2.7151	-67.7621	-65.047
BLOCK12/SES121/SA121S14	SES206	-2.2006	-67.2476	-65.047
BLOCK12/SES121/SA121S23	SES105	-3.07139	-68.013	-64.9416
BLOCK12/SES121/SA121S23	SES106	-1.30132	-66.2429	-64.9416
BLOCK12/SES121/SA121S23	SES120	-3.7709	-68.7125	-64.9416
BLOCK12/SES121/SA121S23	SES206	-1.70978	-66.6514	-64.9416
BLOCK12/SES121/SA121S25	SES007	-3.75067	-69.1413	-65.3906
BLOCK12/SES121/SA121S25	SES105	-4.01337	-69.404	-65.3906
BLOCK12/SES121/SA121S25	SES106	-2.56763	-67.9583	-65.3906
BLOCK12/SES121/SA121S25	SES206	-2.37883	-67.7695	-65.3906
BLOCK12/SES121/SA121S27	SES087	-1.39783	-65.3322	-63.9344
BLOCK12/SES121/SA121S27	SES105	-4.45515	-68.3895	-63.9344
BLOCK12/SES121/SA121S27	SES120	-4.27162	-68.206	-63.9344
BLOCK12/SES121/SA121S27	SES206	-2.00789	-65.9423	-63.9344
BLOCK12/SES124/SA124S16	SES042	-0.723583	-63.2846	-62.561
BLOCK12/SES124/SA124S16	SES082	-0.827843	-63.3889	-62.561
BLOCK12/SES124/SA124S16	SES183	-4.52079	-67.0818	-62.561
BLOCK12/SES124/SA124S16	SES206	-1.79406	-64.3551	-62.561
BLOCK12/SES124/SA124S17	SES105	-2.78556	-66.2367	-63.4512
BLOCK12/SES124/SA124S17	SES149	-2.00986	-65.4611	-63.4512
BLOCK12/SES124/SA124S17	SES158	-2.10912	-65.5603	-63.4512
BLOCK12/SES124/SA124S17	SES275	-2.88632	-66.3375	-63.4512
BLOCK12/SES124/SA124S23	SES105	-3.07747	-64.2571	-61.1796
BLOCK12/SES124/SA124S23	SES125	0.222263	-60.9574	-61.1796
BLOCK12/SES124/SA124S23	SES129	-3.95663	-65.1363	-61.1796
BLOCK12/SES124/SA124S23	SES158	-0.0525627	-61.2322	-61.1796
BLOCK12/SES124/SA124S26	SES105	-4.17971	-66.6991	-62.5194
BLOCK12/SES124/SA124S26	SES125	0.664612	-61.8547	-62.5194
BLOCK12/SES124/SA124S26	SES129	-4.25361	-66.773	-62.5194
BLOCK12/SES124/SA124S26	SES158	-0.751587	-63.2709	-62.5194
BLOCK12/SES124/SA124S28	SES104	-0.339642	-62.1754	-61.8357
BLOCK12/SES124/SA124S28	SES106	-0.265888	-62.1016	-61.8357
BLOCK12/SES124/SA124S28	SES125	0.193058	-61.6427	-61.8357
BLOCK12/SES124/SA124S28	SES275	-3.39225	-65.228	-61.8357
BLOCK12/SES126/SA126S13	SES007	-2.47744	-67.7574	-65.28
BLOCK12/SES126/SA126S13	SES162	-1.88655	-67.1665	-65.28
BLOCK12/SES126/SA126S13	SES177	-2.0311	-67.3111	-65.28
BLOCK12/SES126/SA126S13	SES180	-1.88818	-67.1682	-65.28
BLOCK12/SES126/SA126S14	SES144	-0.900661	-64.3869	-63.4863
BLOCK12/SES126/SA126S14	SES148	-1.1459	-64.6322	-63.4863
BLOCK12/SES126/SA126S14	SES177	-0.504826	-63.9911	-63.4863
BLOCK12/SES126/SA126S14	SES180	-0.577938	-64.0642	-63.4863
BLOCK12/SES126/SA126S20	SES007	-1.73582	-65.4098	-63.674
BLOCK12/SES126/SA126S20	SES162	-1.18575	-64.8598	-63.674
BLOCK12/SES126/SA126S20	SES172	-4.75519	-68.4292	-63.674
BLOCK12/SES126/SA126S20	SES180	-0.902672	-64.5767	-63.674
BLOCK12/SES126/SA126S24	SES120	-0.556683	-64.0344	-63.4778
BLOCK12/SES126/SA126S24	SES162	-0.584362	-64.0621	-63.4778
BLOCK12/SES126/SA126S24	SES177	-0.446526	-63.9243	-63.4778
BLOCK12/SES126/SA126S24	SES180	0.226124	-63.2516	-63.4778
BLOCK12/SES126/SA126S26	SES120	-1.05699	-65.0712	-64.0142
BLOCK12/SES126/SA126S26	SES177	-0.963081	-64.9773	-64.0142
BLOCK12/SES126/SA126S26	SES180	-1.50105	-65.5152	-64.0142
BLOCK12/SES126/SA126S26	SES202	-2.32995	-66.3441	-64.0142
BLOCK12/SES128/SA128S10	SES087	-2.71827	-65.3372	-62.6189
BLOCK12/SES128/SA128S10	SES206	-1.60337	-64.2223	-62.6189
BLOCK12/SES128/SA128S10	SES226	-0.655746	-63.2746	-62.6189
BLOCK12/SES128/SA128S10	SES270	-1.07228	-63.6912	-62.6189
BLOCK12/SES128/SA128S12	SES120	-3.47833	-66.0474	-62.5691
BLOCK12/SES128/SA128S12	SES158	-1.41152	-63.9806	-62.5691
BLOCK12/SES128/SA128S12	SES206	-1.67656	-64.2456	-62.5691
BLOCK12/SES128/SA128S12	SES226	-1.26418	-63.8332	-62.5691
BLOCK12/SES128/SA128S21	SES106	-3.97601	-67.992	-64.016
BLOCK12/SES128/SA128S21	SES120	-2.77005	-66.7861	-64.016
BLOCK12/SES128/SA128S21	SES206	-3.43826	-67.4543	-64.016
BLOCK12/SES128/SA128S21	SES226	-1.84685	-65.8629	-64.016
BLOCK12/SES128/SA128S24	SES087	-3.84106	-67.806	-63.9649
BLOCK12/SES128/SA128S24	SES120	-2.03482	-65.9997	-63.9649
BLOCK12/SES128/SA128S24	SES206	-3.01523	-66.9801	-63.9649
BLOCK12/SES128/SA128S24	SES226	-2.37127	-66.3362	-63.9649
BLOCK12/SES128/SA128S27	SES099	-1.54078	-64.2317	-62.6909
BLOCK12/SES128/SA128S27	SES120	-1.94455	-64.6355	-62.6909
BLOCK12/SES128/SA128S27	SES206	-2.13852	-64.8294	-62.6909
BLOCK12/SES128/SA128S27	SES226	-1.37017	-64.0611	-62.6909
BLOCK13/SES130/SA130S13	SES143	-1.86083	-67.0472	-65.1863
BLOCK13/SES130/SA130S13	SES144	0.142647	-65.0437	-65.1863
BLOCK13/SES130/SA130S13	SES146	-0.120895	-65.3072	-65.1863
BLOCK13/SES130/SA130S13	SES275	-2.09465	-67.281	-65.1863
BLOCK13/SES130/SA130S15	SES143	-1.46508	-65.3412	-63.8761
BLOCK13/SES130/SA130S15	SES144	-0.151394	-64.0275	-63.8761
BLOCK13/SES130/SA130S15	SES146	-0.281979	-64.1581	-63.8761
BLOCK13/SES130/SA130S15	SES275	-0.563457	-64.4396	-63.8761
BLOCK13/SES130/SA130S23	SES127	-2.36733	-67.6416	-65.2743
BLOCK13/SES130/SA130S23	SES144	-0.378181	-65.6524	-65.2743
BLOCK13/SES130/SA130S23	SES146	0.345802	-64.9285	-65.2743
BLOCK13/SES130/SA130S23	SES162	-0.874702	-66.149	-65.2743
BLOCK13/SES130/SA130S25	SES127	-2.04389	-65.529	-63.4851
BLOCK13/SES130/SA130S25	SES144	0.449276	-63.0359	-63.4851
BLOCK13/SES130/SA130S25	SES146	0.0250359	-63.4601	-63.4851
BLOCK13/SES130/SA130S25	SES275	-0.167511	-63.6526	-63.4851
BLOCK13/SES130/SA130S28	SES127	-1.11028	-65.0025	-63.8922
BLOCK13/SES130/SA130S28	SES144	-0.0696754	-63.9619	-63.8922
BLOCK13/SES130/SA130S28	SES146	-0.451515	-64.3437	-63.8922
BLOCK13/SES130/SA130S28	SES275	-0.235176	-64.1274	-63.8922
BLOCK13/SES131/SA131S13	SES002	-3.27993	-68.0723	-64.7923
BLOCK13/SES131/SA131S13	SES007	-3.69994	-68.4923	-64.7923
BLOCK13/SES131/SA131S13	SES099	-2.31908	-67.1114	-64.7923
BLOCK13/SES131/SA131S13	SES105	-3.15317	-67.9455	-64.7923
BLOCK13/SES131/SA131S14	SES104	-1.3024	-63.8713	-62.5689
BLOCK13/SES131/SA131S14	SES106	-0.684269	-63.2532	-62.5689
BLOCK13/SES131/SA131S14	SES125	-1.15005	-63.7189	-62.5689
BLOCK13/SES131/SA131S14	SES148	-2.18509	-64.754	-62.5689
BLOCK13/SES131/SA131S20	SES104	-2.29729	-66.118	-63.8207
BLOCK13/SES131/SA131S20	SES106	-0.995857	-64.8165	-63.8207
BLOCK13/SES131/SA131S20	SES125	-1.88863	-65.7093	-63.8207
BLOCK13/SES131/SA131S20	SES148	-3.91287	-67.7335	-63.8207
BLOCK13/SES131/SA131S22	SES099	-1.5749	-64.6322	-63.0573
BLOCK13/SES131/SA131S22	SES104	-1.88355	-64.9408	-63.0573
BLOCK13/SES131/SA131S22	SES125	-1.7151	-64.7724	-63.0573
BLOCK13/SES131/SA131S22	SES206	-2.25337	-65.3106	-63.0573
BLOCK13/SES131/SA131S29	SES087	-1.65957	-65.4146	-63.7551
BLOCK13/SES131/SA131S29	SES104	-2.26041	-66.0155	-63.7551
BLOCK13/SES131/SA131S29	SES125	-2.20203	-65.9571	-63.7551
BLOCK13/SES131/SA131S29	SES206	-1.73405	-65.4891	-63.7551
BLOCK13/SES132/SA132S11	SES083	-1.34555	-64.0611	-62.7155
BLOCK13/SES132/SA132S11	SES120	0.217552	-62.498	-62.7155
BLOCK13/SES132/SA132S11	SES127	-0.582123	-63.2976	-62.7155
BLOCK13/SES132/SA132S11	SES275	-1.12088	-63.8364	-62.7155
BLOCK13/SES132/SA132S12	SES083	-1.19253	-63.8764	-62.6838
BLOCK13/SES132/SA132S12	SES143	-0.651505	-63.3353	-62.6838
BLOCK13/SES132/SA132S12	SES144	-0.787399	-63.4712	-62.6838
BLOCK13/SES132/SA132S12	SES148	-0.635582	-63.3194	-62.6838
BLOCK13/SES132/SA132S22	SES062	-0.405323	-62.9174	-62.5121
BLOCK13/SES132/SA132S22	SES083	-0.571026	-63.0831	-62.5121
BLOCK13/SES132/SA132S22	SES127	-0.614315	-63.1264	-62.5121
BLOCK13/SES132/SA132S22	SES275	-0.762547	-63.2746	-62.5121
BLOCK13/SES132/SA132S24	SES007	-0.323284	-63.1002	-62.7769
BLOCK13/SES132/SA132S24	SES083	-1.20559	-63.9825	-62.7769
BLOCK13/SES132/SA132S24	SES127	-0.715939	-63.4928	-62.7769
BLOCK13/SES132/SA132S24	SES275	-0.993954	-63.7709	-62.7769
BLOCK13/SES132/SA132S27	SES083	-1.48389	-64.6523	-63.1684
BLOCK13/SES132/SA132S27	SES120	0.00625229	-63.1621	-63.1684
BLOCK13/SES132/SA132S27	SES127	-1.45718	-64.6256	-63.1684
BLOCK13/SES132/SA132S27	SES275	-1.15496	-64.3233	-63.1684
BLOCK14/SES141/SA141S09	SES143	-0.216743	-63.5351	-63.3184
BLOCK14/SES141/SA141S09	SES144	-0.583241	-63.9016	-63.3184
BLOCK14/SES141/SA141S09	SES162	-0.648121	-63.9665	-63.3184
BLOCK14/SES141/SA141S09	SES180	-0.648384	-63.9667	-63.3184
BLOCK14/SES141/SA141S15	SES127	-1.23313	-65.0277	-63.7946
BLOCK14/SES141/SA141S15	SES144	-0.860104	-64.6547	-63.7946
BLOCK14/SES141/SA141S15	SES162	-0.782215	-64.5768	-63.7946
BLOCK14/SES141/SA141S15	SES180	-0.426937	-64.2215	-63.7946
BLOCK14/SES141/SA141S24	SES127	-0.327309	-63.9494	-63.622
BLOCK14/SES141/SA141S24	SES144	-1.05495	-64.677	-63.622
BLOCK14/SES141/SA141S24	SES162	-0.0531235	-63.6752	-63.622
BLOCK14/SES141/SA141S24	SES183	-1.72376	-65.3458	-63.622
BLOCK14/SES141/SA141S26	SES142	-1.31565	-65.4324	-64.1167
BLOCK14/SES141/SA141S26	SES144	-1.05397	-65.1707	-64.1167
BLOCK14/SES141/SA141S26	SES172	-1.54248	-65.6592	-64.1167
BLOCK14/SES141/SA141S26	SES180	-0.594383	-64.7111	-64.1167
BLOCK14/SES141/SA141S29	SES127	0.131565	-63.3078	-63.4394
BLOCK14/SES141/SA141S29	SES142	0.0237083	-63.4157	-63.4394
BLOCK14/SES141/SA141S29	SES144	-0.82975	-64.2691	-63.4394
BLOCK14/SES141/SA141S29	SES180	-0.00828171	-63.4477	-63.4394
BLOCK15/SES157/SA157S08	SES083	-2.11111	-65.5984	-63.4873
BLOCK15/SES157/SA157S08	SES127	-1.63577	-65.1231	-63.4873
BLOCK15/SES157/SA157S08	SES148	-0.43095	-63.9183	-63.4873
BLOCK15/SES157/SA157S08	SES292	-1.75552	-65.2429	-63.4873
BLOCK15/SES157/SA157S11	SES083	-1.44994	-64.7297	-63.2797
BLOCK15/SES157/SA157S11	SES127	-2.41386	-65.6936	-63.2797
BLOCK15/SES157/SA157S11	SES148	-1.06191	-64.3416	-63.2797
BLOCK15/SES157/SA157S11	SES292	-1.82874	-65.1085	-63.2797
BLOCK15/SES157/SA157S21	SES127	-2.05875	-65.0291	-62.9704
BLOCK15/SES157/SA157S21	SES148	-0.847118	-63.8175	-62.9704
BLOCK15/SES157/SA157S21	SES158	-5.0238	-67.9942	-62.9704
BLOCK15/SES157/SA157S21	SES292	-1.08906	-64.0594	-62.9704
BLOCK15/SES157/SA157S24	SES127	-2.11664	-65.2556	-63.139
BLOCK15/SES157/SA157S24	SES148	-0.718723	-63.8577	-63.139
BLOCK15/SES157/SA157S24	SES183	-1.62621	-64.7652	-63.139
BLOCK15/SES157/SA157S24	SES292	-1.61128	-64.7503	-63.139
BLOCK15/SES157/SA157S26	SES007	-0.659542	-63.6735	-63.014
BLOCK15/SES157/SA157S26	SES127	-0.964741	-63.9787	-63.014
BLOCK15/SES157/SA157S26	SES147	-2.86855	-65.8825	-63.014
BLOCK15/SES157/SA157S26	SES148	-0.547482	-63.5615	-63.014
BLOCK16/SES161/SA161S10	SES007	-2.76138	-67.1669	-64.4055
BLOCK16/SES161/SA161S10	SES105	-1.75457	-66.1601	-64.4055
BLOCK16/SES161/SA161S10	SES158	-2.98281	-67.3883	-64.4055
BLOCK16/SES161/SA161S10	SES275	-2.1539	-66.5594	-64.4055
BLOCK16/SES161/SA161S12	SES007	-1.73133	-65.5073	-63.7759
BLOCK16/SES161/SA161S12	SES105	-2.47073	-66.2467	-63.7759
BLOCK16/SES161/SA161S12	SES158	-2.00345	-65.7794	-63.7759
BLOCK16/SES161/SA161S12	SES275	-1.37448	-65.1504	-63.7759
BLOCK16/SES161/SA161S20	SES007	-2.69032	-67.8331	-65.1428
BLOCK16/SES161/SA161S20	SES105	-2.79809	-67.9408	-65.1428
BLOCK16/SES161/SA161S20	SES158	-2.36406	-67.5068	-65.1428
BLOCK16/SES161/SA161S20	SES275	-2.73713	-67.8799	-65.1428
BLOCK16/SES161/SA161S23	SES007	-2.65242	-66.0121	-63.3597
BLOCK16/SES161/SA161S23	SES105	-1.80241	-65.1621	-63.3597
BLOCK16/SES161/SA161S23	SES148	-2.78356	-66.1433	-63.3597
BLOCK16/SES161/SA161S23	SES158	-1.68166	-65.0414	-63.3597
BLOCK16/SES161/SA161S28	SES007	-2.68739	-66.6014	-63.914
BLOCK16/SES161/SA161S28	SES105	-2.59584	-66.5098	-63.914
BLOCK16/SES161/SA161S28	SES158	-1.27732	-65.1913	-63.914
BLOCK16/SES161/SA161S28	SES206	-2.2871	-66.2011	-63.914
BLOCK16/SES164/SA164S11	SES104	-2.08194	-63.877	-61.795
BLOCK16/SES164/SA164S11	SES125	-0.775806	-62.5708	-61.795
BLOCK16/SES164/SA164S11	SES158	-0.0809479	-61.876	-61.795
BLOCK16/SES164/SA164S11	SES206	-1.66422	-63.4592	-61.795
BLOCK16/SES164/SA164S13	SES099	-0.406151	-63.4612	-63.0551
BLOCK16/SES164/SA164S13	SES104	-1.57891	-64.634	-63.0551
BLOCK16/SES164/SA164S13	SES125	-1.37114	-64.4262	-63.0551
BLOCK16/SES164/SA164S13	SES206	-1.4456	-64.5007	-63.0551
BLOCK16/SES164/SA164S24	SES002	-0.747044	-63.3561	-62.6091
BLOCK16/SES164/SA164S24	SES099	-0.154526	-62.7636	-62.6091
BLOCK16/SES164/SA164S24	SES125	-1.2282	-63.8372	-62.6091
BLOCK16/SES164/SA164S24	SES226	-0.593521	-63.2026	-62.6091
BLOCK16/SES164/SA164S27	SES087	-2.55176	-65.9529	-63.4011
BLOCK16/SES164/SA164S27	SES125	-1.24763	-64.6487	-63.4011
BLOCK16/SES164/SA164S27	SES206	-1.4844	-64.8855	-63.4011
BLOCK16/SES164/SA164S27	SES226	-1.13044	-64.5315	-63.4011
BLOCK16/SES164/SA164S29	SES002	-0.0662575	-62.2745	-62.2083
BLOCK16/SES164/SA164S29	SES019	-1.4734	-63.6817	-62.2083
BLOCK16/SES164/SA164S29	SES125	-0.854492	-63.0628	-62.2083
BLOCK16/SES164/SA164S29	SES226	-1.02933	-63.2376	-62.2083
BLOCK16/SES169/SA169S13	SES117	-1.58295	-65.2781	-63.6952
BLOCK16/SES169/SA169S13	SES144	-0.923264	-64.6184	-63.6952
BLOCK16/SES169/SA169S13	SES146	-0.572136	-64.2673	-63.6952
BLOCK16/SES169/SA169S13	SES162	-1.82928	-65.5244	-63.6952
BLOCK16/SES169/SA169S14	SES144	-0.542969	-63.1947	-62.6517
BLOCK16/SES169/SA169S14	SES148	-0.656868	-63.3086	-62.6517
BLOCK16/SES169/SA169S14	SES177	-1.33688	-63.9886	-62.6517
BLOCK16/SES169/SA169S14	SES180	-2.68167	-65.3334	-62.6517
BLOCK16/SES169/SA169S24	SES117	-0.837158	-65.0978	-64.2607
BLOCK16/SES169/SA169S24	SES144	-0.539246	-64.7999	-64.2607
BLOCK16/SES169/SA169S24	SES146	-0.755585	-65.0163	-64.2607
BLOCK16/SES169/SA169S24	SES162	-1.89497	-66.1556	-64.2607
BLOCK16/SES169/SA169S27	SES127	-1.01157	-64.7189	-63.7073
BLOCK16/SES169/SA169S27	SES129	-0.747845	-64.4552	-63.7073
BLOCK16/SES169/SA169S27	SES144	-0.93227	-64.6396	-63.7073
BLOCK16/SES169/SA169S27	SES146	-0.234589	-63.9419	-63.7073
BLOCK16/SES169/SA169S29	SES144	-0.611065	-63.9097	-63.2986
BLOCK16/SES169/SA169S29	SES162	-1.4277	-64.7263	-63.2986
BLOCK16/SES169/SA169S29	SES177	-1.92569	-65.2243	-63.2986
BLOCK16/SES169/SA169S29	SES180	-1.65941	-64.958	-63.2986
BLOCK17/SES171/SA171S12	SES083	-1.07879	-64.7178	-63.639
BLOCK17/SES171/SA171S12	SES148	-0.834621	-64.4736	-63.639
BLOCK17/SES171/SA171S12	SES172	-1.7164	-65.3554	-63.639
BLOCK17/SES171/SA171S12	SES292	-2.05665	-65.6956	-63.639
BLOCK17/SES171/SA171S15	SES148	-1.46346	-65.8602	-64.3967
BLOCK17/SES171/SA171S15	SES177	-0.947098	-65.3438	-64.3967
BLOCK17/SES171/SA171S15	SES180	-2.52621	-66.9229	-64.3967
BLOCK17/SES171/SA171S15	SES292	-3.28248	-67.6792	-64.3967
BLOCK17/SES171/SA171S22	SES007	-1.38836	-64.3193	-62.931
BLOCK17/SES171/SA171S22	SES148	-0.666771	-63.5978	-62.931
BLOCK17/SES171/SA171S22	SES177	-0.289223	-63.2202	-62.931
BLOCK17/SES171/SA171S22	SES180	-1.51775	-64.4487	-62.931
BLOCK17/SES171/SA171S25	SES101	-2.07011	-66.8461	-64.776
BLOCK17/SES171/SA171S25	SES120	-3.19855	-67.9746	-64.776
BLOCK17/SES171/SA171S25	SES177	-0.390587	-65.1666	-64.776
BLOCK17/SES171/SA171S25	SES180	-1.38716	-66.1632	-64.776
BLOCK17/SES171/SA171S27	SES177	-0.281288	-64.0098	-63.7285
BLOCK17/SES171/SA171S27	SES180	-1.47948	-65.208	-63.7285
BLOCK17/SES171/SA171S27	SES189	-0.344872	-64.0734	-63.7285
BLOCK17/SES171/SA171S27	SES292	-2.34737	-66.0759	-63.7285
BLOCK17/SES173/SA173S13	SES162	-1.89668	-67.0269	-65.1302
BLOCK17/SES173/SA173S13	SES177	-1.58111	-66.7113	-65.1302
BLOCK17/SES173/SA173S13	SES180	-1.77615	-66.9063	-65.1302
BLOCK17/SES173/SA173S13	SES292	-2.94951	-68.0797	-65.1302
BLOCK17/SES173/SA173S14	SES007	-2.96463	-68.1991	-65.2345
BLOCK17/SES173/SA173S14	SES162	-1.49892	-66.7334	-65.2345
BLOCK17/SES173/SA173S14	SES177	-0.832329	-66.0668	-65.2345
BLOCK17/SES173/SA173S14	SES180	-1.73634	-66.9708	-65.2345
BLOCK17/SES173/SA173S24	SES144	-0.964088	-66.6446	-65.6805
BLOCK17/SES173/SA173S24	SES162	-1.65623	-67.3368	-65.6805
BLOCK17/SES173/SA173S24	SES177	-1.43826	-67.1188	-65.6805
BLOCK17/SES173/SA173S24	SES180	-1.35889	-67.0394	-65.6805
BLOCK17/SES173/SA173S27	SES162	-2.48922	-67.565	-65.0757
BLOCK17/SES173/SA173S27	SES177	-0.68573	-65.7615	-65.0757
BLOCK17/SES173/SA173S27	SES180	-1.4994	-66.5751	-65.0757
BLOCK17/SES173/SA173S27	SES292	-3.73082	-68.8066	-65.0757
BLOCK17/SES173/SA173S29	SES162	-1.33632	-66.5579	-65.2216
BLOCK17/SES173/SA173S29	SES175	-0.0784454	-65.3	-65.2216
BLOCK17/SES173/SA173S29	SES177	-0.809906	-66.0315	-65.2216
BLOCK17/SES173/SA173S29	SES292	-3.12002	-68.3416	-65.2216
BLOCK18/SES182/SA182S10	SES144	-0.875824	-64.2765	-63.4007
BLOCK18/SES182/SA182S10	SES177	-0.940063	-64.3407	-63.4007
BLOCK18/SES182/SA182S10	SES180	-1.86428	-65.2649	-63.4007
BLOCK18/SES182/SA182S10	SES275	-0.83342	-64.2341	-63.4007
BLOCK18/SES182/SA182S12	SES144	-0.556835	-63.2428	-62.686
BLOCK18/SES182/SA182S12	SES177	-0.784451	-63.4704	-62.686
BLOCK18/SES182/SA182S12	SES180	-0.80304	-63.489	-62.686
BLOCK18/SES182/SA182S12	SES275	-1.04259	-63.7286	-62.686
BLOCK18/SES182/SA182S21	SES117	-0.49691	-64.7962	-64.2992
BLOCK18/SES182/SA182S21	SES144	-1.31859	-65.6178	-64.2992
BLOCK18/SES182/SA182S21	SES162	-0.348877	-64.6481	-64.2992
BLOCK18/SES182/SA182S21	SES180	-1.38158	-65.6808	-64.2992
BLOCK18/SES182/SA182S23	SES117	-0.823189	-64.431	-63.6078
BLOCK18/SES182/SA182S23	SES144	-1.64692	-65.2547	-63.6078
BLOCK18/SES182/SA182S23	SES180	-1.28432	-64.8921	-63.6078
BLOCK18/SES182/SA182S23	SES275	-1.63105	-65.2389	-63.6078
BLOCK18/SES182/SA182S25	SES007	-0.363873	-64.0374	-63.6735
BLOCK18/SES182/SA182S25	SES162	-0.224159	-63.8976	-63.6735
BLOCK18/SES182/SA182S25	SES177	-0.169876	-63.8434	-63.6735
BLOCK18/SES182/SA182S25	SES180	-0.800755	-64.4742	-63.6735
BLOCK18/SES184/SA184S12	SES177	-1.04392	-64.6268	-63.5829
BLOCK18/SES184/SA184S12	SES180	-0.975231	-64.5581	-63.5829
BLOCK18/SES184/SA184S12	SES189	-2.18686	-65.7698	-63.5829
BLOCK18/SES184/SA184S12	SES292	-1.78976	-65.3727	-63.5829
BLOCK18/SES184/SA184S13	SES101	-0.757034	-64.8764	-64.1194
BLOCK18/SES184/SA184S13	SES177	-0.763336	-64.8827	-64.1194
BLOCK18/SES184/SA184S13	SES180	-1.19498	-65.3144	-64.1194
BLOCK18/SES184/SA184S13	SES292	-0.703804	-64.8232	-64.1194
BLOCK18/SES184/SA184S22	SES177	-1.04926	-64.259	-63.2098
BLOCK18/SES184/SA184S22	SES180	-0.594288	-63.8041	-63.2098
BLOCK18/SES184/SA184S22	SES189	-1.79414	-65.0039	-63.2098
BLOCK18/SES184/SA184S22	SES292	-1.08819	-64.298	-63.2098
BLOCK18/SES184/SA184S25	SES101	-0.230747	-63.0463	-62.8156
BLOCK18/SES184/SA184S25	SES177	-1.54988	-64.3655	-62.8156
BLOCK18/SES184/SA184S25	SES180	-1.0761	-63.8917	-62.8156
BLOCK18/SES184/SA184S25	SES292	-0.592003	-63.4076	-62.8156
BLOCK18/SES184/SA184S27	SES083	-1.06342	-64.3183	-63.2549
BLOCK18/SES184/SA184S27	SES177	-0.718903	-63.9738	-63.2549
BLOCK18/SES184/SA184S27	SES202	-2.67634	-65.9312	-63.2549
BLOCK18/SES184/SA184S27	SES292	-1.2817	-64.5366	-63.2549
BLOCK20/SES204/SA204S12	SES062	-2.34277	-64.6116	-62.2688
BLOCK20/SES204/SA204S12	SES083	-2.54033	-64.8091	-62.2688
BLOCK20/SES204/SA204S12	SES206	-0.620827	-62.8896	-62.2688
BLOCK20/SES204/SA204S12	SES226	-1.3726	-63.6414	-62.2688
BLOCK20/SES204/SA204S14	SES068	-2.98388	-64.2463	-61.2624
BLOCK20/SES204/SA204S14	SES087	-0.523357	-61.7858	-61.2624
BLOCK20/SES204/SA204S14	SES206	-0.819244	-62.0817	-61.2624
BLOCK20/SES204/SA204S14	SES226	-1.57087	-62.8333	-61.2624
BLOCK20/SES204/SA204S22	SES068	-3.55515	-65.4573	-61.9022
BLOCK20/SES204/SA204S22	SES082	-2.52203	-64.4242	-61.9022
BLOCK20/SES204/SA204S22	SES083	-3.02251	-64.9247	-61.9022
BLOCK20/SES204/SA204S22	SES206	-0.881214	-62.7834	-61.9022
BLOCK20/SES204/SA204S25	SES062	-3.71172	-65.7973	-62.0856
BLOCK20/SES204/SA204S25	SES083	-3.30623	-65.3918	-62.0856
BLOCK20/SES204/SA204S25	SES206	-0.332134	-62.4177	-62.0856
BLOCK20/SES204/SA204S25	SES226	-1.3414	-63.427	-62.0856
BLOCK20/SES204/SA204S27	SES068	-3.78152	-66.6725	-62.891
BLOCK20/SES204/SA204S27	SES082	-1.84671	-64.7377	-62.891
BLOCK20/SES204/SA204S27	SES087	-0.703194	-63.5942	-62.891
BLOCK20/SES204/SA204S27	SES206	-0.493366	-63.3844	-62.891
BLOCK20/SES207/SA207S10	SES127	-0.670349	-64.2421	-63.5718
BLOCK20/SES207/SA207S10	SES183	-0.892204	-64.464	-63.5718
BLOCK20/SES207/SA207S10	SES189	-1.23779	-64.8095	-63.5718
BLOCK20/SES207/SA207S10	SES292	-1.72979	-65.3016	-63.5718
BLOCK20/SES207/SA207S11	SES127	-1.7598	-64.6548	-62.895
BLOCK20/SES207/SA207S11	SES183	-1.68233	-64.5774	-62.895
BLOCK20/SES207/SA207S11	SES187	-0.922321	-63.8174	-62.895
BLOCK20/SES207/SA207S11	SES292	-2.09142	-64.9865	-62.895
BLOCK20/SES207/SA207S25	SES068	-1.41132	-65.4132	-64.0018
BLOCK20/SES207/SA207S25	SES083	-1.49072	-65.4926	-64.0018
BLOCK20/SES207/SA207S25	SES127	-0.816879	-64.8187	-64.0018
BLOCK20/SES207/SA207S25	SES187	-0.353912	-64.3558	-64.0018
BLOCK20/SES207/SA207S27	SES127	-0.866745	-65.0365	-64.1698
BLOCK20/SES207/SA207S27	SES183	-0.632622	-64.8024	-64.1698
BLOCK20/SES207/SA207S27	SES187	-0.677643	-64.8474	-64.1698
BLOCK20/SES207/SA207S27	SES292	-1.6017	-65.7715	-64.1698
BLOCK20/SES207/SA207S29	SES083	-0.938736	-64.5136	-63.5748
BLOCK20/SES207/SA207S29	SES085	-0.897293	-64.4721	-63.5748
BLOCK20/SES207/SA207S29	SES172	-0.950645	-64.5255	-63.5748
BLOCK20/SES207/SA207S29	SES189	-0.734543	-64.3094	-63.5748
BLOCK22/SES221/SA221S12	SES068	-2.02637	-65.9387	-63.9123
BLOCK22/SES221/SA221S12	SES143	-0.461113	-64.3735	-63.9123
BLOCK22/SES221/SA221S12	SES175	-0.154732	-64.0671	-63.9123
BLOCK22/SES221/SA221S12	SES202	-0.150497	-64.0628	-63.9123
BLOCK22/SES221/SA221S15	SES085	-2.89883	-67.8756	-64.9767
BLOCK22/SES221/SA221S15	SES143	-1.16362	-66.1404	-64.9767
BLOCK22/SES221/SA221S15	SES175	-0.804344	-65.7811	-64.9767
BLOCK22/SES221/SA221S15	SES187	-0.931534	-65.9083	-64.9767
BLOCK22/SES221/SA221S23	SES068	-2.91548	-67.2117	-64.2962
BLOCK22/SES221/SA221S23	SES143	-0.80854	-65.1047	-64.2962
BLOCK22/SES221/SA221S23	SES175	0.23233	-64.0639	-64.2962
BLOCK22/SES221/SA221S23	SES189	1.35028	-62.9459	-64.2962
BLOCK22/SES221/SA221S27	SES085	-2.82343	-67.3267	-64.5032
BLOCK22/SES221/SA221S27	SES143	-0.33181	-64.835	-64.5032
BLOCK22/SES221/SA221S27	SES175	-0.0783081	-64.5815	-64.5032
BLOCK22/SES221/SA221S27	SES189	1.85194	-62.6513	-64.5032
BLOCK22/SES221/SA221S29	SES085	-4.72838	-70.4649	-65.7365
BLOCK22/SES221/SA221S29	SES143	-0.940964	-66.6775	-65.7365
BLOCK22/SES221/SA221S29	SES175	-1.24043	-66.9769	-65.7365
BLOCK22/SES221/SA221S29	SES187	0.19381	-65.5427	-65.7365
BLOCK22/SES223/SA223S11	SES143	-0.478477	-65.1568	-64.6784
BLOCK22/SES223/SA223S11	SES144	-1.23563	-65.914	-64.6784
BLOCK22/SES223/SA223S11	SES175	-0.585838	-65.2642	-64.6784
BLOCK22/SES223/SA223S11	SES187	-0.27578	-64.9541	-64.6784
BLOCK22/SES223/SA223S13	SES068	-2.15294	-67.551	-65.398
BLOCK22/SES223/SA223S13	SES143	-1.59748	-66.9955	-65.398
BLOCK22/SES223/SA223S13	SES146	-1.50076	-66.8988	-65.398
BLOCK22/SES223/SA223S13	SES202	-1.43821	-66.8363	-65.398
BLOCK22/SES223/SA223S22	SES143	-0.61496	-65.3266	-64.7116
BLOCK22/SES223/SA223S22	SES144	-1.40276	-66.1144	-64.7116
BLOCK22/SES223/SA223S22	SES175	-0.736107	-65.4477	-64.7116
BLOCK22/SES223/SA223S22	SES187	-1.03337	-65.745	-64.7116
BLOCK22/SES223/SA223S25	SES068	-2.26604	-66.9379	-64.6718
BLOCK22/SES223/SA223S25	SES143	-0.939812	-65.6116	-64.6718
BLOCK22/SES223/SA223S25	SES175	-0.310982	-64.9828	-64.6718
BLOCK22/SES223/SA223S25	SES187	-0.565788	-65.2376	-64.6718
BLOCK22/SES223/SA223S27	SES143	-0.473045	-65.565	-65.092
BLOCK22/SES223/SA223S27	SES146	-0.741821	-65.8338	-65.092
BLOCK22/SES223/SA223S27	SES187	-0.61573	-65.7077	-65.092
BLOCK22/SES223/SA223S27	SES292	-2.37589	-67.4679	-65.092
BLOCK27/SES273/SA273S12	SES099	-0.336483	-60.8169	-60.4804
BLOCK27/SES273/SA273S12	SES104	0.0146523	-60.4657	-60.4804
BLOCK27/SES273/SA273S12	SES125	-0.129982	-60.6104	-60.4804
BLOCK27/SES273/SA273S12	SES206	-0.0250206	-60.5054	-60.4804
BLOCK27/SES273/SA273S13	SES099	-0.518475	-61.2271	-60.7086
BLOCK27/SES273/SA273S13	SES104	-0.371826	-61.0804	-60.7086
BLOCK27/SES273/SA273S13	SES206	0.0439186	-60.6647	-60.7086
BLOCK27/SES273/SA273S13	SES292	-3.2781	-63.9867	-60.7086
BLOCK27/SES273/SA273S21	SES099	0.201015	-60.9606	-61.1617
BLOCK27/SES273/SA273S21	SES148	-2.51517	-63.6768	-61.1617
BLOCK27/SES273/SA273S21	SES149	-0.17041	-61.3321	-61.1617
BLOCK27/SES273/SA273S21	SES177	-3.05187	-64.2135	-61.1617
BLOCK27/SES273/SA273S25	SES104	-0.28006	-61.2647	-60.9847
BLOCK27/SES273/SA273S25	SES125	0.235863	-60.7488	-60.9847
BLOCK27/SES273/SA273S25	SES158	0.254593	-60.7301	-60.9847
BLOCK27/SES273/SA273S25	SES206	0.82008	-60.1646	-60.9847
BLOCK27/SES273/SA273S27	SES099	-0.139797	-60.9953	-60.8555
BLOCK27/SES273/SA273S27	SES104	-0.964413	-61.8199	-60.8555
BLOCK27/SES273/SA273S27	SES149	-0.801273	-61.6568	-60.8555
BLOCK27/SES273/SA273S27	SES275	-1.94957	-62.8051	-60.8555
BLOCK27/SES274/SA274S10	SES105	-1.92452	-63.4365	-61.512
BLOCK27/SES274/SA274S10	SES125	-0.448635	-61.9606	-61.512
BLOCK27/SES274/SA274S10	SES129	-1.56142	-63.0734	-61.512
BLOCK27/SES274/SA274S10	SES158	-1.62922	-63.1412	-61.512
BLOCK27/SES274/SA274S11	SES105	-2.37157	-64.3287	-61.9571
BLOCK27/SES274/SA274S11	SES149	-0.849125	-62.8063	-61.9571
BLOCK27/SES274/SA274S11	SES158	-0.862072	-62.8192	-61.9571
BLOCK27/SES274/SA274S11	SES275	-1.8768	-63.8339	-61.9571
BLOCK27/SES274/SA274S21	SES105	-2.33577	-64.4703	-62.1345
BLOCK27/SES274/SA274S21	SES129	-2.47847	-64.613	-62.1345
BLOCK27/SES274/SA274S21	SES149	-1.30418	-63.4387	-62.1345
BLOCK27/SES274/SA274S21	SES158	-2.55252	-64.687	-62.1345
BLOCK27/SES274/SA274S24	SES105	-2.26096	-64.1095	-61.8486
BLOCK27/SES274/SA274S24	SES129	-2.50061	-64.3492	-61.8486
BLOCK27/SES274/SA274S24	SES149	-1.34484	-63.1934	-61.8486
BLOCK27/SES274/SA274S24	SES158	-2.18583	-64.0344	-61.8486
BLOCK27/SES274/SA274S29	SES105	-2.76712	-64.8809	-62.1138
BLOCK27/SES274/SA274S29	SES106	-2.13078	-64.2445	-62.1138
BLOCK27/SES274/SA274S29	SES120	-2.35487	-64.4686	-62.1138
BLOCK27/SES274/SA274S29	SES275	-2.21233	-64.3261	-62.1138
BLOCK27/SES276/SA276S16	SES148	-1.02049	-64.9962	-63.9757
BLOCK27/SES276/SA276S16	SES172	-1.80883	-65.7845	-63.9757
BLOCK27/SES276/SA276S16	SES180	-2.65439	-66.6301	-63.9757
BLOCK27/SES276/SA276S16	SES292	-0.247414	-64.2231	-63.9757
BLOCK27/SES276/SA276S17	SES101	-0.640697	-64.1115	-63.4708
BLOCK27/SES276/SA276S17	SES177	-1.58589	-65.0566	-63.4708
BLOCK27/SES276/SA276S17	SES180	-1.57634	-65.0471	-63.4708
BLOCK27/SES276/SA276S17	SES292	-1.26628	-64.737	-63.4708
BLOCK27/SES276/SA276S24	SES101	-0.176872	-63.0644	-62.8875
BLOCK27/SES276/SA276S24	SES177	-1.01968	-63.9072	-62.8875
BLOCK27/SES276/SA276S24	SES180	-1.36103	-64.2486	-62.8875
BLOCK27/SES276/SA276S24	SES292	-0.995174	-63.8827	-62.8875
BLOCK27/SES276/SA276S26	SES101	-1.4888	-64.547	-63.0582
BLOCK27/SES276/SA276S26	SES177	-0.203014	-63.2613	-63.0582
BLOCK27/SES276/SA276S26	SES180	-0.823193	-63.8814	-63.0582
BLOCK27/SES276/SA276S26	SES292	-0.767517	-63.8258	-63.0582
BLOCK27/SES276/SA276S28	SES101	-1.0714	-64.3558	-63.2844
BLOCK27/SES276/SA276S28	SES177	-0.855148	-64.1396	-63.2844
BLOCK27/SES276/SA276S28	SES180	-1.52459	-64.809	-63.2844
BLOCK27/SES276/SA276S28	SES292	-1.06364	-64.3481	-63.2844
BLOCK27/SES277/SA277S12	SES101	-0.6912	-65.1065	-64.4153
BLOCK27/SES277/SA277S12	SES177	-1.50303	-65.9183	-64.4153
BLOCK27/SES277/SA277S12	SES180	-0.888519	-65.3038	-64.4153
BLOCK27/SES277/SA277S12	SES292	-2.10398	-66.5193	-64.4153
BLOCK27/SES277/SA277S14	SES177	-0.724442	-65.2638	-64.5393
BLOCK27/SES277/SA277S14	SES180	-1.09077	-65.6301	-64.5393
BLOCK27/SES277/SA277S14	SES189	-0.321327	-64.8607	-64.5393
BLOCK27/SES277/SA277S14	SES292	-2.57304	-67.1124	-64.5393
BLOCK27/SES277/SA277S21	SES177	-0.524971	-64.0237	-63.4987
BLOCK27/SES277/SA277S21	SES180	-0.990273	-64.489	-63.4987
BLOCK27/SES277/SA277S21	SES189	-0.639381	-64.1381	-63.4987
BLOCK27/SES277/SA277S21	SES292	-1.97997	-65.4787	-63.4987
BLOCK27/SES277/SA277S24	SES144	-0.948387	-65.7991	-64.8507
BLOCK27/SES277/SA277S24	SES177	-1.2067	-66.0574	-64.8507
BLOCK27/SES277/SA277S24	SES180	-1.75163	-66.6024	-64.8507
BLOCK27/SES277/SA277S24	SES189	-0.488914	-65.3396	-64.8507
BLOCK27/SES277/SA277S29	SES177	-0.578976	-63.1565	-62.5775
BLOCK27/SES277/SA277S29	SES180	-0.663025	-63.2406	-62.5775
BLOCK27/SES277/SA277S29	SES202	-1.43283	-64.0104	-62.5775
BLOCK27/SES277/SA277S29	SES292	-1.39474	-63.9723	-62.5775
BLOCK27/SES279/SA279S09	SES120	-1.84634	-64.3112	-62.4648
BLOCK27/SES279/SA279S09	SES146	-1.02253	-63.4874	-62.4648
BLOCK27/SES279/SA279S09	SES206	-2.3231	-64.7879	-62.4648
BLOCK27/SES279/SA279S09	SES226	-2.27285	-64.7377	-62.4648
BLOCK27/SES279/SA279S10	SES099	-2.0836	-64.4854	-62.4018
BLOCK27/SES279/SA279S10	SES206	-2.07417	-64.476	-62.4018
BLOCK27/SES279/SA279S10	SES226	-1.97471	-64.3765	-62.4018
BLOCK27/SES279/SA279S10	SES292	-1.19644	-63.5983	-62.4018
BLOCK27/SES279/SA279S20	SES099	-3.11113	-66.731	-63.6198
BLOCK27/SES279/SA279S20	SES206	-2.4538	-66.0736	-63.6198
BLOCK27/SES279/SA279S20	SES226	-2.43791	-66.0577	-63.6198
BLOCK27/SES279/SA279S20	SES292	-0.615196	-64.235	-63.6198
BLOCK27/SES279/SA279S26	SES099	-2.6384	-65.4035	-62.7651
BLOCK27/SES279/SA279S26	SES206	-1.16457	-63.9297	-62.7651
BLOCK27/SES279/SA279S26	SES226	-1.44728	-64.2124	-62.7651
BLOCK27/SES279/SA279S26	SES292	-0.830887	-63.596	-62.7651
BLOCK27/SES279/SA279S28	SES099	-1.96528	-63.4709	-61.5056
BLOCK27/SES279/SA279S28	SES120	-1.77068	-63.2763	-61.5056
BLOCK27/SES279/SA279S28	SES177	-3.11423	-64.6198	-61.5056
BLOCK27/SES279/SA279S28	SES206	-2.2564	-63.762	-61.5056
BLOCK29/SES290/SA290S12	SES162	-1.60058	-64.9865	-63.3859
BLOCK29/SES290/SA290S12	SES177	-1.2414	-64.6273	-63.3859
BLOCK29/SES290/SA290S12	SES180	-1.60434	-64.9902	-63.3859
BLOCK29/SES290/SA290S12	SES292	-2.81821	-66.2041	-63.3859
BLOCK29/SES290/SA290S13	SES007	-2.39675	-66.5738	-64.177
BLOCK29/SES290/SA290S13	SES162	-1.60873	-65.7858	-64.177
BLOCK29/SES290/SA290S13	SES177	-0.562897	-64.7399	-64.177
BLOCK29/SES290/SA290S13	SES180	-1.47997	-65.657	-64.177
BLOCK29/SES290/SA290S22	SES177	-0.726738	-64.0301	-63.3034
BLOCK29/SES290/SA290S22	SES180	-0.344906	-63.6483	-63.3034
BLOCK29/SES290/SA290S22	SES202	-0.919044	-64.2224	-63.3034
BLOCK29/SES290/SA290S22	SES292	-1.86084	-65.1642	-63.3034
BLOCK29/SES290/SA290S25	SES162	-1.35166	-64.8133	-63.4617
BLOCK29/SES290/SA290S25	SES177	-0.807266	-64.2689	-63.4617
BLOCK29/SES290/SA290S25	SES180	-1.10768	-64.5693	-63.4617
BLOCK29/SES290/SA290S25	SES292	-1.62286	-65.0845	-63.4617
BLOCK29/SES290/SA290S29	SES177	-0.0125237	-62.962	-62.9495
BLOCK29/SES290/SA290S29	SES180	0.00652695	-62.9429	-62.9495
BLOCK29/SES290/SA290S29	SES275	-1.68594	-64.6354	-62.9495
BLOCK29/SES290/SA290S29	SES292	-1.30159	-64.2511	-62.9495
BLOCK29/SES291/SA291S11	SES105	-3.42108	-66.0276	-62.6066
BLOCK29/SES291/SA291S11	SES125	-0.380013	-62.9866	-62.6066
BLOCK29/SES291/SA291S11	SES158	-0.592171	-63.1987	-62.6066
BLOCK29/SES291/SA291S11	SES275	-3.19463	-65.8012	-62.6066
BLOCK29/SES291/SA291S12	SES158	0.41507	-61.9422	-62.3573
BLOCK29/SES291/SA291S12	SES226	-0.966125	-63.3234	-62.3573
BLOCK29/SES291/SA291S12	SES270	0.79055	-61.5667	-62.3573
BLOCK29/SES291/SA291S12	SES275	-4.38885	-66.7461	-62.3573
BLOCK29/SES291/SA291S22	SES082	-0.870316	-63.1139	-62.2436
BLOCK29/SES291/SA291S22	SES158	-0.385288	-62.6289	-62.2436
BLOCK29/SES291/SA291S22	SES259	-1.18798	-63.4316	-62.2436
BLOCK29/SES291/SA291S22	SES275	-3.11192	-65.3555	-62.2436
BLOCK29/SES291/SA291S24	SES104	0.18338	-60.7237	-60.9071
BLOCK29/SES291/SA291S24	SES125	0.274963	-60.6322	-60.9071
BLOCK29/SES291/SA291S24	SES158	0.279316	-60.6278	-60.9071
BLOCK29/SES291/SA291S24	SES275	-3.768	-64.6751	-60.9071
BLOCK29/SES291/SA291S27	SES158	0.631454	-61.2149	-61.8464
BLOCK29/SES291/SA291S27	SES172	-4.37408	-66.2205	-61.8464
BLOCK29/SES291/SA291S27	SES275	-3.3471	-65.1935	-61.8464
BLOCK29/SES291/SA291S27	SES292	-3.40482	-65.2512	-61.8464
Threshold search:
THR	-7.42059147165	9	0(0)	1(1000)
THR	-7.3058748569335	8.991	0(0)	0.999(999)
THR	-7.191158242217	8.991	0(0)	0.999(999)
THR	-7.0764416275005	8.991	0(0)	0.999(999)
THR	-6.961725012784	8.991	0(0)	0.999(999)
THR	-6.8470083980675	8.991	0(0)	0.999(999)
THR	-6.732291783351	8.991	0(0)	0.999(999)
THR	-6.6175751686345	8.982	0(0)	0.998(998)
THR	-6.502858553918	8.982	0(0)	0.998(998)
THR	-6.3881419392015	8.982	0(0)	0.998(998)
THR	-6.273425324485	8.982	0(0)	0.998(998)
THR	-6.1587087097685	8.982	0(0)	0.998(998)
THR	-6.04399209505199	8.982	0(0)	0.998(998)
THR	-5.92927548033549	8.982	0(0)	0.998(998)
THR	-5.81455886561899	8.982	0(0)	0.998(998)
THR	-5.69984225090249	8.982	0(0)	0.998(998)
THR	-5.58512563618599	8.982	0(0)	0.998(998)
THR	-5.47040902146949	8.973	0(0)	0.997(997)
THR	-5.35569240675299	8.973	0(0)	0.997(997)
THR	-5.24097579203649	8.964	0(0)	0.996(996)
THR	-5.12625917731999	8.964	0(0)	0.996(996)
THR	-5.01154256260349	8.955	0(0)	0.995(995)
THR	-4.89682594788699	8.946	0(0)	0.994(994)
THR	-4.78210933317049	8.937	0(0)	0.993(993)
THR	-4.66739271845399	8.91	0(0)	0.99(990)
THR	-4.55267610373749	8.901	0(0)	0.989(989)
THR	-4.43795948902099	8.883	0(0)	0.987(987)
THR	-4.32324287430449	8.856	0(0)	0.984(984)
THR	-4.20852625958799	8.829	0(0)	0.981(981)
THR	-4.09380964487149	8.82	0(0)	0.98(980)
THR	-3.97909303015499	8.793	0(0)	0.977(977)
THR	-3.86437641543849	8.712	0(0)	0.968(968)
THR	-3.74965980072199	8.631	0(0)	0.959(959)
THR	-3.63494318600549	8.55	0(0)	0.95(950)
THR	-3.52022657128899	8.496	0(0)	0.944(944)
THR	-3.40550995657249	8.442	0(0)	0.938(938)
THR	-3.29079334185599	8.379	0(0)	0.931(931)
THR	-3.17607672713949	8.271	0(0)	0.919(919)
THR	-3.06136011242299	8.172	0(0)	0.908(908)
THR	-2.94664349770649	8.073	0(0)	0.897(897)
THR	-2.83192688298999	8.01	0(0)	0.89(890)
THR	-2.71721026827349	7.884	0(0)	0.876(876)
THR	-2.60249365355699	7.767	0(0)	0.863(863)
THR	-2.48777703884049	7.497	0(0)	0.833(833)
THR	-2.37306042412399	7.362	0(0)	0.818(818)
THR	-2.25834380940749	7.155	0(0)	0.795(795)
THR	-2.14362719469099	6.984	0(0)	0.776(776)
THR	-2.02891057997449	6.705	0(0)	0.745(745)
THR	-1.91419396525799	6.507	0(0)	0.723(723)
THR	-1.79947735054149	6.237	0(0)	0.693(693)
THR	-1.68476073582499	5.931	0(0)	0.659(659)
THR	-1.57004412110849	5.593	0.004(1)	0.621(621)
THR	-1.45532750639199	5.224	0.004(1)	0.58(580)
THR	-1.34061089167549	4.837	0.004(1)	0.537(537)
THR	-1.22589427695899	4.495	0.004(1)	0.499(499)
THR	-1.11117766224249	4.09	0.004(1)	0.454(454)
THR	-0.996461047525989	3.685	0.004(1)	0.409(409)
THR	-0.881744432809489	3.298	0.004(1)	0.366(366)
THR	-0.767027818092989	2.776	0.004(1)	0.308(308)
THR	-0.652311203376489	2.425	0.004(1)	0.269(269)
THR	-0.537594588659989	1.894	0.004(1)	0.21(210)
THR	-0.422877973943489	1.561	0.004(1)	0.173(173)
THR	-0.308161359226989	1.246	0.004(1)	0.138(138)
THR	-0.193444744510489	0.976	0.004(1)	0.108(108)
THR	-0.078728129793989	0.737	0.008(2)	0.081(81)
THR	0.035988484922511	0.534	0.012(3)	0.058(58)
THR	0.150705099639011	0.398	0.02(5)	0.042(42)
THR	0.265421714355511	0.257	0.032(8)	0.025(25)
THR	0.380138329072011	0.198	0.036(9)	0.018(18)
THR	0.494854943788511	0.148	0.04(10)	0.012(12)
THR	0.609571558505011	0.152	0.08(20)	0.008(8)
THR	0.724288173221511	0.181	0.136(34)	0.005(5)
THR	0.839004787938011	0.187	0.16(40)	0.003(3)
THR	0.953721402654511	0.242	0.224(56)	0.002(2)
THR	1.06843801737101	0.274	0.256(64)	0.002(2)
THR	1.18315463208751	0.318	0.3(75)	0.002(2)
THR	1.29787124680401	0.39	0.372(93)	0.002(2)
THR	1.41258786152051	0.461	0.452(113)	0.001(1)
THR	1.52730447623701	0.513	0.504(126)	0.001(1)
THR	1.64202109095351	0.573	0.564(141)	0.001(1)
THR	1.75673770567001	0.613	0.604(151)	0.001(1)
THR	1.87145432038651	0.644	0.644(161)	0(0)
THR	1.98617093510301	0.696	0.696(174)	0(0)
THR	2.10088754981951	0.732	0.732(183)	0(0)
THR	2.21560416453601	0.784	0.784(196)	0(0)
THR	2.33032077925251	0.8	0.8(200)	0(0)
THR	2.44503739396901	0.836	0.836(209)	0(0)
THR	2.55975400868551	0.852	0.852(213)	0(0)
THR	2.67447062340201	0.888	0.888(222)	0(0)
THR	2.78918723811851	0.912	0.912(228)	0(0)
THR	2.90390385283501	0.928	0.928(232)	0(0)
THR	3.01862046755151	0.932	0.932(233)	0(0)
THR	3.13333708226801	0.94	0.94(235)	0(0)
THR	3.24805369698451	0.94	0.94(235)	0(0)
THR	3.36277031170101	0.956	0.956(239)	0(0)
THR	3.47748692641751	0.972	0.972(243)	0(0)
THR	3.59220354113401	0.976	0.976(244)	0(0)
THR	3.70692015585051	0.984	0.984(246)	0(0)
THR	3.82163677056701	0.988	0.988(247)	0(0)
THR	3.93635338528351	0.988	0.988(247)	0(0)
THR	4.05107000000001	1	1(250)	0(0)


==============================================
THR: 0.494854943788511
Missed:     10/250=0.0400
FalseAlarm: 12/1000=0.0120
----------------------------------------------
==> CostDetection: 14.8
==============================================
