BLOCK00/SES002/SA002S12	SES002	0.801588	-7.50947	-8.31106
BLOCK00/SES002/SA002S13	SES002	1.43285	-7.42477	-8.85762
BLOCK00/SES002/SA002S23	SES002	0.87396	-7.41978	-8.29374
BLOCK00/SES002/SA002S26	SES002	0.768526	-8.47551	-9.24404
BLOCK00/SES002/SA002S28	SES002	0.479687	-7.69985	-8.17954
BLOCK00/SES007/SA007S14	SES007	0.878104	-6.17718	-7.05528
BLOCK00/SES007/SA007S15	SES007	0.636403	-7.02154	-7.65795
BLOCK00/SES007/SA007S24	SES007	0.505472	-6.75386	-7.25933
BLOCK00/SES007/SA007S27	SES007	0.390569	-8.08593	-8.4765
BLOCK00/SES007/SA007S29	SES007	0.1487	-7.05706	-7.20576
BLOCK00/SES008/SA008S11	SES008	1.29211	-6.37456	-7.66667
BLOCK00/SES008/SA008S12	SES008	0.180998	-7.17967	-7.36067
BLOCK00/SES008/SA008S19	SES008	1.31751	-6.5979	-7.91541
BLOCK00/SES008/SA008S22	SES008	0.839259	-7.15084	-7.9901
BLOCK00/SES008/SA008S29	SES008	1.04578	-6.41318	-7.45896
BLOCK01/SES014/SA014S10	SES014	0.896121	-7.01442	-7.91054
BLOCK01/SES014/SA014S12	SES014	1.40171	-6.38567	-7.78737
BLOCK01/SES014/SA014S24	SES014	1.44887	-6.90291	-8.35178
BLOCK01/SES014/SA014S26	SES014	1.72145	-6.06379	-7.78524
BLOCK01/SES014/SA014S28	SES014	2.0702	-5.46238	-7.53258
BLOCK01/SES016/SA016S12	SES016	1.152	-8.38669	-9.5387
BLOCK01/SES016/SA016S13	SES016	0.998715	-6.87467	-7.87338
BLOCK01/SES016/SA016S22	SES016	1.21892	-6.4522	-7.67112
BLOCK01/SES016/SA016S25	SES016	1.32014	-5.2878	-6.60793
BLOCK01/SES016/SA016S27	SES016	1.278	-6.33791	-7.61592
BLOCK01/SES019/SA019S13	SES019	3.6283	-5.99024	-9.61854
BLOCK01/SES019/SA019S14	SES019	1.74717	-7.68847	-9.43564
BLOCK01/SES019/SA019S22	SES019	2.77919	-6.31542	-9.09461
BLOCK01/SES019/SA019S25	SES019	2.3904	-6.69606	-9.08646
BLOCK01/SES019/SA019S29	SES019	4.16883	-6.45582	-10.6247
BLOCK02/SES029/SA029S11	SES029	0.689359	-6.07999	-6.76935
BLOCK02/SES029/SA029S12	SES029	0.150307	-6.80554	-6.95585
BLOCK02/SES029/SA029S20	SES029	0.337156	-6.46148	-6.79864
BLOCK02/SES029/SA029S25	SES029	0.378207	-7.12634	-7.50454
BLOCK02/SES029/SA029S28	SES029	0.459811	-6.8156	-7.27541
BLOCK04/SES042/SA042S12	SES042	1.2416	-6.52819	-7.76979
BLOCK04/SES042/SA042S15	SES042	1.47631	-5.77389	-7.2502
BLOCK04/SES042/SA042S22	SES042	2.36905	-6.87836	-9.24741
BLOCK04/SES042/SA042S25	SES042	1.01221	-8.1837	-9.19591
BLOCK04/SES042/SA042S27	SES042	2.11481	-6.82333	-8.93813
BLOCK04/SES048/SA048S11	SES048	0.834557	-6.0412	-6.87575
BLOCK04/SES048/SA048S12	SES048	0.523672	-7.49009	-8.01376
BLOCK04/SES048/SA048S20	SES048	0.662667	-6.36629	-7.02896
BLOCK04/SES048/SA048S23	SES048	1.21446	-6.43881	-7.65327
BLOCK04/SES048/SA048S27	SES048	0.337714	-7.27957	-7.61728
BLOCK06/SES060/SA060S11	SES060	1.34142	-6.60754	-7.94897
BLOCK06/SES060/SA060S12	SES060	0.920353	-7.66576	-8.58611
BLOCK06/SES060/SA060S22	SES060	-1.25831	-9.65924	-8.40093
BLOCK06/SES060/SA060S24	SES060	1.2215	-5.58688	-6.80838
BLOCK06/SES060/SA060S28	SES060	0.742956	-5.69796	-6.44091
BLOCK06/SES062/SA062S10	SES062	0.407032	-6.94527	-7.3523
BLOCK06/SES062/SA062S11	SES062	0.229212	-7.93883	-8.16804
BLOCK06/SES062/SA062S21	SES062	0.857944	-5.33948	-6.19743
BLOCK06/SES062/SA062S26	SES062	0.470759	-7.11895	-7.58971
BLOCK06/SES062/SA062S29	SES062	0.774427	-6.23507	-7.0095
BLOCK06/SES068/SA068S14	SES068	0.655552	-7.1444	-7.79995
BLOCK06/SES068/SA068S15	SES068	1.03158	-6.80644	-7.83802
BLOCK06/SES068/SA068S23	SES068	0.281719	-7.43335	-7.71506
BLOCK06/SES068/SA068S27	SES068	1.86757	-6.03545	-7.90302
BLOCK06/SES068/SA068S29	SES068	0.586	-7.24546	-7.83146
BLOCK08/SES082/SA082S12	SES082	0.171006	-8.09921	-8.27021
BLOCK08/SES082/SA082S14	SES082	-0.0347939	-8.28691	-8.25212
BLOCK08/SES082/SA082S21	SES082	0.624473	-7.03612	-7.66059
BLOCK08/SES082/SA082S24	SES082	0.0602999	-7.95765	-8.01795
BLOCK08/SES082/SA082S28	SES082	0.626279	-7.45018	-8.07646
BLOCK08/SES083/SA083S14	SES083	0.0237331	-7.32067	-7.3444
BLOCK08/SES083/SA083S15	SES083	0.461812	-6.95421	-7.41602
BLOCK08/SES083/SA083S24	SES083	0.178365	-7.39173	-7.57009
BLOCK08/SES083/SA083S26	SES083	0.931825	-7.75065	-8.68247
BLOCK08/SES083/SA083S29	SES083	0.231955	-7.65974	-7.89169
BLOCK08/SES085/SA085S10	SES085	1.20006	-5.90851	-7.10857
BLOCK08/SES085/SA085S13	SES085	0.015564	-7.90498	-7.92055
BLOCK08/SES085/SA085S22	SES085	0.97078	-6.55122	-7.522
BLOCK08/SES085/SA085S26	SES085	0.141053	-7.52634	-7.6674
BLOCK08/SES085/SA085S28	SES085	0.433249	-7.16331	-7.59655
BLOCK08/SES087/SA087S15	SES087	0.861474	-7.56792	-8.42939
BLOCK08/SES087/SA087S16	SES087	1.49133	-7.21199	-8.70332
BLOCK08/SES087/SA087S24	SES087	0.96751	-7.44945	-8.41696
BLOCK08/SES087/SA087S26	SES087	1.18509	-6.45624	-7.64133
BLOCK08/SES087/SA087S29	SES087	1.24242	-6.47938	-7.72179
BLOCK09/SES099/SA099S15	SES099	0.876983	-7.67194	-8.54892
BLOCK09/SES099/SA099S16	SES099	0.937169	-7.0611	-7.99827
BLOCK09/SES099/SA099S24	SES099	0.883552	-7.42878	-8.31233
BLOCK09/SES099/SA099S26	SES099	1.32182	-6.79832	-8.12014
BLOCK09/SES099/SA099S29	SES099	0.626309	-7.75028	-8.37659
BLOCK10/SES101/SA101S11	SES101	0.621404	-6.30378	-6.92519
BLOCK10/SES101/SA101S13	SES101	0.830983	-5.43418	-6.26516
BLOCK10/SES101/SA101S22	SES101	0.836499	-7.32342	-8.15992
BLOCK10/SES101/SA101S24	SES101	0.965308	-6.37827	-7.34358
BLOCK10/SES101/SA101S28	SES101	0.852934	-6.74887	-7.60181
BLOCK10/SES104/SA104S11	SES104	0.859583	-6.61546	-7.47505
BLOCK10/SES104/SA104S12	SES104	0.529377	-7.44841	-7.97779
BLOCK10/SES104/SA104S21	SES104	0.839788	-7.47453	-8.31432
BLOCK10/SES104/SA104S24	SES104	0.175309	-8.04093	-8.21624
BLOCK10/SES104/SA104S28	SES104	1.10757	-6.87177	-7.97934
BLOCK10/SES105/SA105S12	SES105	0.997664	-7.60529	-8.60296
BLOCK10/SES105/SA105S13	SES105	0.389491	-7.30999	-7.69948
BLOCK10/SES105/SA105S22	SES105	0.457281	-8.16891	-8.62619
BLOCK10/SES105/SA105S26	SES105	0.866837	-7.75653	-8.62336
BLOCK10/SES105/SA105S29	SES105	1.2351	-6.22654	-7.46164
BLOCK10/SES106/SA106S09	SES106	1.00461	-7.56198	-8.56659
BLOCK10/SES106/SA106S11	SES106	1.07061	-6.45456	-7.52517
BLOCK10/SES106/SA106S22	SES106	1.45573	-7.38387	-8.8396
BLOCK10/SES106/SA106S27	SES106	0.861914	-6.83698	-7.69889
BLOCK10/SES106/SA106S29	SES106	0.870123	-6.22712	-7.09724
BLOCK11/SES117/SA117S12	SES117	0.638697	-7.48576	-8.12446
BLOCK11/SES117/SA117S13	SES117	-0.109392	-8.19669	-8.0873
BLOCK11/SES117/SA117S23	SES117	1.02945	-8.15111	-9.18056
BLOCK11/SES117/SA117S25	SES117	0.648839	-7.70124	-8.35008
BLOCK11/SES117/SA117S28	SES117	0.85463	-7.52074	-8.37537
BLOCK12/SES120/SA120S08	SES120	0.955075	-7.14773	-8.1028
BLOCK12/SES120/SA120S11	SES120	0.850369	-9.98296	-10.8333
BLOCK12/SES120/SA120S22	SES120	0.471009	-6.85866	-7.32967
BLOCK12/SES120/SA120S24	SES120	0.614259	-7.63452	-8.24877
BLOCK12/SES120/SA120S28	SES120	0.291752	-7.93411	-8.22587
BLOCK12/SES125/SA125S13	SES125	0.824545	-7.11039	-7.93493
BLOCK12/SES125/SA125S14	SES125	0.634443	-7.49279	-8.12723
BLOCK12/SES125/SA125S25	SES125	0.831183	-7.56788	-8.39907
BLOCK12/SES125/SA125S27	SES125	1.09039	-6.49531	-7.5857
BLOCK12/SES125/SA125S29	SES125	0.749898	-6.81954	-7.56944
BLOCK12/SES127/SA127S11	SES127	0.399448	-7.5861	-7.98555
BLOCK12/SES127/SA127S12	SES127	0.571101	-5.85626	-6.42736
BLOCK12/SES127/SA127S23	SES127	0.51309	-6.41743	-6.93052
BLOCK12/SES127/SA127S25	SES127	0.432383	-6.55763	-6.99002
BLOCK12/SES127/SA127S27	SES127	0.840167	-6.58595	-7.42612
BLOCK12/SES129/SA129S11	SES129	1.2357	-5.83547	-7.07117
BLOCK12/SES129/SA129S12	SES129	0.941479	-5.77196	-6.71344
BLOCK12/SES129/SA129S22	SES129	1.12274	-6.5733	-7.69604
BLOCK12/SES129/SA129S27	SES129	1.27197	-6.41335	-7.68531
BLOCK12/SES129/SA129S29	SES129	0.655056	-7.85024	-8.50529
BLOCK14/SES142/SA142S11	SES142	1.16946	-6.2353	-7.40476
BLOCK14/SES142/SA142S12	SES142	0.739061	-7.10743	-7.8465
BLOCK14/SES142/SA142S24	SES142	0.83665	-6.44881	-7.28546
BLOCK14/SES142/SA142S27	SES142	1.06051	-6.26742	-7.32792
BLOCK14/SES142/SA142S29	SES142	1.2621	-6.02719	-7.28929
BLOCK14/SES143/SA143S12	SES143	1.11081	-6.63138	-7.74219
BLOCK14/SES143/SA143S13	SES143	0.82994	-7.00324	-7.83318
BLOCK14/SES143/SA143S23	SES143	0.306327	-7.09632	-7.40264
BLOCK14/SES143/SA143S25	SES143	0.754922	-7.22559	-7.98052
BLOCK14/SES143/SA143S28	SES143	0.825889	-7.00877	-7.83466
BLOCK14/SES144/SA144S09	SES144	0.712039	-7.08109	-7.79313
BLOCK14/SES144/SA144S11	SES144	0.00953484	-7.1956	-7.20513
BLOCK14/SES144/SA144S21	SES144	-0.0123038	-7.85558	-7.84327
BLOCK14/SES144/SA144S25	SES144	0.662805	-7.3376	-8.0004
BLOCK14/SES144/SA144S29	SES144	-0.342884	-8.26599	-7.92311
BLOCK14/SES146/SA146S14	SES146	0.513833	-7.80302	-8.31686
BLOCK14/SES146/SA146S15	SES146	0.392301	-7.78853	-8.18083
BLOCK14/SES146/SA146S24	SES146	0.798903	-7.17522	-7.97413
BLOCK14/SES146/SA146S26	SES146	0.958699	-7.00336	-7.96205
BLOCK14/SES146/SA146S29	SES146	0.800171	-7.67593	-8.4761
BLOCK14/SES147/SA147S11	SES147	0.415737	-7.32845	-7.74419
BLOCK14/SES147/SA147S13	SES147	0.752352	-6.41682	-7.16918
BLOCK14/SES147/SA147S23	SES147	0.765414	-6.98812	-7.75353
BLOCK14/SES147/SA147S26	SES147	1.18081	-6.86488	-8.04569
BLOCK14/SES147/SA147S28	SES147	1.36775	-6.16743	-7.53518
BLOCK14/SES148/SA148S10	SES148	0.519184	-6.37593	-6.89511
BLOCK14/SES148/SA148S12	SES148	0.27556	-7.67735	-7.95291
BLOCK14/SES148/SA148S22	SES148	0.699532	-6.53307	-7.2326
BLOCK14/SES148/SA148S26	SES148	0.321651	-6.26173	-6.58338
BLOCK14/SES148/SA148S29	SES148	0.038012	-7.26167	-7.29968
BLOCK14/SES149/SA149S13	SES149	-0.0332322	-7.16992	-7.13669
BLOCK14/SES149/SA149S14	SES149	0.381923	-6.40351	-6.78543
BLOCK14/SES149/SA149S24	SES149	0.860373	-6.62882	-7.48919
BLOCK14/SES149/SA149S26	SES149	0.944844	-5.85898	-6.80382
BLOCK14/SES149/SA149S28	SES149	1.71287	-5.00466	-6.71754
BLOCK15/SES158/SA158S13	SES158	1.00464	-6.8738	-7.87844
BLOCK15/SES158/SA158S14	SES158	0.728693	-7.78265	-8.51134
BLOCK15/SES158/SA158S23	SES158	1.03094	-6.05366	-7.0846
BLOCK15/SES158/SA158S26	SES158	1.42281	-7.19637	-8.61919
BLOCK15/SES158/SA158S28	SES158	0.719707	-7.45044	-8.17015
BLOCK16/SES162/SA162S10	SES162	0.421789	-8.00025	-8.42204
BLOCK16/SES162/SA162S11	SES162	0.643356	-6.39746	-7.04082
BLOCK16/SES162/SA162S21	SES162	0.843156	-6.68473	-7.52789
BLOCK16/SES162/SA162S24	SES162	0.758067	-6.95931	-7.71738
BLOCK16/SES162/SA162S27	SES162	1.32223	-7.63012	-8.95235
BLOCK16/SES167/SA167S14	SES167	1.21381	-6.18194	-7.39575
BLOCK16/SES167/SA167S15	SES167	1.35767	-6.1706	-7.52827
BLOCK16/SES167/SA167S21	SES167	1.59888	-5.80273	-7.40162
BLOCK16/SES167/SA167S25	SES167	1.95346	-6.17155	-8.12502
BLOCK16/SES167/SA167S29	SES167	1.89141	-5.63363	-7.52504
BLOCK17/SES172/SA172S12	SES172	1.22451	-7.60992	-8.83443
BLOCK17/SES172/SA172S13	SES172	1.36209	-7.36074	-8.72283
BLOCK17/SES172/SA172S23	SES172	1.05834	-6.67458	-7.73292
BLOCK17/SES172/SA172S27	SES172	0.794054	-8.20043	-8.99448
BLOCK17/SES172/SA172S29	SES172	1.584	-6.69883	-8.28282
BLOCK17/SES175/SA175S11	SES175	0.704819	-7.26807	-7.97289
BLOCK17/SES175/SA175S13	SES175	0.80665	-5.21469	-6.02134
BLOCK17/SES175/SA175S23	SES175	0.534919	-6.27749	-6.81241
BLOCK17/SES175/SA175S25	SES175	0.210437	-7.90895	-8.11939
BLOCK17/SES175/SA175S28	SES175	0.502401	-6.47854	-6.98094
BLOCK17/SES177/SA177S15	SES177	0.701364	-7.72809	-8.42946
BLOCK17/SES177/SA177S17	SES177	0.461895	-7.74773	-8.20963
BLOCK17/SES177/SA177S23	SES177	0.374818	-7.74346	-8.11828
BLOCK17/SES177/SA177S26	SES177	1.06711	-5.63885	-6.70597
BLOCK17/SES177/SA177S28	SES177	0.936226	-7.49023	-8.42646
BLOCK18/SES180/SA180S13	SES180	0.153123	-8.14391	-8.29704
BLOCK18/SES180/SA180S15	SES180	0.280823	-7.10705	-7.38788
BLOCK18/SES180/SA180S24	SES180	0.573282	-6.25365	-6.82693
BLOCK18/SES180/SA180S26	SES180	0.636543	-6.45953	-7.09607
BLOCK18/SES180/SA180S29	SES180	0.090436	-7.8354	-7.92584
BLOCK18/SES183/SA183S13	SES183	1.02073	-6.79909	-7.81982
BLOCK18/SES183/SA183S14	SES183	0.195421	-7.18405	-7.37947
BLOCK18/SES183/SA183S24	SES183	1.42996	-7.25768	-8.68764
BLOCK18/SES183/SA183S27	SES183	1.18016	-7.68155	-8.8617
BLOCK18/SES183/SA183S29	SES183	1.08479	-6.73025	-7.81504
BLOCK18/SES187/SA187S13	SES187	0.331005	-8.40464	-8.73565
BLOCK18/SES187/SA187S14	SES187	0.558227	-8.01361	-8.57183
BLOCK18/SES187/SA187S24	SES187	1.18681	-7.40255	-8.58935
BLOCK18/SES187/SA187S27	SES187	0.802125	-7.75565	-8.55778
BLOCK18/SES187/SA187S29	SES187	1.12363	-8.27999	-9.40362
BLOCK18/SES189/SA189S10	SES189	0.986206	-7.63191	-8.61812
BLOCK18/SES189/SA189S13	SES189	1.29345	-8.42505	-9.71851
BLOCK18/SES189/SA189S24	SES189	0.88848	-6.81829	-7.70677
BLOCK18/SES189/SA189S26	SES189	1.27161	-6.88906	-8.16067
BLOCK18/SES189/SA189S29	SES189	1.21309	-6.74635	-7.95945
BLOCK20/SES202/SA202S12	SES202	0.803736	-7.01199	-7.81572
BLOCK20/SES202/SA202S14	SES202	0.941261	-6.91377	-7.85503
BLOCK20/SES202/SA202S24	SES202	0.400618	-7.86039	-8.26101
BLOCK20/SES202/SA202S27	SES202	0.930026	-6.62386	-7.55389
BLOCK20/SES202/SA202S29	SES202	0.88676	-6.82782	-7.71458
BLOCK20/SES206/SA206S15	SES206	-0.0798821	-7.14008	-7.0602
BLOCK20/SES206/SA206S17	SES206	0.779178	-7.48762	-8.2668
BLOCK20/SES206/SA206S24	SES206	1.48583	-5.88203	-7.36786
BLOCK20/SES206/SA206S27	SES206	1.17975	-7.5158	-8.69555
BLOCK20/SES206/SA206S29	SES206	1.64712	-5.96646	-7.61358
BLOCK22/SES226/SA226S12	SES226	0.839609	-7.58047	-8.42008
BLOCK22/SES226/SA226S13	SES226	0.422764	-8.25374	-8.67651
BLOCK22/SES226/SA226S20	SES226	0.897404	-7.44015	-8.33755
BLOCK22/SES226/SA226S23	SES226	1.08364	-6.66518	-7.74882
BLOCK22/SES226/SA226S28	SES226	1.25403	-6.65336	-7.90738
BLOCK25/SES259/SA259S13	SES259	2.01813	-6.31946	-8.33758
BLOCK25/SES259/SA259S14	SES259	1.26883	-6.44823	-7.71706
BLOCK25/SES259/SA259S22	SES259	1.63027	-6.00341	-7.63368
BLOCK25/SES259/SA259S24	SES259	0.973703	-6.8214	-7.7951
BLOCK25/SES259/SA259S28	SES259	1.09546	-6.61673	-7.71219
BLOCK27/SES270/SA270S14	SES270	1.74927	-6.93021	-8.67949
BLOCK27/SES270/SA270S16	SES270	0.315492	-7.20303	-7.51852
BLOCK27/SES270/SA270S22	SES270	1.91906	-6.2983	-8.21737
BLOCK27/SES270/SA270S26	SES270	0.999613	-7.10898	-8.10859
BLOCK27/SES270/SA270S28	SES270	1.06581	-7.05672	-8.12253
BLOCK27/SES275/SA275S17	SES275	0.740208	-6.90501	-7.64522
BLOCK27/SES275/SA275S18	SES275	0.34189	-7.11281	-7.4547
BLOCK27/SES275/SA275S24	SES275	0.689241	-7.48227	-8.17151
BLOCK27/SES275/SA275S26	SES275	0.932072	-6.79038	-7.72245
BLOCK27/SES275/SA275S28	SES275	0.651602	-7.33754	-7.98914
BLOCK29/SES292/SA292S10	SES292	0.00288725	-6.8516	-6.85449
BLOCK29/SES292/SA292S12	SES292	0.0787935	-8.31749	-8.39629
BLOCK29/SES292/SA292S22	SES292	0.239032	-7.58755	-7.82658
BLOCK29/SES292/SA292S24	SES292	0.0788646	-7.57468	-7.65355
BLOCK29/SES292/SA292S27	SES292	0.103211	-7.19016	-7.29337
BLOCK00/SES001/SA001S14	SES062	-1.82532	-9.92088	-8.09556
BLOCK00/SES001/SA001S14	SES082	-0.577168	-8.67273	-8.09556
BLOCK00/SES001/SA001S14	SES106	-1.21355	-9.30912	-8.09556
BLOCK00/SES001/SA001S14	SES206	-1.58505	-9.68061	-8.09556
BLOCK00/SES001/SA001S15	SES062	-1.08277	-8.35647	-7.2737
BLOCK00/SES001/SA001S15	SES104	-1.26188	-8.53558	-7.2737
BLOCK00/SES001/SA001S15	SES106	-1.5849	-8.8586	-7.2737
BLOCK00/SES001/SA001S15	SES206	-1.38484	-8.65854	-7.2737
BLOCK00/SES001/SA001S24	SES062	-0.354139	-8.14548	-7.79134
BLOCK00/SES001/SA001S24	SES082	-0.55194	-8.34328	-7.79134
BLOCK00/SES001/SA001S24	SES087	-0.532391	-8.32373	-7.79134
BLOCK00/SES001/SA001S24	SES206	-0.029676	-7.82101	-7.79134
BLOCK00/SES001/SA001S27	SES062	-0.559681	-6.75407	-6.19439
BLOCK00/SES001/SA001S27	SES082	-0.772069	-6.96646	-6.19439
BLOCK00/SES001/SA001S27	SES087	-0.429818	-6.62421	-6.19439
BLOCK00/SES001/SA001S27	SES206	-0.884072	-7.07846	-6.19439
BLOCK00/SES001/SA001S29	SES062	-1.20437	-8.95168	-7.74731
BLOCK00/SES001/SA001S29	SES082	-0.59973	-8.34704	-7.74731
BLOCK00/SES001/SA001S29	SES158	-0.591377	-8.33869	-7.74731
BLOCK00/SES001/SA001S29	SES206	-0.59805	-8.34536	-7.74731
BLOCK00/SES003/SA003S11	SES002	-0.123056	-8.25588	-8.13282
BLOCK00/SES003/SA003S11	SES019	-1.26894	-9.40176	-8.13282
BLOCK00/SES003/SA003S11	SES082	-0.325587	-8.45841	-8.13282
BLOCK00/SES003/SA003S11	SES125	-0.732791	-8.86561	-8.13282
BLOCK00/SES003/SA003S15	SES016	-1.1631	-8.35667	-7.19357
BLOCK00/SES003/SA003S15	SES019	-3.24411	-10.4377	-7.19357
BLOCK00/SES003/SA003S15	SES062	0.00993013	-7.18364	-7.19357
BLOCK00/SES003/SA003S15	SES206	-0.437396	-7.63097	-7.19357
BLOCK00/SES003/SA003S22	SES002	-0.494807	-8.0289	-7.53409
BLOCK00/SES003/SA003S22	SES062	0.134562	-7.39953	-7.53409
BLOCK00/SES003/SA003S22	SES082	-0.5854	-8.11949	-7.53409
BLOCK00/SES003/SA003S22	SES087	-0.149148	-7.68324	-7.53409
BLOCK00/SES003/SA003S25	SES062	-2.02858	-10.5697	-8.54115
BLOCK00/SES003/SA003S25	SES082	-1.82255	-10.3637	-8.54115
BLOCK00/SES003/SA003S25	SES087	-1.74478	-10.2859	-8.54115
BLOCK00/SES003/SA003S25	SES206	-1.20658	-9.74773	-8.54115
BLOCK00/SES003/SA003S29	SES002	-0.752771	-8.82804	-8.07526
BLOCK00/SES003/SA003S29	SES062	-2.07421	-10.1495	-8.07526
BLOCK00/SES003/SA003S29	SES082	-1.03877	-9.11404	-8.07526
BLOCK00/SES003/SA003S29	SES087	-1.92845	-10.0037	-8.07526
BLOCK00/SES004/SA004S12	SES083	-0.862684	-7.9364	-7.07372
BLOCK00/SES004/SA004S12	SES148	-0.455181	-7.5289	-7.07372
BLOCK00/SES004/SA004S12	SES172	0.194995	-6.87872	-7.07372
BLOCK00/SES004/SA004S12	SES292	-0.722919	-7.79664	-7.07372
BLOCK00/SES004/SA004S17	SES083	-0.73461	-8.13466	-7.40005
BLOCK00/SES004/SA004S17	SES162	-0.471525	-7.87157	-7.40005
BLOCK00/SES004/SA004S17	SES172	-0.12749	-7.52754	-7.40005
BLOCK00/SES004/SA004S17	SES292	-0.907047	-8.30709	-7.40005
BLOCK00/SES004/SA004S24	SES083	-0.812493	-7.88957	-7.07708
BLOCK00/SES004/SA004S24	SES148	-1.07553	-8.15261	-7.07708
BLOCK00/SES004/SA004S24	SES172	0.109986	-6.96709	-7.07708
BLOCK00/SES004/SA004S24	SES292	-0.543319	-7.6204	-7.07708
BLOCK00/SES004/SA004S26	SES083	-1.5599	-9.14816	-7.58825
BLOCK00/SES004/SA004S26	SES127	-0.542717	-8.13097	-7.58825
BLOCK00/SES004/SA004S26	SES148	-2.19728	-9.78553	-7.58825
BLOCK00/SES004/SA004S26	SES292	-1.13519	-8.72344	-7.58825
BLOCK00/SES004/SA004S28	SES083	-1.0702	-8.15987	-7.08966
BLOCK00/SES004/SA004S28	SES127	0.163267	-6.9264	-7.08966
BLOCK00/SES004/SA004S28	SES187	0.209669	-6.87999	-7.08966
BLOCK00/SES004/SA004S28	SES292	-0.801227	-7.89089	-7.08966
BLOCK00/SES006/SA006S10	SES014	-1.65238	-10.8252	-9.17286
BLOCK00/SES006/SA006S10	SES158	-1.38254	-10.5554	-9.17286
BLOCK00/SES006/SA006S10	SES226	-2.28647	-11.4593	-9.17286
BLOCK00/SES006/SA006S10	SES270	0.0486917	-9.12417	-9.17286
BLOCK00/SES006/SA006S11	SES158	-2.02539	-10.8218	-8.79641
BLOCK00/SES006/SA006S11	SES226	-1.19977	-9.99618	-8.79641
BLOCK00/SES006/SA006S11	SES270	0.0892038	-8.70721	-8.79641
BLOCK00/SES006/SA006S11	SES275	-1.57335	-10.3698	-8.79641
BLOCK00/SES006/SA006S23	SES062	-3.54235	-12.5637	-9.02131
BLOCK00/SES006/SA006S23	SES105	-3.19061	-12.2119	-9.02131
BLOCK00/SES006/SA006S23	SES158	-1.53851	-10.5598	-9.02131
BLOCK00/SES006/SA006S23	SES275	-2.07257	-11.0939	-9.02131
BLOCK00/SES006/SA006S26	SES104	-2.72614	-11.7391	-9.01293
BLOCK00/SES006/SA006S26	SES158	-1.64373	-10.6567	-9.01293
BLOCK00/SES006/SA006S26	SES270	0.116028	-8.8969	-9.01293
BLOCK00/SES006/SA006S26	SES275	-1.74608	-10.759	-9.01293
BLOCK00/SES006/SA006S28	SES007	-1.8073	-11.033	-9.22569
BLOCK00/SES006/SA006S28	SES105	-2.49453	-11.7202	-9.22569
BLOCK00/SES006/SA006S28	SES158	-1.22631	-10.452	-9.22569
BLOCK00/SES006/SA006S28	SES275	-2.16939	-11.3951	-9.22569
BLOCK00/SES009/SA009S12	SES083	-1.70691	-9.5359	-7.829
BLOCK00/SES009/SA009S12	SES148	-0.807224	-8.63622	-7.829
BLOCK00/SES009/SA009S12	SES177	-0.159988	-7.98899	-7.829
BLOCK00/SES009/SA009S12	SES292	-0.458241	-8.28724	-7.829
BLOCK00/SES009/SA009S15	SES007	0.171614	-6.98357	-7.15518
BLOCK00/SES009/SA009S15	SES099	-2.33897	-9.49415	-7.15518
BLOCK00/SES009/SA009S15	SES148	-0.99414	-8.14932	-7.15518
BLOCK00/SES009/SA009S15	SES172	-0.442519	-7.5977	-7.15518
BLOCK00/SES009/SA009S24	SES146	0.111712	-7.86482	-7.97653
BLOCK00/SES009/SA009S24	SES148	-1.42055	-9.39708	-7.97653
BLOCK00/SES009/SA009S24	SES177	0.114247	-7.86228	-7.97653
BLOCK00/SES009/SA009S24	SES292	-0.553704	-8.53023	-7.97653
BLOCK00/SES009/SA009S26	SES083	-1.76258	-9.47919	-7.7166
BLOCK00/SES009/SA009S26	SES101	-1.73034	-9.44695	-7.7166
BLOCK00/SES009/SA009S26	SES120	-0.321793	-8.0384	-7.7166
BLOCK00/SES009/SA009S26	SES177	-0.787819	-8.50442	-7.7166
BLOCK00/SES009/SA009S29	SES083	-1.28461	-8.91023	-7.62561
BLOCK00/SES009/SA009S29	SES101	-1.01253	-8.63814	-7.62561
BLOCK00/SES009/SA009S29	SES177	-0.269356	-7.89497	-7.62561
BLOCK00/SES009/SA009S29	SES292	-0.797994	-8.42361	-7.62561
BLOCK01/SES011/SA011S10	SES019	-3.09841	-12.2294	-9.13095
BLOCK01/SES011/SA011S10	SES042	1.10979	-8.02117	-9.13095
BLOCK01/SES011/SA011S10	SES082	-0.517076	-9.64803	-9.13095
BLOCK01/SES011/SA011S10	SES206	0.206336	-8.92462	-9.13095
BLOCK01/SES011/SA011S11	SES019	-2.71903	-11.3149	-8.59584
BLOCK01/SES011/SA011S11	SES042	0.795441	-7.8004	-8.59584
BLOCK01/SES011/SA011S11	SES082	-0.196247	-8.79208	-8.59584
BLOCK01/SES011/SA011S11	SES206	-0.445312	-9.04115	-8.59584
BLOCK01/SES011/SA011S22	SES019	-2.07575	-10.9138	-8.83801
BLOCK01/SES011/SA011S22	SES042	0.860476	-7.97754	-8.83801
BLOCK01/SES011/SA011S22	SES082	-0.804019	-9.64203	-8.83801
BLOCK01/SES011/SA011S22	SES206	-0.546535	-9.38455	-8.83801
BLOCK01/SES011/SA011S24	SES019	-2.65491	-10.6819	-8.027
BLOCK01/SES011/SA011S24	SES042	1.25994	-6.76706	-8.027
BLOCK01/SES011/SA011S24	SES104	0.0453377	-7.98166	-8.027
BLOCK01/SES011/SA011S24	SES206	-0.0242682	-8.05127	-8.027
BLOCK01/SES011/SA011S27	SES082	0.128888	-8.01917	-8.14806
BLOCK01/SES011/SA011S27	SES087	-1.12207	-9.27013	-8.14806
BLOCK01/SES011/SA011S27	SES125	0.0965061	-8.05156	-8.14806
BLOCK01/SES011/SA011S27	SES206	-0.160562	-8.30862	-8.14806
BLOCK01/SES012/SA012S11	SES007	-0.111963	-7.06689	-6.95493
BLOCK01/SES012/SA012S11	SES082	0.0142035	-6.94073	-6.95493
BLOCK01/SES012/SA012S11	SES083	-1.03059	-7.98552	-6.95493
BLOCK01/SES012/SA012S11	SES206	-0.472833	-7.42776	-6.95493
BLOCK01/SES012/SA012S14	SES082	0.0497351	-8.33839	-8.38813
BLOCK01/SES012/SA012S14	SES087	-0.688883	-9.07701	-8.38813
BLOCK01/SES012/SA012S14	SES206	-0.120517	-8.50864	-8.38813
BLOCK01/SES012/SA012S14	SES292	-0.447538	-8.83566	-8.38813
BLOCK01/SES012/SA012S24	SES082	-0.191655	-9.1681	-8.97645
BLOCK01/SES012/SA012S24	SES087	-0.825759	-9.80221	-8.97645
BLOCK01/SES012/SA012S24	SES120	-1.0506	-10.027	-8.97645
BLOCK01/SES012/SA012S24	SES206	-0.488533	-9.46498	-8.97645
BLOCK01/SES012/SA012S26	SES019	-5.15363	-14.2805	-9.12682
BLOCK01/SES012/SA012S26	SES082	-0.909687	-10.0365	-9.12682
BLOCK01/SES012/SA012S26	SES206	0.91062	-8.2162	-9.12682
BLOCK01/SES012/SA012S26	SES292	0.0579853	-9.06884	-9.12682
BLOCK01/SES012/SA012S29	SES062	-0.463065	-7.45593	-6.99286
BLOCK01/SES012/SA012S29	SES082	0.473278	-6.51959	-6.99286
BLOCK01/SES012/SA012S29	SES083	-0.94704	-7.9399	-6.99286
BLOCK01/SES012/SA012S29	SES206	0.366692	-6.62617	-6.99286
BLOCK01/SES013/SA013S16	SES062	-2.75268	-11.7845	-9.03183
BLOCK01/SES013/SA013S16	SES106	-0.766702	-9.79854	-9.03183
BLOCK01/SES013/SA013S16	SES206	-0.967265	-9.9991	-9.03183
BLOCK01/SES013/SA013S16	SES226	-0.50283	-9.53466	-9.03183
BLOCK01/SES013/SA013S17	SES062	-1.38443	-9.33422	-7.94979
BLOCK01/SES013/SA013S17	SES106	-0.952789	-8.90258	-7.94979
BLOCK01/SES013/SA013S17	SES206	-0.00655508	-7.95634	-7.94979
BLOCK01/SES013/SA013S17	SES226	-0.16676	-8.11655	-7.94979
BLOCK01/SES013/SA013S23	SES104	-1.13464	-10.3033	-9.1687
BLOCK01/SES013/SA013S23	SES106	-0.0438452	-9.21254	-9.1687
BLOCK01/SES013/SA013S23	SES206	-1.43783	-10.6065	-9.1687
BLOCK01/SES013/SA013S23	SES270	-0.0725307	-9.24123	-9.1687
BLOCK01/SES013/SA013S25	SES042	-2.4069	-10.846	-8.43915
BLOCK01/SES013/SA013S25	SES104	-0.22839	-8.66754	-8.43915
BLOCK01/SES013/SA013S25	SES106	0.276876	-8.16227	-8.43915
BLOCK01/SES013/SA013S25	SES206	-1.31256	-9.75171	-8.43915
BLOCK01/SES013/SA013S29	SES062	-2.73884	-11.3286	-8.58978
BLOCK01/SES013/SA013S29	SES104	-1.1592	-9.74898	-8.58978
BLOCK01/SES013/SA013S29	SES106	-0.297544	-8.88732	-8.58978
BLOCK01/SES013/SA013S29	SES206	-1.84819	-10.438	-8.58978
BLOCK02/SES021/SA021S13	SES016	-2.74347	-10.4622	-7.71872
BLOCK02/SES021/SA021S13	SES029	-0.968246	-8.68697	-7.71872
BLOCK02/SES021/SA021S13	SES087	-2.20966	-9.92838	-7.71872
BLOCK02/SES021/SA021S13	SES206	-1.39917	-9.1179	-7.71872
BLOCK02/SES021/SA021S15	SES087	-0.379056	-7.97711	-7.59805
BLOCK02/SES021/SA021S15	SES125	-0.50633	-8.10438	-7.59805
BLOCK02/SES021/SA021S15	SES206	-0.896084	-8.49413	-7.59805
BLOCK02/SES021/SA021S15	SES226	-1.02158	-8.61963	-7.59805
BLOCK02/SES021/SA021S23	SES062	-2.18839	-10.9602	-8.77185
BLOCK02/SES021/SA021S23	SES087	-0.617791	-9.38964	-8.77185
BLOCK02/SES021/SA021S23	SES206	-1.11779	-9.88964	-8.77185
BLOCK02/SES021/SA021S23	SES226	-1.03825	-9.8101	-8.77185
BLOCK02/SES021/SA021S27	SES002	-0.449678	-7.6983	-7.24862
BLOCK02/SES021/SA021S27	SES016	-3.72617	-10.9748	-7.24862
BLOCK02/SES021/SA021S27	SES019	-1.55825	-8.80687	-7.24862
BLOCK02/SES021/SA021S27	SES062	-0.826406	-8.07503	-7.24862
BLOCK02/SES021/SA021S29	SES087	-1.00836	-9.22716	-8.2188
BLOCK02/SES021/SA021S29	SES125	-1.6359	-9.8547	-8.2188
BLOCK02/SES021/SA021S29	SES206	-0.118909	-8.33771	-8.2188
BLOCK02/SES021/SA021S29	SES226	-0.827301	-9.0461	-8.2188
BLOCK04/SES043/SA043S09	SES083	-0.00527668	-8.36774	-8.36246
BLOCK04/SES043/SA043S09	SES101	-0.408545	-8.77101	-8.36246
BLOCK04/SES043/SA043S09	SES144	-0.0515852	-8.41405	-8.36246
BLOCK04/SES043/SA043S09	SES172	-1.15111	-9.51357	-8.36246
BLOCK04/SES043/SA043S11	SES083	0.178967	-7.12313	-7.3021
BLOCK04/SES043/SA043S11	SES101	-0.190393	-7.49249	-7.3021
BLOCK04/SES043/SA043S11	SES144	0.311944	-6.99015	-7.3021
BLOCK04/SES043/SA043S11	SES172	-0.210423	-7.51252	-7.3021
BLOCK04/SES043/SA043S23	SES083	-0.141891	-7.92356	-7.78167
BLOCK04/SES043/SA043S23	SES144	0.0368543	-7.74481	-7.78167
BLOCK04/SES043/SA043S23	SES177	-0.402109	-8.18377	-7.78167
BLOCK04/SES043/SA043S23	SES275	-0.611825	-8.39349	-7.78167
BLOCK04/SES043/SA043S26	SES083	-0.730726	-9.53356	-8.80283
BLOCK04/SES043/SA043S26	SES101	-0.508091	-9.31092	-8.80283
BLOCK04/SES043/SA043S26	SES144	0.0752678	-8.72756	-8.80283
BLOCK04/SES043/SA043S26	SES177	-0.774751	-9.57758	-8.80283
BLOCK04/SES043/SA043S28	SES016	-1.51102	-9.39428	-7.88326
BLOCK04/SES043/SA043S28	SES083	-0.0654278	-7.94869	-7.88326
BLOCK04/SES043/SA043S28	SES101	-0.366141	-8.2494	-7.88326
BLOCK04/SES043/SA043S28	SES144	-0.275582	-8.15884	-7.88326
BLOCK04/SES044/SA044S10	SES127	-2.23054	-10.8258	-8.59531
BLOCK04/SES044/SA044S10	SES144	-0.175885	-8.77119	-8.59531
BLOCK04/SES044/SA044S10	SES147	-2.99918	-11.5945	-8.59531
BLOCK04/SES044/SA044S10	SES148	-2.29092	-10.8862	-8.59531
BLOCK04/SES044/SA044S11	SES101	-0.344637	-8.03538	-7.69074
BLOCK04/SES044/SA044S11	SES144	0.214358	-7.47638	-7.69074
BLOCK04/SES044/SA044S11	SES147	-1.68727	-9.37801	-7.69074
BLOCK04/SES044/SA044S11	SES177	-0.993751	-8.68449	-7.69074
BLOCK04/SES044/SA044S24	SES007	-1.47838	-9.53956	-8.06117
BLOCK04/SES044/SA044S24	SES101	-0.136744	-8.19792	-8.06117
BLOCK04/SES044/SA044S24	SES147	-1.25189	-9.31306	-8.06117
BLOCK04/SES044/SA044S24	SES177	-0.195704	-8.25688	-8.06117
BLOCK04/SES044/SA044S26	SES007	-1.11962	-8.44621	-7.32659
BLOCK04/SES044/SA044S26	SES016	-0.235098	-7.56169	-7.32659
BLOCK04/SES044/SA044S26	SES101	-0.239363	-7.56595	-7.32659
BLOCK04/SES044/SA044S26	SES147	-0.410364	-7.73695	-7.32659
BLOCK04/SES044/SA044S29	SES007	-2.02027	-9.40548	-7.38521
BLOCK04/SES044/SA044S29	SES101	0.202816	-7.18239	-7.38521
BLOCK04/SES044/SA044S29	SES147	-0.743877	-8.12908	-7.38521
BLOCK04/SES044/SA044S29	SES177	-1.96002	-9.34523	-7.38521
BLOCK04/SES046/SA046S13	SES101	-0.438797	-9.16848	-8.72968
BLOCK04/SES046/SA046S13	SES144	-0.0569582	-8.78664	-8.72968
BLOCK04/SES046/SA046S13	SES147	-1.8743	-10.604	-8.72968
BLOCK04/SES046/SA046S13	SES177	-1.15606	-9.88573	-8.72968
BLOCK04/SES046/SA046S15	SES048	0.0760713	-6.31748	-6.39355
BLOCK04/SES046/SA046S15	SES083	-0.961709	-7.35526	-6.39355
BLOCK04/SES046/SA046S15	SES120	-2.09479	-8.48834	-6.39355
BLOCK04/SES046/SA046S15	SES148	-0.60948	-7.00303	-6.39355
BLOCK04/SES046/SA046S22	SES101	-0.243101	-8.42766	-8.18456
BLOCK04/SES046/SA046S22	SES144	0.180799	-8.00376	-8.18456
BLOCK04/SES046/SA046S22	SES147	-1.65401	-9.83858	-8.18456
BLOCK04/SES046/SA046S22	SES172	-0.0543461	-8.23891	-8.18456
BLOCK04/SES046/SA046S25	SES083	-0.266644	-7.70478	-7.43814
BLOCK04/SES046/SA046S25	SES127	-1.05531	-8.49344	-7.43814
BLOCK04/SES046/SA046S25	SES144	-0.274605	-7.71274	-7.43814
BLOCK04/SES046/SA046S25	SES148	-1.01279	-8.45092	-7.43814
BLOCK04/SES046/SA046S28	SES007	-0.881401	-8.40244	-7.52104
BLOCK04/SES046/SA046S28	SES105	-1.01556	-8.5366	-7.52104
BLOCK04/SES046/SA046S28	SES147	-0.859493	-8.38053	-7.52104
BLOCK04/SES046/SA046S28	SES148	-1.41515	-8.93619	-7.52104
BLOCK04/SES049/SA049S16	SES104	-0.570578	-9.87857	-9.30799
BLOCK04/SES049/SA049S16	SES106	-1.96359	-11.2716	-9.30799
BLOCK04/SES049/SA049S16	SES120	-1.16483	-10.4728	-9.30799
BLOCK04/SES049/SA049S16	SES206	-1.30752	-10.6155	-9.30799
BLOCK04/SES049/SA049S18	SES099	-0.0319347	-8.77491	-8.74297
BLOCK04/SES049/SA049S18	SES104	-1.0999	-9.84288	-8.74297
BLOCK04/SES049/SA049S18	SES125	-1.17533	-9.91831	-8.74297
BLOCK04/SES049/SA049S18	SES206	-1.50381	-10.2468	-8.74297
BLOCK04/SES049/SA049S25	SES087	-1.88222	-11.2415	-9.35926
BLOCK04/SES049/SA049S25	SES104	-0.698956	-10.0582	-9.35926
BLOCK04/SES049/SA049S25	SES125	-0.806201	-10.1655	-9.35926
BLOCK04/SES049/SA049S25	SES206	-1.35278	-10.712	-9.35926
BLOCK04/SES049/SA049S27	SES099	-0.236511	-8.22831	-7.9918
BLOCK04/SES049/SA049S27	SES104	0.104075	-7.88772	-7.9918
BLOCK04/SES049/SA049S27	SES125	-1.37401	-9.36581	-7.9918
BLOCK04/SES049/SA049S27	SES206	-1.43224	-9.42404	-7.9918
BLOCK04/SES049/SA049S29	SES099	-0.200001	-8.03493	-7.83493
BLOCK04/SES049/SA049S29	SES104	0.308693	-7.52623	-7.83493
BLOCK04/SES049/SA049S29	SES125	0.0286102	-7.80632	-7.83493
BLOCK04/SES049/SA049S29	SES206	-1.11772	-8.95265	-7.83493
BLOCK06/SES063/SA063S09	SES068	-2.71151	-11.6833	-8.9718
BLOCK06/SES063/SA063S09	SES083	-0.691536	-9.66334	-8.9718
BLOCK06/SES063/SA063S09	SES177	-0.468896	-9.4407	-8.9718
BLOCK06/SES063/SA063S09	SES187	-0.788157	-9.75996	-8.9718
BLOCK06/SES063/SA063S10	SES068	-1.53944	-10.168	-8.62855
BLOCK06/SES063/SA063S10	SES083	-0.737021	-9.36557	-8.62855
BLOCK06/SES063/SA063S10	SES172	-0.811626	-9.44017	-8.62855
BLOCK06/SES063/SA063S10	SES187	-0.877621	-9.50617	-8.62855
BLOCK06/SES063/SA063S20	SES068	-2.60278	-11.1975	-8.59473
BLOCK06/SES063/SA063S20	SES083	-0.721422	-9.31615	-8.59473
BLOCK06/SES063/SA063S20	SES172	-0.82786	-9.42259	-8.59473
BLOCK06/SES063/SA063S20	SES187	-0.64909	-9.24382	-8.59473
BLOCK06/SES063/SA063S24	SES029	-2.14035	-11.5988	-9.45847
BLOCK06/SES063/SA063S24	SES083	-0.695275	-10.1537	-9.45847
BLOCK06/SES063/SA063S24	SES177	-0.320386	-9.77886	-9.45847
BLOCK06/SES063/SA063S24	SES189	0.809291	-8.64918	-9.45847
BLOCK06/SES063/SA063S27	SES083	-0.52452	-8.8578	-8.33328
BLOCK06/SES063/SA063S27	SES172	-1.68405	-10.0173	-8.33328
BLOCK06/SES063/SA063S27	SES187	-0.788877	-9.12216	-8.33328
BLOCK06/SES063/SA063S27	SES292	-1.2112	-9.54449	-8.33328
BLOCK06/SES067/SA067S12	SES083	-0.814511	-7.86814	-7.05363
BLOCK06/SES067/SA067S12	SES172	-1.34919	-8.40282	-7.05363
BLOCK06/SES067/SA067S12	SES202	-0.556703	-7.61033	-7.05363
BLOCK06/SES067/SA067S12	SES292	-1.12629	-8.17992	-7.05363
BLOCK06/SES067/SA067S14	SES085	-1.0481	-6.95891	-5.91081
BLOCK06/SES067/SA067S14	SES177	-1.15059	-7.0614	-5.91081
BLOCK06/SES067/SA067S14	SES183	0.416119	-5.49469	-5.91081
BLOCK06/SES067/SA067S14	SES202	-0.53779	-6.4486	-5.91081
BLOCK06/SES067/SA067S21	SES144	-0.657482	-8.54091	-7.88343
BLOCK06/SES067/SA067S21	SES177	-1.19054	-9.07397	-7.88343
BLOCK06/SES067/SA067S21	SES183	-1.04741	-8.93084	-7.88343
BLOCK06/SES067/SA067S21	SES189	-0.740959	-8.62438	-7.88343
BLOCK06/SES067/SA067S25	SES085	-1.76246	-8.81428	-7.05182
BLOCK06/SES067/SA067S25	SES177	-0.990843	-8.04266	-7.05182
BLOCK06/SES067/SA067S25	SES183	-0.585571	-7.63739	-7.05182
BLOCK06/SES067/SA067S25	SES202	-0.946546	-7.99836	-7.05182
BLOCK06/SES067/SA067S29	SES085	-2.07277	-10.3573	-8.28458
BLOCK06/SES067/SA067S29	SES177	-1.12693	-9.41151	-8.28458
BLOCK06/SES067/SA067S29	SES183	-0.618858	-8.90343	-8.28458
BLOCK06/SES067/SA067S29	SES202	-0.247907	-8.53248	-8.28458
BLOCK06/SES069/SA069S12	SES029	-1.58089	-9.06162	-7.48073
BLOCK06/SES069/SA069S12	SES082	-0.629451	-8.11018	-7.48073
BLOCK06/SES069/SA069S12	SES087	-1.12365	-8.60438	-7.48073
BLOCK06/SES069/SA069S12	SES206	-0.377656	-7.85839	-7.48073
BLOCK06/SES069/SA069S13	SES029	-2.31643	-9.45387	-7.13744
BLOCK06/SES069/SA069S13	SES087	-1.20539	-8.34283	-7.13744
BLOCK06/SES069/SA069S13	SES206	-1.15631	-8.29375	-7.13744
BLOCK06/SES069/SA069S13	SES226	0.104475	-7.03297	-7.13744
BLOCK06/SES069/SA069S23	SES029	-0.633499	-7.45633	-6.82283
BLOCK06/SES069/SA069S23	SES087	-0.457036	-7.27987	-6.82283
BLOCK06/SES069/SA069S23	SES206	-1.18733	-8.01016	-6.82283
BLOCK06/SES069/SA069S23	SES226	0.114881	-6.70795	-6.82283
BLOCK06/SES069/SA069S25	SES087	-0.900961	-8.214	-7.31304
BLOCK06/SES069/SA069S25	SES206	-1.74785	-9.06089	-7.31304
BLOCK06/SES069/SA069S25	SES226	-0.0763178	-7.38936	-7.31304
BLOCK06/SES069/SA069S25	SES270	-1.08926	-8.4023	-7.31304
BLOCK06/SES069/SA069S27	SES087	-1.15416	-9.20613	-8.05196
BLOCK06/SES069/SA069S27	SES206	-0.464479	-8.51644	-8.05196
BLOCK06/SES069/SA069S27	SES226	0.347871	-7.70409	-8.05196
BLOCK06/SES069/SA069S27	SES270	-0.528452	-8.58041	-8.05196
BLOCK08/SES081/SA081S11	SES060	-1.36039	-9.172	-7.81162
BLOCK08/SES081/SA081S11	SES062	-0.594751	-8.40637	-7.81162
BLOCK08/SES081/SA081S11	SES117	-2.06497	-9.87659	-7.81162
BLOCK08/SES081/SA081S11	SES162	-1.75054	-9.56216	-7.81162
BLOCK08/SES081/SA081S13	SES016	-0.320005	-7.33388	-7.01388
BLOCK08/SES081/SA081S13	SES060	-0.0279303	-7.04181	-7.01388
BLOCK08/SES081/SA081S13	SES068	-0.264122	-7.278	-7.01388
BLOCK08/SES081/SA081S13	SES129	-1.24002	-8.25389	-7.01388
BLOCK08/SES081/SA081S24	SES060	-0.319832	-7.86338	-7.54355
BLOCK08/SES081/SA081S24	SES068	-0.459549	-8.0031	-7.54355
BLOCK08/SES081/SA081S24	SES117	-1.55256	-9.09611	-7.54355
BLOCK08/SES081/SA081S24	SES275	-0.677097	-8.22064	-7.54355
BLOCK08/SES081/SA081S27	SES007	0.0631065	-8.22325	-8.28635
BLOCK08/SES081/SA081S27	SES060	-0.359376	-8.64573	-8.28635
BLOCK08/SES081/SA081S27	SES117	-0.844746	-9.1311	-8.28635
BLOCK08/SES081/SA081S27	SES275	-1.3251	-9.61146	-8.28635
BLOCK08/SES081/SA081S29	SES007	-0.101776	-8.81654	-8.71476
BLOCK08/SES081/SA081S29	SES060	-0.0311651	-8.74592	-8.71476
BLOCK08/SES081/SA081S29	SES117	-0.748681	-9.46344	-8.71476
BLOCK08/SES081/SA081S29	SES275	-1.34676	-10.0615	-8.71476
BLOCK08/SES086/SA086S11	SES029	-2.03295	-11.5189	-9.48596
BLOCK08/SES086/SA086S11	SES082	-1.80518	-11.2911	-9.48596
BLOCK08/SES086/SA086S11	SES087	-0.19073	-9.67669	-9.48596
BLOCK08/SES086/SA086S11	SES206	-1.38853	-10.8745	-9.48596
BLOCK08/SES086/SA086S12	SES029	-1.86582	-10.4696	-8.60379
BLOCK08/SES086/SA086S12	SES082	-1.16018	-9.76397	-8.60379
BLOCK08/SES086/SA086S12	SES087	0.442593	-8.1612	-8.60379
BLOCK08/SES086/SA086S12	SES206	-0.771076	-9.37486	-8.60379
BLOCK08/SES086/SA086S20	SES029	-1.67249	-9.77801	-8.10552
BLOCK08/SES086/SA086S20	SES082	-1.04952	-9.15503	-8.10552
BLOCK08/SES086/SA086S20	SES087	0.038559	-8.06696	-8.10552
BLOCK08/SES086/SA086S20	SES206	-0.375762	-8.48128	-8.10552
BLOCK08/SES086/SA086S24	SES087	0.548804	-8.96936	-9.51816
BLOCK08/SES086/SA086S24	SES104	-1.10707	-10.6252	-9.51816
BLOCK08/SES086/SA086S24	SES120	-0.432803	-9.95096	-9.51816
BLOCK08/SES086/SA086S24	SES206	-0.100809	-9.61897	-9.51816
BLOCK08/SES086/SA086S28	SES029	-1.64162	-9.47888	-7.83726
BLOCK08/SES086/SA086S28	SES082	-0.987922	-8.82518	-7.83726
BLOCK08/SES086/SA086S28	SES087	0.220725	-7.61653	-7.83726
BLOCK08/SES086/SA086S28	SES206	-0.558381	-8.39564	-7.83726
BLOCK08/SES089/SA089S13	SES087	-0.713109	-9.52372	-8.81061
BLOCK08/SES089/SA089S13	SES206	-1.31792	-10.1285	-8.81061
BLOCK08/SES089/SA089S13	SES226	-0.860516	-9.67113	-8.81061
BLOCK08/SES089/SA089S13	SES270	-1.46941	-10.28	-8.81061
BLOCK08/SES089/SA089S14	SES062	-1.27459	-9.57117	-8.29657
BLOCK08/SES089/SA089S14	SES087	0.0948515	-8.20172	-8.29657
BLOCK08/SES089/SA089S14	SES206	-1.34573	-9.6423	-8.29657
BLOCK08/SES089/SA089S14	SES226	-0.937134	-9.23371	-8.29657
BLOCK08/SES089/SA089S23	SES087	-1.07216	-10.8113	-9.73911
BLOCK08/SES089/SA089S23	SES206	-2.13905	-11.8782	-9.73911
BLOCK08/SES089/SA089S23	SES226	-1.1426	-10.8817	-9.73911
BLOCK08/SES089/SA089S23	SES270	-3.66113	-13.4002	-9.73911
BLOCK08/SES089/SA089S25	SES062	-0.317329	-9.13085	-8.81352
BLOCK08/SES089/SA089S25	SES087	-0.216615	-9.03014	-8.81352
BLOCK08/SES089/SA089S25	SES206	-1.9985	-10.812	-8.81352
BLOCK08/SES089/SA089S25	SES226	-0.639465	-9.45299	-8.81352
BLOCK08/SES089/SA089S28	SES062	-0.425155	-9.04043	-8.61528
BLOCK08/SES089/SA089S28	SES087	0.283652	-8.33162	-8.61528
BLOCK08/SES089/SA089S28	SES206	-1.34393	-9.9592	-8.61528
BLOCK08/SES089/SA089S28	SES226	-0.475278	-9.09056	-8.61528
BLOCK09/SES097/SA097S11	SES099	0.0146265	-8.93644	-8.95106
BLOCK09/SES097/SA097S11	SES125	-1.29714	-10.2482	-8.95106
BLOCK09/SES097/SA097S11	SES206	-1.38854	-10.3396	-8.95106
BLOCK09/SES097/SA097S11	SES226	0.562193	-8.38887	-8.95106
BLOCK09/SES097/SA097S14	SES062	-1.95406	-10.2123	-8.2582
BLOCK09/SES097/SA097S14	SES099	-0.473216	-8.73141	-8.2582
BLOCK09/SES097/SA097S14	SES104	-0.727235	-8.98543	-8.2582
BLOCK09/SES097/SA097S14	SES206	-1.52765	-9.78585	-8.2582
BLOCK09/SES097/SA097S22	SES099	0.127337	-8.60272	-8.73006
BLOCK09/SES097/SA097S22	SES206	-1.48408	-10.2141	-8.73006
BLOCK09/SES097/SA097S22	SES226	-0.597537	-9.3276	-8.73006
BLOCK09/SES097/SA097S22	SES270	-0.606709	-9.33677	-8.73006
BLOCK09/SES097/SA097S26	SES099	0.329174	-8.60489	-8.93406
BLOCK09/SES097/SA097S26	SES120	-0.943052	-9.87712	-8.93406
BLOCK09/SES097/SA097S26	SES206	-1.83165	-10.7657	-8.93406
BLOCK09/SES097/SA097S26	SES226	-0.0785027	-9.01257	-8.93406
BLOCK09/SES097/SA097S28	SES099	-0.0179744	-7.92147	-7.90349
BLOCK09/SES097/SA097S28	SES120	-0.884393	-8.78789	-7.90349
BLOCK09/SES097/SA097S28	SES206	-1.33658	-9.24008	-7.90349
BLOCK09/SES097/SA097S28	SES226	-0.511312	-8.4148	-7.90349
BLOCK09/SES098/SA098S11	SES127	-0.86705	-8.17551	-7.30846
BLOCK09/SES098/SA098S11	SES144	-0.474866	-7.78332	-7.30846
BLOCK09/SES098/SA098S11	SES147	-0.437138	-7.74559	-7.30846
BLOCK09/SES098/SA098S11	SES148	-1.66995	-8.9784	-7.30846
BLOCK09/SES098/SA098S12	SES127	-1.57732	-10.5825	-9.00518
BLOCK09/SES098/SA098S12	SES144	-1.40081	-10.406	-9.00518
BLOCK09/SES098/SA098S12	SES147	-1.05655	-10.0617	-9.00518
BLOCK09/SES098/SA098S12	SES189	-1.27687	-10.2821	-9.00518
BLOCK09/SES098/SA098S20	SES127	-2.8251	-11.2324	-8.40734
BLOCK09/SES098/SA098S20	SES147	-1.52942	-9.93675	-8.40734
BLOCK09/SES098/SA098S20	SES148	-2.43686	-10.8442	-8.40734
BLOCK09/SES098/SA098S20	SES292	-0.733795	-9.14113	-8.40734
BLOCK09/SES098/SA098S23	SES127	-1.51009	-9.53124	-8.02115
BLOCK09/SES098/SA098S23	SES147	-1.3804	-9.40155	-8.02115
BLOCK09/SES098/SA098S23	SES187	-0.471185	-8.49234	-8.02115
BLOCK09/SES098/SA098S23	SES292	-0.672659	-8.69381	-8.02115
BLOCK09/SES098/SA098S27	SES127	-2.11111	-10.1753	-8.0642
BLOCK09/SES098/SA098S27	SES147	-1.69467	-9.75887	-8.0642
BLOCK09/SES098/SA098S27	SES148	-2.58326	-10.6475	-8.0642
BLOCK09/SES098/SA098S27	SES292	-0.546223	-8.61042	-8.0642
BLOCK10/SES102/SA102S13	SES101	-0.153862	-9.33471	-9.18085
BLOCK10/SES102/SA102S13	SES105	-0.840175	-10.021	-9.18085
BLOCK10/SES102/SA102S13	SES120	-2.19353	-11.3744	-9.18085
BLOCK10/SES102/SA102S13	SES158	-2.59312	-11.774	-9.18085
BLOCK10/SES102/SA102S14	SES007	0.49412	-6.22857	-6.72269
BLOCK10/SES102/SA102S14	SES101	-0.238437	-6.96112	-6.72269
BLOCK10/SES102/SA102S14	SES105	-0.444569	-7.16725	-6.72269
BLOCK10/SES102/SA102S14	SES147	-1.77375	-8.49643	-6.72269
BLOCK10/SES102/SA102S22	SES007	-0.740775	-8.06327	-7.3225
BLOCK10/SES102/SA102S22	SES101	-0.359406	-7.6819	-7.3225
BLOCK10/SES102/SA102S22	SES105	-0.475221	-7.79772	-7.3225
BLOCK10/SES102/SA102S22	SES158	-1.82564	-9.14814	-7.3225
BLOCK10/SES102/SA102S25	SES007	-0.166915	-7.43804	-7.27113
BLOCK10/SES102/SA102S25	SES101	-0.139956	-7.41108	-7.27113
BLOCK10/SES102/SA102S25	SES105	-0.950968	-8.22209	-7.27113
BLOCK10/SES102/SA102S25	SES147	-1.98031	-9.25143	-7.27113
BLOCK10/SES102/SA102S27	SES007	0.0585785	-7.71042	-7.769
BLOCK10/SES102/SA102S27	SES101	0.434833	-7.33417	-7.769
BLOCK10/SES102/SA102S27	SES105	-1.4067	-9.17571	-7.769
BLOCK10/SES102/SA102S27	SES147	-1.69631	-9.46531	-7.769
BLOCK10/SES103/SA103S14	SES105	-1.71113	-10.4169	-8.70581
BLOCK10/SES103/SA103S14	SES106	-1.74361	-10.4494	-8.70581
BLOCK10/SES103/SA103S14	SES120	-1.79503	-10.5008	-8.70581
BLOCK10/SES103/SA103S14	SES206	-1.51871	-10.2245	-8.70581
BLOCK10/SES103/SA103S15	SES099	-1.64619	-11.5034	-9.85722
BLOCK10/SES103/SA103S15	SES101	-3.13832	-12.9955	-9.85722
BLOCK10/SES103/SA103S15	SES104	-0.734496	-10.5917	-9.85722
BLOCK10/SES103/SA103S15	SES125	-1.57944	-11.4367	-9.85722
BLOCK10/SES103/SA103S24	SES104	-0.941798	-9.58877	-8.64697
BLOCK10/SES103/SA103S24	SES125	-2.70087	-11.3478	-8.64697
BLOCK10/SES103/SA103S24	SES148	-1.89163	-10.5386	-8.64697
BLOCK10/SES103/SA103S24	SES158	-1.47744	-10.1244	-8.64697
BLOCK10/SES103/SA103S26	SES104	-0.561572	-9.22174	-8.66017
BLOCK10/SES103/SA103S26	SES106	-1.65284	-10.313	-8.66017
BLOCK10/SES103/SA103S26	SES125	-1.17692	-9.83709	-8.66017
BLOCK10/SES103/SA103S26	SES148	-1.6032	-10.2634	-8.66017
BLOCK10/SES103/SA103S28	SES104	-0.649349	-9.50972	-8.86037
BLOCK10/SES103/SA103S28	SES106	-1.9418	-10.8022	-8.86037
BLOCK10/SES103/SA103S28	SES125	-2.30187	-11.1622	-8.86037
BLOCK10/SES103/SA103S28	SES206	-1.37749	-10.2379	-8.86037
BLOCK12/SES121/SA121S12	SES042	-1.22012	-10.0638	-8.84371
BLOCK12/SES121/SA121S12	SES087	-0.721228	-9.56493	-8.84371
BLOCK12/SES121/SA121S12	SES105	-0.515522	-9.35923	-8.84371
BLOCK12/SES121/SA121S12	SES206	-0.129382	-8.97309	-8.84371
BLOCK12/SES121/SA121S14	SES007	-1.78517	-12.6205	-10.8353
BLOCK12/SES121/SA121S14	SES105	-1.79945	-12.6348	-10.8353
BLOCK12/SES121/SA121S14	SES106	-2.10972	-12.945	-10.8353
BLOCK12/SES121/SA121S14	SES206	-1.05428	-11.8896	-10.8353
BLOCK12/SES121/SA121S23	SES105	-1.58556	-12.0096	-10.4241
BLOCK12/SES121/SA121S23	SES106	-2.45835	-12.8824	-10.4241
BLOCK12/SES121/SA121S23	SES120	-1.54837	-11.9724	-10.4241
BLOCK12/SES121/SA121S23	SES206	0.0523014	-10.3718	-10.4241
BLOCK12/SES121/SA121S25	SES007	-0.589645	-11.5789	-10.9892
BLOCK12/SES121/SA121S25	SES105	-1.91703	-12.9062	-10.9892
BLOCK12/SES121/SA121S25	SES106	-0.317262	-11.3065	-10.9892
BLOCK12/SES121/SA121S25	SES206	-0.895979	-11.8852	-10.9892
BLOCK12/SES121/SA121S27	SES087	0.722614	-9.66735	-10.39
BLOCK12/SES121/SA121S27	SES105	-2.58413	-12.9741	-10.39
BLOCK12/SES121/SA121S27	SES120	0.180575	-10.2094	-10.39
BLOCK12/SES121/SA121S27	SES206	-0.83049	-11.2205	-10.39
BLOCK12/SES124/SA124S16	SES042	0.251018	-6.7392	-6.99022
BLOCK12/SES124/SA124S16	SES082	0.0111146	-6.97911	-6.99022
BLOCK12/SES124/SA124S16	SES183	-1.06948	-8.05971	-6.99022
BLOCK12/SES124/SA124S16	SES206	-0.436309	-7.42653	-6.99022
BLOCK12/SES124/SA124S17	SES105	-1.22873	-9.38447	-8.15574
BLOCK12/SES124/SA124S17	SES149	-0.736381	-8.89212	-8.15574
BLOCK12/SES124/SA124S17	SES158	-1.87211	-10.0278	-8.15574
BLOCK12/SES124/SA124S17	SES275	-1.44793	-9.60367	-8.15574
BLOCK12/SES124/SA124S23	SES105	-1.58375	-8.17273	-6.58898
BLOCK12/SES124/SA124S23	SES125	0.634654	-5.95433	-6.58898
BLOCK12/SES124/SA124S23	SES129	-1.75513	-8.34411	-6.58898
BLOCK12/SES124/SA124S23	SES158	-0.520308	-7.10929	-6.58898
BLOCK12/SES124/SA124S26	SES105	-1.96633	-9.76106	-7.79473
BLOCK12/SES124/SA124S26	SES125	-0.248114	-8.04285	-7.79473
BLOCK12/SES124/SA124S26	SES129	-2.24363	-10.0384	-7.79473
BLOCK12/SES124/SA124S26	SES158	-0.893752	-8.68849	-7.79473
BLOCK12/SES124/SA124S28	SES104	-0.332152	-7.34664	-7.01449
BLOCK12/SES124/SA124S28	SES106	-1.00608	-8.02057	-7.01449
BLOCK12/SES124/SA124S28	SES125	0.130922	-6.88356	-7.01449
BLOCK12/SES124/SA124S28	SES275	-1.26295	-8.27743	-7.01449
BLOCK12/SES126/SA126S13	SES007	-0.222407	-8.37031	-8.1479
BLOCK12/SES126/SA126S13	SES162	-1.02856	-9.17646	-8.1479
BLOCK12/SES126/SA126S13	SES177	-0.192622	-8.34053	-8.1479
BLOCK12/SES126/SA126S13	SES180	-1.05839	-9.20629	-8.1479
BLOCK12/SES126/SA126S14	SES144	-0.447558	-7.7775	-7.32994
BLOCK12/SES126/SA126S14	SES148	-1.09572	-8.42566	-7.32994
BLOCK12/SES126/SA126S14	SES177	-0.437871	-7.76781	-7.32994
BLOCK12/SES126/SA126S14	SES180	-1.25047	-8.5804	-7.32994
BLOCK12/SES126/SA126S20	SES007	-0.378052	-7.19299	-6.81494
BLOCK12/SES126/SA126S20	SES162	-0.828437	-7.64338	-6.81494
BLOCK12/SES126/SA126S20	SES172	-0.884856	-7.6998	-6.81494
BLOCK12/SES126/SA126S20	SES180	-1.03024	-7.84518	-6.81494
BLOCK12/SES126/SA126S24	SES120	0.195252	-7.13058	-7.32583
BLOCK12/SES126/SA126S24	SES162	-0.786405	-8.11224	-7.32583
BLOCK12/SES126/SA126S24	SES177	0.0215011	-7.30433	-7.32583
BLOCK12/SES126/SA126S24	SES180	-0.195253	-7.52109	-7.32583
BLOCK12/SES126/SA126S26	SES120	0.64927	-7.24974	-7.89901
BLOCK12/SES126/SA126S26	SES177	-0.091516	-7.99053	-7.89901
BLOCK12/SES126/SA126S26	SES180	-0.375947	-8.27496	-7.89901
BLOCK12/SES126/SA126S26	SES202	-0.36369	-8.2627	-7.89901
BLOCK12/SES128/SA128S10	SES087	-2.09297	-10.261	-8.16807
BLOCK12/SES128/SA128S10	SES206	-0.558919	-8.72699	-8.16807
BLOCK12/SES128/SA128S10	SES226	-0.0427408	-8.21081	-8.16807
BLOCK12/SES128/SA128S10	SES270	-0.299911	-8.46798	-8.16807
BLOCK12/SES128/SA128S12	SES120	0.255244	-8.03986	-8.2951
BLOCK12/SES128/SA128S12	SES158	-0.0228376	-8.31794	-8.2951
BLOCK12/SES128/SA128S12	SES206	-0.149363	-8.44446	-8.2951
BLOCK12/SES128/SA128S12	SES226	-1.05115	-9.34625	-8.2951
BLOCK12/SES128/SA128S21	SES106	-1.07244	-9.10167	-8.02923
BLOCK12/SES128/SA128S21	SES120	-0.75855	-8.78778	-8.02923
BLOCK12/SES128/SA128S21	SES206	-0.226431	-8.25566	-8.02923
BLOCK12/SES128/SA128S21	SES226	0.362937	-7.66629	-8.02923
BLOCK12/SES128/SA128S24	SES087	-1.21151	-9.58827	-8.37677
BLOCK12/SES128/SA128S24	SES120	-0.495724	-8.87249	-8.37677
BLOCK12/SES128/SA128S24	SES206	-0.360067	-8.73683	-8.37677
BLOCK12/SES128/SA128S24	SES226	-1.30267	-9.67944	-8.37677
BLOCK12/SES128/SA128S27	SES099	0.410521	-7.11692	-7.52744
BLOCK12/SES128/SA128S27	SES120	0.264061	-7.26338	-7.52744
BLOCK12/SES128/SA128S27	SES206	-0.383841	-7.91128	-7.52744
BLOCK12/SES128/SA128S27	SES226	-0.730356	-8.25779	-7.52744
BLOCK13/SES130/SA130S13	SES143	-0.315187	-9.18304	-8.86785
BLOCK13/SES130/SA130S13	SES144	0.578664	-8.28919	-8.86785
BLOCK13/SES130/SA130S13	SES146	-1.33991	-10.2078	-8.86785
BLOCK13/SES130/SA130S13	SES275	-1.83988	-10.7077	-8.86785
BLOCK13/SES130/SA130S15	SES143	-0.386619	-7.88634	-7.49972
BLOCK13/SES130/SA130S15	SES144	0.310061	-7.18966	-7.49972
BLOCK13/SES130/SA130S15	SES146	-0.289254	-7.78898	-7.49972
BLOCK13/SES130/SA130S15	SES275	-0.555942	-8.05567	-7.49972
BLOCK13/SES130/SA130S23	SES127	-0.853549	-9.11793	-8.26438
BLOCK13/SES130/SA130S23	SES144	0.068902	-8.19548	-8.26438
BLOCK13/SES130/SA130S23	SES146	-0.446569	-8.71095	-8.26438
BLOCK13/SES130/SA130S23	SES162	-0.481673	-8.74605	-8.26438
BLOCK13/SES130/SA130S25	SES127	-0.771169	-7.64927	-6.8781
BLOCK13/SES130/SA130S25	SES144	0.048142	-6.82996	-6.8781
BLOCK13/SES130/SA130S25	SES146	-0.665511	-7.54361	-6.8781
BLOCK13/SES130/SA130S25	SES275	-0.898799	-7.7769	-6.8781
BLOCK13/SES130/SA130S28	SES127	-0.227516	-8.35423	-8.12672
BLOCK13/SES130/SA130S28	SES144	-0.668116	-8.79483	-8.12672
BLOCK13/SES130/SA130S28	SES146	-0.0799656	-8.20668	-8.12672
BLOCK13/SES130/SA130S28	SES275	-0.38092	-8.50764	-8.12672
BLOCK13/SES131/SA131S13	SES002	-1.46985	-10.3177	-8.84787
BLOCK13/SES131/SA131S13	SES007	-1.02244	-9.87031	-8.84787
BLOCK13/SES131/SA131S13	SES099	0.234335	-8.61354	-8.84787
BLOCK13/SES131/SA131S13	SES105	-1.1239	-9.97177	-8.84787
BLOCK13/SES131/SA131S14	SES104	-0.451936	-7.06301	-6.61107
BLOCK13/SES131/SA131S14	SES106	-1.99054	-8.60161	-6.61107
BLOCK13/SES131/SA131S14	SES125	-1.13737	-7.74844	-6.61107
BLOCK13/SES131/SA131S14	SES148	0.193902	-6.41717	-6.61107
BLOCK13/SES131/SA131S20	SES104	-0.730506	-9.62493	-8.89442
BLOCK13/SES131/SA131S20	SES106	-1.59773	-10.4921	-8.89442
BLOCK13/SES131/SA131S20	SES125	-0.653576	-9.548	-8.89442
BLOCK13/SES131/SA131S20	SES148	-1.23608	-10.1305	-8.89442
BLOCK13/SES131/SA131S22	SES099	-0.025877	-7.16039	-7.13451
BLOCK13/SES131/SA131S22	SES104	-0.469715	-7.60423	-7.13451
BLOCK13/SES131/SA131S22	SES125	-0.209116	-7.34363	-7.13451
BLOCK13/SES131/SA131S22	SES206	-0.333669	-7.46818	-7.13451
BLOCK13/SES131/SA131S29	SES087	-1.01588	-9.90187	-8.88599
BLOCK13/SES131/SA131S29	SES104	-1.84191	-10.7279	-8.88599
BLOCK13/SES131/SA131S29	SES125	-3.7552	-12.6412	-8.88599
BLOCK13/SES131/SA131S29	SES206	-1.71311	-10.5991	-8.88599
BLOCK13/SES132/SA132S11	SES083	-1.12413	-8.92587	-7.80175
BLOCK13/SES132/SA132S11	SES120	0.624009	-7.17774	-7.80175
BLOCK13/SES132/SA132S11	SES127	-1.7175	-9.51925	-7.80175
BLOCK13/SES132/SA132S11	SES275	-0.920044	-8.72179	-7.80175
BLOCK13/SES132/SA132S12	SES083	-1.57853	-8.743	-7.16447
BLOCK13/SES132/SA132S12	SES143	-1.96693	-9.1314	-7.16447
BLOCK13/SES132/SA132S12	SES144	-0.738017	-7.90249	-7.16447
BLOCK13/SES132/SA132S12	SES148	-1.2549	-8.41937	-7.16447
BLOCK13/SES132/SA132S22	SES062	-0.122654	-8.04683	-7.92417
BLOCK13/SES132/SA132S22	SES083	-1.20572	-9.1299	-7.92417
BLOCK13/SES132/SA132S22	SES127	-1.75741	-9.68158	-7.92417
BLOCK13/SES132/SA132S22	SES275	-0.425901	-8.35007	-7.92417
BLOCK13/SES132/SA132S24	SES007	-0.22077	-7.2773	-7.05653
BLOCK13/SES132/SA132S24	SES083	-1.35553	-8.41206	-7.05653
BLOCK13/SES132/SA132S24	SES127	-2.24413	-9.30066	-7.05653
BLOCK13/SES132/SA132S24	SES275	-1.06301	-8.11954	-7.05653
BLOCK13/SES132/SA132S27	SES083	-1.81466	-10.5399	-8.72525
BLOCK13/SES132/SA132S27	SES120	0.933959	-7.79129	-8.72525
BLOCK13/SES132/SA132S27	SES127	-3.53244	-12.2577	-8.72525
BLOCK13/SES132/SA132S27	SES275	-1.65289	-10.3781	-8.72525
BLOCK14/SES141/SA141S09	SES143	-0.863261	-7.86095	-6.99769
BLOCK14/SES141/SA141S09	SES144	-0.0405536	-7.03824	-6.99769
BLOCK14/SES141/SA141S09	SES162	-0.840793	-7.83848	-6.99769
BLOCK14/SES141/SA141S09	SES180	-0.517396	-7.51508	-6.99769
BLOCK14/SES141/SA141S15	SES127	-1.45697	-9.4123	-7.95533
BLOCK14/SES141/SA141S15	SES144	-0.498654	-8.45398	-7.95533
BLOCK14/SES141/SA141S15	SES162	-1.39578	-9.35111	-7.95533
BLOCK14/SES141/SA141S15	SES180	-1.08014	-9.03546	-7.95533
BLOCK14/SES141/SA141S24	SES127	-1.61133	-9.27788	-7.66655
BLOCK14/SES141/SA141S24	SES144	-0.910566	-8.57712	-7.66655
BLOCK14/SES141/SA141S24	SES162	-1.37676	-9.04332	-7.66655
BLOCK14/SES141/SA141S24	SES183	-1.08182	-8.74837	-7.66655
BLOCK14/SES141/SA141S26	SES142	0.0489101	-8.33371	-8.38262
BLOCK14/SES141/SA141S26	SES144	-0.915544	-9.29817	-8.38262
BLOCK14/SES141/SA141S26	SES172	-0.811006	-9.19363	-8.38262
BLOCK14/SES141/SA141S26	SES180	-0.961441	-9.34406	-8.38262
BLOCK14/SES141/SA141S29	SES127	-0.542427	-7.86319	-7.32076
BLOCK14/SES141/SA141S29	SES142	0.311741	-7.00902	-7.32076
BLOCK14/SES141/SA141S29	SES144	-0.322334	-7.6431	-7.32076
BLOCK14/SES141/SA141S29	SES180	-0.272091	-7.59285	-7.32076
BLOCK15/SES157/SA157S08	SES083	-1.27807	-8.60324	-7.32517
BLOCK15/SES157/SA157S08	SES127	-1.05588	-8.38105	-7.32517
BLOCK15/SES157/SA157S08	SES148	-0.335948	-7.66112	-7.32517
BLOCK15/SES157/SA157S08	SES292	-1.47719	-8.80236	-7.32517
BLOCK15/SES157/SA157S11	SES083	-0.935826	-8.95549	-8.01967
BLOCK15/SES157/SA157S11	SES127	-0.782017	-8.80168	-8.01967
BLOCK15/SES157/SA157S11	SES148	-1.42816	-9.44783	-8.01967
BLOCK15/SES157/SA157S11	SES292	-1.77478	-9.79445	-8.01967
BLOCK15/SES157/SA157S21	SES127	-0.175124	-7.07903	-6.90391
BLOCK15/SES157/SA157S21	SES148	0.169246	-6.73466	-6.90391
BLOCK15/SES157/SA157S21	SES158	-3.32033	-10.2242	-6.90391
BLOCK15/SES157/SA157S21	SES292	-1.15425	-8.05816	-6.90391
BLOCK15/SES157/SA157S24	SES127	-0.417112	-8.64904	-8.23192
BLOCK15/SES157/SA157S24	SES148	-0.598741	-8.83066	-8.23192
BLOCK15/SES157/SA157S24	SES183	-0.718499	-8.95042	-8.23192
BLOCK15/SES157/SA157S24	SES292	-1.68755	-9.91948	-8.23192
BLOCK15/SES157/SA157S26	SES007	-0.558426	-8.03459	-7.47617
BLOCK15/SES157/SA157S26	SES127	-0.366897	-7.84307	-7.47617
BLOCK15/SES157/SA157S26	SES147	-0.823688	-8.29986	-7.47617
BLOCK15/SES157/SA157S26	SES148	-1.01023	-8.48639	-7.47617
BLOCK16/SES161/SA161S10	SES007	-0.625681	-8.51972	-7.89404
BLOCK16/SES161/SA161S10	SES105	-0.568996	-8.46304	-7.89404
BLOCK16/SES161/SA161S10	SES158	-1.09496	-8.989	-7.89404
BLOCK16/SES161/SA161S10	SES275	-0.374905	-8.26895	-7.89404
BLOCK16/SES161/SA161S12	SES007	-1.69945	-11.1442	-9.44478
BLOCK16/SES161/SA161S12	SES105	-1.77016	-11.2149	-9.44478
BLOCK16/SES161/SA161S12	SES158	-0.757683	-10.2025	-9.44478
BLOCK16/SES161/SA161S12	SES275	-3.1386	-12.5834	-9.44478
BLOCK16/SES161/SA161S20	SES007	-0.197365	-9.59819	-9.40082
BLOCK16/SES161/SA161S20	SES105	-1.72184	-11.1227	-9.40082
BLOCK16/SES161/SA161S20	SES158	0.197326	-9.2035	-9.40082
BLOCK16/SES161/SA161S20	SES275	-1.72054	-11.1214	-9.40082
BLOCK16/SES161/SA161S23	SES007	-2.15642	-11.3029	-9.14643
BLOCK16/SES161/SA161S23	SES105	-0.719134	-9.86557	-9.14643
BLOCK16/SES161/SA161S23	SES148	-2.11654	-11.263	-9.14643
BLOCK16/SES161/SA161S23	SES158	-2.87063	-12.0171	-9.14643
BLOCK16/SES161/SA161S28	SES007	-0.791484	-9.41521	-8.62372
BLOCK16/SES161/SA161S28	SES105	-1.87549	-10.4992	-8.62372
BLOCK16/SES161/SA161S28	SES158	0.253978	-8.36975	-8.62372
BLOCK16/SES161/SA161S28	SES206	-0.350943	-8.97467	-8.62372
BLOCK16/SES164/SA164S11	SES104	-1.19099	-9.2547	-8.06371
BLOCK16/SES164/SA164S11	SES125	-0.11419	-8.1779	-8.06371
BLOCK16/SES164/SA164S11	SES158	-1.25359	-9.31731	-8.06371
BLOCK16/SES164/SA164S11	SES206	-2.25833	-10.322	-8.06371
BLOCK16/SES164/SA164S13	SES099	-1.25978	-9.77338	-8.5136
BLOCK16/SES164/SA164S13	SES104	-1.23634	-9.74994	-8.5136
BLOCK16/SES164/SA164S13	SES125	-0.962021	-9.47562	-8.5136
BLOCK16/SES164/SA164S13	SES206	-1.40321	-9.91681	-8.5136
BLOCK16/SES164/SA164S24	SES002	0.536686	-7.40727	-7.94396
BLOCK16/SES164/SA164S24	SES099	-0.255118	-8.19908	-7.94396
BLOCK16/SES164/SA164S24	SES125	-0.447041	-8.391	-7.94396
BLOCK16/SES164/SA164S24	SES226	0.673408	-7.27055	-7.94396
BLOCK16/SES164/SA164S27	SES087	-2.78347	-11.4534	-8.66992
BLOCK16/SES164/SA164S27	SES125	-0.415549	-9.08547	-8.66992
BLOCK16/SES164/SA164S27	SES206	-1.76488	-10.4348	-8.66992
BLOCK16/SES164/SA164S27	SES226	0.223974	-8.44595	-8.66992
BLOCK16/SES164/SA164S29	SES002	0.236421	-8.24528	-8.4817
BLOCK16/SES164/SA164S29	SES019	-0.971699	-9.4534	-8.4817
BLOCK16/SES164/SA164S29	SES125	-0.170343	-8.65204	-8.4817
BLOCK16/SES164/SA164S29	SES226	0.468281	-8.01342	-8.4817
BLOCK16/SES169/SA169S13	SES117	-1.53153	-9.33589	-7.80435
BLOCK16/SES169/SA169S13	SES144	-0.636882	-8.44124	-7.80435
BLOCK16/SES169/SA169S13	SES146	-0.41859	-8.22294	-7.80435
BLOCK16/SES169/SA169S13	SES162	-1.11235	-8.9167	-7.80435
BLOCK16/SES169/SA169S14	SES144	-0.607652	-7.14881	-6.54116
BLOCK16/SES169/SA169S14	SES148	-0.418738	-6.95989	-6.54116
BLOCK16/SES169/SA169S14	SES177	-0.119053	-6.66021	-6.54116
BLOCK16/SES169/SA169S14	SES180	-0.697255	-7.23841	-6.54116
BLOCK16/SES169/SA169S24	SES117	-0.967537	-9.27617	-8.30863
BLOCK16/SES169/SA169S24	SES144	-0.511512	-8.82014	-8.30863
BLOCK16/SES169/SA169S24	SES146	-0.916667	-9.2253	-8.30863
BLOCK16/SES169/SA169S24	SES162	-1.02724	-9.33587	-8.30863
BLOCK16/SES169/SA169S27	SES127	-0.687836	-8.4516	-7.76377
BLOCK16/SES169/SA169S27	SES129	-0.271666	-8.03543	-7.76377
BLOCK16/SES169/SA169S27	SES144	-0.473289	-8.23706	-7.76377
BLOCK16/SES169/SA169S27	SES146	-0.162788	-7.92656	-7.76377
BLOCK16/SES169/SA169S29	SES144	-0.214702	-6.96864	-6.75394
BLOCK16/SES169/SA169S29	SES162	-0.122003	-6.87594	-6.75394
BLOCK16/SES169/SA169S29	SES177	-0.882638	-7.63658	-6.75394
BLOCK16/SES169/SA169S29	SES180	-0.887832	-7.64177	-6.75394
BLOCK17/SES171/SA171S12	SES083	-1.43504	-10.0317	-8.59665
BLOCK17/SES171/SA171S12	SES148	-2.10001	-10.6967	-8.59665
BLOCK17/SES171/SA171S12	SES172	-1.4785	-10.0752	-8.59665
BLOCK17/SES171/SA171S12	SES292	-2.32356	-10.9202	-8.59665
BLOCK17/SES171/SA171S15	SES148	-1.08584	-9.30103	-8.21519
BLOCK17/SES171/SA171S15	SES177	-0.766817	-8.982	-8.21519
BLOCK17/SES171/SA171S15	SES180	-2.35397	-10.5692	-8.21519
BLOCK17/SES171/SA171S15	SES292	-1.25981	-9.475	-8.21519
BLOCK17/SES171/SA171S22	SES007	-0.758566	-7.28946	-6.5309
BLOCK17/SES171/SA171S22	SES148	-0.44997	-6.98087	-6.5309
BLOCK17/SES171/SA171S22	SES177	-0.0934553	-6.62435	-6.5309
BLOCK17/SES171/SA171S22	SES180	-1.77675	-8.30764	-6.5309
BLOCK17/SES171/SA171S25	SES101	-1.11112	-9.46576	-8.35463
BLOCK17/SES171/SA171S25	SES120	-2.64927	-11.0039	-8.35463
BLOCK17/SES171/SA171S25	SES177	-1.06824	-9.42287	-8.35463
BLOCK17/SES171/SA171S25	SES180	-1.64082	-9.99545	-8.35463
BLOCK17/SES171/SA171S27	SES177	-0.746392	-9.27206	-8.52567
BLOCK17/SES171/SA171S27	SES180	-2.21632	-10.742	-8.52567
BLOCK17/SES171/SA171S27	SES189	-0.107482	-8.63315	-8.52567
BLOCK17/SES171/SA171S27	SES292	-2.11688	-10.6426	-8.52567
BLOCK17/SES173/SA173S13	SES162	-1.94309	-9.74639	-7.8033
BLOCK17/SES173/SA173S13	SES177	-0.626371	-8.42967	-7.8033
BLOCK17/SES173/SA173S13	SES180	-1.38685	-9.19015	-7.8033
BLOCK17/SES173/SA173S13	SES292	0.166369	-7.63693	-7.8033
BLOCK17/SES173/SA173S14	SES007	-0.730956	-8.19075	-7.45979
BLOCK17/SES173/SA173S14	SES162	-2.41036	-9.87015	-7.45979
BLOCK17/SES173/SA173S14	SES177	-1.364	-8.82379	-7.45979
BLOCK17/SES173/SA173S14	SES180	-1.91372	-9.37351	-7.45979
BLOCK17/SES173/SA173S24	SES144	-1.45681	-9.66156	-8.20474
BLOCK17/SES173/SA173S24	SES162	-1.89444	-10.0992	-8.20474
BLOCK17/SES173/SA173S24	SES177	-0.27382	-8.47856	-8.20474
BLOCK17/SES173/SA173S24	SES180	-1.8754	-10.0801	-8.20474
BLOCK17/SES173/SA173S27	SES162	-3.41481	-11.087	-7.67216
BLOCK17/SES173/SA173S27	SES177	-1.15463	-8.82679	-7.67216
BLOCK17/SES173/SA173S27	SES180	-1.59067	-9.26283	-7.67216
BLOCK17/SES173/SA173S27	SES292	-0.217062	-7.88922	-7.67216
BLOCK17/SES173/SA173S29	SES162	-1.57201	-9.73504	-8.16302
BLOCK17/SES173/SA173S29	SES175	-0.645872	-8.8089	-8.16302
BLOCK17/SES173/SA173S29	SES177	-0.29777	-8.46079	-8.16302
BLOCK17/SES173/SA173S29	SES292	-0.783903	-8.94693	-8.16302
BLOCK18/SES182/SA182S10	SES144	-0.886927	-8.12321	-7.23628
BLOCK18/SES182/SA182S10	SES177	-0.795706	-8.03199	-7.23628
BLOCK18/SES182/SA182S10	SES180	-2.41218	-9.64846	-7.23628
BLOCK18/SES182/SA182S10	SES275	-1.08286	-8.31914	-7.23628
BLOCK18/SES182/SA182S12	SES144	-0.626773	-7.60907	-6.9823
BLOCK18/SES182/SA182S12	SES177	-0.810812	-7.79311	-6.9823
BLOCK18/SES182/SA182S12	SES180	-2.27619	-9.25849	-6.9823
BLOCK18/SES182/SA182S12	SES275	-0.932362	-7.91466	-6.9823
BLOCK18/SES182/SA182S21	SES117	-1.60691	-10.2727	-8.66582
BLOCK18/SES182/SA182S21	SES144	-0.660129	-9.32594	-8.66582
BLOCK18/SES182/SA182S21	SES162	-1.05971	-9.72553	-8.66582
BLOCK18/SES182/SA182S21	SES180	-2.28147	-10.9473	-8.66582
BLOCK18/SES182/SA182S23	SES117	-1.74425	-10.5927	-8.84846
BLOCK18/SES182/SA182S23	SES144	-1.47885	-10.3273	-8.84846
BLOCK18/SES182/SA182S23	SES180	-3.81218	-12.6606	-8.84846
BLOCK18/SES182/SA182S23	SES275	-1.77038	-10.6188	-8.84846
BLOCK18/SES182/SA182S25	SES007	0.324257	-8.07555	-8.39981
BLOCK18/SES182/SA182S25	SES162	-0.467979	-8.86778	-8.39981
BLOCK18/SES182/SA182S25	SES177	-0.370244	-8.77005	-8.39981
BLOCK18/SES182/SA182S25	SES180	-1.82036	-10.2202	-8.39981
BLOCK18/SES184/SA184S12	SES177	-0.926538	-8.38926	-7.46273
BLOCK18/SES184/SA184S12	SES180	-0.097116	-7.55984	-7.46273
BLOCK18/SES184/SA184S12	SES189	-1.59931	-9.06204	-7.46273
BLOCK18/SES184/SA184S12	SES292	-0.145826	-7.60855	-7.46273
BLOCK18/SES184/SA184S13	SES101	-0.775096	-8.59464	-7.81955
BLOCK18/SES184/SA184S13	SES177	-0.503599	-8.32314	-7.81955
BLOCK18/SES184/SA184S13	SES180	-0.750873	-8.57042	-7.81955
BLOCK18/SES184/SA184S13	SES292	-0.851155	-8.6707	-7.81955
BLOCK18/SES184/SA184S22	SES177	-1.12212	-9.14307	-8.02095
BLOCK18/SES184/SA184S22	SES180	0.121848	-7.8991	-8.02095
BLOCK18/SES184/SA184S22	SES189	-0.774207	-8.79516	-8.02095
BLOCK18/SES184/SA184S22	SES292	-0.483853	-8.5048	-8.02095
BLOCK18/SES184/SA184S25	SES101	-0.388824	-8.05384	-7.66501
BLOCK18/SES184/SA184S25	SES177	-1.06802	-8.73303	-7.66501
BLOCK18/SES184/SA184S25	SES180	0.206488	-7.45853	-7.66501
BLOCK18/SES184/SA184S25	SES292	-0.323546	-7.98856	-7.66501
BLOCK18/SES184/SA184S27	SES083	-0.771039	-8.42903	-7.65799
BLOCK18/SES184/SA184S27	SES177	-0.54608	-8.20407	-7.65799
BLOCK18/SES184/SA184S27	SES202	-1.00571	-8.66371	-7.65799
BLOCK18/SES184/SA184S27	SES292	-0.585313	-8.24331	-7.65799
BLOCK20/SES204/SA204S12	SES062	-0.439239	-7.70372	-7.26448
BLOCK20/SES204/SA204S12	SES083	-1.79173	-9.05621	-7.26448
BLOCK20/SES204/SA204S12	SES206	-0.475026	-7.7395	-7.26448
BLOCK20/SES204/SA204S12	SES226	-0.955704	-8.22018	-7.26448
BLOCK20/SES204/SA204S14	SES068	-0.265387	-6.73191	-6.46652
BLOCK20/SES204/SA204S14	SES087	0.0704637	-6.39606	-6.46652
BLOCK20/SES204/SA204S14	SES206	-0.628582	-7.0951	-6.46652
BLOCK20/SES204/SA204S14	SES226	-1.13838	-7.6049	-6.46652
BLOCK20/SES204/SA204S22	SES068	-0.252231	-7.55325	-7.30102
BLOCK20/SES204/SA204S22	SES082	-0.575557	-7.87657	-7.30102
BLOCK20/SES204/SA204S22	SES083	-2.26268	-9.5637	-7.30102
BLOCK20/SES204/SA204S22	SES206	-0.00604963	-7.30707	-7.30102
BLOCK20/SES204/SA204S25	SES062	-0.77423	-7.75003	-6.9758
BLOCK20/SES204/SA204S25	SES083	-1.8173	-8.7931	-6.9758
BLOCK20/SES204/SA204S25	SES206	0.0935459	-6.88225	-6.9758
BLOCK20/SES204/SA204S25	SES226	-0.991991	-7.96779	-6.9758
BLOCK20/SES204/SA204S27	SES068	-0.487282	-8.34535	-7.85806
BLOCK20/SES204/SA204S27	SES082	-1.71304	-9.5711	-7.85806
BLOCK20/SES204/SA204S27	SES087	0.196159	-7.6619	-7.85806
BLOCK20/SES204/SA204S27	SES206	-1.47496	-9.33302	-7.85806
BLOCK20/SES207/SA207S10	SES127	-1.90894	-9.29933	-7.39039
BLOCK20/SES207/SA207S10	SES183	-1.22839	-8.61878	-7.39039
BLOCK20/SES207/SA207S10	SES189	-0.499558	-7.88994	-7.39039
BLOCK20/SES207/SA207S10	SES292	-1.51188	-8.90226	-7.39039
BLOCK20/SES207/SA207S11	SES127	-1.70871	-9.97619	-8.26748
BLOCK20/SES207/SA207S11	SES183	-1.44979	-9.71727	-8.26748
BLOCK20/SES207/SA207S11	SES187	-0.488018	-8.7555	-8.26748
BLOCK20/SES207/SA207S11	SES292	-0.555511	-8.82299	-8.26748
BLOCK20/SES207/SA207S25	SES068	-0.816277	-9.10909	-8.29281
BLOCK20/SES207/SA207S25	SES083	-1.62255	-9.91536	-8.29281
BLOCK20/SES207/SA207S25	SES127	-0.559613	-8.85242	-8.29281
BLOCK20/SES207/SA207S25	SES187	-0.606825	-8.89963	-8.29281
BLOCK20/SES207/SA207S27	SES127	-1.1101	-9.51921	-8.40911
BLOCK20/SES207/SA207S27	SES183	-1.14111	-9.55022	-8.40911
BLOCK20/SES207/SA207S27	SES187	-0.281013	-8.69012	-8.40911
BLOCK20/SES207/SA207S27	SES292	-1.36701	-9.77611	-8.40911
BLOCK20/SES207/SA207S29	SES083	-2.1535	-10.0488	-7.89527
BLOCK20/SES207/SA207S29	SES085	-0.851993	-8.74727	-7.89527
BLOCK20/SES207/SA207S29	SES172	-0.115068	-8.01034	-7.89527
BLOCK20/SES207/SA207S29	SES189	-2.00235	-9.89763	-7.89527
BLOCK22/SES221/SA221S12	SES068	0.156435	-6.83665	-6.99308
BLOCK22/SES221/SA221S12	SES143	-1.00307	-7.99615	-6.99308
BLOCK22/SES221/SA221S12	SES175	-0.354643	-7.34773	-6.99308
BLOCK22/SES221/SA221S12	SES202	-0.398252	-7.39133	-6.99308
BLOCK22/SES221/SA221S15	SES085	-0.032464	-7.29211	-7.25964
BLOCK22/SES221/SA221S15	SES143	-0.928629	-8.18827	-7.25964
BLOCK22/SES221/SA221S15	SES175	-0.427024	-7.68667	-7.25964
BLOCK22/SES221/SA221S15	SES187	-0.698268	-7.95791	-7.25964
BLOCK22/SES221/SA221S23	SES068	0.523042	-6.59983	-7.12287
BLOCK22/SES221/SA221S23	SES143	-1.44038	-8.56325	-7.12287
BLOCK22/SES221/SA221S23	SES175	-0.766458	-7.88933	-7.12287
BLOCK22/SES221/SA221S23	SES189	-1.53373	-8.6566	-7.12287
BLOCK22/SES221/SA221S27	SES085	0.803062	-7.09246	-7.89552
BLOCK22/SES221/SA221S27	SES143	-0.802317	-8.69784	-7.89552
BLOCK22/SES221/SA221S27	SES175	-0.49536	-8.39088	-7.89552
BLOCK22/SES221/SA221S27	SES189	-0.871103	-8.76662	-7.89552
BLOCK22/SES221/SA221S29	SES085	0.782258	-6.65861	-7.44087
BLOCK22/SES221/SA221S29	SES143	-0.566659	-8.00753	-7.44087
BLOCK22/SES221/SA221S29	SES175	0.10028	-7.34059	-7.44087
BLOCK22/SES221/SA221S29	SES187	-0.313996	-7.75486	-7.44087
BLOCK22/SES223/SA223S11	SES143	-0.962061	-8.68732	-7.72526
BLOCK22/SES223/SA223S11	SES144	-1.90854	-9.6338	-7.72526
BLOCK22/SES223/SA223S11	SES175	-0.349571	-8.07483	-7.72526
BLOCK22/SES223/SA223S11	SES187	-1.19333	-8.91859	-7.72526
BLOCK22/SES223/SA223S13	SES068	0.0290093	-7.72824	-7.75725
BLOCK22/SES223/SA223S13	SES143	-0.99832	-8.75557	-7.75725
BLOCK22/SES223/SA223S13	SES146	-0.939058	-8.69631	-7.75725
BLOCK22/SES223/SA223S13	SES202	-0.770404	-8.52766	-7.75725
BLOCK22/SES223/SA223S22	SES143	-0.263926	-7.71773	-7.4538
BLOCK22/SES223/SA223S22	SES144	-1.78931	-9.24311	-7.4538
BLOCK22/SES223/SA223S22	SES175	-0.26349	-7.71729	-7.4538
BLOCK22/SES223/SA223S22	SES187	-0.784655	-8.23846	-7.4538
BLOCK22/SES223/SA223S25	SES068	-0.483398	-7.99839	-7.51499
BLOCK22/SES223/SA223S25	SES143	-1.285	-8.79999	-7.51499
BLOCK22/SES223/SA223S25	SES175	-0.626146	-8.14114	-7.51499
BLOCK22/SES223/SA223S25	SES187	-1.14898	-8.66397	-7.51499
BLOCK22/SES223/SA223S27	SES143	-0.57443	-8.68715	-8.11272
BLOCK22/SES223/SA223S27	SES146	-1.29084	-9.40356	-8.11272
BLOCK22/SES223/SA223S27	SES187	-0.741604	-8.85432	-8.11272
BLOCK22/SES223/SA223S27	SES292	-0.295784	-8.4085	-8.11272
BLOCK27/SES273/SA273S12	SES099	0.0348539	-7.5664	-7.60126
BLOCK27/SES273/SA273S12	SES104	0.537667	-7.06359	-7.60126
BLOCK27/SES273/SA273S12	SES125	-0.254461	-7.85572	-7.60126
BLOCK27/SES273/SA273S12	SES206	0.259607	-7.34165	-7.60126
BLOCK27/SES273/SA273S13	SES099	-0.36794	-7.44665	-7.07871
BLOCK27/SES273/SA273S13	SES104	-0.0249329	-7.10364	-7.07871
BLOCK27/SES273/SA273S13	SES206	-1.11874	-8.19745	-7.07871
BLOCK27/SES273/SA273S13	SES292	-0.939273	-8.01798	-7.07871
BLOCK27/SES273/SA273S21	SES099	0.0110292	-7.99357	-8.0046
BLOCK27/SES273/SA273S21	SES148	-1.51065	-9.51525	-8.0046
BLOCK27/SES273/SA273S21	SES149	-1.67175	-9.67635	-8.0046
BLOCK27/SES273/SA273S21	SES177	-1.78641	-9.79101	-8.0046
BLOCK27/SES273/SA273S25	SES104	0.233913	-8.06765	-8.30156
BLOCK27/SES273/SA273S25	SES125	-0.718139	-9.0197	-8.30156
BLOCK27/SES273/SA273S25	SES158	0.504814	-7.79675	-8.30156
BLOCK27/SES273/SA273S25	SES206	0.0955429	-8.20602	-8.30156
BLOCK27/SES273/SA273S27	SES099	-0.148013	-6.76541	-6.6174
BLOCK27/SES273/SA273S27	SES104	-0.219941	-6.83734	-6.6174
BLOCK27/SES273/SA273S27	SES149	-0.945563	-7.56296	-6.6174
BLOCK27/SES273/SA273S27	SES275	-1.0394	-7.6568	-6.6174
BLOCK27/SES274/SA274S10	SES105	-1.46932	-8.17414	-6.70482
BLOCK27/SES274/SA274S10	SES125	-1.37565	-8.08047	-6.70482
BLOCK27/SES274/SA274S10	SES129	0.0491381	-6.65568	-6.70482
BLOCK27/SES274/SA274S10	SES158	-3.66878	-10.3736	-6.70482
BLOCK27/SES274/SA274S11	SES105	-0.62705	-7.46225	-6.8352
BLOCK27/SES274/SA274S11	SES149	-0.327388	-7.16258	-6.8352
BLOCK27/SES274/SA274S11	SES158	-1.11318	-7.94838	-6.8352
BLOCK27/SES274/SA274S11	SES275	-0.197438	-7.03263	-6.8352
BLOCK27/SES274/SA274S21	SES105	-0.999703	-7.99435	-6.99464
BLOCK27/SES274/SA274S21	SES129	0.0160437	-6.9786	-6.99464
BLOCK27/SES274/SA274S21	SES149	-1.52539	-8.52004	-6.99464
BLOCK27/SES274/SA274S21	SES158	-3.13346	-10.1281	-6.99464
BLOCK27/SES274/SA274S24	SES105	-1.28221	-9.12838	-7.84618
BLOCK27/SES274/SA274S24	SES129	0.167856	-7.67832	-7.84618
BLOCK27/SES274/SA274S24	SES149	-2.2681	-10.1143	-7.84618
BLOCK27/SES274/SA274S24	SES158	-4.41168	-12.2579	-7.84618
BLOCK27/SES274/SA274S29	SES105	-0.874429	-8.34495	-7.47052
BLOCK27/SES274/SA274S29	SES106	-1.53266	-9.00319	-7.47052
BLOCK27/SES274/SA274S29	SES120	-0.283859	-7.75438	-7.47052
BLOCK27/SES274/SA274S29	SES275	-0.415433	-7.88596	-7.47052
BLOCK27/SES276/SA276S16	SES148	-0.287155	-7.44328	-7.15612
BLOCK27/SES276/SA276S16	SES172	0.2643	-6.89182	-7.15612
BLOCK27/SES276/SA276S16	SES180	-0.67476	-7.83088	-7.15612
BLOCK27/SES276/SA276S16	SES292	-0.569008	-7.72513	-7.15612
BLOCK27/SES276/SA276S17	SES101	-0.568002	-8.2272	-7.6592
BLOCK27/SES276/SA276S17	SES177	-0.971842	-8.63104	-7.6592
BLOCK27/SES276/SA276S17	SES180	-1.15859	-8.81779	-7.6592
BLOCK27/SES276/SA276S17	SES292	-0.643456	-8.30266	-7.6592
BLOCK27/SES276/SA276S24	SES101	-0.0727959	-7.09359	-7.0208
BLOCK27/SES276/SA276S24	SES177	-0.438513	-7.45931	-7.0208
BLOCK27/SES276/SA276S24	SES180	-0.647285	-7.66808	-7.0208
BLOCK27/SES276/SA276S24	SES292	-0.858055	-7.87885	-7.0208
BLOCK27/SES276/SA276S26	SES101	-0.615829	-7.54825	-6.93242
BLOCK27/SES276/SA276S26	SES177	-0.503732	-7.43615	-6.93242
BLOCK27/SES276/SA276S26	SES180	-0.514598	-7.44702	-6.93242
BLOCK27/SES276/SA276S26	SES292	0.0168085	-6.91561	-6.93242
BLOCK27/SES276/SA276S28	SES101	0.0345888	-6.99845	-7.03304
BLOCK27/SES276/SA276S28	SES177	-0.792909	-7.82595	-7.03304
BLOCK27/SES276/SA276S28	SES180	-0.0847478	-7.11779	-7.03304
BLOCK27/SES276/SA276S28	SES292	-0.30995	-7.34299	-7.03304
BLOCK27/SES277/SA277S12	SES101	-0.082901	-8.63786	-8.55496
BLOCK27/SES277/SA277S12	SES177	-1.90779	-10.4627	-8.55496
BLOCK27/SES277/SA277S12	SES180	-1.51298	-10.0679	-8.55496
BLOCK27/SES277/SA277S12	SES292	-1.1531	-9.70807	-8.55496
BLOCK27/SES277/SA277S14	SES177	-0.550714	-9.54136	-8.99064
BLOCK27/SES277/SA277S14	SES180	-1.64457	-10.6352	-8.99064
BLOCK27/SES277/SA277S14	SES189	0.3587	-8.63194	-8.99064
BLOCK27/SES277/SA277S14	SES292	-1.70051	-10.6912	-8.99064
BLOCK27/SES277/SA277S21	SES177	-0.110494	-9.02537	-8.91488
BLOCK27/SES277/SA277S21	SES180	-0.633132	-9.54801	-8.91488
BLOCK27/SES277/SA277S21	SES189	0.447616	-8.46726	-8.91488
BLOCK27/SES277/SA277S21	SES292	-2.2942	-11.2091	-8.91488
BLOCK27/SES277/SA277S24	SES144	-0.216383	-9.38518	-9.16879
BLOCK27/SES277/SA277S24	SES177	-0.71485	-9.88365	-9.16879
BLOCK27/SES277/SA277S24	SES180	-1.97772	-11.1465	-9.16879
BLOCK27/SES277/SA277S24	SES189	0.524656	-8.64414	-9.16879
BLOCK27/SES277/SA277S29	SES177	-0.558575	-7.24417	-6.6856
BLOCK27/SES277/SA277S29	SES180	-0.532695	-7.21829	-6.6856
BLOCK27/SES277/SA277S29	SES202	-0.145689	-6.83128	-6.6856
BLOCK27/SES277/SA277S29	SES292	-0.908804	-7.5944	-6.6856
BLOCK27/SES279/SA279S09	SES120	-0.439105	-7.4633	-7.0242
BLOCK27/SES279/SA279S09	SES146	-0.899453	-7.92365	-7.0242
BLOCK27/SES279/SA279S09	SES206	-0.150101	-7.1743	-7.0242
BLOCK27/SES279/SA279S09	SES226	-0.857499	-7.8817	-7.0242
BLOCK27/SES279/SA279S10	SES099	-0.697091	-8.26528	-7.56819
BLOCK27/SES279/SA279S10	SES206	-1.28414	-8.85233	-7.56819
BLOCK27/SES279/SA279S10	SES226	-1.86917	-9.43736	-7.56819
BLOCK27/SES279/SA279S10	SES292	0.0346947	-7.53349	-7.56819
BLOCK27/SES279/SA279S20	SES099	-0.60936	-8.57576	-7.9664
BLOCK27/SES279/SA279S20	SES206	-0.0355291	-8.00193	-7.9664
BLOCK27/SES279/SA279S20	SES226	-1.78118	-9.74758	-7.9664
BLOCK27/SES279/SA279S20	SES292	0.292161	-7.67424	-7.9664
BLOCK27/SES279/SA279S26	SES099	-0.620389	-8.82489	-8.2045
BLOCK27/SES279/SA279S26	SES206	-0.69383	-8.89833	-8.2045
BLOCK27/SES279/SA279S26	SES226	-1.61217	-9.81667	-8.2045
BLOCK27/SES279/SA279S26	SES292	0.27717	-7.92733	-8.2045
BLOCK27/SES279/SA279S28	SES099	-0.00389814	-6.85578	-6.85188
BLOCK27/SES279/SA279S28	SES120	-0.446101	-7.29798	-6.85188
BLOCK27/SES279/SA279S28	SES177	-1.72445	-8.57633	-6.85188
BLOCK27/SES279/SA279S28	SES206	-0.692308	-7.54419	-6.85188
BLOCK29/SES290/SA290S12	SES162	0.281677	-5.96593	-6.2476
BLOCK29/SES290/SA290S12	SES177	0.215237	-6.03237	-6.2476
BLOCK29/SES290/SA290S12	SES180	-0.25088	-6.49848	-6.2476
BLOCK29/SES290/SA290S12	SES292	-0.563562	-6.81117	-6.2476
BLOCK29/SES290/SA290S13	SES007	0.286387	-6.50761	-6.794
BLOCK29/SES290/SA290S13	SES162	-0.623827	-7.41783	-6.794
BLOCK29/SES290/SA290S13	SES177	-0.62988	-7.42388	-6.794
BLOCK29/SES290/SA290S13	SES180	-0.0987659	-6.89277	-6.794
BLOCK29/SES290/SA290S22	SES177	-0.0968599	-7.01048	-6.91362
BLOCK29/SES290/SA290S22	SES180	-0.182898	-7.09652	-6.91362
BLOCK29/SES290/SA290S22	SES202	-0.0148435	-6.92846	-6.91362
BLOCK29/SES290/SA290S22	SES292	-0.295749	-7.20937	-6.91362
BLOCK29/SES290/SA290S25	SES162	-0.461581	-7.08622	-6.62464
BLOCK29/SES290/SA290S25	SES177	-0.474819	-7.09946	-6.62464
BLOCK29/SES290/SA290S25	SES180	-0.72195	-7.34659	-6.62464
BLOCK29/SES290/SA290S25	SES292	-0.217596	-6.84224	-6.62464
BLOCK29/SES290/SA290S29	SES177	-0.112422	-6.68919	-6.57677
BLOCK29/SES290/SA290S29	SES180	0.31004	-6.26673	-6.57677
BLOCK29/SES290/SA290S29	SES275	-0.406749	-6.98352	-6.57677
BLOCK29/SES290/SA290S29	SES292	-0.0789051	-6.65568	-6.57677
BLOCK29/SES291/SA291S11	SES105	-1.1961	-9.58783	-8.39173
BLOCK29/SES291/SA291S11	SES125	-0.863739	-9.25546	-8.39173
BLOCK29/SES291/SA291S11	SES158	0.145616	-8.24611	-8.39173
BLOCK29/SES291/SA291S11	SES275	-0.683352	-9.07508	-8.39173
BLOCK29/SES291/SA291S12	SES158	0.710076	-6.89277	-7.60285
BLOCK29/SES291/SA291S12	SES226	-0.656262	-8.25911	-7.60285
BLOCK29/SES291/SA291S12	SES270	-0.583843	-8.18669	-7.60285
BLOCK29/SES291/SA291S12	SES275	-2.21547	-9.81832	-7.60285
BLOCK29/SES291/SA291S22	SES082	-0.362565	-8.32111	-7.95854
BLOCK29/SES291/SA291S22	SES158	0.22744	-7.7311	-7.95854
BLOCK29/SES291/SA291S22	SES259	-0.383333	-8.34188	-7.95854
BLOCK29/SES291/SA291S22	SES275	-1.60265	-9.5612	-7.95854
BLOCK29/SES291/SA291S24	SES104	0.354302	-6.94623	-7.30054
BLOCK29/SES291/SA291S24	SES125	-0.313581	-7.61412	-7.30054
BLOCK29/SES291/SA291S24	SES158	0.110314	-7.19022	-7.30054
BLOCK29/SES291/SA291S24	SES275	-1.3141	-8.61464	-7.30054
BLOCK29/SES291/SA291S27	SES158	0.667143	-6.8374	-7.50454
BLOCK29/SES291/SA291S27	SES172	-1.81509	-9.31964	-7.50454
BLOCK29/SES291/SA291S27	SES275	-1.30762	-8.81217	-7.50454
BLOCK29/SES291/SA291S27	SES292	-0.126361	-7.6309	-7.50454
Threshold search:
THR	-5.15363932246	9	0(0)	1(1000)
THR	-5.0604146292354	8.991	0(0)	0.999(999)
THR	-4.9671899360108	8.991	0(0)	0.999(999)
THR	-4.8739652427862	8.991	0(0)	0.999(999)
THR	-4.7807405495616	8.991	0(0)	0.999(999)
THR	-4.687515856337	8.991	0(0)	0.999(999)
THR	-4.5942911631124	8.991	0(0)	0.999(999)
THR	-4.5010664698878	8.991	0(0)	0.999(999)
THR	-4.4078417766632	8.982	0(0)	0.998(998)
THR	-4.3146170834386	8.982	0(0)	0.998(998)
THR	-4.221392390214	8.982	0(0)	0.998(998)
THR	-4.1281676969894	8.982	0(0)	0.998(998)
THR	-4.0349430037648	8.982	0(0)	0.998(998)
THR	-3.9417183105402	8.982	0(0)	0.998(998)
THR	-3.8484936173156	8.982	0(0)	0.998(998)
THR	-3.755268924091	8.973	0(0)	0.997(997)
THR	-3.6620442308664	8.946	0(0)	0.994(994)
THR	-3.5688195376418	8.937	0(0)	0.993(993)
THR	-3.4755948444172	8.919	0(0)	0.991(991)
THR	-3.3823701511926	8.91	0(0)	0.99(990)
THR	-3.289145457968	8.901	0(0)	0.989(989)
THR	-3.1959207647434	8.892	0(0)	0.988(988)
THR	-3.1026960715188	8.856	0(0)	0.984(984)
THR	-3.0094713782942	8.847	0(0)	0.983(983)
THR	-2.9162466850696	8.838	0(0)	0.982(982)
THR	-2.823021991845	8.82	0(0)	0.98(980)
THR	-2.7297972986204	8.784	0(0)	0.976(976)
THR	-2.6365726053958	8.73	0(0)	0.97(970)
THR	-2.5433479121712	8.694	0(0)	0.966(966)
THR	-2.4501232189466	8.676	0(0)	0.964(964)
THR	-2.356898525722	8.64	0(0)	0.96(960)
THR	-2.2636738324974	8.541	0(0)	0.949(949)
THR	-2.1704491392728	8.442	0(0)	0.938(938)
THR	-2.0772244460482	8.334	0(0)	0.926(926)
THR	-1.9839997528236	8.226	0(0)	0.914(914)
THR	-1.890775059599	8.073	0(0)	0.897(897)
THR	-1.7975503663744	7.884	0(0)	0.876(876)
THR	-1.7043256731498	7.596	0(0)	0.844(844)
THR	-1.6111009799252	7.389	0(0)	0.821(821)
THR	-1.5178762867006	7.128	0(0)	0.792(792)
THR	-1.424651593476	6.903	0(0)	0.767(767)
THR	-1.3314269002514	6.642	0(0)	0.738(738)
THR	-1.2382022070268	6.412	0.004(1)	0.712(712)
THR	-1.1449775138022	6.097	0.004(1)	0.677(677)
THR	-1.0517528205776	5.692	0.004(1)	0.632(632)
THR	-0.958528127353002	5.341	0.004(1)	0.593(593)
THR	-0.865303434128402	4.99	0.004(1)	0.554(554)
THR	-0.772078740903802	4.576	0.004(1)	0.508(508)
THR	-0.678854047679202	4.117	0.004(1)	0.457(457)
THR	-0.585629354454602	3.721	0.004(1)	0.413(413)
THR	-0.492404661230001	3.235	0.004(1)	0.359(359)
THR	-0.399179968005401	2.704	0.004(1)	0.3(300)
THR	-0.305955274780801	2.321	0.008(2)	0.257(257)
THR	-0.212730581556201	1.943	0.008(2)	0.215(215)
THR	-0.119505888331601	1.601	0.008(2)	0.177(177)
THR	-0.0262811951070014	1.293	0.024(6)	0.141(141)
THR	0.0669434981175986	1.006	0.052(13)	0.106(106)
THR	0.160168191342199	0.813	0.084(21)	0.081(81)
THR	0.253392884566799	0.615	0.12(30)	0.055(55)
THR	0.346617577791399	0.497	0.164(41)	0.037(37)
THR	0.439842271015999	0.481	0.22(55)	0.029(29)
THR	0.533066964240599	0.465	0.276(69)	0.021(21)
THR	0.626291657465199	0.447	0.312(78)	0.015(15)
THR	0.719516350689799	0.474	0.384(96)	0.01(10)
THR	0.812741043914399	0.509	0.464(116)	0.005(5)
THR	0.905965737138999	0.624	0.588(147)	0.004(4)
THR	0.999190430363599	0.678	0.66(165)	0.002(2)
THR	1.0924151235882	0.746	0.728(182)	0.002(2)
THR	1.1856398168128	0.781	0.772(193)	0.001(1)
THR	1.2788645100374	0.844	0.844(211)	0(0)
THR	1.372089203262	0.884	0.884(221)	0(0)
THR	1.4653138964866	0.908	0.908(227)	0(0)
THR	1.5585385897112	0.92	0.92(230)	0(0)
THR	1.6517632829358	0.936	0.936(234)	0(0)
THR	1.7449879761604	0.944	0.944(236)	0(0)
THR	1.838212669385	0.952	0.952(238)	0(0)
THR	1.9314373626096	0.964	0.964(241)	0(0)
THR	2.0246620558342	0.972	0.972(243)	0(0)
THR	2.1178867490588	0.98	0.98(245)	0(0)
THR	2.2111114422834	0.98	0.98(245)	0(0)
THR	2.304336135508	0.98	0.98(245)	0(0)
THR	2.3975608287326	0.988	0.988(247)	0(0)
THR	2.4907855219572	0.988	0.988(247)	0(0)
THR	2.5840102151818	0.988	0.988(247)	0(0)
THR	2.6772349084064	0.988	0.988(247)	0(0)
THR	2.770459601631	0.988	0.988(247)	0(0)
THR	2.8636842948556	0.992	0.992(248)	0(0)
THR	2.9569089880802	0.992	0.992(248)	0(0)
THR	3.0501336813048	0.992	0.992(248)	0(0)
THR	3.1433583745294	0.992	0.992(248)	0(0)
THR	3.236583067754	0.992	0.992(248)	0(0)
THR	3.3298077609786	0.992	0.992(248)	0(0)
THR	3.4230324542032	0.992	0.992(248)	0(0)
THR	3.5162571474278	0.992	0.992(248)	0(0)
THR	3.6094818406524	0.992	0.992(248)	0(0)
THR	3.702706533877	0.996	0.996(249)	0(0)
THR	3.7959312271016	0.996	0.996(249)	0(0)
THR	3.8891559203262	0.996	0.996(249)	0(0)
THR	3.9823806135508	0.996	0.996(249)	0(0)
THR	4.0756053067754	0.996	0.996(249)	0(0)
THR	4.16883	1	1(250)	0(0)


==============================================
THR: 0.626291657465199
Missed:     78/250=0.3120
FalseAlarm: 15/1000=0.0150
----------------------------------------------
==> CostDetection: 44.7
==============================================
